[INFO ] 2019-04-28T11:10:49,539Z [main] manifests.Manifests.info - 111 attributes loaded from 124 stream(s) in 5s, 111 saved, 1959 ignored: ["ActiveMQ-Version", "Agent-Class", "Ant-Version", "Application-Class", "Application-Library-Allowable-Codebase", "Application-Name", "Application-Version", "Archiver-Version", "Automatic-Module-Name", "Bnd-LastModified", "Branch", "Build-Date", "Build-Host", "Build-Id", "Build-Java-Version", "Build-Jdk", "Build-Job", "Build-Number", "Build-Timestamp", "Built-By", "Built-OS", "Built-Status", "Bundle-Activator", "Bundle-Category", "Bundle-ClassPath", "Bundle-Copyright", "Bundle-Description", "Bundle-DocURL", "Bundle-License", "Bundle-ManifestVersion", "Bundle-Name", "Bundle-RequiredExecutionEnvironment", "Bundle-SymbolicName", "Bundle-Vendor", "Bundle-Version", "Caller-Allowable-Codebase", "Can-Redefine-Classes", "Can-Retransform-Classes", "Can-Set-Native-Method-Prefix", "Caplets", "Change", "Codebase", "Corda-Platform-Version", "Corda-Release-Version", "Corda-Revision", "Corda-Vendor", "Created-By", "DynamicImport-Package", "Eclipse-BuddyPolicy", "Eclipse-LazyStart", "Export-Package", "Extension-Name", "Fragment-Host", "Gradle-Version", "Ignore-Package", "Implementation-Build", "Implementation-Build-Date", "Implementation-Title", "Implementation-URL", "Implementation-Url", "Implementation-Vendor", "Implementation-Vendor-Id", "Implementation-Version", "Import-Package", "Include-Resource", "JCabi-Build", "JCabi-Date", "JCabi-Version", "JVM-Args", "Java-Agents", "Java-Vendor", "Java-Version", "Kotlin-Runtime-Component", "Kotlin-Version", "Log4jReleaseKey", "Log4jReleaseManager", "Log4jReleaseVersion", "Main-Class", "Main-class", "Manifest-Version", "Min-Java-Version", "Min-Update-Version", "Module-Email", "Module-Origin", "Module-Owner", "Module-Source", "Multi-Release", "Originally-Created-By", "Os-Arch", "Os-Name", "Os-Version", "Package", "Permissions", "Premain-Class", "Private-Package", "Provide-Capability", "Require-Capability", "SCM-Revision", "SCM-url", "Scm-Connection", "Scm-Revision", "Scm-Url", "Service-Component", "Specification-Title", "Specification-Vendor", "Specification-Version", "System-Properties", "Tool", "Trusted-Library", "X-Compile-Source-JDK", "X-Compile-Target-JDK"] {}
[INFO ] 2019-04-28T11:10:50,013Z [main] BasicInfo.printBasicNodeInfo - Logs can be found in                    : /Users/vathunyoo/Desktop/GitHub/Senior_project/kotlin-source/build/nodes/PartyA/logs {}
[INFO ] 2019-04-28T11:10:50,255Z [main] config.ConfigHelper.loadConfig - Config:
{
    # reference.conf @ jar:file:/Users/vathunyoo/Desktop/GitHub/Senior_project/kotlin-source/build/nodes/PartyA/corda.jar!/reference.conf: 20
    "activeMQServer" : {
        # reference.conf @ jar:file:/Users/vathunyoo/Desktop/GitHub/Senior_project/kotlin-source/build/nodes/PartyA/corda.jar!/reference.conf: 21
        "bridge" : {
            # reference.conf @ jar:file:/Users/vathunyoo/Desktop/GitHub/Senior_project/kotlin-source/build/nodes/PartyA/corda.jar!/reference.conf: 24
            "maxRetryIntervalMin" : 3,
            # reference.conf @ jar:file:/Users/vathunyoo/Desktop/GitHub/Senior_project/kotlin-source/build/nodes/PartyA/corda.jar!/reference.conf: 22
            "retryIntervalMs" : 5000,
            # reference.conf @ jar:file:/Users/vathunyoo/Desktop/GitHub/Senior_project/kotlin-source/build/nodes/PartyA/corda.jar!/reference.conf: 23
            "retryIntervalMultiplier" : 1.5
        }
    },
    # hardcoded value
    "baseDirectory" : "/Users/vathunyoo/Desktop/GitHub/Senior_project/kotlin-source/build/nodes/PartyA",
    # merge of reference.conf @ jar:file:/Users/vathunyoo/Desktop/GitHub/Senior_project/kotlin-source/build/nodes/PartyA/corda.jar!/reference.conf: 6,reference.conf @ jar:file:/Users/vathunyoo/Desktop/GitHub/Senior_project/kotlin-source/build/nodes/.cache/apps/net.corda.node.Corda_3.3-corda/corda-node-3.3-corda.jar!/reference.conf: 6
    "dataSourceProperties" : {
        # reference.conf @ jar:file:/Users/vathunyoo/Desktop/GitHub/Senior_project/kotlin-source/build/nodes/PartyA/corda.jar!/reference.conf: 10
        "dataSource.password" : "",
        # merge of reference.conf @ jar:file:/Users/vathunyoo/Desktop/GitHub/Senior_project/kotlin-source/build/nodes/PartyA/corda.jar!/reference.conf: 8,hardcoded value,reference.conf @ jar:file:/Users/vathunyoo/Desktop/GitHub/Senior_project/kotlin-source/build/nodes/PartyA/corda.jar!/reference.conf: 8,reference.conf @ jar:file:/Users/vathunyoo/Desktop/GitHub/Senior_project/kotlin-source/build/nodes/PartyA/corda.jar!/reference.conf: 17
        "dataSource.url" : "jdbc:h2:file:/Users/vathunyoo/Desktop/GitHub/Senior_project/kotlin-source/build/nodes/PartyA/persistence;DB_CLOSE_ON_EXIT=FALSE;LOCK_TIMEOUT=10000;WRITE_DELAY=100;AUTO_SERVER_PORT=0",
        # reference.conf @ jar:file:/Users/vathunyoo/Desktop/GitHub/Senior_project/kotlin-source/build/nodes/PartyA/corda.jar!/reference.conf: 9
        "dataSource.user" : "sa",
        # reference.conf @ jar:file:/Users/vathunyoo/Desktop/GitHub/Senior_project/kotlin-source/build/nodes/PartyA/corda.jar!/reference.conf: 7
        "dataSourceClassName" : "org.h2.jdbcx.JdbcDataSource"
    },
    # reference.conf @ jar:file:/Users/vathunyoo/Desktop/GitHub/Senior_project/kotlin-source/build/nodes/PartyA/corda.jar!/reference.conf: 12
    "database" : {
        # reference.conf @ jar:file:/Users/vathunyoo/Desktop/GitHub/Senior_project/kotlin-source/build/nodes/PartyA/corda.jar!/reference.conf: 14
        "exportHibernateJMXStatistics" : "false",
        # reference.conf @ jar:file:/Users/vathunyoo/Desktop/GitHub/Senior_project/kotlin-source/build/nodes/PartyA/corda.jar!/reference.conf: 13
        "transactionIsolationLevel" : "REPEATABLE_READ"
    },
    # reference.conf @ jar:file:/Users/vathunyoo/Desktop/GitHub/Senior_project/kotlin-source/build/nodes/PartyA/corda.jar!/reference.conf: 16
    "devMode" : true,
    # reference.conf @ jar:file:/Users/vathunyoo/Desktop/GitHub/Senior_project/kotlin-source/build/nodes/PartyA/corda.jar!/reference.conf: 2
    "emailAddress" : "admin@company.com",
    # reference.conf @ jar:file:/Users/vathunyoo/Desktop/GitHub/Senior_project/kotlin-source/build/nodes/PartyA/corda.jar!/reference.conf: 3
    "exportJMXto" : "http",
    # reference.conf @ jar:file:/Users/vathunyoo/Desktop/GitHub/Senior_project/kotlin-source/build/nodes/PartyA/corda.jar!/reference.conf: 31
    "flowTimeout" : {
        # reference.conf @ jar:file:/Users/vathunyoo/Desktop/GitHub/Senior_project/kotlin-source/build/nodes/PartyA/corda.jar!/reference.conf: 34
        "backoffBase" : 1.8,
        # reference.conf @ jar:file:/Users/vathunyoo/Desktop/GitHub/Senior_project/kotlin-source/build/nodes/PartyA/corda.jar!/reference.conf: 33
        "maxRestartCount" : 5,
        # reference.conf @ jar:file:/Users/vathunyoo/Desktop/GitHub/Senior_project/kotlin-source/build/nodes/PartyA/corda.jar!/reference.conf: 32
        "timeout" : "30 seconds"
    },
    # reference.conf @ jar:file:/Users/vathunyoo/Desktop/GitHub/Senior_project/kotlin-source/build/nodes/PartyA/corda.jar!/reference.conf: 17
    "h2port" : 0,
    # reference.conf @ jar:file:/Users/vathunyoo/Desktop/GitHub/Senior_project/kotlin-source/build/nodes/PartyA/corda.jar!/reference.conf: 4
    "keyStorePassword" : "cordacadevpass",
    # /Users/vathunyoo/Desktop/GitHub/Senior_project/kotlin-source/build/nodes/PartyA/node.conf: 1
    "myLegalName" : "O=PartyA,L=London,C=GB",
    # hardcoded value
    "noLocalShell" : false,
    # /Users/vathunyoo/Desktop/GitHub/Senior_project/kotlin-source/build/nodes/PartyA/node.conf: 2
    "p2pAddress" : "localhost:10007",
    # merge of /Users/vathunyoo/Desktop/GitHub/Senior_project/kotlin-source/build/nodes/PartyA/node.conf: 3,reference.conf @ jar:file:/Users/vathunyoo/Desktop/GitHub/Senior_project/kotlin-source/build/nodes/PartyA/corda.jar!/reference.conf: 27
    "rpcSettings" : {
        # /Users/vathunyoo/Desktop/GitHub/Senior_project/kotlin-source/build/nodes/PartyA/node.conf: 4
        "address" : "localhost:10008",
        # /Users/vathunyoo/Desktop/GitHub/Senior_project/kotlin-source/build/nodes/PartyA/node.conf: 5
        "adminAddress" : "localhost:10048",
        # reference.conf @ jar:file:/Users/vathunyoo/Desktop/GitHub/Senior_project/kotlin-source/build/nodes/PartyA/corda.jar!/reference.conf: 29
        "standAloneBroker" : false,
        # reference.conf @ jar:file:/Users/vathunyoo/Desktop/GitHub/Senior_project/kotlin-source/build/nodes/PartyA/corda.jar!/reference.conf: 28
        "useSsl" : false
    },
    # /Users/vathunyoo/Desktop/GitHub/Senior_project/kotlin-source/build/nodes/PartyA/node.conf: 7
    "rpcUsers" : [
        # /Users/vathunyoo/Desktop/GitHub/Senior_project/kotlin-source/build/nodes/PartyA/node.conf: 8
        {
            # /Users/vathunyoo/Desktop/GitHub/Senior_project/kotlin-source/build/nodes/PartyA/node.conf: 9
            "password" : "test",
            # /Users/vathunyoo/Desktop/GitHub/Senior_project/kotlin-source/build/nodes/PartyA/node.conf: 10
            "permissions" : [
                # /Users/vathunyoo/Desktop/GitHub/Senior_project/kotlin-source/build/nodes/PartyA/node.conf: 11
                "ALL"
            ],
            # /Users/vathunyoo/Desktop/GitHub/Senior_project/kotlin-source/build/nodes/PartyA/node.conf: 13
            "user" : "user1"
        }
    ],
    # reference.conf @ jar:file:/Users/vathunyoo/Desktop/GitHub/Senior_project/kotlin-source/build/nodes/PartyA/corda.jar!/reference.conf: 5
    "trustStorePassword" : "trustpass",
    # reference.conf @ jar:file:/Users/vathunyoo/Desktop/GitHub/Senior_project/kotlin-source/build/nodes/PartyA/corda.jar!/reference.conf: 18
    "useTestClock" : false,
    # reference.conf @ jar:file:/Users/vathunyoo/Desktop/GitHub/Senior_project/kotlin-source/build/nodes/PartyA/corda.jar!/reference.conf: 19
    "verifierType" : "InMemory",
    # /Users/vathunyoo/Desktop/GitHub/Senior_project/kotlin-source/build/nodes/PartyA/node.conf: 16
    "webAddress" : "localhost:10009"
}
 {}
[WARN ] 2019-04-28T11:10:52,684Z [main] internal.config.defaultToOldPath - Config key user has been deprecated and will be removed in a future release. Use username instead {}
[INFO ] 2019-04-28T11:10:52,858Z [main] internal.Node.logStartupInfo - Vendor: Corda Open Source {}
[INFO ] 2019-04-28T11:10:52,957Z [main] internal.Node.logStartupInfo - Release: 3.3-corda {}
[INFO ] 2019-04-28T11:10:52,958Z [main] internal.Node.logStartupInfo - Platform Version: 3 {}
[INFO ] 2019-04-28T11:10:52,958Z [main] internal.Node.logStartupInfo - Revision: c834162cd488784a0412bba4c9e638da89912ac2 {}
[INFO ] 2019-04-28T11:10:52,960Z [main] internal.Node.logStartupInfo - PID: 81216 {}
[INFO ] 2019-04-28T11:10:52,960Z [main] internal.Node.logStartupInfo - Main class: /Users/vathunyoo/Desktop/GitHub/Senior_project/kotlin-source/build/nodes/.cache/apps/net.corda.node.Corda_3.3-corda/corda-node-3.3-corda.jar {}
[INFO ] 2019-04-28T11:10:52,960Z [main] internal.Node.logStartupInfo - CommandLine Args: -Xmx200m -XX:+UseG1GC -javaagent:/Users/vathunyoo/Desktop/GitHub/Senior_project/kotlin-source/build/nodes/.cache/apps/net.corda.node.Corda_3.3-corda/quasar-core-0.7.9-jdk8.jar=x(antlr**;bftsmart**;ch**;co.paralleluniverse**;com.codahale**;com.esotericsoftware**;com.fasterxml**;com.google**;com.ibm**;com.intellij**;com.jcabi**;com.nhaarman**;com.opengamma**;com.typesafe**;com.zaxxer**;de.javakaffee**;groovy**;groovyjarjarantlr**;groovyjarjarasm**;io.atomix**;io.github**;io.netty**;jdk**;joptsimple**;junit**;kotlin**;net.bytebuddy**;net.i2p**;org.apache**;org.assertj**;org.bouncycastle**;org.codehaus**;org.crsh**;org.dom4j**;org.fusesource**;org.h2**;org.hamcrest**;org.hibernate**;org.jboss**;org.jcp**;org.joda**;org.junit**;org.mockito**;org.objectweb**;org.objenesis**;org.slf4j**;org.w3c**;org.xml**;org.yaml**;reflectasm**;rx**;org.jolokia**) -Dvisualvm.display.name=Corda -Djava.library.path=/Users/vathunyoo/Library/Java/Extensions:/Library/Java/Extensions:/Network/Library/Java/Extensions:/System/Library/Java/Extensions:/usr/lib/java:/Users/vathunyoo/Desktop/GitHub/Senior_project/kotlin-source/build/nodes/.cache/apps/net.corda.node.Corda_3.3-corda -Dcapsule.app=net.corda.node.Corda_3.3-corda -Dcapsule.dir=/Users/vathunyoo/Desktop/GitHub/Senior_project/kotlin-source/build/nodes/.cache/apps/net.corda.node.Corda_3.3-corda -Dcapsule.jar=/Users/vathunyoo/Desktop/GitHub/Senior_project/kotlin-source/build/nodes/PartyA/corda.jar {}
[INFO ] 2019-04-28T11:10:52,961Z [main] internal.Node.logStartupInfo - Application Args: --just-generate-node-info {}
[INFO ] 2019-04-28T11:10:52,961Z [main] internal.Node.logStartupInfo - bootclasspath: /Library/Java/JavaVirtualMachines/jdk1.8.0_201.jdk/Contents/Home/jre/lib/resources.jar:/Library/Java/JavaVirtualMachines/jdk1.8.0_201.jdk/Contents/Home/jre/lib/rt.jar:/Library/Java/JavaVirtualMachines/jdk1.8.0_201.jdk/Contents/Home/jre/lib/sunrsasign.jar:/Library/Java/JavaVirtualMachines/jdk1.8.0_201.jdk/Contents/Home/jre/lib/jsse.jar:/Library/Java/JavaVirtualMachines/jdk1.8.0_201.jdk/Contents/Home/jre/lib/jce.jar:/Library/Java/JavaVirtualMachines/jdk1.8.0_201.jdk/Contents/Home/jre/lib/charsets.jar:/Library/Java/JavaVirtualMachines/jdk1.8.0_201.jdk/Contents/Home/jre/lib/jfr.jar:/Library/Java/JavaVirtualMachines/jdk1.8.0_201.jdk/Contents/Home/jre/classes {}
[INFO ] 2019-04-28T11:10:52,961Z [main] internal.Node.logStartupInfo - classpath: /Users/vathunyoo/Desktop/GitHub/Senior_project/kotlin-source/build/nodes/PartyA/corda.jar:/Users/vathunyoo/Desktop/GitHub/Senior_project/kotlin-source/build/nodes/.cache/apps/net.corda.node.Corda_3.3-corda/corda-rpc-3.3-corda.jar:/Users/vathunyoo/Desktop/GitHub/Senior_project/kotlin-source/build/nodes/.cache/apps/net.corda.node.Corda_3.3-corda/corda-node-api-3.3-corda.jar:/Users/vathunyoo/Desktop/GitHub/Senior_project/kotlin-source/build/nodes/.cache/apps/net.corda.node.Corda_3.3-corda/corda-confidential-identities-3.3-corda.jar:/Users/vathunyoo/Desktop/GitHub/Senior_project/kotlin-source/build/nodes/.cache/apps/net.corda.node.Corda_3.3-corda/cordform-common-3.2.1.jar:/Users/vathunyoo/Desktop/GitHub/Senior_project/kotlin-source/build/nodes/.cache/apps/net.corda.node.Corda_3.3-corda/log4j-slf4j-impl-2.9.1.jar:/Users/vathunyoo/Desktop/GitHub/Senior_project/kotlin-source/build/nodes/.cache/apps/net.corda.node.Corda_3.3-corda/log4j-web-2.9.1.jar:/Users/vathunyoo/Desktop/GitHub/Senior_project/kotlin-source/build/nodes/.cache/apps/net.corda.node.Corda_3.3-corda/jul-to-slf4j-1.7.25.jar:/Users/vathunyoo/Desktop/GitHub/Senior_project/kotlin-source/build/nodes/.cache/apps/net.corda.node.Corda_3.3-corda/corda-jackson-3.3-corda.jar:/Users/vathunyoo/Desktop/GitHub/Senior_project/kotlin-source/build/nodes/.cache/apps/net.corda.node.Corda_3.3-corda/corda-core-3.3-corda.jar:/Users/vathunyoo/Desktop/GitHub/Senior_project/kotlin-source/build/nodes/.cache/apps/net.corda.node.Corda_3.3-corda/kotlin-stdlib-jre8-1.1.60.jar:/Users/vathunyoo/Desktop/GitHub/Senior_project/kotlin-source/build/nodes/.cache/apps/net.corda.node.Corda_3.3-corda/jackson-module-kotlin-2.9.2.jar:/Users/vathunyoo/Desktop/GitHub/Senior_project/kotlin-source/build/nodes/.cache/apps/net.corda.node.Corda_3.3-corda/kotlin-reflect-1.1.60.jar:/Users/vathunyoo/Desktop/GitHub/Senior_project/kotlin-source/build/nodes/.cache/apps/net.corda.node.Corda_3.3-corda/jimfs-1.1.jar:/Users/vathunyoo/Desktop/GitHub/Senior_project/kotlin-source/build/nodes/.cache/apps/net.corda.node.Corda_3.3-corda/artemis-amqp-protocol-2.2.0.jar:/Users/vathunyoo/Desktop/GitHub/Senior_project/kotlin-source/build/nodes/.cache/apps/net.corda.node.Corda_3.3-corda/artemis-server-2.2.0.jar:/Users/vathunyoo/Desktop/GitHub/Senior_project/kotlin-source/build/nodes/.cache/apps/net.corda.node.Corda_3.3-corda/artemis-jdbc-store-2.2.0.jar:/Users/vathunyoo/Desktop/GitHub/Senior_project/kotlin-source/build/nodes/.cache/apps/net.corda.node.Corda_3.3-corda/artemis-jms-client-2.2.0.jar:/Users/vathunyoo/Desktop/GitHub/Senior_project/kotlin-source/build/nodes/.cache/apps/net.corda.node.Corda_3.3-corda/artemis-core-client-2.2.0.jar:/Users/vathunyoo/Desktop/GitHub/Senior_project/kotlin-source/build/nodes/.cache/apps/net.corda.node.Corda_3.3-corda/artemis-journal-2.2.0.jar:/Users/vathunyoo/Desktop/GitHub/Senior_project/kotlin-source/build/nodes/.cache/apps/net.corda.node.Corda_3.3-corda/artemis-commons-2.2.0.jar:/Users/vathunyoo/Desktop/GitHub/Senior_project/kotlin-source/build/nodes/.cache/apps/net.corda.node.Corda_3.3-corda/guava-21.0.jar:/Users/vathunyoo/Desktop/GitHub/Senior_project/kotlin-source/build/nodes/.cache/apps/net.corda.node.Corda_3.3-corda/jopt-simple-5.0.2.jar:/Users/vathunyoo/Desktop/GitHub/Senior_project/kotlin-source/build/nodes/.cache/apps/net.corda.node.Corda_3.3-corda/commons-collections4-4.1.jar:/Users/vathunyoo/Desktop/GitHub/Senior_project/kotlin-source/build/nodes/.cache/apps/net.corda.node.Corda_3.3-corda/shiro-core-1.4.0.jar:/Users/vathunyoo/Desktop/GitHub/Senior_project/kotlin-source/build/nodes/.cache/apps/net.corda.node.Corda_3.3-corda/shiro-config-ogdl-1.4.0.jar:/Users/vathunyoo/Desktop/GitHub/Senior_project/kotlin-source/build/nodes/.cache/apps/net.corda.node.Corda_3.3-corda/commons-beanutils-1.9.3.jar:/Users/vathunyoo/Desktop/GitHub/Senior_project/kotlin-source/build/nodes/.cache/apps/net.corda.node.Corda_3.3-corda/jansi-1.14.jar:/Users/vathunyoo/Desktop/GitHub/Senior_project/kotlin-source/build/nodes/.cache/apps/net.corda.node.Corda_3.3-corda/jcabi-manifests-1.1.jar:/Users/vathunyoo/Desktop/GitHub/Senior_project/kotlin-source/build/nodes/.cache/apps/net.corda.node.Corda_3.3-corda/forms_rt-7.0.3.jar:/Users/vathunyoo/Desktop/GitHub/Senior_project/kotlin-source/build/nodes/.cache/apps/net.corda.node.Corda_3.3-corda/metrics-core-3.1.2.jar:/Users/vathunyoo/Desktop/GitHub/Senior_project/kotlin-source/build/nodes/.cache/apps/net.corda.node.Corda_3.3-corda/config-1.3.1.jar:/Users/vathunyoo/Desktop/GitHub/Senior_project/kotlin-source/build/nodes/.cache/apps/net.corda.node.Corda_3.3-corda/h2-1.4.194.jar:/Users/vathunyoo/Desktop/GitHub/Senior_project/kotlin-source/build/nodes/.cache/apps/net.corda.node.Corda_3.3-corda/postgresql-42.1.4.jar:/Users/vathunyoo/Desktop/GitHub/Senior_project/kotlin-source/build/nodes/.cache/apps/net.corda.node.Corda_3.3-corda/HikariCP-2.5.1.jar:/Users/vathunyoo/Desktop/GitHub/Senior_project/kotlin-source/build/nodes/.cache/apps/net.corda.node.Corda_3.3-corda/hibernate-java8-5.2.6.Final.jar:/Users/vathunyoo/Desktop/GitHub/Senior_project/kotlin-source/build/nodes/.cache/apps/net.corda.node.Corda_3.3-corda/hibernate-core-5.2.6.Final.jar:/Users/vathunyoo/Desktop/GitHub/Senior_project/kotlin-source/build/nodes/.cache/apps/net.corda.node.Corda_3.3-corda/copycat-client-1.2.3.jar:/Users/vathunyoo/Desktop/GitHub/Senior_project/kotlin-source/build/nodes/.cache/apps/net.corda.node.Corda_3.3-corda/copycat-server-1.2.3.jar:/Users/vathunyoo/Desktop/GitHub/Senior_project/kotlin-source/build/nodes/.cache/apps/net.corda.node.Corda_3.3-corda/catalyst-netty-1.1.2.jar:/Users/vathunyoo/Desktop/GitHub/Senior_project/kotlin-source/build/nodes/.cache/apps/net.corda.node.Corda_3.3-corda/netty-all-4.1.9.Final.jar:/Users/vathunyoo/Desktop/GitHub/Senior_project/kotlin-source/build/nodes/.cache/apps/net.corda.node.Corda_3.3-corda/crash.connectors.ssh-cadb53544fbb3c0fb901445da614998a6a419488.jar:/Users/vathunyoo/Desktop/GitHub/Senior_project/kotlin-source/build/nodes/.cache/apps/net.corda.node.Corda_3.3-corda/crash.shell-cadb53544fbb3c0fb901445da614998a6a419488.jar:/Users/vathunyoo/Desktop/GitHub/Senior_project/kotlin-source/build/nodes/.cache/apps/net.corda.node.Corda_3.3-corda/okhttp-3.5.0.jar:/Users/vathunyoo/Desktop/GitHub/Senior_project/kotlin-source/build/nodes/.cache/apps/net.corda.node.Corda_3.3-corda/commons-codec-1.10.jar:/Users/vathunyoo/Desktop/GitHub/Senior_project/kotlin-source/build/nodes/.cache/apps/net.corda.node.Corda_3.3-corda/library-master-v1.1-beta-g6215ec8-87.jar:/Users/vathunyoo/Desktop/GitHub/Senior_project/kotlin-source/build/nodes/.cache/apps/net.corda.node.Corda_3.3-corda/jolokia-jvm-1.6.0-agent.jar:/Users/vathunyoo/Desktop/GitHub/Senior_project/kotlin-source/build/nodes/.cache/apps/net.corda.node.Corda_3.3-corda/quasar-core-0.7.9-jdk8.jar:/Users/vathunyoo/Desktop/GitHub/Senior_project/kotlin-source/build/nodes/.cache/apps/net.corda.node.Corda_3.3-corda/commons-fileupload-1.3.3.jar:/Users/vathunyoo/Desktop/GitHub/Senior_project/kotlin-source/build/nodes/.cache/apps/net.corda.node.Corda_3.3-corda/kryo-serializers-0.41.jar:/Users/vathunyoo/Desktop/GitHub/Senior_project/kotlin-source/build/nodes/.cache/apps/net.corda.node.Corda_3.3-corda/kryo-4.0.0.jar:/Users/vathunyoo/Desktop/GitHub/Senior_project/kotlin-source/build/nodes/.cache/apps/net.corda.node.Corda_3.3-corda/proton-j-0.21.0.jar:/Users/vathunyoo/Desktop/GitHub/Senior_project/kotlin-source/build/nodes/.cache/apps/net.corda.node.Corda_3.3-corda/fast-classpath-scanner-2.12.3.jar:/Users/vathunyoo/Desktop/GitHub/Senior_project/kotlin-source/build/nodes/.cache/apps/net.corda.node.Corda_3.3-corda/jsr305-3.0.2.jar:/Users/vathunyoo/Desktop/GitHub/Senior_project/kotlin-source/build/nodes/.cache/apps/net.corda.node.Corda_3.3-corda/jcabi-log-0.14.jar:/Users/vathunyoo/Desktop/GitHub/Senior_project/kotlin-source/build/nodes/.cache/apps/net.corda.node.Corda_3.3-corda/copycat-protocol-1.2.3.jar:/Users/vathunyoo/Desktop/GitHub/Senior_project/kotlin-source/build/nodes/.cache/apps/net.corda.node.Corda_3.3-corda/catalyst-transport-1.1.2.jar:/Users/vathunyoo/Desktop/GitHub/Senior_project/kotlin-source/build/nodes/.cache/apps/net.corda.node.Corda_3.3-corda/mina-core-2.0.16.jar:/Users/vathunyoo/Desktop/GitHub/Senior_project/kotlin-source/build/nodes/.cache/apps/net.corda.node.Corda_3.3-corda/shiro-cache-1.4.0.jar:/Users/vathunyoo/Desktop/GitHub/Senior_project/kotlin-source/build/nodes/.cache/apps/net.corda.node.Corda_3.3-corda/shiro-crypto-hash-1.4.0.jar:/Users/vathunyoo/Desktop/GitHub/Senior_project/kotlin-source/build/nodes/.cache/apps/net.corda.node.Corda_3.3-corda/shiro-crypto-cipher-1.4.0.jar:/Users/vathunyoo/Desktop/GitHub/Senior_project/kotlin-source/build/nodes/.cache/apps/net.corda.node.Corda_3.3-corda/shiro-config-core-1.4.0.jar:/Users/vathunyoo/Desktop/GitHub/Senior_project/kotlin-source/build/nodes/.cache/apps/net.corda.node.Corda_3.3-corda/shiro-event-1.4.0.jar:/Users/vathunyoo/Desktop/GitHub/Senior_project/kotlin-source/build/nodes/.cache/apps/net.corda.node.Corda_3.3-corda/shiro-crypto-core-1.4.0.jar:/Users/vathunyoo/Desktop/GitHub/Senior_project/kotlin-source/build/nodes/.cache/apps/net.corda.node.Corda_3.3-corda/shiro-lang-1.4.0.jar:/Users/vathunyoo/Desktop/GitHub/Senior_project/kotlin-source/build/nodes/.cache/apps/net.corda.node.Corda_3.3-corda/jcl-over-slf4j-1.7.25.jar:/Users/vathunyoo/Desktop/GitHub/Senior_project/kotlin-source/build/nodes/.cache/apps/net.corda.node.Corda_3.3-corda/catalyst-concurrent-1.1.2.jar:/Users/vathunyoo/Desktop/GitHub/Senior_project/kotlin-source/build/nodes/.cache/apps/net.corda.node.Corda_3.3-corda/catalyst-serializer-1.1.2.jar:/Users/vathunyoo/Desktop/GitHub/Senior_project/kotlin-source/build/nodes/.cache/apps/net.corda.node.Corda_3.3-corda/catalyst-buffer-1.1.2.jar:/Users/vathunyoo/Desktop/GitHub/Senior_project/kotlin-source/build/nodes/.cache/apps/net.corda.node.Corda_3.3-corda/catalyst-common-1.1.2.jar:/Users/vathunyoo/Desktop/GitHub/Senior_project/kotlin-source/build/nodes/.cache/apps/net.corda.node.Corda_3.3-corda/sshd-pam-0.11.0.jar:/Users/vathunyoo/Desktop/GitHub/Senior_project/kotlin-source/build/nodes/.cache/apps/net.corda.node.Corda_3.3-corda/sshd-core-1.6.0.jar:/Users/vathunyoo/Desktop/GitHub/Senior_project/kotlin-source/build/nodes/.cache/apps/net.corda.node.Corda_3.3-corda/slf4j-api-1.7.25.jar:/Users/vathunyoo/Desktop/GitHub/Senior_project/kotlin-source/build/nodes/.cache/apps/net.corda.node.Corda_3.3-corda/log4j-core-2.9.1.jar:/Users/vathunyoo/Desktop/GitHub/Senior_project/kotlin-source/build/nodes/.cache/apps/net.corda.node.Corda_3.3-corda/log4j-api-2.9.1.jar:/Users/vathunyoo/Desktop/GitHub/Senior_project/kotlin-source/build/nodes/.cache/apps/net.corda.node.Corda_3.3-corda/kotlin-stdlib-jre7-1.1.60.jar:/Users/vathunyoo/Desktop/GitHub/Senior_project/kotlin-source/build/nodes/.cache/apps/net.corda.node.Corda_3.3-corda/kotlin-stdlib-1.1.60.jar:/Users/vathunyoo/Desktop/GitHub/Senior_project/kotlin-source/build/nodes/.cache/apps/net.corda.node.Corda_3.3-corda/commons-collections-3.2.2.jar:/Users/vathunyoo/Desktop/GitHub/Senior_project/kotlin-source/build/nodes/.cache/apps/net.corda.node.Corda_3.3-corda/hibernate-commons-annotations-5.0.1.Final.jar:/Users/vathunyoo/Desktop/GitHub/Senior_project/kotlin-source/build/nodes/.cache/apps/net.corda.node.Corda_3.3-corda/artemis-native-2.2.0.jar:/Users/vathunyoo/Desktop/GitHub/Senior_project/kotlin-source/build/nodes/.cache/apps/net.corda.node.Corda_3.3-corda/jboss-logging-3.3.0.Final.jar:/Users/vathunyoo/Desktop/GitHub/Senior_project/kotlin-source/build/nodes/.cache/apps/net.corda.node.Corda_3.3-corda/artemis-selector-2.2.0.jar:/Users/vathunyoo/Desktop/GitHub/Senior_project/kotlin-source/build/nodes/.cache/apps/net.corda.node.Corda_3.3-corda/jgroups-3.6.13.Final.jar:/Users/vathunyoo/Desktop/GitHub/Senior_project/kotlin-source/build/nodes/.cache/apps/net.corda.node.Corda_3.3-corda/geronimo-json_1.0_spec-1.0-alpha-1.jar:/Users/vathunyoo/Desktop/GitHub/Senior_project/kotlin-source/build/nodes/.cache/apps/net.corda.node.Corda_3.3-corda/johnzon-core-0.9.5.jar:/Users/vathunyoo/Desktop/GitHub/Senior_project/kotlin-source/build/nodes/.cache/apps/net.corda.node.Corda_3.3-corda/forms-1.1-preview.jar:/Users/vathunyoo/Desktop/GitHub/Senior_project/kotlin-source/build/nodes/.cache/apps/net.corda.node.Corda_3.3-corda/jdom-1.0.jar:/Users/vathunyoo/Desktop/GitHub/Senior_project/kotlin-source/build/nodes/.cache/apps/net.corda.node.Corda_3.3-corda/jackson-dataformat-yaml-2.9.2.jar:/Users/vathunyoo/Desktop/GitHub/Senior_project/kotlin-source/build/nodes/.cache/apps/net.corda.node.Corda_3.3-corda/jackson-datatype-jsr310-2.9.2.jar:/Users/vathunyoo/Desktop/GitHub/Senior_project/kotlin-source/build/nodes/.cache/apps/net.corda.node.Corda_3.3-corda/hibernate-jpa-2.1-api-1.0.0.Final.jar:/Users/vathunyoo/Desktop/GitHub/Senior_project/kotlin-source/build/nodes/.cache/apps/net.corda.node.Corda_3.3-corda/javassist-3.20.0-GA.jar:/Users/vathunyoo/Desktop/GitHub/Senior_project/kotlin-source/build/nodes/.cache/apps/net.corda.node.Corda_3.3-corda/antlr-2.7.7.jar:/Users/vathunyoo/Desktop/GitHub/Senior_project/kotlin-source/build/nodes/.cache/apps/net.corda.node.Corda_3.3-corda/geronimo-jta_1.1_spec-1.1.1.jar:/Users/vathunyoo/Desktop/GitHub/Senior_project/kotlin-source/build/nodes/.cache/apps/net.corda.node.Corda_3.3-corda/jandex-2.0.3.Final.jar:/Users/vathunyoo/Desktop/GitHub/Senior_project/kotlin-source/build/nodes/.cache/apps/net.corda.node.Corda_3.3-corda/classmate-1.3.0.jar:/Users/vathunyoo/Desktop/GitHub/Senior_project/kotlin-source/build/nodes/.cache/apps/net.corda.node.Corda_3.3-corda/dom4j-1.6.1.jar:/Users/vathunyoo/Desktop/GitHub/Senior_project/kotlin-source/build/nodes/.cache/apps/net.corda.node.Corda_3.3-corda/cdi-api-1.1.jar:/Users/vathunyoo/Desktop/GitHub/Senior_project/kotlin-source/build/nodes/.cache/apps/net.corda.node.Corda_3.3-corda/crash.cli-cadb53544fbb3c0fb901445da614998a6a419488.jar:/Users/vathunyoo/Desktop/GitHub/Senior_project/kotlin-source/build/nodes/.cache/apps/net.corda.node.Corda_3.3-corda/groovy-all-1.8.9.jar:/Users/vathunyoo/Desktop/GitHub/Senior_project/kotlin-source/build/nodes/.cache/apps/net.corda.node.Corda_3.3-corda/okio-1.11.0.jar:/Users/vathunyoo/Desktop/GitHub/Senior_project/kotlin-source/build/nodes/.cache/apps/net.corda.node.Corda_3.3-corda/jolokia-core-1.6.0.jar:/Users/vathunyoo/Desktop/GitHub/Senior_project/kotlin-source/build/nodes/.cache/apps/net.corda.node.Corda_3.3-corda/json-simple-1.1.1.jar:/Users/vathunyoo/Desktop/GitHub/Senior_project/kotlin-source/build/nodes/.cache/apps/net.corda.node.Corda_3.3-corda/rxjava-1.2.4.jar:/Users/vathunyoo/Desktop/GitHub/Senior_project/kotlin-source/build/nodes/.cache/apps/net.corda.node.Corda_3.3-corda/commons-jexl3-3.0.jar:/Users/vathunyoo/Desktop/GitHub/Senior_project/kotlin-source/build/nodes/.cache/apps/net.corda.node.Corda_3.3-corda/jackson-databind-2.9.2.jar:/Users/vathunyoo/Desktop/GitHub/Senior_project/kotlin-source/build/nodes/.cache/apps/net.corda.node.Corda_3.3-corda/eddsa-0.2.0.jar:/Users/vathunyoo/Desktop/GitHub/Senior_project/kotlin-source/build/nodes/.cache/apps/net.corda.node.Corda_3.3-corda/bcpkix-jdk15on-1.57.jar:/Users/vathunyoo/Desktop/GitHub/Senior_project/kotlin-source/build/nodes/.cache/apps/net.corda.node.Corda_3.3-corda/bcprov-jdk15on-1.57.jar:/Users/vathunyoo/Desktop/GitHub/Senior_project/kotlin-source/build/nodes/.cache/apps/net.corda.node.Corda_3.3-corda/commons-io-2.2.jar:/Users/vathunyoo/Desktop/GitHub/Senior_project/kotlin-source/build/nodes/.cache/apps/net.corda.node.Corda_3.3-corda/reflectasm-1.11.3.jar:/Users/vathunyoo/Desktop/GitHub/Senior_project/kotlin-source/build/nodes/.cache/apps/net.corda.node.Corda_3.3-corda/minlog-1.3.0.jar:/Users/vathunyoo/Desktop/GitHub/Senior_project/kotlin-source/build/nodes/.cache/apps/net.corda.node.Corda_3.3-corda/objenesis-2.2.jar:/Users/vathunyoo/Desktop/GitHub/Senior_project/kotlin-source/build/nodes/.cache/apps/net.corda.node.Corda_3.3-corda/annotations-13.0.jar:/Users/vathunyoo/Desktop/GitHub/Senior_project/kotlin-source/build/nodes/.cache/apps/net.corda.node.Corda_3.3-corda/jackson-annotations-2.9.0.jar:/Users/vathunyoo/Desktop/GitHub/Senior_project/kotlin-source/build/nodes/.cache/apps/net.corda.node.Corda_3.3-corda/snakeyaml-1.18.jar:/Users/vathunyoo/Desktop/GitHub/Senior_project/kotlin-source/build/nodes/.cache/apps/net.corda.node.Corda_3.3-corda/jackson-core-2.9.2.jar:/Users/vathunyoo/Desktop/GitHub/Senior_project/kotlin-source/build/nodes/.cache/apps/net.corda.node.Corda_3.3-corda/el-api-2.2.jar:/Users/vathunyoo/Desktop/GitHub/Senior_project/kotlin-source/build/nodes/.cache/apps/net.corda.node.Corda_3.3-corda/jboss-interceptors-api_1.1_spec-1.0.0.Beta1.jar:/Users/vathunyoo/Desktop/GitHub/Senior_project/kotlin-source/build/nodes/.cache/apps/net.corda.node.Corda_3.3-corda/jsr250-api-1.0.jar:/Users/vathunyoo/Desktop/GitHub/Senior_project/kotlin-source/build/nodes/.cache/apps/net.corda.node.Corda_3.3-corda/javax.inject-1.jar:/Users/vathunyoo/Desktop/GitHub/Senior_project/kotlin-source/build/nodes/.cache/apps/net.corda.node.Corda_3.3-corda/jpam-1.1.jar:/Users/vathunyoo/Desktop/GitHub/Senior_project/kotlin-source/build/nodes/.cache/apps/net.corda.node.Corda_3.3-corda/geronimo-jms_2.0_spec-1.0-alpha-2.jar:/Users/vathunyoo/Desktop/GitHub/Senior_project/kotlin-source/build/nodes/.cache/apps/net.corda.node.Corda_3.3-corda/asm-5.0.4.jar:/Users/vathunyoo/Desktop/GitHub/Senior_project/kotlin-source/build/nodes/.cache/apps/net.corda.node.Corda_3.3-corda/corda-node-3.3-corda.jar:/Users/vathunyoo/Desktop/GitHub/Senior_project/kotlin-source/build/nodes/.cache/apps/net.corda.node.Corda_3.3-corda/quasar-core-0.7.9-jdk8.jar {}
[INFO ] 2019-04-28T11:10:52,963Z [main] internal.Node.logStartupInfo - VM Java HotSpot(TM) 64-Bit Server VM Oracle Corporation 25.201-b09 {}
[INFO ] 2019-04-28T11:10:52,963Z [main] internal.Node.logStartupInfo - Machine: Vathunyoos-MacBook-Pro.local {}
[INFO ] 2019-04-28T11:10:52,963Z [main] internal.Node.logStartupInfo - Working Directory: /Users/vathunyoo/Desktop/GitHub/Senior_project/kotlin-source/build/nodes/PartyA {}
[INFO ] 2019-04-28T11:10:52,964Z [main] internal.Node.logStartupInfo - Starting as node on localhost:10007 {}
[INFO ] 2019-04-28T11:10:53,271Z [main] cordapp.CordappLoader.<init> - No CorDapp paths provided {}
[INFO ] 2019-04-28T11:10:53,810Z [main] internal.Node.generateAndSaveNodeInfo - Generating nodeInfo ... {}
[WARN ] 2019-04-28T11:10:53,810Z [main] internal.Node.initCertificate - Corda node is running in dev mode. {}
[INFO ] 2019-04-28T11:10:56,093Z [main] internal.Node.obtainIdentity - identity-private-key not found in key store /Users/vathunyoo/Desktop/GitHub/Senior_project/kotlin-source/build/nodes/PartyA/certificates/nodekeystore.jks, generating fresh key! {}
[INFO ] 2019-04-28T11:10:57,148Z [main] BasicInfo.printBasicNodeInfo - Database connection url is              : jdbc:h2:tcp://192.168.1.59:55779/node {}
[INFO ] 2019-04-28T11:10:57,332Z [main] hikari.HikariDataSource.<init> - HikariPool-1 - Started. {}
[INFO ] 2019-04-28T11:10:57,794Z [main] internal.Node.invoke - Connected to H2 database. {}
[INFO ] 2019-04-28T11:10:57,967Z [main] persistence.HibernateConfiguration.<init> - Init HibernateConfiguration for schemas: [CommonSchemaV1(name=net.corda.core.schemas.CommonSchema, version=1), VaultSchemaV1(name=net.corda.node.services.vault.VaultSchema, version=1), NodeInfoSchemaV1(name=net.corda.node.internal.schemas.NodeInfoSchema, version=1), NodeCoreV1(name=net.corda.node.services.schema.NodeSchemaService$NodeCore, version=1)] {}
[INFO ] 2019-04-28T11:10:57,969Z [main] persistence.HibernateConfiguration.makeSessionFactoryForSchemas - Creating session factory for schemas: [CommonSchemaV1(name=net.corda.core.schemas.CommonSchema, version=1), VaultSchemaV1(name=net.corda.node.services.vault.VaultSchema, version=1), NodeInfoSchemaV1(name=net.corda.node.internal.schemas.NodeInfoSchema, version=1), NodeCoreV1(name=net.corda.node.services.schema.NodeSchemaService$NodeCore, version=1)] {}
[INFO ] 2019-04-28T11:10:58,315Z [main] hibernate.Version.logVersion - HHH000412: Hibernate Core {5.2.6.Final} {}
[INFO ] 2019-04-28T11:10:58,327Z [main] cfg.Environment.<clinit> - HHH000206: hibernate.properties not found {}
[INFO ] 2019-04-28T11:10:58,451Z [main] common.Version.<clinit> - HCANN000001: Hibernate Commons Annotations {5.0.1.Final} {}
[INFO ] 2019-04-28T11:10:58,676Z [main] internal.ConnectionProviderInitiator.initiateService - HHH000130: Instantiating explicit connection provider: net.corda.nodeapi.internal.persistence.HibernateConfiguration$NodeDatabaseConnectionProvider {}
[INFO ] 2019-04-28T11:10:58,705Z [main] dialect.Dialect.<init> - HHH000400: Using dialect: org.hibernate.dialect.H2Dialect {}
[INFO ] 2019-04-28T11:10:58,796Z [main] type.BasicTypeRegistry.register - HHH000270: Type registration [materialized_blob] overrides previous : org.hibernate.type.MaterializedBlobType@5a0e0886 {}
[INFO ] 2019-04-28T11:11:01,167Z [main] connections.access.getIsolatedConnection - HHH10001501: Connection obtained from JdbcConnectionAccess [org.hibernate.engine.jdbc.env.internal.JdbcEnvironmentInitiator$ConnectionProviderJdbcConnectionAccess@356b6b5d] for (non-JTA) DDL execution was not in auto-commit mode; the Connection 'local transaction' will be committed and the Connection will be set into auto-commit mode. {}
[INFO ] 2019-04-28T11:11:01,408Z [main] persistence.HibernateConfiguration.makeSessionFactoryForSchemas - Created session factory for schemas: [CommonSchemaV1(name=net.corda.core.schemas.CommonSchema, version=1), VaultSchemaV1(name=net.corda.node.services.vault.VaultSchema, version=1), NodeInfoSchemaV1(name=net.corda.node.internal.schemas.NodeInfoSchema, version=1), NodeCoreV1(name=net.corda.node.services.schema.NodeSchemaService$NodeCore, version=1)] {}
[INFO ] 2019-04-28T11:11:01,929Z [main] internal.QueryTranslatorFactoryInitiator.initiateService - HHH000397: Using ASTQueryTranslatorFactory {}
[INFO ] 2019-04-28T11:11:02,302Z [main] internal.Node.updateNodeInfo - Node-info has changed so submitting update. Old node-info was null {}
[INFO ] 2019-04-28T11:11:02,303Z [main] network.PersistentNetworkMapCache.addNode - Adding node with info: NodeInfo(addresses=[localhost:10007], legalIdentitiesAndCerts=[O=PartyA, L=London, C=GB], platformVersion=3, serial=1556449862303) {}
[INFO ] 2019-04-28T11:11:02,420Z [main] network.PersistentNetworkMapCache.addNode - No previous node found {}
[INFO ] 2019-04-28T11:11:04,056Z [main] network.PersistentNetworkMapCache.addNode - Done adding node with info: NodeInfo(addresses=[localhost:10007], legalIdentitiesAndCerts=[O=PartyA, L=London, C=GB], platformVersion=3, serial=1556449862303) {}
[INFO ] 2019-04-28T11:11:04,089Z [main] internal.Node.updateNodeInfo - New node-info: NodeInfo(addresses=[localhost:10007], legalIdentitiesAndCerts=[O=PartyA, L=London, C=GB], platformVersion=3, serial=1556449862303) {}
[INFO ] 2019-04-28T11:11:04,449Z [main] internal.Node.run - Node exiting successfully {}
[WARN ] 2019-04-28T11:16:02,834Z [main] internal.config.defaultToOldPath - Config key user has been deprecated and will be removed in a future release. Use username instead {}
[INFO ] 2019-04-28T11:16:03,107Z [main] internal.Node.logStartupInfo - Vendor: Corda Open Source {}
[INFO ] 2019-04-28T11:16:03,107Z [main] internal.Node.logStartupInfo - Release: 3.3-corda {}
[INFO ] 2019-04-28T11:16:03,107Z [main] internal.Node.logStartupInfo - Platform Version: 3 {}
[INFO ] 2019-04-28T11:16:03,108Z [main] internal.Node.logStartupInfo - Revision: c834162cd488784a0412bba4c9e638da89912ac2 {}
[INFO ] 2019-04-28T11:16:03,109Z [main] internal.Node.logStartupInfo - PID: 83045 {}
[INFO ] 2019-04-28T11:16:03,109Z [main] internal.Node.logStartupInfo - Main class: /Users/vathunyoo/.capsule/apps/net.corda.node.Corda_3.3-corda/corda-node-3.3-corda.jar {}
[INFO ] 2019-04-28T11:16:03,109Z [main] internal.Node.logStartupInfo - CommandLine Args: -Xmx200m -XX:+UseG1GC -agentlib:jdwp=transport=dt_socket,server=y,suspend=n,address=5006 -javaagent:drivers/jolokia-jvm-1.3.7-agent.jar=port=7006,logHandlerClass=net.corda.node.JolokiaSlf4Adapter -javaagent:/Users/vathunyoo/.capsule/apps/net.corda.node.Corda_3.3-corda/quasar-core-0.7.9-jdk8.jar=x(antlr**;bftsmart**;ch**;co.paralleluniverse**;com.codahale**;com.esotericsoftware**;com.fasterxml**;com.google**;com.ibm**;com.intellij**;com.jcabi**;com.nhaarman**;com.opengamma**;com.typesafe**;com.zaxxer**;de.javakaffee**;groovy**;groovyjarjarantlr**;groovyjarjarasm**;io.atomix**;io.github**;io.netty**;jdk**;joptsimple**;junit**;kotlin**;net.bytebuddy**;net.i2p**;org.apache**;org.assertj**;org.bouncycastle**;org.codehaus**;org.crsh**;org.dom4j**;org.fusesource**;org.h2**;org.hamcrest**;org.hibernate**;org.jboss**;org.jcp**;org.joda**;org.junit**;org.mockito**;org.objectweb**;org.objenesis**;org.slf4j**;org.w3c**;org.xml**;org.yaml**;reflectasm**;rx**;org.jolokia**) -Dvisualvm.display.name=Corda -Djava.library.path=/Users/vathunyoo/Library/Java/Extensions:/Library/Java/Extensions:/Network/Library/Java/Extensions:/System/Library/Java/Extensions:/usr/lib/java:/Users/vathunyoo/.capsule/apps/net.corda.node.Corda_3.3-corda -Dcapsule.app=net.corda.node.Corda_3.3-corda -Dname=PartyA-corda.jar -Dcapsule.dir=/Users/vathunyoo/.capsule/apps/net.corda.node.Corda_3.3-corda -Dcapsule.jar=/Users/vathunyoo/Desktop/GitHub/Senior_project/kotlin-source/build/nodes/PartyA/corda.jar {}
[INFO ] 2019-04-28T11:16:03,110Z [main] internal.Node.logStartupInfo - Application Args:  {}
[INFO ] 2019-04-28T11:16:03,110Z [main] internal.Node.logStartupInfo - bootclasspath: /Library/Java/JavaVirtualMachines/jdk1.8.0_201.jdk/Contents/Home/jre/lib/resources.jar:/Library/Java/JavaVirtualMachines/jdk1.8.0_201.jdk/Contents/Home/jre/lib/rt.jar:/Library/Java/JavaVirtualMachines/jdk1.8.0_201.jdk/Contents/Home/jre/lib/sunrsasign.jar:/Library/Java/JavaVirtualMachines/jdk1.8.0_201.jdk/Contents/Home/jre/lib/jsse.jar:/Library/Java/JavaVirtualMachines/jdk1.8.0_201.jdk/Contents/Home/jre/lib/jce.jar:/Library/Java/JavaVirtualMachines/jdk1.8.0_201.jdk/Contents/Home/jre/lib/charsets.jar:/Library/Java/JavaVirtualMachines/jdk1.8.0_201.jdk/Contents/Home/jre/lib/jfr.jar:/Library/Java/JavaVirtualMachines/jdk1.8.0_201.jdk/Contents/Home/jre/classes {}
[INFO ] 2019-04-28T11:16:03,110Z [main] internal.Node.logStartupInfo - classpath: /Users/vathunyoo/Desktop/GitHub/Senior_project/kotlin-source/build/nodes/PartyA/corda.jar:/Users/vathunyoo/.capsule/apps/net.corda.node.Corda_3.3-corda/corda-rpc-3.3-corda.jar:/Users/vathunyoo/.capsule/apps/net.corda.node.Corda_3.3-corda/corda-node-api-3.3-corda.jar:/Users/vathunyoo/.capsule/apps/net.corda.node.Corda_3.3-corda/corda-confidential-identities-3.3-corda.jar:/Users/vathunyoo/.capsule/apps/net.corda.node.Corda_3.3-corda/cordform-common-3.2.1.jar:/Users/vathunyoo/.capsule/apps/net.corda.node.Corda_3.3-corda/log4j-slf4j-impl-2.9.1.jar:/Users/vathunyoo/.capsule/apps/net.corda.node.Corda_3.3-corda/log4j-web-2.9.1.jar:/Users/vathunyoo/.capsule/apps/net.corda.node.Corda_3.3-corda/jul-to-slf4j-1.7.25.jar:/Users/vathunyoo/.capsule/apps/net.corda.node.Corda_3.3-corda/corda-jackson-3.3-corda.jar:/Users/vathunyoo/.capsule/apps/net.corda.node.Corda_3.3-corda/corda-core-3.3-corda.jar:/Users/vathunyoo/.capsule/apps/net.corda.node.Corda_3.3-corda/kotlin-stdlib-jre8-1.1.60.jar:/Users/vathunyoo/.capsule/apps/net.corda.node.Corda_3.3-corda/jackson-module-kotlin-2.9.2.jar:/Users/vathunyoo/.capsule/apps/net.corda.node.Corda_3.3-corda/kotlin-reflect-1.1.60.jar:/Users/vathunyoo/.capsule/apps/net.corda.node.Corda_3.3-corda/jimfs-1.1.jar:/Users/vathunyoo/.capsule/apps/net.corda.node.Corda_3.3-corda/artemis-amqp-protocol-2.2.0.jar:/Users/vathunyoo/.capsule/apps/net.corda.node.Corda_3.3-corda/artemis-server-2.2.0.jar:/Users/vathunyoo/.capsule/apps/net.corda.node.Corda_3.3-corda/artemis-jdbc-store-2.2.0.jar:/Users/vathunyoo/.capsule/apps/net.corda.node.Corda_3.3-corda/artemis-jms-client-2.2.0.jar:/Users/vathunyoo/.capsule/apps/net.corda.node.Corda_3.3-corda/artemis-core-client-2.2.0.jar:/Users/vathunyoo/.capsule/apps/net.corda.node.Corda_3.3-corda/artemis-journal-2.2.0.jar:/Users/vathunyoo/.capsule/apps/net.corda.node.Corda_3.3-corda/artemis-commons-2.2.0.jar:/Users/vathunyoo/.capsule/apps/net.corda.node.Corda_3.3-corda/guava-21.0.jar:/Users/vathunyoo/.capsule/apps/net.corda.node.Corda_3.3-corda/jopt-simple-5.0.2.jar:/Users/vathunyoo/.capsule/apps/net.corda.node.Corda_3.3-corda/commons-collections4-4.1.jar:/Users/vathunyoo/.capsule/apps/net.corda.node.Corda_3.3-corda/shiro-core-1.4.0.jar:/Users/vathunyoo/.capsule/apps/net.corda.node.Corda_3.3-corda/shiro-config-ogdl-1.4.0.jar:/Users/vathunyoo/.capsule/apps/net.corda.node.Corda_3.3-corda/commons-beanutils-1.9.3.jar:/Users/vathunyoo/.capsule/apps/net.corda.node.Corda_3.3-corda/jansi-1.14.jar:/Users/vathunyoo/.capsule/apps/net.corda.node.Corda_3.3-corda/jcabi-manifests-1.1.jar:/Users/vathunyoo/.capsule/apps/net.corda.node.Corda_3.3-corda/forms_rt-7.0.3.jar:/Users/vathunyoo/.capsule/apps/net.corda.node.Corda_3.3-corda/metrics-core-3.1.2.jar:/Users/vathunyoo/.capsule/apps/net.corda.node.Corda_3.3-corda/config-1.3.1.jar:/Users/vathunyoo/.capsule/apps/net.corda.node.Corda_3.3-corda/h2-1.4.194.jar:/Users/vathunyoo/.capsule/apps/net.corda.node.Corda_3.3-corda/postgresql-42.1.4.jar:/Users/vathunyoo/.capsule/apps/net.corda.node.Corda_3.3-corda/HikariCP-2.5.1.jar:/Users/vathunyoo/.capsule/apps/net.corda.node.Corda_3.3-corda/hibernate-java8-5.2.6.Final.jar:/Users/vathunyoo/.capsule/apps/net.corda.node.Corda_3.3-corda/hibernate-core-5.2.6.Final.jar:/Users/vathunyoo/.capsule/apps/net.corda.node.Corda_3.3-corda/copycat-client-1.2.3.jar:/Users/vathunyoo/.capsule/apps/net.corda.node.Corda_3.3-corda/copycat-server-1.2.3.jar:/Users/vathunyoo/.capsule/apps/net.corda.node.Corda_3.3-corda/catalyst-netty-1.1.2.jar:/Users/vathunyoo/.capsule/apps/net.corda.node.Corda_3.3-corda/netty-all-4.1.9.Final.jar:/Users/vathunyoo/.capsule/apps/net.corda.node.Corda_3.3-corda/crash.connectors.ssh-cadb53544fbb3c0fb901445da614998a6a419488.jar:/Users/vathunyoo/.capsule/apps/net.corda.node.Corda_3.3-corda/crash.shell-cadb53544fbb3c0fb901445da614998a6a419488.jar:/Users/vathunyoo/.capsule/apps/net.corda.node.Corda_3.3-corda/okhttp-3.5.0.jar:/Users/vathunyoo/.capsule/apps/net.corda.node.Corda_3.3-corda/commons-codec-1.10.jar:/Users/vathunyoo/.capsule/apps/net.corda.node.Corda_3.3-corda/library-master-v1.1-beta-g6215ec8-87.jar:/Users/vathunyoo/.capsule/apps/net.corda.node.Corda_3.3-corda/jolokia-jvm-1.6.0-agent.jar:/Users/vathunyoo/.capsule/apps/net.corda.node.Corda_3.3-corda/quasar-core-0.7.9-jdk8.jar:/Users/vathunyoo/.capsule/apps/net.corda.node.Corda_3.3-corda/commons-fileupload-1.3.3.jar:/Users/vathunyoo/.capsule/apps/net.corda.node.Corda_3.3-corda/kryo-serializers-0.41.jar:/Users/vathunyoo/.capsule/apps/net.corda.node.Corda_3.3-corda/kryo-4.0.0.jar:/Users/vathunyoo/.capsule/apps/net.corda.node.Corda_3.3-corda/proton-j-0.21.0.jar:/Users/vathunyoo/.capsule/apps/net.corda.node.Corda_3.3-corda/fast-classpath-scanner-2.12.3.jar:/Users/vathunyoo/.capsule/apps/net.corda.node.Corda_3.3-corda/jsr305-3.0.2.jar:/Users/vathunyoo/.capsule/apps/net.corda.node.Corda_3.3-corda/jcabi-log-0.14.jar:/Users/vathunyoo/.capsule/apps/net.corda.node.Corda_3.3-corda/copycat-protocol-1.2.3.jar:/Users/vathunyoo/.capsule/apps/net.corda.node.Corda_3.3-corda/catalyst-transport-1.1.2.jar:/Users/vathunyoo/.capsule/apps/net.corda.node.Corda_3.3-corda/mina-core-2.0.16.jar:/Users/vathunyoo/.capsule/apps/net.corda.node.Corda_3.3-corda/shiro-cache-1.4.0.jar:/Users/vathunyoo/.capsule/apps/net.corda.node.Corda_3.3-corda/shiro-crypto-hash-1.4.0.jar:/Users/vathunyoo/.capsule/apps/net.corda.node.Corda_3.3-corda/shiro-crypto-cipher-1.4.0.jar:/Users/vathunyoo/.capsule/apps/net.corda.node.Corda_3.3-corda/shiro-config-core-1.4.0.jar:/Users/vathunyoo/.capsule/apps/net.corda.node.Corda_3.3-corda/shiro-event-1.4.0.jar:/Users/vathunyoo/.capsule/apps/net.corda.node.Corda_3.3-corda/shiro-crypto-core-1.4.0.jar:/Users/vathunyoo/.capsule/apps/net.corda.node.Corda_3.3-corda/shiro-lang-1.4.0.jar:/Users/vathunyoo/.capsule/apps/net.corda.node.Corda_3.3-corda/jcl-over-slf4j-1.7.25.jar:/Users/vathunyoo/.capsule/apps/net.corda.node.Corda_3.3-corda/catalyst-concurrent-1.1.2.jar:/Users/vathunyoo/.capsule/apps/net.corda.node.Corda_3.3-corda/catalyst-serializer-1.1.2.jar:/Users/vathunyoo/.capsule/apps/net.corda.node.Corda_3.3-corda/catalyst-buffer-1.1.2.jar:/Users/vathunyoo/.capsule/apps/net.corda.node.Corda_3.3-corda/catalyst-common-1.1.2.jar:/Users/vathunyoo/.capsule/apps/net.corda.node.Corda_3.3-corda/sshd-pam-0.11.0.jar:/Users/vathunyoo/.capsule/apps/net.corda.node.Corda_3.3-corda/sshd-core-1.6.0.jar:/Users/vathunyoo/.capsule/apps/net.corda.node.Corda_3.3-corda/slf4j-api-1.7.25.jar:/Users/vathunyoo/.capsule/apps/net.corda.node.Corda_3.3-corda/log4j-core-2.9.1.jar:/Users/vathunyoo/.capsule/apps/net.corda.node.Corda_3.3-corda/log4j-api-2.9.1.jar:/Users/vathunyoo/.capsule/apps/net.corda.node.Corda_3.3-corda/kotlin-stdlib-jre7-1.1.60.jar:/Users/vathunyoo/.capsule/apps/net.corda.node.Corda_3.3-corda/kotlin-stdlib-1.1.60.jar:/Users/vathunyoo/.capsule/apps/net.corda.node.Corda_3.3-corda/commons-collections-3.2.2.jar:/Users/vathunyoo/.capsule/apps/net.corda.node.Corda_3.3-corda/hibernate-commons-annotations-5.0.1.Final.jar:/Users/vathunyoo/.capsule/apps/net.corda.node.Corda_3.3-corda/artemis-native-2.2.0.jar:/Users/vathunyoo/.capsule/apps/net.corda.node.Corda_3.3-corda/jboss-logging-3.3.0.Final.jar:/Users/vathunyoo/.capsule/apps/net.corda.node.Corda_3.3-corda/artemis-selector-2.2.0.jar:/Users/vathunyoo/.capsule/apps/net.corda.node.Corda_3.3-corda/jgroups-3.6.13.Final.jar:/Users/vathunyoo/.capsule/apps/net.corda.node.Corda_3.3-corda/geronimo-json_1.0_spec-1.0-alpha-1.jar:/Users/vathunyoo/.capsule/apps/net.corda.node.Corda_3.3-corda/johnzon-core-0.9.5.jar:/Users/vathunyoo/.capsule/apps/net.corda.node.Corda_3.3-corda/forms-1.1-preview.jar:/Users/vathunyoo/.capsule/apps/net.corda.node.Corda_3.3-corda/jdom-1.0.jar:/Users/vathunyoo/.capsule/apps/net.corda.node.Corda_3.3-corda/jackson-dataformat-yaml-2.9.2.jar:/Users/vathunyoo/.capsule/apps/net.corda.node.Corda_3.3-corda/jackson-datatype-jsr310-2.9.2.jar:/Users/vathunyoo/.capsule/apps/net.corda.node.Corda_3.3-corda/hibernate-jpa-2.1-api-1.0.0.Final.jar:/Users/vathunyoo/.capsule/apps/net.corda.node.Corda_3.3-corda/javassist-3.20.0-GA.jar:/Users/vathunyoo/.capsule/apps/net.corda.node.Corda_3.3-corda/antlr-2.7.7.jar:/Users/vathunyoo/.capsule/apps/net.corda.node.Corda_3.3-corda/geronimo-jta_1.1_spec-1.1.1.jar:/Users/vathunyoo/.capsule/apps/net.corda.node.Corda_3.3-corda/jandex-2.0.3.Final.jar:/Users/vathunyoo/.capsule/apps/net.corda.node.Corda_3.3-corda/classmate-1.3.0.jar:/Users/vathunyoo/.capsule/apps/net.corda.node.Corda_3.3-corda/dom4j-1.6.1.jar:/Users/vathunyoo/.capsule/apps/net.corda.node.Corda_3.3-corda/cdi-api-1.1.jar:/Users/vathunyoo/.capsule/apps/net.corda.node.Corda_3.3-corda/crash.cli-cadb53544fbb3c0fb901445da614998a6a419488.jar:/Users/vathunyoo/.capsule/apps/net.corda.node.Corda_3.3-corda/groovy-all-1.8.9.jar:/Users/vathunyoo/.capsule/apps/net.corda.node.Corda_3.3-corda/okio-1.11.0.jar:/Users/vathunyoo/.capsule/apps/net.corda.node.Corda_3.3-corda/jolokia-core-1.6.0.jar:/Users/vathunyoo/.capsule/apps/net.corda.node.Corda_3.3-corda/json-simple-1.1.1.jar:/Users/vathunyoo/.capsule/apps/net.corda.node.Corda_3.3-corda/rxjava-1.2.4.jar:/Users/vathunyoo/.capsule/apps/net.corda.node.Corda_3.3-corda/commons-jexl3-3.0.jar:/Users/vathunyoo/.capsule/apps/net.corda.node.Corda_3.3-corda/jackson-databind-2.9.2.jar:/Users/vathunyoo/.capsule/apps/net.corda.node.Corda_3.3-corda/eddsa-0.2.0.jar:/Users/vathunyoo/.capsule/apps/net.corda.node.Corda_3.3-corda/bcpkix-jdk15on-1.57.jar:/Users/vathunyoo/.capsule/apps/net.corda.node.Corda_3.3-corda/bcprov-jdk15on-1.57.jar:/Users/vathunyoo/.capsule/apps/net.corda.node.Corda_3.3-corda/commons-io-2.2.jar:/Users/vathunyoo/.capsule/apps/net.corda.node.Corda_3.3-corda/reflectasm-1.11.3.jar:/Users/vathunyoo/.capsule/apps/net.corda.node.Corda_3.3-corda/minlog-1.3.0.jar:/Users/vathunyoo/.capsule/apps/net.corda.node.Corda_3.3-corda/objenesis-2.2.jar:/Users/vathunyoo/.capsule/apps/net.corda.node.Corda_3.3-corda/annotations-13.0.jar:/Users/vathunyoo/.capsule/apps/net.corda.node.Corda_3.3-corda/jackson-annotations-2.9.0.jar:/Users/vathunyoo/.capsule/apps/net.corda.node.Corda_3.3-corda/snakeyaml-1.18.jar:/Users/vathunyoo/.capsule/apps/net.corda.node.Corda_3.3-corda/jackson-core-2.9.2.jar:/Users/vathunyoo/.capsule/apps/net.corda.node.Corda_3.3-corda/el-api-2.2.jar:/Users/vathunyoo/.capsule/apps/net.corda.node.Corda_3.3-corda/jboss-interceptors-api_1.1_spec-1.0.0.Beta1.jar:/Users/vathunyoo/.capsule/apps/net.corda.node.Corda_3.3-corda/jsr250-api-1.0.jar:/Users/vathunyoo/.capsule/apps/net.corda.node.Corda_3.3-corda/javax.inject-1.jar:/Users/vathunyoo/.capsule/apps/net.corda.node.Corda_3.3-corda/jpam-1.1.jar:/Users/vathunyoo/.capsule/apps/net.corda.node.Corda_3.3-corda/geronimo-jms_2.0_spec-1.0-alpha-2.jar:/Users/vathunyoo/.capsule/apps/net.corda.node.Corda_3.3-corda/asm-5.0.4.jar:/Users/vathunyoo/.capsule/apps/net.corda.node.Corda_3.3-corda/corda-node-3.3-corda.jar:/Users/vathunyoo/Desktop/GitHub/Senior_project/kotlin-source/build/nodes/PartyA/cordapps/corda-finance-3.3-corda.jar:/Users/vathunyoo/Desktop/GitHub/Senior_project/kotlin-source/build/nodes/PartyA/cordapps/cordapp-example-0.1.jar:drivers/jolokia-jvm-1.3.7-agent.jar:/Users/vathunyoo/.capsule/apps/net.corda.node.Corda_3.3-corda/quasar-core-0.7.9-jdk8.jar {}
[INFO ] 2019-04-28T11:16:03,111Z [main] internal.Node.logStartupInfo - VM Java HotSpot(TM) 64-Bit Server VM Oracle Corporation 25.201-b09 {}
[INFO ] 2019-04-28T11:16:03,111Z [main] internal.Node.logStartupInfo - Machine: Vathunyoos-MacBook-Pro.local {}
[INFO ] 2019-04-28T11:16:03,112Z [main] internal.Node.logStartupInfo - Working Directory: /Users/vathunyoo/Desktop/GitHub/Senior_project/kotlin-source/build/nodes/PartyA {}
[INFO ] 2019-04-28T11:16:03,112Z [main] internal.Node.logStartupInfo - Debug port: dt_socket:5006 {}
[INFO ] 2019-04-28T11:16:03,112Z [main] internal.Node.logStartupInfo - Starting as node on localhost:10007 {}
[INFO ] 2019-04-28T11:16:03,738Z [main] cordapp.CordappLoader.<init> - Loading CorDapps from RestrictedURL(url=file:/Users/vathunyoo/Desktop/GitHub/Senior_project/kotlin-source/build/nodes/PartyA/cordapps/corda-finance-3.3-corda.jar, rootPackageName=null), RestrictedURL(url=file:/Users/vathunyoo/Desktop/GitHub/Senior_project/kotlin-source/build/nodes/PartyA/cordapps/cordapp-example-0.1.jar, rootPackageName=null) {}
[INFO ] 2019-04-28T11:16:04,219Z [main] cordapp.CordappLoader.scanCordapp - Scanning CorDapp in file:/Users/vathunyoo/Desktop/GitHub/Senior_project/kotlin-source/build/nodes/PartyA/cordapps/corda-finance-3.3-corda.jar {}
[INFO ] 2019-04-28T11:16:04,734Z [main] cordapp.CordappLoader.scanCordapp - Scanning CorDapp in file:/Users/vathunyoo/Desktop/GitHub/Senior_project/kotlin-source/build/nodes/PartyA/cordapps/cordapp-example-0.1.jar {}
[INFO ] 2019-04-28T11:16:05,351Z [main] internal.Node.start - Node starting up ... {}
[WARN ] 2019-04-28T11:16:05,351Z [main] internal.Node.initCertificate - Corda node is running in dev mode. {}
[INFO ] 2019-04-28T11:16:12,211Z [main] internal.NetworkParametersReader.retrieveNetworkParameters - Loaded network parameters: net.corda.core.internal.SignedDataWithCert@6361b799 {}
[INFO ] 2019-04-28T11:16:14,670Z [main] BasicInfo.printBasicNodeInfo - Database connection url is              : jdbc:h2:tcp://192.168.1.59:56025/node {}
[INFO ] 2019-04-28T11:16:15,105Z [main] hikari.HikariDataSource.<init> - HikariPool-1 - Started. {}
[INFO ] 2019-04-28T11:16:16,118Z [main] internal.Node.invoke - Connected to H2 database. {}
[INFO ] 2019-04-28T11:16:16,426Z [main] persistence.HibernateConfiguration.<init> - Init HibernateConfiguration for schemas: [CommonSchemaV1(name=net.corda.core.schemas.CommonSchema, version=1), VaultSchemaV1(name=net.corda.node.services.vault.VaultSchema, version=1), NodeInfoSchemaV1(name=net.corda.node.internal.schemas.NodeInfoSchema, version=1), NodeCoreV1(name=net.corda.node.services.schema.NodeSchemaService$NodeCore, version=1), CashSchemaV1(name=net.corda.finance.schemas.CashSchema, version=1), CommercialPaperSchemaV1(name=net.corda.finance.schemas.CommercialPaperSchema, version=1), BondSchemaV1(name=com.example.schema.BondSchema, version=1), IOUSchemaV1(name=com.example.schema.IOUSchema, version=1)] {}
[INFO ] 2019-04-28T11:16:16,427Z [main] persistence.HibernateConfiguration.makeSessionFactoryForSchemas - Creating session factory for schemas: [CommonSchemaV1(name=net.corda.core.schemas.CommonSchema, version=1), VaultSchemaV1(name=net.corda.node.services.vault.VaultSchema, version=1), NodeInfoSchemaV1(name=net.corda.node.internal.schemas.NodeInfoSchema, version=1), NodeCoreV1(name=net.corda.node.services.schema.NodeSchemaService$NodeCore, version=1), CashSchemaV1(name=net.corda.finance.schemas.CashSchema, version=1), CommercialPaperSchemaV1(name=net.corda.finance.schemas.CommercialPaperSchema, version=1), BondSchemaV1(name=com.example.schema.BondSchema, version=1), IOUSchemaV1(name=com.example.schema.IOUSchema, version=1)] {}
[INFO ] 2019-04-28T11:16:17,247Z [main] hibernate.Version.logVersion - HHH000412: Hibernate Core {5.2.6.Final} {}
[INFO ] 2019-04-28T11:16:17,249Z [main] cfg.Environment.<clinit> - HHH000206: hibernate.properties not found {}
[INFO ] 2019-04-28T11:16:17,580Z [main] common.Version.<clinit> - HCANN000001: Hibernate Commons Annotations {5.0.1.Final} {}
[INFO ] 2019-04-28T11:16:18,207Z [main] internal.ConnectionProviderInitiator.initiateService - HHH000130: Instantiating explicit connection provider: net.corda.nodeapi.internal.persistence.HibernateConfiguration$NodeDatabaseConnectionProvider {}
[INFO ] 2019-04-28T11:16:18,277Z [main] dialect.Dialect.<init> - HHH000400: Using dialect: org.hibernate.dialect.H2Dialect {}
[INFO ] 2019-04-28T11:16:18,653Z [main] type.BasicTypeRegistry.register - HHH000270: Type registration [materialized_blob] overrides previous : org.hibernate.type.MaterializedBlobType@464aeb09 {}
[INFO ] 2019-04-28T11:16:24,807Z [main] connections.access.getIsolatedConnection - HHH10001501: Connection obtained from JdbcConnectionAccess [org.hibernate.engine.jdbc.env.internal.JdbcEnvironmentInitiator$ConnectionProviderJdbcConnectionAccess@7c5ac0] for (non-JTA) DDL execution was not in auto-commit mode; the Connection 'local transaction' will be committed and the Connection will be set into auto-commit mode. {}
[INFO ] 2019-04-28T11:16:25,361Z [main] persistence.HibernateConfiguration.makeSessionFactoryForSchemas - Created session factory for schemas: [CommonSchemaV1(name=net.corda.core.schemas.CommonSchema, version=1), VaultSchemaV1(name=net.corda.node.services.vault.VaultSchema, version=1), NodeInfoSchemaV1(name=net.corda.node.internal.schemas.NodeInfoSchema, version=1), NodeCoreV1(name=net.corda.node.services.schema.NodeSchemaService$NodeCore, version=1), CashSchemaV1(name=net.corda.finance.schemas.CashSchema, version=1), CommercialPaperSchemaV1(name=net.corda.finance.schemas.CommercialPaperSchema, version=1), BondSchemaV1(name=com.example.schema.BondSchema, version=1), IOUSchemaV1(name=com.example.schema.IOUSchema, version=1)] {}
[INFO ] 2019-04-28T11:16:26,807Z [main] internal.QueryTranslatorFactoryInitiator.initiateService - HHH000397: Using ASTQueryTranslatorFactory {}
[INFO ] 2019-04-28T11:16:30,550Z [main] persistence.NodeAttachmentService.invoke - Stored new attachment 9D0E5E7FD24111A8CC5E293CBA9E88B2664848113089A91A5CABCD29E6C07F1E {}
[INFO ] 2019-04-28T11:16:31,070Z [main] persistence.NodeAttachmentService.invoke - Stored new attachment 5364254F7DC574895BAFF443140666919E2824AB2A59F6CEBDD43AEFECCE2459 {}
[INFO ] 2019-04-28T11:16:31,836Z [main] security.RPCSecurityManagerImpl.buildImpl - Constructing realm from list of users in config [User(user1, permissions=[ALL])] {}
[INFO ] 2019-04-28T11:16:33,129Z [main] BasicInfo.printBasicNodeInfo - Advertised P2P messaging addresses      : localhost:10007 {}
[INFO ] 2019-04-28T11:16:33,215Z [main] BasicInfo.printBasicNodeInfo - RPC connection address                  : localhost:10008 {}
[INFO ] 2019-04-28T11:16:33,215Z [main] BasicInfo.printBasicNodeInfo - RPC admin connection address            : localhost:10048 {}
[INFO ] 2019-04-28T11:16:38,905Z [main] messaging.ArtemisMessagingServer.configureAndStartServer - P2P messaging server listening on port 10007 {}
[INFO ] 2019-04-28T11:16:40,093Z [main] internal.ArtemisMessagingClient.start - Connecting to message broker: localhost:10007 {}
[INFO ] 2019-04-28T11:16:41,412Z [main] internal.ArtemisMessagingClient.start - Connecting to message broker: localhost:10007 {}
[INFO ] 2019-04-28T11:16:41,597Z [main] internal.ArtemisMessagingClient.start - Connecting to message broker: localhost:10048 {}
[INFO ] 2019-04-28T11:16:41,836Z [main] messaging.P2PMessagingClient.start - Connecting to message broker: localhost:10007 {}
[INFO ] 2019-04-28T11:16:41,900Z [main] messaging.P2PMessagingClient.createQueueIfAbsent - Create fresh queue p2p.inbound.DLCSQjtWQeRtkc4DurrsLKXviGiBwJE3ShXt72Z7Nq92DS bound on same address {}
[INFO ] 2019-04-28T11:16:42,214Z [Thread-0 (ActiveMQ-client-global-threads)] bridging.BridgeControlListener.processControlMessage - Received bridge control message NodeToBridgeSnapshot(nodeIdentity=DLCSQjtWQeRtkc4DurrsLKXviGiBwJE3ShXt72Z7Nq92DS, inboxQueues=[p2p.inbound.DLCSQjtWQeRtkc4DurrsLKXviGiBwJE3ShXt72Z7Nq92DS], sendQueues=[]) {}
[INFO ] 2019-04-28T11:16:42,755Z [main] internal.Node.installCordaService - Installed net.corda.finance.flows.ConfigHolder Corda service {}
[INFO ] 2019-04-28T11:16:42,798Z [main] internal.Node.registerInitiatedFlowInternal - Registered com.example.flow.BondFlow_Issue$Initiator to initiate com.example.flow.BondFlow_Issue$Acceptor (version 1) {}
[INFO ] 2019-04-28T11:16:42,799Z [main] internal.Node.registerInitiatedFlowInternal - Registered com.example.flow.BondFlow_Update$Flow_update to initiate com.example.flow.BondFlow_Update$Flow_recieve (version 1) {}
[INFO ] 2019-04-28T11:16:42,799Z [main] internal.Node.registerInitiatedFlowInternal - Registered com.example.flow.ExampleFlow$Initiator to initiate com.example.flow.ExampleFlow$Acceptor (version 1) {}
[INFO ] 2019-04-28T11:16:45,055Z [main] plugin.PluginManager.getPlugins - Loaded plugin Plugin[type=SSHPlugin,interface=SSHPlugin] {}
[INFO ] 2019-04-28T11:16:45,057Z [main] plugin.PluginManager.getPlugins - Loaded plugin Plugin[type=SSHInlinePlugin,interface=CommandPlugin] {}
[INFO ] 2019-04-28T11:16:45,058Z [main] plugin.PluginManager.getPlugins - Loaded plugin Plugin[type=KeyAuthenticationPlugin,interface=KeyAuthenticationPlugin] {}
[INFO ] 2019-04-28T11:16:45,059Z [main] plugin.PluginManager.getPlugins - Loaded plugin Plugin[type=CRaSHShellFactory,interface=ShellFactory] {}
[INFO ] 2019-04-28T11:16:45,061Z [main] plugin.PluginManager.getPlugins - Loaded plugin Plugin[type=GroovyLanguageProxy,interface=Language] {}
[INFO ] 2019-04-28T11:16:45,062Z [main] plugin.PluginManager.getPlugins - Loaded plugin Plugin[type=JavaLanguage,interface=Language] {}
[INFO ] 2019-04-28T11:16:45,062Z [main] plugin.PluginManager.getPlugins - Loaded plugin Plugin[type=ScriptLanguage,interface=Language] {}
[INFO ] 2019-04-28T11:16:45,100Z [main] plugin.PluginManager.getPlugins - Loaded plugin Plugin[type=JaasAuthenticationPlugin,interface=AuthenticationPlugin] {}
[INFO ] 2019-04-28T11:16:45,102Z [main] plugin.PluginManager.getPlugins - Loaded plugin Plugin[type=SimpleAuthenticationPlugin,interface=AuthenticationPlugin] {}
[INFO ] 2019-04-28T11:16:45,106Z [main] ssh.SSHPlugin.init - Could not boot SSHD due to missing due to missing port configuration {}
[INFO ] 2019-04-28T11:16:45,106Z [main] plugin.PluginManager.getPlugins - Initialized plugin Plugin[type=SSHPlugin,interface=SSHPlugin] {}
[INFO ] 2019-04-28T11:16:45,106Z [main] plugin.PluginManager.getPlugins - Initialized plugin Plugin[type=SSHInlinePlugin,interface=CommandPlugin] {}
[INFO ] 2019-04-28T11:16:45,107Z [main] plugin.PluginManager.getPlugins - Initialized plugin Plugin[type=KeyAuthenticationPlugin,interface=KeyAuthenticationPlugin] {}
[INFO ] 2019-04-28T11:16:45,194Z [main] plugin.PluginManager.getPlugins - Initialized plugin Plugin[type=GroovyLanguageProxy,interface=Language] {}
[INFO ] 2019-04-28T11:16:45,194Z [main] plugin.PluginManager.getPlugins - Initialized plugin Plugin[type=ScriptLanguage,interface=Language] {}
[INFO ] 2019-04-28T11:16:45,201Z [main] plugin.PluginManager.getPlugins - Initialized plugin Plugin[type=CRaSHShellFactory,interface=ShellFactory] {}
[INFO ] 2019-04-28T11:16:45,201Z [main] plugin.PluginManager.getPlugins - Initialized plugin Plugin[type=JaasAuthenticationPlugin,interface=AuthenticationPlugin] {}
[INFO ] 2019-04-28T11:16:45,202Z [main] plugin.PluginManager.getPlugins - Initialized plugin Plugin[type=SimpleAuthenticationPlugin,interface=AuthenticationPlugin] {}
[INFO ] 2019-04-28T11:16:45,202Z [main] plugin.PluginManager.getPlugins - Initialized plugin Plugin[type=CordaAuthenticationPlugin,interface=AuthenticationPlugin] {}
[WARN ] 2019-04-28T11:16:48,639Z [main] utilities.AppendOnlyPersistentMapBase.set - Double insert in net.corda.node.utilities.AppendOnlyPersistentMap for entity class class net.corda.node.services.identity.PersistentIdentityService$PersistentIdentity key A9F2EB2FC291DA8BB6E562126EF4B9BBA3A5FFAD819B875D36225FEB4EE8E8D5, not inserting the second time {}
[INFO ] 2019-04-28T11:16:48,640Z [main] messaging.P2PMessagingClient.updateBridgesOnNetworkChange - Updating bridges on network map change: NodeInfo(addresses=[localhost:10007], legalIdentitiesAndCerts=[O=PartyA, L=London, C=GB], platformVersion=3, serial=1556449862303) {}
[INFO ] 2019-04-28T11:16:48,873Z [RxIoScheduler-2] network.PersistentNetworkMapCache.addNode - Adding node with info: NodeInfo(addresses=[localhost:10006], legalIdentitiesAndCerts=[O=Notary, L=London, C=GB], platformVersion=3, serial=1556449861352) {}
[INFO ] 2019-04-28T11:16:48,882Z [RxIoScheduler-2] network.PersistentNetworkMapCache.addNode - No previous node found {}
[INFO ] 2019-04-28T11:16:48,896Z [main] BasicInfo.printBasicNodeInfo - Loaded CorDapps                         : corda-finance-3.3-corda, cordapp-example-0.1, corda-core-3.3-corda {}
[INFO ] 2019-04-28T11:16:48,909Z [main] BasicInfo.printBasicNodeInfo - Node for "PartyA" started up and registered in 52.85 sec {}
[INFO ] 2019-04-28T11:16:48,921Z [RxIoScheduler-2] messaging.P2PMessagingClient.updateBridgesOnNetworkChange - Updating bridges on network map change: NodeInfo(addresses=[localhost:10006], legalIdentitiesAndCerts=[O=Notary, L=London, C=GB], platformVersion=3, serial=1556449861352) {}
[INFO ] 2019-04-28T11:16:48,926Z [RxIoScheduler-2] network.PersistentNetworkMapCache.addNode - Done adding node with info: NodeInfo(addresses=[localhost:10006], legalIdentitiesAndCerts=[O=Notary, L=London, C=GB], platformVersion=3, serial=1556449861352) {}
[INFO ] 2019-04-28T11:16:48,926Z [RxIoScheduler-2] network.PersistentNetworkMapCache.addNode - Adding node with info: NodeInfo(addresses=[localhost:10013], legalIdentitiesAndCerts=[O=PartyC, L=Paris, C=FR], platformVersion=3, serial=1556449855980) {}
[INFO ] 2019-04-28T11:16:48,929Z [RxIoScheduler-2] network.PersistentNetworkMapCache.addNode - No previous node found {}
[INFO ] 2019-04-28T11:16:49,025Z [RxIoScheduler-2] messaging.P2PMessagingClient.updateBridgesOnNetworkChange - Updating bridges on network map change: NodeInfo(addresses=[localhost:10013], legalIdentitiesAndCerts=[O=PartyC, L=Paris, C=FR], platformVersion=3, serial=1556449855980) {}
[INFO ] 2019-04-28T11:16:49,030Z [RxIoScheduler-2] network.PersistentNetworkMapCache.addNode - Done adding node with info: NodeInfo(addresses=[localhost:10013], legalIdentitiesAndCerts=[O=PartyC, L=Paris, C=FR], platformVersion=3, serial=1556449855980) {}
[INFO ] 2019-04-28T11:16:49,030Z [RxIoScheduler-2] network.PersistentNetworkMapCache.addNode - Adding node with info: NodeInfo(addresses=[localhost:10007], legalIdentitiesAndCerts=[O=PartyA, L=London, C=GB], platformVersion=3, serial=1556449862303) {}
[INFO ] 2019-04-28T11:16:49,036Z [RxIoScheduler-2] network.PersistentNetworkMapCache.addNode - Previous node was identical to incoming one - doing nothing {}
[INFO ] 2019-04-28T11:16:49,036Z [RxIoScheduler-2] network.PersistentNetworkMapCache.addNode - Done adding node with info: NodeInfo(addresses=[localhost:10007], legalIdentitiesAndCerts=[O=PartyA, L=London, C=GB], platformVersion=3, serial=1556449862303) {}
[INFO ] 2019-04-28T11:16:49,036Z [RxIoScheduler-2] network.PersistentNetworkMapCache.addNode - Adding node with info: NodeInfo(addresses=[localhost:10010], legalIdentitiesAndCerts=[O=PartyB, L=New York, C=US], platformVersion=3, serial=1556449861895) {}
[INFO ] 2019-04-28T11:16:49,038Z [RxIoScheduler-2] network.PersistentNetworkMapCache.addNode - No previous node found {}
[INFO ] 2019-04-28T11:16:49,111Z [RxIoScheduler-2] messaging.P2PMessagingClient.updateBridgesOnNetworkChange - Updating bridges on network map change: NodeInfo(addresses=[localhost:10010], legalIdentitiesAndCerts=[O=PartyB, L=New York, C=US], platformVersion=3, serial=1556449861895) {}
[INFO ] 2019-04-28T11:16:49,114Z [RxIoScheduler-2] network.PersistentNetworkMapCache.addNode - Done adding node with info: NodeInfo(addresses=[localhost:10010], legalIdentitiesAndCerts=[O=PartyB, L=New York, C=US], platformVersion=3, serial=1556449861895) {}
[INFO ] 2019-04-28T11:16:49,339Z [main] messaging.RPCServer.start - Starting RPC server with configuration RPCServerConfiguration(rpcThreadPoolSize=4, reapInterval=PT1S, deduplicationCacheExpiry=PT24H) {}
[INFO ] 2019-04-28T11:16:50,209Z [Thread-0 (ActiveMQ-client-global-threads)] messaging.RPCServer.clientArtemisMessageHandler - SUBMITTING {actor_id=user1, actor_owningIdentity=O=PartyA, L=London, C=GB, actor_store_id=NODE_CONFIG, invocation_id=c2352aee-33bd-4fb8-8655-4ac2d73e6b64, invocation_timestamp=2019-04-28T11:16:50.138Z, session_id=2a12e648-0745-422e-9285-f687133402fd, session_timestamp=2019-04-28T11:16:40.745Z}
[INFO ] 2019-04-28T11:16:54,348Z [Thread-0 (ActiveMQ-client-global-threads)] messaging.P2PMessagingClient.artemisToCordaMessage - Received message from: p2p.inbound.DLCSQjtWQeRtkc4DurrsLKXviGiBwJE3ShXt72Z7Nq92DS user: O=PartyB, L=New York, C=US topic: platform.session uuid: dd6f3a79-d218-4034-a2ad-df4259b2f1b8 {actor_id=user1, actor_owningIdentity=O=PartyA, L=London, C=GB, actor_store_id=NODE_CONFIG, invocation_id=c2352aee-33bd-4fb8-8655-4ac2d73e6b64, invocation_timestamp=2019-04-28T11:16:50.138Z, session_id=2a12e648-0745-422e-9285-f687133402fd, session_timestamp=2019-04-28T11:16:40.745Z}
[INFO ] 2019-04-28T11:16:55,098Z [Node thread-1] statemachine.StateMachineManagerImpl.onSessionInit - Accepting flow session from party O=PartyB, L=New York, C=US. Session id for tracing purposes is SessionId(toLong=-1212881020271924251). {invocation_id=b3f540cd-67d5-490e-93c3-949035af5721, invocation_timestamp=2019-04-28T11:16:54.401Z, session_id=b3f540cd-67d5-490e-93c3-949035af5721, session_timestamp=2019-04-28T11:16:54.401Z}
[INFO ] 2019-04-28T11:16:56,377Z [Messaging DLCSQjtWQeRtkc4DurrsLKXviGiBwJE3ShXt72Z7Nq92DS] messaging.P2PMessagingClient.createQueueIfAbsent - Create fresh queue internal.peers.DL8sWYKMPoQapeLbqxj7HdaajAHfTpukssLwHLwJN9ZcMV bound on same address {}
[INFO ] 2019-04-28T11:16:56,406Z [Thread-1 (ActiveMQ-client-global-threads)] bridging.BridgeControlListener.processControlMessage - Received bridge control message Create(nodeIdentity=DLCSQjtWQeRtkc4DurrsLKXviGiBwJE3ShXt72Z7Nq92DS, bridgeInfo=BridgeEntry(queueName=internal.peers.DL8sWYKMPoQapeLbqxj7HdaajAHfTpukssLwHLwJN9ZcMV, targets=[localhost:10010], legalNames=[O=PartyB, L=New York, C=US])) {}
[INFO ] 2019-04-28T11:16:56,490Z [Thread-1 (ActiveMQ-client-global-threads)] peers.DL8sWYKMPoQapeLbqxj7HdaajAHfTpukssLwHLwJN9ZcMV -> localhost:10010:O=PartyB, L=New York, C=US.start - Create new AMQP bridge {}
[INFO ] 2019-04-28T11:16:56,492Z [Thread-1 (ActiveMQ-client-global-threads)] netty.AMQPClient.start - connect to: localhost:10010 {}
[INFO ] 2019-04-28T11:16:56,628Z [nioEventLoopGroup-2-1] netty.AMQPClient.operationComplete - Connected to localhost:10010 {}
[INFO ] 2019-04-28T11:16:56,629Z [Thread-0 (ActiveMQ-client-global-threads)] messaging.RPCServer.clientArtemisMessageHandler - SUBMITTING {actor_id=user1, actor_owningIdentity=O=PartyA, L=London, C=GB, actor_store_id=NODE_CONFIG, invocation_id=0ff00e72-e8e4-45e5-8b3b-833100141c71, invocation_timestamp=2019-04-28T11:16:56.629Z, session_id=2a12e648-0745-422e-9285-f687133402fd, session_timestamp=2019-04-28T11:16:40.745Z}
[INFO ] 2019-04-28T11:16:56,650Z [nioEventLoopGroup-2-1] O=PartyB, L=New York, C=US.channelActive - New client connection 02dda1b9 from localhost/127.0.0.1:10010 to /127.0.0.1:56078 {}
[INFO ] 2019-04-28T11:16:57,033Z [nioEventLoopGroup-2-1] netty.LoggingTrustManagerWrapper.checkServerTrusted - Check Server Certpath:
  C=US,L=New York,O=PartyB[A7FA78DD6ABC1A73E511B77B9BECA123AC35A2F9] issued by C=US,L=New York,O=PartyB[null]
  C=US,L=New York,O=PartyB[A66588F8F0F5C4EBD98CFA224A2F864DECCE47AA] issued by C=US,L=New York,OU=Corda,O=R3 HoldCo LLC,CN=Corda Doorman CA[null]
  C=US,L=New York,OU=Corda,O=R3 HoldCo LLC,CN=Corda Doorman CA[EBEE2E30152940AE19981ED86FE37D7F07A2C213] issued by CN=Corda Node Root CA,O=R3,OU=corda,L=London,C=UK[7CAEA9DFB948012B13890B9AE645851C39170773]
  CN=Corda Node Root CA,O=R3,OU=corda,L=London,C=UK[7CAEA9DFB948012B13890B9AE645851C39170773] issued by CN=Corda Node Root CA,O=R3,OU=corda,L=London,C=UK[null] {}
[INFO ] 2019-04-28T11:16:57,203Z [nioEventLoopGroup-2-1] O=PartyB, L=New York, C=US.userEventTriggered - Handshake completed with subject: O=PartyB, L=New York, C=US {}
[INFO ] 2019-04-28T11:16:57,288Z [nioEventLoopGroup-2-1] peers.DL8sWYKMPoQapeLbqxj7HdaajAHfTpukssLwHLwJN9ZcMV -> localhost:10010:O=PartyB, L=New York, C=US.onSocketConnected - Bridge Connected {}
[INFO ] 2019-04-28T11:16:57,403Z [nioEventLoopGroup-2-1] O=PartyA, L=London, C=GB.onConnectionLocalOpen - Connection local open org.apache.qpid.proton.engine.impl.ConnectionImpl@55880e73 {}
[INFO ] 2019-04-28T11:17:04,891Z [Thread-1 (ActiveMQ-client-global-threads)] messaging.P2PMessagingClient.artemisToCordaMessage - Received message from: p2p.inbound.DLCSQjtWQeRtkc4DurrsLKXviGiBwJE3ShXt72Z7Nq92DS user: O=PartyB, L=New York, C=US topic: platform.session uuid: 2e843705-080b-4788-8065-6e973aaf28c1 {}
[INFO ] 2019-04-28T11:17:05,974Z [Thread-0 (ActiveMQ-client-global-threads)] messaging.P2PMessagingClient.artemisToCordaMessage - Received message from: p2p.inbound.DLCSQjtWQeRtkc4DurrsLKXviGiBwJE3ShXt72Z7Nq92DS user: O=PartyB, L=New York, C=US topic: platform.session uuid: d47101df-8073-4bba-bcb9-dbb1c128cb55 {actor_id=user1, actor_owningIdentity=O=PartyA, L=London, C=GB, actor_store_id=NODE_CONFIG, invocation_id=0ff00e72-e8e4-45e5-8b3b-833100141c71, invocation_timestamp=2019-04-28T11:16:56.629Z, session_id=2a12e648-0745-422e-9285-f687133402fd, session_timestamp=2019-04-28T11:16:40.745Z}
[INFO ] 2019-04-28T11:17:05,981Z [Node thread-1] statemachine.StateMachineManagerImpl.onSessionInit - Accepting flow session from party O=PartyB, L=New York, C=US. Session id for tracing purposes is SessionId(toLong=-3231675366482914481). {invocation_id=97315605-0b9b-4188-89bf-dacfe2a2cb13, invocation_timestamp=2019-04-28T11:17:05.980Z, session_id=97315605-0b9b-4188-89bf-dacfe2a2cb13, session_timestamp=2019-04-28T11:17:05.980Z}
[INFO ] 2019-04-28T11:17:06,304Z [Thread-0 (ActiveMQ-client-global-threads)] messaging.P2PMessagingClient.artemisToCordaMessage - Received message from: p2p.inbound.DLCSQjtWQeRtkc4DurrsLKXviGiBwJE3ShXt72Z7Nq92DS user: O=PartyB, L=New York, C=US topic: platform.session uuid: 49554ed4-0b12-47d8-9def-0bc2bbecdf99 {actor_id=user1, actor_owningIdentity=O=PartyA, L=London, C=GB, actor_store_id=NODE_CONFIG, invocation_id=0ff00e72-e8e4-45e5-8b3b-833100141c71, invocation_timestamp=2019-04-28T11:16:56.629Z, session_id=2a12e648-0745-422e-9285-f687133402fd, session_timestamp=2019-04-28T11:16:40.745Z}
[WARN ] 2019-04-28T11:17:42,901Z [Node thread-1] flow.[1fb97ed4-77c3-4720-a3c9-2ba2da406603].run - Flow finished with exception {}
net.corda.core.contracts.TransactionVerificationException$ContractRejection: Contract verification failed: Failed requirement: The lender and the borrower cannot be the same entity., contract: com.example.contract.BondContract, transaction: 9248BF63A1B3F2863DBF567D17B83735F4561ECC8E2EF4D3057181C8C10D6E80
	at net.corda.core.transactions.LedgerTransaction.verifyContracts(LedgerTransaction.kt:127) ~[corda-core-3.3-corda.jar:?]
	at net.corda.core.transactions.LedgerTransaction.verify(LedgerTransaction.kt:80) ~[corda-core-3.3-corda.jar:?]
	at net.corda.core.transactions.TransactionBuilder.verify(TransactionBuilder.kt:143) ~[corda-core-3.3-corda.jar:?]
	at com.example.flow.BondFlow_Issue$Initiator.call(BondFlow_Issue.kt:68) ~[cordapp-example-0.1.jar:?]
	at com.example.flow.BondFlow_Issue$Initiator.call(BondFlow_Issue.kt:22) ~[cordapp-example-0.1.jar:?]
	at net.corda.node.services.statemachine.FlowStateMachineImpl.run(FlowStateMachineImpl.kt:96) [corda-node-3.3-corda.jar:?]
	at net.corda.node.services.statemachine.FlowStateMachineImpl.run(FlowStateMachineImpl.kt:44) [corda-node-3.3-corda.jar:?]
	at co.paralleluniverse.fibers.Fiber.run1(Fiber.java:1092) [quasar-core-0.7.9-jdk8.jar:0.7.9]
	at co.paralleluniverse.fibers.Fiber.exec(Fiber.java:788) [quasar-core-0.7.9-jdk8.jar:0.7.9]
	at co.paralleluniverse.fibers.RunnableFiberTask.doExec(RunnableFiberTask.java:100) [quasar-core-0.7.9-jdk8.jar:0.7.9]
	at co.paralleluniverse.fibers.RunnableFiberTask.run(RunnableFiberTask.java:91) [quasar-core-0.7.9-jdk8.jar:0.7.9]
	at java.util.concurrent.Executors$RunnableAdapter.call(Executors.java:511) [?:1.8.0_201]
	at java.util.concurrent.FutureTask.run(FutureTask.java:266) [?:1.8.0_201]
	at java.util.concurrent.ScheduledThreadPoolExecutor$ScheduledFutureTask.access$201(ScheduledThreadPoolExecutor.java:180) [?:1.8.0_201]
	at java.util.concurrent.ScheduledThreadPoolExecutor$ScheduledFutureTask.run(ScheduledThreadPoolExecutor.java:293) [?:1.8.0_201]
	at java.util.concurrent.ThreadPoolExecutor.runWorker(ThreadPoolExecutor.java:1149) [?:1.8.0_201]
	at java.util.concurrent.ThreadPoolExecutor$Worker.run(ThreadPoolExecutor.java:624) [?:1.8.0_201]
	at net.corda.node.utilities.AffinityExecutor$ServiceAffinityExecutor$1$thread$1.run(AffinityExecutor.kt:62) [corda-node-3.3-corda.jar:?]
Caused by: java.lang.IllegalArgumentException: Failed requirement: The lender and the borrower cannot be the same entity.
	at com.example.contract.BondContract.verifyIssue(BondContract.kt:115) ~[cordapp-example-0.1.jar:?]
	at com.example.contract.BondContract.verify(BondContract.kt:31) ~[cordapp-example-0.1.jar:?]
	at net.corda.core.transactions.LedgerTransaction.verifyContracts(LedgerTransaction.kt:125) ~[corda-core-3.3-corda.jar:?]
	... 17 more
[INFO ] 2019-04-28T11:18:17,492Z [Node thread-1] flow.[5425460e-6ca6-4e8e-ac0a-39ef7deefe63].initiateSession - Initiating flow session with party O=PartyB, L=New York, C=US. Session id for tracing purposes is SessionId(toLong=-1033035699977731547). {}
[INFO ] 2019-04-28T11:18:17,647Z [Thread-2 (ActiveMQ-client-global-threads)] messaging.P2PMessagingClient.artemisToCordaMessage - Received message from: p2p.inbound.DLCSQjtWQeRtkc4DurrsLKXviGiBwJE3ShXt72Z7Nq92DS user: O=PartyB, L=New York, C=US topic: platform.session uuid: d52f61e7-9e64-428f-a76e-b05b403dd30e {}
[INFO ] 2019-04-28T11:18:17,845Z [Thread-2 (ActiveMQ-client-global-threads)] messaging.P2PMessagingClient.artemisToCordaMessage - Received message from: p2p.inbound.DLCSQjtWQeRtkc4DurrsLKXviGiBwJE3ShXt72Z7Nq92DS user: O=PartyB, L=New York, C=US topic: platform.session uuid: 91ea82bb-1951-4455-b8a0-e4cc01f940e8 {}
[INFO ] 2019-04-28T11:18:17,958Z [Thread-2 (ActiveMQ-client-global-threads)] messaging.P2PMessagingClient.artemisToCordaMessage - Received message from: p2p.inbound.DLCSQjtWQeRtkc4DurrsLKXviGiBwJE3ShXt72Z7Nq92DS user: O=PartyB, L=New York, C=US topic: platform.session uuid: edf09c4e-fda8-49b1-a1e3-7f137073e962 {}
[INFO ] 2019-04-28T11:18:17,988Z [Thread-2 (ActiveMQ-client-global-threads)] messaging.P2PMessagingClient.artemisToCordaMessage - Received message from: p2p.inbound.DLCSQjtWQeRtkc4DurrsLKXviGiBwJE3ShXt72Z7Nq92DS user: O=PartyB, L=New York, C=US topic: platform.session uuid: f89c57a0-c1be-4ec0-9c63-c68608dfd3c0 {}
[INFO ] 2019-04-28T11:18:18,028Z [Node thread-1] flow.[5425460e-6ca6-4e8e-ac0a-39ef7deefe63].initiateSession - Initiating flow session with party O=PartyB, L=New York, C=US. Session id for tracing purposes is SessionId(toLong=3573511654419848308). {}
[INFO ] 2019-04-28T11:18:18,218Z [Thread-2 (ActiveMQ-client-global-threads)] messaging.P2PMessagingClient.artemisToCordaMessage - Received message from: p2p.inbound.DLCSQjtWQeRtkc4DurrsLKXviGiBwJE3ShXt72Z7Nq92DS user: O=PartyB, L=New York, C=US topic: platform.session uuid: 20e70efe-78c0-4af8-81da-923dde525fd1 {}
[INFO ] 2019-04-28T11:18:18,317Z [Thread-3 (ActiveMQ-client-global-threads)] messaging.P2PMessagingClient.artemisToCordaMessage - Received message from: p2p.inbound.DLCSQjtWQeRtkc4DurrsLKXviGiBwJE3ShXt72Z7Nq92DS user: O=PartyB, L=New York, C=US topic: platform.session uuid: fe2e8f8a-701c-42cb-a445-71df57623567 {}
[INFO ] 2019-04-28T11:18:18,358Z [Thread-3 (ActiveMQ-client-global-threads)] messaging.P2PMessagingClient.artemisToCordaMessage - Received message from: p2p.inbound.DLCSQjtWQeRtkc4DurrsLKXviGiBwJE3ShXt72Z7Nq92DS user: O=PartyB, L=New York, C=US topic: platform.session uuid: f5805b02-1141-40df-8ac7-aebdb9e0ebcc {}
[INFO ] 2019-04-28T11:18:37,917Z [Thread-18] vault.NodeVaultService._queryBy - Vault Query for contract type: class com.example.state.BondState, criteria: VaultQueryCriteria(status=UNCONSUMED, contractStateTypes=null, stateRefs=null, notary=null, softLockingCondition=null, timeCondition=null), pagination: PageSpecification(pageNumber=-1, pageSize=200), sorting: Sort(columns=[]) {invocation_id=9745f7e2-f137-447b-bd8e-a7d99a9acb54, invocation_timestamp=2019-04-28T11:16:45.305Z, session_id=9745f7e2-f137-447b-bd8e-a7d99a9acb54, session_timestamp=2019-04-28T11:16:45.305Z}
[INFO ] 2019-04-28T11:22:07,963Z [Node thread-1] vault.NodeVaultService._queryBy - Vault Query for contract type: class com.example.state.BondState, criteria: LinearStateQueryCriteria(participants=null, uuid=[3f2354a7-daf5-4c09-8b95-840bdd0ffef8], externalId=[], status=UNCONSUMED, contractStateTypes=null), pagination: PageSpecification(pageNumber=-1, pageSize=200), sorting: Sort(columns=[]) {}
[INFO ] 2019-04-28T11:22:08,035Z [Node thread-1] flow.[b19875a0-ffe4-4c9c-81fe-4a268d8c3395].initiateSession - Initiating flow session with party O=PartyB, L=New York, C=US. Session id for tracing purposes is SessionId(toLong=8136612409451755633). {}
[INFO ] 2019-04-28T11:22:08,207Z [Thread-4 (ActiveMQ-client-global-threads)] messaging.P2PMessagingClient.artemisToCordaMessage - Received message from: p2p.inbound.DLCSQjtWQeRtkc4DurrsLKXviGiBwJE3ShXt72Z7Nq92DS user: O=PartyB, L=New York, C=US topic: platform.session uuid: a2711fda-ccd2-46f2-9506-b7dbbfa26210 {}
[INFO ] 2019-04-28T11:22:08,274Z [Thread-4 (ActiveMQ-client-global-threads)] messaging.P2PMessagingClient.artemisToCordaMessage - Received message from: p2p.inbound.DLCSQjtWQeRtkc4DurrsLKXviGiBwJE3ShXt72Z7Nq92DS user: O=PartyB, L=New York, C=US topic: platform.session uuid: fbe0de08-91ad-4bdf-a749-216a9c9b52eb {}
[INFO ] 2019-04-28T11:22:08,585Z [Thread-4 (ActiveMQ-client-global-threads)] messaging.P2PMessagingClient.artemisToCordaMessage - Received message from: p2p.inbound.DLCSQjtWQeRtkc4DurrsLKXviGiBwJE3ShXt72Z7Nq92DS user: O=PartyB, L=New York, C=US topic: platform.session uuid: ea8a4bf8-c66d-40b3-b125-1cbe6a7217e7 {}
[INFO ] 2019-04-28T11:22:08,701Z [Thread-4 (ActiveMQ-client-global-threads)] messaging.P2PMessagingClient.artemisToCordaMessage - Received message from: p2p.inbound.DLCSQjtWQeRtkc4DurrsLKXviGiBwJE3ShXt72Z7Nq92DS user: O=PartyB, L=New York, C=US topic: platform.session uuid: cf933dec-a6cd-4e19-a262-b4d1210e6734 {}
[INFO ] 2019-04-28T11:22:08,736Z [Thread-4 (ActiveMQ-client-global-threads)] messaging.P2PMessagingClient.artemisToCordaMessage - Received message from: p2p.inbound.DLCSQjtWQeRtkc4DurrsLKXviGiBwJE3ShXt72Z7Nq92DS user: O=PartyB, L=New York, C=US topic: platform.session uuid: 28081782-add9-401b-b3a0-a78c1a2ad02a {}
[INFO ] 2019-04-28T11:22:08,827Z [Node thread-1] flow.[b19875a0-ffe4-4c9c-81fe-4a268d8c3395].initiateSession - Initiating flow session with party O=Notary, L=London, C=GB. Session id for tracing purposes is SessionId(toLong=-1832042114595065145). {}
[INFO ] 2019-04-28T11:22:08,856Z [Messaging DLCSQjtWQeRtkc4DurrsLKXviGiBwJE3ShXt72Z7Nq92DS] messaging.P2PMessagingClient.createQueueIfAbsent - Create fresh queue internal.peers.DLBSfdGrxShV9wqYiiSgdNMJffkp1WPTj7Zadnp3L5wTrw bound on same address {}
[INFO ] 2019-04-28T11:22:08,872Z [Thread-5 (ActiveMQ-client-global-threads)] bridging.BridgeControlListener.processControlMessage - Received bridge control message Create(nodeIdentity=DLCSQjtWQeRtkc4DurrsLKXviGiBwJE3ShXt72Z7Nq92DS, bridgeInfo=BridgeEntry(queueName=internal.peers.DLBSfdGrxShV9wqYiiSgdNMJffkp1WPTj7Zadnp3L5wTrw, targets=[localhost:10006], legalNames=[O=Notary, L=London, C=GB])) {}
[INFO ] 2019-04-28T11:22:08,875Z [Thread-5 (ActiveMQ-client-global-threads)] peers.DLBSfdGrxShV9wqYiiSgdNMJffkp1WPTj7Zadnp3L5wTrw -> localhost:10006:O=Notary, L=London, C=GB.start - Create new AMQP bridge {}
[INFO ] 2019-04-28T11:22:08,875Z [Thread-5 (ActiveMQ-client-global-threads)] netty.AMQPClient.start - connect to: localhost:10006 {}
[INFO ] 2019-04-28T11:22:08,880Z [nioEventLoopGroup-2-2] netty.AMQPClient.operationComplete - Connected to localhost:10006 {}
[INFO ] 2019-04-28T11:22:08,882Z [nioEventLoopGroup-2-2] O=Notary, L=London, C=GB.channelActive - New client connection 40cca6ab from localhost/127.0.0.1:10006 to /127.0.0.1:56110 {}
[INFO ] 2019-04-28T11:22:08,925Z [nioEventLoopGroup-2-2] netty.LoggingTrustManagerWrapper.checkServerTrusted - Check Server Certpath:
  C=GB,L=London,O=Notary[2C851395645503EB55ECD9A4E785620FEA2A4C09] issued by C=GB,L=London,O=Notary[null]
  C=GB,L=London,O=Notary[3706EC04C9CD38FB04C0CED5F5800AF6EC395A8E] issued by C=US,L=New York,OU=Corda,O=R3 HoldCo LLC,CN=Corda Doorman CA[null]
  C=US,L=New York,OU=Corda,O=R3 HoldCo LLC,CN=Corda Doorman CA[EBEE2E30152940AE19981ED86FE37D7F07A2C213] issued by CN=Corda Node Root CA,O=R3,OU=corda,L=London,C=UK[7CAEA9DFB948012B13890B9AE645851C39170773]
  CN=Corda Node Root CA,O=R3,OU=corda,L=London,C=UK[7CAEA9DFB948012B13890B9AE645851C39170773] issued by CN=Corda Node Root CA,O=R3,OU=corda,L=London,C=UK[null] {}
[INFO ] 2019-04-28T11:22:08,984Z [nioEventLoopGroup-2-2] O=Notary, L=London, C=GB.userEventTriggered - Handshake completed with subject: O=Notary, L=London, C=GB {}
[INFO ] 2019-04-28T11:22:08,985Z [nioEventLoopGroup-2-2] peers.DLBSfdGrxShV9wqYiiSgdNMJffkp1WPTj7Zadnp3L5wTrw -> localhost:10006:O=Notary, L=London, C=GB.onSocketConnected - Bridge Connected {}
[INFO ] 2019-04-28T11:22:08,988Z [nioEventLoopGroup-2-2] O=PartyA, L=London, C=GB.onConnectionLocalOpen - Connection local open org.apache.qpid.proton.engine.impl.ConnectionImpl@21acbf81 {}
[INFO ] 2019-04-28T11:22:10,704Z [Thread-4 (ActiveMQ-client-global-threads)] messaging.P2PMessagingClient.artemisToCordaMessage - Received message from: p2p.inbound.DLCSQjtWQeRtkc4DurrsLKXviGiBwJE3ShXt72Z7Nq92DS user: O=Notary, L=London, C=GB topic: platform.session uuid: e3ac2ce9-4c0d-4996-90ab-551067c4e497 {}
[INFO ] 2019-04-28T11:22:10,911Z [Thread-5 (ActiveMQ-client-global-threads)] messaging.P2PMessagingClient.artemisToCordaMessage - Received message from: p2p.inbound.DLCSQjtWQeRtkc4DurrsLKXviGiBwJE3ShXt72Z7Nq92DS user: O=Notary, L=London, C=GB topic: platform.session uuid: 298fa317-1f6f-4ee6-8708-8e44bad8e9f3 {}
[INFO ] 2019-04-28T11:22:10,939Z [Node thread-1] vault.NodeVaultService._queryBy - Vault Query for contract type: interface net.corda.core.contracts.ContractState, criteria: VaultQueryCriteria(status=UNCONSUMED, contractStateTypes=null, stateRefs=[448E80034E7E4B95D4E1ACE43FF4F12C5443C5373235B9C2B50E45D2C83C0AD3(0)], notary=null, softLockingCondition=null, timeCondition=null), pagination: PageSpecification(pageNumber=-1, pageSize=200), sorting: Sort(columns=[]) {}
[INFO ] 2019-04-28T11:22:10,962Z [Node thread-1] flow.[b19875a0-ffe4-4c9c-81fe-4a268d8c3395].initiateSession - Initiating flow session with party O=PartyB, L=New York, C=US. Session id for tracing purposes is SessionId(toLong=-30016189392003401). {}
[INFO ] 2019-04-28T11:22:11,024Z [Thread-5 (ActiveMQ-client-global-threads)] messaging.P2PMessagingClient.artemisToCordaMessage - Received message from: p2p.inbound.DLCSQjtWQeRtkc4DurrsLKXviGiBwJE3ShXt72Z7Nq92DS user: O=Notary, L=London, C=GB topic: platform.session uuid: e0324af4-648e-4da6-9933-9f0682002a26 {}
[INFO ] 2019-04-28T11:22:11,077Z [Thread-4 (ActiveMQ-client-global-threads)] messaging.P2PMessagingClient.artemisToCordaMessage - Received message from: p2p.inbound.DLCSQjtWQeRtkc4DurrsLKXviGiBwJE3ShXt72Z7Nq92DS user: O=PartyB, L=New York, C=US topic: platform.session uuid: b39bb798-78e3-47f8-830e-54e6f977de04 {}
[INFO ] 2019-04-28T11:22:11,149Z [Thread-5 (ActiveMQ-client-global-threads)] messaging.P2PMessagingClient.artemisToCordaMessage - Received message from: p2p.inbound.DLCSQjtWQeRtkc4DurrsLKXviGiBwJE3ShXt72Z7Nq92DS user: O=PartyB, L=New York, C=US topic: platform.session uuid: cfb3228d-9f7a-4036-b12d-97045712700a {}
[INFO ] 2019-04-28T11:22:11,434Z [Thread-5 (ActiveMQ-client-global-threads)] messaging.P2PMessagingClient.artemisToCordaMessage - Received message from: p2p.inbound.DLCSQjtWQeRtkc4DurrsLKXviGiBwJE3ShXt72Z7Nq92DS user: O=PartyB, L=New York, C=US topic: platform.session uuid: f6481be8-b9c4-47e0-a453-df7904e407a0 {}
[INFO ] 2019-04-28T11:22:19,699Z [Thread-22] vault.NodeVaultService._queryBy - Vault Query for contract type: class com.example.state.BondState, criteria: VaultQueryCriteria(status=UNCONSUMED, contractStateTypes=null, stateRefs=null, notary=null, softLockingCondition=null, timeCondition=null), pagination: PageSpecification(pageNumber=-1, pageSize=200), sorting: Sort(columns=[]) {invocation_id=9745f7e2-f137-447b-bd8e-a7d99a9acb54, invocation_timestamp=2019-04-28T11:16:45.305Z, session_id=9745f7e2-f137-447b-bd8e-a7d99a9acb54, session_timestamp=2019-04-28T11:16:45.305Z}
