[INFO ] 2019-05-23T07:09:06,203Z [main] webserver.CmdLineOptions.loadConfig - Config:
{
    # hardcoded value
    "baseDirectory" : "/Users/vathunyoo/Desktop/GitHub/Senior_project/kotlin-source/build/nodes/Financial",
    # web-reference.conf @ jar:file:/Users/vathunyoo/.capsule/apps/net.corda.webserver.WebServer_3.3-corda/corda-webserver-impl-3.3-corda.jar!/web-reference.conf: 2
    "keyStorePassword" : "cordacadevpass",
    # /Users/vathunyoo/Desktop/GitHub/Senior_project/kotlin-source/build/nodes/Financial/node.conf: 1
    "myLegalName" : "O=Financial,L=Paris,C=FR",
    # /Users/vathunyoo/Desktop/GitHub/Senior_project/kotlin-source/build/nodes/Financial/node.conf: 2
    "p2pAddress" : "localhost:10013",
    # /Users/vathunyoo/Desktop/GitHub/Senior_project/kotlin-source/build/nodes/Financial/node.conf: 3
    "rpcSettings" : {
        # /Users/vathunyoo/Desktop/GitHub/Senior_project/kotlin-source/build/nodes/Financial/node.conf: 4
        "address" : "localhost:10014",
        # /Users/vathunyoo/Desktop/GitHub/Senior_project/kotlin-source/build/nodes/Financial/node.conf: 5
        "adminAddress" : "localhost:10054"
    },
    # /Users/vathunyoo/Desktop/GitHub/Senior_project/kotlin-source/build/nodes/Financial/node.conf: 7
    "rpcUsers" : [
        # /Users/vathunyoo/Desktop/GitHub/Senior_project/kotlin-source/build/nodes/Financial/node.conf: 8
        {
            # /Users/vathunyoo/Desktop/GitHub/Senior_project/kotlin-source/build/nodes/Financial/node.conf: 9
            "password" : "test",
            # /Users/vathunyoo/Desktop/GitHub/Senior_project/kotlin-source/build/nodes/Financial/node.conf: 10
            "permissions" : [
                # /Users/vathunyoo/Desktop/GitHub/Senior_project/kotlin-source/build/nodes/Financial/node.conf: 11
                "ALL"
            ],
            # /Users/vathunyoo/Desktop/GitHub/Senior_project/kotlin-source/build/nodes/Financial/node.conf: 13
            "user" : "user1"
        }
    ],
    # web-reference.conf @ jar:file:/Users/vathunyoo/.capsule/apps/net.corda.webserver.WebServer_3.3-corda/corda-webserver-impl-3.3-corda.jar!/web-reference.conf: 3
    "trustStorePassword" : "trustpass",
    # web-reference.conf @ jar:file:/Users/vathunyoo/.capsule/apps/net.corda.webserver.WebServer_3.3-corda/corda-webserver-impl-3.3-corda.jar!/web-reference.conf: 1
    "useHTTPS" : false,
    # /Users/vathunyoo/Desktop/GitHub/Senior_project/kotlin-source/build/nodes/Financial/node.conf: 16
    "webAddress" : "localhost:10015"
}
 {}
[INFO ] 2019-05-23T07:09:06,343Z [main] Main.main - Main class: /Users/vathunyoo/.capsule/apps/net.corda.webserver.WebServer_3.3-corda/corda-webserver-impl-3.3-corda.jar {}
[INFO ] 2019-05-23T07:09:06,592Z [main] Main.main - CommandLine Args: -Xmx200m -XX:+UseG1GC -agentlib:jdwp=transport=dt_socket,server=y,suspend=n,address=5007 -javaagent:drivers/jolokia-jvm-1.3.7-agent.jar=port=7007,logHandlerClass=net.corda.webserver.JolokiaSlf4Adapter -javaagent:/Users/vathunyoo/.capsule/apps/net.corda.webserver.WebServer_3.3-corda/quasar-core-0.7.9-jdk8.jar -Dvisualvm.display.name=Corda -Djava.library.path=/Users/vathunyoo/Library/Java/Extensions:/Library/Java/Extensions:/Network/Library/Java/Extensions:/System/Library/Java/Extensions:/usr/lib/java:/Users/vathunyoo/.capsule/apps/net.corda.webserver.WebServer_3.3-corda -Dcapsule.app=net.corda.webserver.WebServer_3.3-corda -Dname=Financial-corda-webserver.jar -DWebserver -Dcapsule.dir=/Users/vathunyoo/.capsule/apps/net.corda.webserver.WebServer_3.3-corda -Dcapsule.jar=/Users/vathunyoo/Desktop/GitHub/Senior_project/kotlin-source/build/nodes/Financial/corda-webserver.jar {}
[INFO ] 2019-05-23T07:09:07,408Z [main] Main.main - Application Args:  {}
[INFO ] 2019-05-23T07:09:07,408Z [main] Main.main - bootclasspath: /Library/Java/JavaVirtualMachines/jdk1.8.0_201.jdk/Contents/Home/jre/lib/resources.jar:/Library/Java/JavaVirtualMachines/jdk1.8.0_201.jdk/Contents/Home/jre/lib/rt.jar:/Library/Java/JavaVirtualMachines/jdk1.8.0_201.jdk/Contents/Home/jre/lib/sunrsasign.jar:/Library/Java/JavaVirtualMachines/jdk1.8.0_201.jdk/Contents/Home/jre/lib/jsse.jar:/Library/Java/JavaVirtualMachines/jdk1.8.0_201.jdk/Contents/Home/jre/lib/jce.jar:/Library/Java/JavaVirtualMachines/jdk1.8.0_201.jdk/Contents/Home/jre/lib/charsets.jar:/Library/Java/JavaVirtualMachines/jdk1.8.0_201.jdk/Contents/Home/jre/lib/jfr.jar:/Library/Java/JavaVirtualMachines/jdk1.8.0_201.jdk/Contents/Home/jre/classes {}
[INFO ] 2019-05-23T07:09:07,408Z [main] Main.main - classpath: /Users/vathunyoo/Desktop/GitHub/Senior_project/kotlin-source/build/nodes/Financial/corda-webserver.jar:/Users/vathunyoo/.capsule/apps/net.corda.webserver.WebServer_3.3-corda/corda-rpc-3.3-corda.jar:/Users/vathunyoo/.capsule/apps/net.corda.webserver.WebServer_3.3-corda/corda-jackson-3.3-corda.jar:/Users/vathunyoo/.capsule/apps/net.corda.webserver.WebServer_3.3-corda/corda-node-api-3.3-corda.jar:/Users/vathunyoo/.capsule/apps/net.corda.webserver.WebServer_3.3-corda/corda-core-3.3-corda.jar:/Users/vathunyoo/.capsule/apps/net.corda.webserver.WebServer_3.3-corda/jetty-webapp-9.4.7.v20170914.jar:/Users/vathunyoo/.capsule/apps/net.corda.webserver.WebServer_3.3-corda/jetty-servlet-9.4.7.v20170914.jar:/Users/vathunyoo/.capsule/apps/net.corda.webserver.WebServer_3.3-corda/jersey-container-jetty-http-2.25.jar:/Users/vathunyoo/.capsule/apps/net.corda.webserver.WebServer_3.3-corda/jetty-security-9.4.7.v20170914.jar:/Users/vathunyoo/.capsule/apps/net.corda.webserver.WebServer_3.3-corda/jetty-server-9.4.7.v20170914.jar:/Users/vathunyoo/.capsule/apps/net.corda.webserver.WebServer_3.3-corda/javax.servlet-api-3.1.0.jar:/Users/vathunyoo/.capsule/apps/net.corda.webserver.WebServer_3.3-corda/commons-fileupload-1.3.3.jar:/Users/vathunyoo/.capsule/apps/net.corda.webserver.WebServer_3.3-corda/log4j-slf4j-impl-2.9.1.jar:/Users/vathunyoo/.capsule/apps/net.corda.webserver.WebServer_3.3-corda/log4j-core-2.9.1.jar:/Users/vathunyoo/.capsule/apps/net.corda.webserver.WebServer_3.3-corda/jopt-simple-5.0.2.jar:/Users/vathunyoo/.capsule/apps/net.corda.webserver.WebServer_3.3-corda/jetty-continuation-9.4.7.v20170914.jar:/Users/vathunyoo/.capsule/apps/net.corda.webserver.WebServer_3.3-corda/jersey-container-servlet-2.25.jar:/Users/vathunyoo/.capsule/apps/net.corda.webserver.WebServer_3.3-corda/jersey-container-servlet-core-2.25.jar:/Users/vathunyoo/.capsule/apps/net.corda.webserver.WebServer_3.3-corda/jersey-server-2.25.jar:/Users/vathunyoo/.capsule/apps/net.corda.webserver.WebServer_3.3-corda/jersey-media-json-jackson-2.25.jar:/Users/vathunyoo/.capsule/apps/net.corda.webserver.WebServer_3.3-corda/kotlinx-html-jvm-0.6.3.jar:/Users/vathunyoo/.capsule/apps/net.corda.webserver.WebServer_3.3-corda/kotlin-stdlib-jre8-1.1.60.jar:/Users/vathunyoo/.capsule/apps/net.corda.webserver.WebServer_3.3-corda/jackson-module-kotlin-2.9.2.jar:/Users/vathunyoo/.capsule/apps/net.corda.webserver.WebServer_3.3-corda/kotlin-reflect-1.1.60.jar:/Users/vathunyoo/.capsule/apps/net.corda.webserver.WebServer_3.3-corda/cordform-common-3.2.1.jar:/Users/vathunyoo/.capsule/apps/net.corda.webserver.WebServer_3.3-corda/jsr305-3.0.2.jar:/Users/vathunyoo/.capsule/apps/net.corda.webserver.WebServer_3.3-corda/jcl-over-slf4j-1.7.25.jar:/Users/vathunyoo/.capsule/apps/net.corda.webserver.WebServer_3.3-corda/slf4j-api-1.7.25.jar:/Users/vathunyoo/.capsule/apps/net.corda.webserver.WebServer_3.3-corda/rxjava-1.2.4.jar:/Users/vathunyoo/.capsule/apps/net.corda.webserver.WebServer_3.3-corda/commons-jexl3-3.0.jar:/Users/vathunyoo/.capsule/apps/net.corda.webserver.WebServer_3.3-corda/jackson-datatype-jsr310-2.9.2.jar:/Users/vathunyoo/.capsule/apps/net.corda.webserver.WebServer_3.3-corda/jackson-jaxrs-json-provider-2.8.4.jar:/Users/vathunyoo/.capsule/apps/net.corda.webserver.WebServer_3.3-corda/jackson-jaxrs-base-2.8.4.jar:/Users/vathunyoo/.capsule/apps/net.corda.webserver.WebServer_3.3-corda/jackson-module-jaxb-annotations-2.8.4.jar:/Users/vathunyoo/.capsule/apps/net.corda.webserver.WebServer_3.3-corda/jackson-databind-2.9.2.jar:/Users/vathunyoo/.capsule/apps/net.corda.webserver.WebServer_3.3-corda/eddsa-0.2.0.jar:/Users/vathunyoo/.capsule/apps/net.corda.webserver.WebServer_3.3-corda/bcpkix-jdk15on-1.57.jar:/Users/vathunyoo/.capsule/apps/net.corda.webserver.WebServer_3.3-corda/bcprov-jdk15on-1.57.jar:/Users/vathunyoo/.capsule/apps/net.corda.webserver.WebServer_3.3-corda/hibernate-core-5.2.6.Final.jar:/Users/vathunyoo/.capsule/apps/net.corda.webserver.WebServer_3.3-corda/hibernate-jpa-2.1-api-1.0.0.Final.jar:/Users/vathunyoo/.capsule/apps/net.corda.webserver.WebServer_3.3-corda/quasar-core-0.7.9-jdk8.jar:/Users/vathunyoo/.capsule/apps/net.corda.webserver.WebServer_3.3-corda/jackson-dataformat-yaml-2.9.2.jar:/Users/vathunyoo/.capsule/apps/net.corda.webserver.WebServer_3.3-corda/artemis-core-client-2.2.0.jar:/Users/vathunyoo/.capsule/apps/net.corda.webserver.WebServer_3.3-corda/artemis-commons-2.2.0.jar:/Users/vathunyoo/.capsule/apps/net.corda.webserver.WebServer_3.3-corda/guava-21.0.jar:/Users/vathunyoo/.capsule/apps/net.corda.webserver.WebServer_3.3-corda/jetty-xml-9.4.7.v20170914.jar:/Users/vathunyoo/.capsule/apps/net.corda.webserver.WebServer_3.3-corda/commons-io-2.2.jar:/Users/vathunyoo/.capsule/apps/net.corda.webserver.WebServer_3.3-corda/log4j-api-2.9.1.jar:/Users/vathunyoo/.capsule/apps/net.corda.webserver.WebServer_3.3-corda/jersey-client-2.25.jar:/Users/vathunyoo/.capsule/apps/net.corda.webserver.WebServer_3.3-corda/jersey-media-jaxb-2.25.jar:/Users/vathunyoo/.capsule/apps/net.corda.webserver.WebServer_3.3-corda/jersey-common-2.25.jar:/Users/vathunyoo/.capsule/apps/net.corda.webserver.WebServer_3.3-corda/jersey-entity-filtering-2.25.jar:/Users/vathunyoo/.capsule/apps/net.corda.webserver.WebServer_3.3-corda/javax.ws.rs-api-2.0.1.jar:/Users/vathunyoo/.capsule/apps/net.corda.webserver.WebServer_3.3-corda/javax.annotation-api-1.2.jar:/Users/vathunyoo/.capsule/apps/net.corda.webserver.WebServer_3.3-corda/hk2-locator-2.5.0-b30.jar:/Users/vathunyoo/.capsule/apps/net.corda.webserver.WebServer_3.3-corda/hk2-api-2.5.0-b30.jar:/Users/vathunyoo/.capsule/apps/net.corda.webserver.WebServer_3.3-corda/javax.inject-2.5.0-b30.jar:/Users/vathunyoo/.capsule/apps/net.corda.webserver.WebServer_3.3-corda/validation-api-1.1.0.Final.jar:/Users/vathunyoo/.capsule/apps/net.corda.webserver.WebServer_3.3-corda/jetty-http-9.4.7.v20170914.jar:/Users/vathunyoo/.capsule/apps/net.corda.webserver.WebServer_3.3-corda/jetty-io-9.4.7.v20170914.jar:/Users/vathunyoo/.capsule/apps/net.corda.webserver.WebServer_3.3-corda/jetty-util-9.4.7.v20170914.jar:/Users/vathunyoo/.capsule/apps/net.corda.webserver.WebServer_3.3-corda/jackson-annotations-2.9.0.jar:/Users/vathunyoo/.capsule/apps/net.corda.webserver.WebServer_3.3-corda/kotlin-stdlib-jre7-1.1.60.jar:/Users/vathunyoo/.capsule/apps/net.corda.webserver.WebServer_3.3-corda/kotlin-stdlib-1.1.60.jar:/Users/vathunyoo/.capsule/apps/net.corda.webserver.WebServer_3.3-corda/jackson-core-2.9.2.jar:/Users/vathunyoo/.capsule/apps/net.corda.webserver.WebServer_3.3-corda/hibernate-commons-annotations-5.0.1.Final.jar:/Users/vathunyoo/.capsule/apps/net.corda.webserver.WebServer_3.3-corda/jboss-logging-3.3.0.Final.jar:/Users/vathunyoo/.capsule/apps/net.corda.webserver.WebServer_3.3-corda/javassist-3.20.0-GA.jar:/Users/vathunyoo/.capsule/apps/net.corda.webserver.WebServer_3.3-corda/antlr-2.7.7.jar:/Users/vathunyoo/.capsule/apps/net.corda.webserver.WebServer_3.3-corda/geronimo-jta_1.1_spec-1.1.1.jar:/Users/vathunyoo/.capsule/apps/net.corda.webserver.WebServer_3.3-corda/jandex-2.0.3.Final.jar:/Users/vathunyoo/.capsule/apps/net.corda.webserver.WebServer_3.3-corda/classmate-1.3.0.jar:/Users/vathunyoo/.capsule/apps/net.corda.webserver.WebServer_3.3-corda/dom4j-1.6.1.jar:/Users/vathunyoo/.capsule/apps/net.corda.webserver.WebServer_3.3-corda/cdi-api-1.1.jar:/Users/vathunyoo/.capsule/apps/net.corda.webserver.WebServer_3.3-corda/commons-collections4-4.1.jar:/Users/vathunyoo/.capsule/apps/net.corda.webserver.WebServer_3.3-corda/commons-beanutils-1.9.3.jar:/Users/vathunyoo/.capsule/apps/net.corda.webserver.WebServer_3.3-corda/config-1.3.1.jar:/Users/vathunyoo/.capsule/apps/net.corda.webserver.WebServer_3.3-corda/kryo-serializers-0.41.jar:/Users/vathunyoo/.capsule/apps/net.corda.webserver.WebServer_3.3-corda/kryo-4.0.0.jar:/Users/vathunyoo/.capsule/apps/net.corda.webserver.WebServer_3.3-corda/proton-j-0.21.0.jar:/Users/vathunyoo/.capsule/apps/net.corda.webserver.WebServer_3.3-corda/fast-classpath-scanner-2.12.3.jar:/Users/vathunyoo/.capsule/apps/net.corda.webserver.WebServer_3.3-corda/snakeyaml-1.18.jar:/Users/vathunyoo/.capsule/apps/net.corda.webserver.WebServer_3.3-corda/jersey-guava-2.25.jar:/Users/vathunyoo/.capsule/apps/net.corda.webserver.WebServer_3.3-corda/osgi-resource-locator-1.0.1.jar:/Users/vathunyoo/.capsule/apps/net.corda.webserver.WebServer_3.3-corda/hk2-utils-2.5.0-b30.jar:/Users/vathunyoo/.capsule/apps/net.corda.webserver.WebServer_3.3-corda/aopalliance-repackaged-2.5.0-b30.jar:/Users/vathunyoo/.capsule/apps/net.corda.webserver.WebServer_3.3-corda/el-api-2.2.jar:/Users/vathunyoo/.capsule/apps/net.corda.webserver.WebServer_3.3-corda/jboss-interceptors-api_1.1_spec-1.0.0.Beta1.jar:/Users/vathunyoo/.capsule/apps/net.corda.webserver.WebServer_3.3-corda/jsr250-api-1.0.jar:/Users/vathunyoo/.capsule/apps/net.corda.webserver.WebServer_3.3-corda/javax.inject-1.jar:/Users/vathunyoo/.capsule/apps/net.corda.webserver.WebServer_3.3-corda/commons-collections-3.2.2.jar:/Users/vathunyoo/.capsule/apps/net.corda.webserver.WebServer_3.3-corda/jgroups-3.6.13.Final.jar:/Users/vathunyoo/.capsule/apps/net.corda.webserver.WebServer_3.3-corda/netty-all-4.1.9.Final.jar:/Users/vathunyoo/.capsule/apps/net.corda.webserver.WebServer_3.3-corda/geronimo-json_1.0_spec-1.0-alpha-1.jar:/Users/vathunyoo/.capsule/apps/net.corda.webserver.WebServer_3.3-corda/johnzon-core-0.9.5.jar:/Users/vathunyoo/.capsule/apps/net.corda.webserver.WebServer_3.3-corda/reflectasm-1.11.3.jar:/Users/vathunyoo/.capsule/apps/net.corda.webserver.WebServer_3.3-corda/minlog-1.3.0.jar:/Users/vathunyoo/.capsule/apps/net.corda.webserver.WebServer_3.3-corda/objenesis-2.2.jar:/Users/vathunyoo/.capsule/apps/net.corda.webserver.WebServer_3.3-corda/asm-5.0.4.jar:/Users/vathunyoo/.capsule/apps/net.corda.webserver.WebServer_3.3-corda/annotations-13.0.jar:/Users/vathunyoo/.capsule/apps/net.corda.webserver.WebServer_3.3-corda/corda-webserver-impl-3.3-corda.jar:/Users/vathunyoo/Desktop/GitHub/Senior_project/kotlin-source/build/nodes/Financial/cordapps/corda-finance-3.3-corda.jar:/Users/vathunyoo/Desktop/GitHub/Senior_project/kotlin-source/build/nodes/Financial/cordapps/cordapp-example-0.1.jar:drivers/jolokia-jvm-1.3.7-agent.jar:/Users/vathunyoo/.capsule/apps/net.corda.webserver.WebServer_3.3-corda/quasar-core-0.7.9-jdk8.jar {}
[INFO ] 2019-05-23T07:09:07,409Z [main] Main.main - VM Java HotSpot(TM) 64-Bit Server VM Oracle Corporation 25.201-b09 {}
[INFO ] 2019-05-23T07:09:07,412Z [main] Main.main - Machine: Vathunyoos-MacBook-Pro.local {}
[INFO ] 2019-05-23T07:09:07,412Z [main] Main.main - Working Directory: /Users/vathunyoo/Desktop/GitHub/Senior_project/kotlin-source/build/nodes/Financial {}
[INFO ] 2019-05-23T07:09:12,767Z [main] Main.main - Starting as webserver on localhost:10015 {}
[INFO ] 2019-05-23T07:09:13,158Z [main] BasicInfo.logAndMaybePrint - Starting as webserver: localhost:10015 {}
[WARN ] 2019-05-23T07:09:14,542Z [main] internal.config.defaultToOldPath - Config key user has been deprecated and will be removed in a future release. Use username instead {}
[INFO ] 2019-05-23T07:09:14,556Z [main] internal.NodeWebServer.connectLocalRpcAsNodeUser - Connecting to node at localhost:10014 as User(user1, permissions=[ALL]) {}
[INFO ] 2019-05-23T07:09:20,726Z [main] internal.RPCClient.logElapsedTime - Startup took 4662 msec {}
[WARN ] 2019-05-23T07:09:21,732Z [main] internal.config.defaultToOldPath - Config key user has been deprecated and will be removed in a future release. Use username instead {}
[INFO ] 2019-05-23T07:09:21,732Z [main] internal.NodeWebServer.connectLocalRpcAsNodeUser - Connecting to node at localhost:10014 as User(user1, permissions=[ALL]) {}
[INFO ] 2019-05-23T07:09:21,737Z [main] internal.RPCClient.logElapsedTime - Startup took 4 msec {}
[WARN ] 2019-05-23T07:09:22,741Z [main] internal.config.defaultToOldPath - Config key user has been deprecated and will be removed in a future release. Use username instead {}
[INFO ] 2019-05-23T07:09:22,741Z [main] internal.NodeWebServer.connectLocalRpcAsNodeUser - Connecting to node at localhost:10014 as User(user1, permissions=[ALL]) {}
[INFO ] 2019-05-23T07:09:22,745Z [main] internal.RPCClient.logElapsedTime - Startup took 2 msec {}
[WARN ] 2019-05-23T07:09:23,749Z [main] internal.config.defaultToOldPath - Config key user has been deprecated and will be removed in a future release. Use username instead {}
[INFO ] 2019-05-23T07:09:23,749Z [main] internal.NodeWebServer.connectLocalRpcAsNodeUser - Connecting to node at localhost:10014 as User(user1, permissions=[ALL]) {}
[INFO ] 2019-05-23T07:09:23,753Z [main] internal.RPCClient.logElapsedTime - Startup took 3 msec {}
[WARN ] 2019-05-23T07:09:24,756Z [main] internal.config.defaultToOldPath - Config key user has been deprecated and will be removed in a future release. Use username instead {}
[INFO ] 2019-05-23T07:09:24,757Z [main] internal.NodeWebServer.connectLocalRpcAsNodeUser - Connecting to node at localhost:10014 as User(user1, permissions=[ALL]) {}
[INFO ] 2019-05-23T07:09:24,760Z [main] internal.RPCClient.logElapsedTime - Startup took 3 msec {}
[WARN ] 2019-05-23T07:09:25,764Z [main] internal.config.defaultToOldPath - Config key user has been deprecated and will be removed in a future release. Use username instead {}
[INFO ] 2019-05-23T07:09:25,764Z [main] internal.NodeWebServer.connectLocalRpcAsNodeUser - Connecting to node at localhost:10014 as User(user1, permissions=[ALL]) {}
[INFO ] 2019-05-23T07:09:25,767Z [main] internal.RPCClient.logElapsedTime - Startup took 2 msec {}
[WARN ] 2019-05-23T07:09:26,772Z [main] internal.config.defaultToOldPath - Config key user has been deprecated and will be removed in a future release. Use username instead {}
[INFO ] 2019-05-23T07:09:26,773Z [main] internal.NodeWebServer.connectLocalRpcAsNodeUser - Connecting to node at localhost:10014 as User(user1, permissions=[ALL]) {}
[INFO ] 2019-05-23T07:09:26,776Z [main] internal.RPCClient.logElapsedTime - Startup took 2 msec {}
[WARN ] 2019-05-23T07:09:27,777Z [main] internal.config.defaultToOldPath - Config key user has been deprecated and will be removed in a future release. Use username instead {}
[INFO ] 2019-05-23T07:09:27,778Z [main] internal.NodeWebServer.connectLocalRpcAsNodeUser - Connecting to node at localhost:10014 as User(user1, permissions=[ALL]) {}
[INFO ] 2019-05-23T07:09:27,780Z [main] internal.RPCClient.logElapsedTime - Startup took 2 msec {}
[WARN ] 2019-05-23T07:09:28,786Z [main] internal.config.defaultToOldPath - Config key user has been deprecated and will be removed in a future release. Use username instead {}
[INFO ] 2019-05-23T07:09:28,786Z [main] internal.NodeWebServer.connectLocalRpcAsNodeUser - Connecting to node at localhost:10014 as User(user1, permissions=[ALL]) {}
[INFO ] 2019-05-23T07:09:28,789Z [main] internal.RPCClient.logElapsedTime - Startup took 2 msec {}
[WARN ] 2019-05-23T07:09:29,794Z [main] internal.config.defaultToOldPath - Config key user has been deprecated and will be removed in a future release. Use username instead {}
[INFO ] 2019-05-23T07:09:29,795Z [main] internal.NodeWebServer.connectLocalRpcAsNodeUser - Connecting to node at localhost:10014 as User(user1, permissions=[ALL]) {}
[INFO ] 2019-05-23T07:09:29,798Z [main] internal.RPCClient.logElapsedTime - Startup took 2 msec {}
[WARN ] 2019-05-23T07:09:30,802Z [main] internal.config.defaultToOldPath - Config key user has been deprecated and will be removed in a future release. Use username instead {}
[INFO ] 2019-05-23T07:09:30,802Z [main] internal.NodeWebServer.connectLocalRpcAsNodeUser - Connecting to node at localhost:10014 as User(user1, permissions=[ALL]) {}
[INFO ] 2019-05-23T07:09:30,805Z [main] internal.RPCClient.logElapsedTime - Startup took 2 msec {}
[WARN ] 2019-05-23T07:09:31,810Z [main] internal.config.defaultToOldPath - Config key user has been deprecated and will be removed in a future release. Use username instead {}
[INFO ] 2019-05-23T07:09:31,811Z [main] internal.NodeWebServer.connectLocalRpcAsNodeUser - Connecting to node at localhost:10014 as User(user1, permissions=[ALL]) {}
[INFO ] 2019-05-23T07:09:31,813Z [main] internal.RPCClient.logElapsedTime - Startup took 2 msec {}
[WARN ] 2019-05-23T07:09:32,818Z [main] internal.config.defaultToOldPath - Config key user has been deprecated and will be removed in a future release. Use username instead {}
[INFO ] 2019-05-23T07:09:32,820Z [main] internal.NodeWebServer.connectLocalRpcAsNodeUser - Connecting to node at localhost:10014 as User(user1, permissions=[ALL]) {}
[INFO ] 2019-05-23T07:09:32,823Z [main] internal.RPCClient.logElapsedTime - Startup took 2 msec {}
[WARN ] 2019-05-23T07:09:33,828Z [main] internal.config.defaultToOldPath - Config key user has been deprecated and will be removed in a future release. Use username instead {}
[INFO ] 2019-05-23T07:09:33,828Z [main] internal.NodeWebServer.connectLocalRpcAsNodeUser - Connecting to node at localhost:10014 as User(user1, permissions=[ALL]) {}
[INFO ] 2019-05-23T07:09:33,831Z [main] internal.RPCClient.logElapsedTime - Startup took 2 msec {}
[WARN ] 2019-05-23T07:09:34,835Z [main] internal.config.defaultToOldPath - Config key user has been deprecated and will be removed in a future release. Use username instead {}
[INFO ] 2019-05-23T07:09:34,836Z [main] internal.NodeWebServer.connectLocalRpcAsNodeUser - Connecting to node at localhost:10014 as User(user1, permissions=[ALL]) {}
[INFO ] 2019-05-23T07:09:34,838Z [main] internal.RPCClient.logElapsedTime - Startup took 2 msec {}
[WARN ] 2019-05-23T07:09:35,841Z [main] internal.config.defaultToOldPath - Config key user has been deprecated and will be removed in a future release. Use username instead {}
[INFO ] 2019-05-23T07:09:35,842Z [main] internal.NodeWebServer.connectLocalRpcAsNodeUser - Connecting to node at localhost:10014 as User(user1, permissions=[ALL]) {}
[INFO ] 2019-05-23T07:09:35,847Z [main] internal.RPCClient.logElapsedTime - Startup took 3 msec {}
[WARN ] 2019-05-23T07:09:36,852Z [main] internal.config.defaultToOldPath - Config key user has been deprecated and will be removed in a future release. Use username instead {}
[INFO ] 2019-05-23T07:09:36,852Z [main] internal.NodeWebServer.connectLocalRpcAsNodeUser - Connecting to node at localhost:10014 as User(user1, permissions=[ALL]) {}
[INFO ] 2019-05-23T07:09:36,855Z [main] internal.RPCClient.logElapsedTime - Startup took 2 msec {}
[WARN ] 2019-05-23T07:09:37,859Z [main] internal.config.defaultToOldPath - Config key user has been deprecated and will be removed in a future release. Use username instead {}
[INFO ] 2019-05-23T07:09:37,859Z [main] internal.NodeWebServer.connectLocalRpcAsNodeUser - Connecting to node at localhost:10014 as User(user1, permissions=[ALL]) {}
[INFO ] 2019-05-23T07:09:37,862Z [main] internal.RPCClient.logElapsedTime - Startup took 2 msec {}
[WARN ] 2019-05-23T07:09:38,865Z [main] internal.config.defaultToOldPath - Config key user has been deprecated and will be removed in a future release. Use username instead {}
[INFO ] 2019-05-23T07:09:38,866Z [main] internal.NodeWebServer.connectLocalRpcAsNodeUser - Connecting to node at localhost:10014 as User(user1, permissions=[ALL]) {}
[INFO ] 2019-05-23T07:09:49,399Z [main] internal.RPCClient.logElapsedTime - Startup took 10532 msec {}
[INFO ] 2019-05-23T07:09:49,435Z [main] util.log.initialized - Logging initialized @62568ms to org.eclipse.jetty.util.log.Slf4jLog {}
[INFO ] 2019-05-23T07:09:54,698Z [main] internal.NodeWebServer.buildServletContextHandler - Add plugin web API from attachment com.example.plugin.ExamplePluginKt$sam$Function$b90e2006@53202b06 {}
[INFO ] 2019-05-23T07:09:57,747Z [main] server.Server.doStart - jetty-9.4.7.v20170914 {}
[INFO ] 2019-05-23T07:10:05,520Z [main] handler.ContextHandler.doStart - Started o.e.j.s.ServletContextHandler@45c8db36{/,null,AVAILABLE} {}
[INFO ] 2019-05-23T07:10:05,571Z [main] server.AbstractConnector.doStart - Started ServerConnector@55fbebba{HTTP/1.1,[http/1.1]}{0.0.0.0:10015} {}
[INFO ] 2019-05-23T07:10:05,571Z [main] server.Server.doStart - Started @78707ms {}
[INFO ] 2019-05-23T07:10:05,581Z [main] internal.NodeWebServer.initWebServer - Starting webserver on address localhost:10015 {}
