[INFO ] 2019-05-06T09:02:59,322Z [main] webserver.CmdLineOptions.loadConfig - Config:
{
    # hardcoded value
    "baseDirectory" : "/Users/vathunyoo/Desktop/GitHub/Senior_project/kotlin-source/build/nodes/PartyC",
    # web-reference.conf @ jar:file:/Users/vathunyoo/.capsule/apps/net.corda.webserver.WebServer_3.3-corda/corda-webserver-impl-3.3-corda.jar!/web-reference.conf: 2
    "keyStorePassword" : "cordacadevpass",
    # /Users/vathunyoo/Desktop/GitHub/Senior_project/kotlin-source/build/nodes/PartyC/node.conf: 1
    "myLegalName" : "O=PartyC,L=Paris,C=FR",
    # /Users/vathunyoo/Desktop/GitHub/Senior_project/kotlin-source/build/nodes/PartyC/node.conf: 2
    "p2pAddress" : "localhost:10013",
    # /Users/vathunyoo/Desktop/GitHub/Senior_project/kotlin-source/build/nodes/PartyC/node.conf: 3
    "rpcSettings" : {
        # /Users/vathunyoo/Desktop/GitHub/Senior_project/kotlin-source/build/nodes/PartyC/node.conf: 4
        "address" : "localhost:10014",
        # /Users/vathunyoo/Desktop/GitHub/Senior_project/kotlin-source/build/nodes/PartyC/node.conf: 5
        "adminAddress" : "localhost:10054"
    },
    # /Users/vathunyoo/Desktop/GitHub/Senior_project/kotlin-source/build/nodes/PartyC/node.conf: 7
    "rpcUsers" : [
        # /Users/vathunyoo/Desktop/GitHub/Senior_project/kotlin-source/build/nodes/PartyC/node.conf: 8
        {
            # /Users/vathunyoo/Desktop/GitHub/Senior_project/kotlin-source/build/nodes/PartyC/node.conf: 9
            "password" : "test",
            # /Users/vathunyoo/Desktop/GitHub/Senior_project/kotlin-source/build/nodes/PartyC/node.conf: 10
            "permissions" : [
                # /Users/vathunyoo/Desktop/GitHub/Senior_project/kotlin-source/build/nodes/PartyC/node.conf: 11
                "ALL"
            ],
            # /Users/vathunyoo/Desktop/GitHub/Senior_project/kotlin-source/build/nodes/PartyC/node.conf: 13
            "user" : "user1"
        }
    ],
    # web-reference.conf @ jar:file:/Users/vathunyoo/.capsule/apps/net.corda.webserver.WebServer_3.3-corda/corda-webserver-impl-3.3-corda.jar!/web-reference.conf: 3
    "trustStorePassword" : "trustpass",
    # web-reference.conf @ jar:file:/Users/vathunyoo/.capsule/apps/net.corda.webserver.WebServer_3.3-corda/corda-webserver-impl-3.3-corda.jar!/web-reference.conf: 1
    "useHTTPS" : false,
    # /Users/vathunyoo/Desktop/GitHub/Senior_project/kotlin-source/build/nodes/PartyC/node.conf: 16
    "webAddress" : "localhost:10015"
}
 {}
[INFO ] 2019-05-06T09:02:59,547Z [main] Main.main - Main class: /Users/vathunyoo/.capsule/apps/net.corda.webserver.WebServer_3.3-corda/corda-webserver-impl-3.3-corda.jar {}
[INFO ] 2019-05-06T09:02:59,866Z [main] Main.main - CommandLine Args: -Xmx200m -XX:+UseG1GC -agentlib:jdwp=transport=dt_socket,server=y,suspend=n,address=5009 -javaagent:drivers/jolokia-jvm-1.3.7-agent.jar=port=7009,logHandlerClass=net.corda.webserver.JolokiaSlf4Adapter -javaagent:/Users/vathunyoo/.capsule/apps/net.corda.webserver.WebServer_3.3-corda/quasar-core-0.7.9-jdk8.jar -Dvisualvm.display.name=Corda -Djava.library.path=/Users/vathunyoo/Library/Java/Extensions:/Library/Java/Extensions:/Network/Library/Java/Extensions:/System/Library/Java/Extensions:/usr/lib/java:/Users/vathunyoo/.capsule/apps/net.corda.webserver.WebServer_3.3-corda -Dcapsule.app=net.corda.webserver.WebServer_3.3-corda -Dname=PartyC-corda-webserver.jar -DWebserver -Dcapsule.dir=/Users/vathunyoo/.capsule/apps/net.corda.webserver.WebServer_3.3-corda -Dcapsule.jar=/Users/vathunyoo/Desktop/GitHub/Senior_project/kotlin-source/build/nodes/PartyC/corda-webserver.jar {}
[INFO ] 2019-05-06T09:03:00,832Z [main] Main.main - Application Args:  {}
[INFO ] 2019-05-06T09:03:00,832Z [main] Main.main - bootclasspath: /Library/Java/JavaVirtualMachines/jdk1.8.0_201.jdk/Contents/Home/jre/lib/resources.jar:/Library/Java/JavaVirtualMachines/jdk1.8.0_201.jdk/Contents/Home/jre/lib/rt.jar:/Library/Java/JavaVirtualMachines/jdk1.8.0_201.jdk/Contents/Home/jre/lib/sunrsasign.jar:/Library/Java/JavaVirtualMachines/jdk1.8.0_201.jdk/Contents/Home/jre/lib/jsse.jar:/Library/Java/JavaVirtualMachines/jdk1.8.0_201.jdk/Contents/Home/jre/lib/jce.jar:/Library/Java/JavaVirtualMachines/jdk1.8.0_201.jdk/Contents/Home/jre/lib/charsets.jar:/Library/Java/JavaVirtualMachines/jdk1.8.0_201.jdk/Contents/Home/jre/lib/jfr.jar:/Library/Java/JavaVirtualMachines/jdk1.8.0_201.jdk/Contents/Home/jre/classes {}
[INFO ] 2019-05-06T09:03:00,833Z [main] Main.main - classpath: /Users/vathunyoo/Desktop/GitHub/Senior_project/kotlin-source/build/nodes/PartyC/corda-webserver.jar:/Users/vathunyoo/.capsule/apps/net.corda.webserver.WebServer_3.3-corda/corda-rpc-3.3-corda.jar:/Users/vathunyoo/.capsule/apps/net.corda.webserver.WebServer_3.3-corda/corda-jackson-3.3-corda.jar:/Users/vathunyoo/.capsule/apps/net.corda.webserver.WebServer_3.3-corda/corda-node-api-3.3-corda.jar:/Users/vathunyoo/.capsule/apps/net.corda.webserver.WebServer_3.3-corda/corda-core-3.3-corda.jar:/Users/vathunyoo/.capsule/apps/net.corda.webserver.WebServer_3.3-corda/jetty-webapp-9.4.7.v20170914.jar:/Users/vathunyoo/.capsule/apps/net.corda.webserver.WebServer_3.3-corda/jetty-servlet-9.4.7.v20170914.jar:/Users/vathunyoo/.capsule/apps/net.corda.webserver.WebServer_3.3-corda/jersey-container-jetty-http-2.25.jar:/Users/vathunyoo/.capsule/apps/net.corda.webserver.WebServer_3.3-corda/jetty-security-9.4.7.v20170914.jar:/Users/vathunyoo/.capsule/apps/net.corda.webserver.WebServer_3.3-corda/jetty-server-9.4.7.v20170914.jar:/Users/vathunyoo/.capsule/apps/net.corda.webserver.WebServer_3.3-corda/javax.servlet-api-3.1.0.jar:/Users/vathunyoo/.capsule/apps/net.corda.webserver.WebServer_3.3-corda/commons-fileupload-1.3.3.jar:/Users/vathunyoo/.capsule/apps/net.corda.webserver.WebServer_3.3-corda/log4j-slf4j-impl-2.9.1.jar:/Users/vathunyoo/.capsule/apps/net.corda.webserver.WebServer_3.3-corda/log4j-core-2.9.1.jar:/Users/vathunyoo/.capsule/apps/net.corda.webserver.WebServer_3.3-corda/jopt-simple-5.0.2.jar:/Users/vathunyoo/.capsule/apps/net.corda.webserver.WebServer_3.3-corda/jetty-continuation-9.4.7.v20170914.jar:/Users/vathunyoo/.capsule/apps/net.corda.webserver.WebServer_3.3-corda/jersey-container-servlet-2.25.jar:/Users/vathunyoo/.capsule/apps/net.corda.webserver.WebServer_3.3-corda/jersey-container-servlet-core-2.25.jar:/Users/vathunyoo/.capsule/apps/net.corda.webserver.WebServer_3.3-corda/jersey-server-2.25.jar:/Users/vathunyoo/.capsule/apps/net.corda.webserver.WebServer_3.3-corda/jersey-media-json-jackson-2.25.jar:/Users/vathunyoo/.capsule/apps/net.corda.webserver.WebServer_3.3-corda/kotlinx-html-jvm-0.6.3.jar:/Users/vathunyoo/.capsule/apps/net.corda.webserver.WebServer_3.3-corda/kotlin-stdlib-jre8-1.1.60.jar:/Users/vathunyoo/.capsule/apps/net.corda.webserver.WebServer_3.3-corda/jackson-module-kotlin-2.9.2.jar:/Users/vathunyoo/.capsule/apps/net.corda.webserver.WebServer_3.3-corda/kotlin-reflect-1.1.60.jar:/Users/vathunyoo/.capsule/apps/net.corda.webserver.WebServer_3.3-corda/cordform-common-3.2.1.jar:/Users/vathunyoo/.capsule/apps/net.corda.webserver.WebServer_3.3-corda/jsr305-3.0.2.jar:/Users/vathunyoo/.capsule/apps/net.corda.webserver.WebServer_3.3-corda/jcl-over-slf4j-1.7.25.jar:/Users/vathunyoo/.capsule/apps/net.corda.webserver.WebServer_3.3-corda/slf4j-api-1.7.25.jar:/Users/vathunyoo/.capsule/apps/net.corda.webserver.WebServer_3.3-corda/rxjava-1.2.4.jar:/Users/vathunyoo/.capsule/apps/net.corda.webserver.WebServer_3.3-corda/commons-jexl3-3.0.jar:/Users/vathunyoo/.capsule/apps/net.corda.webserver.WebServer_3.3-corda/jackson-datatype-jsr310-2.9.2.jar:/Users/vathunyoo/.capsule/apps/net.corda.webserver.WebServer_3.3-corda/jackson-jaxrs-json-provider-2.8.4.jar:/Users/vathunyoo/.capsule/apps/net.corda.webserver.WebServer_3.3-corda/jackson-jaxrs-base-2.8.4.jar:/Users/vathunyoo/.capsule/apps/net.corda.webserver.WebServer_3.3-corda/jackson-module-jaxb-annotations-2.8.4.jar:/Users/vathunyoo/.capsule/apps/net.corda.webserver.WebServer_3.3-corda/jackson-databind-2.9.2.jar:/Users/vathunyoo/.capsule/apps/net.corda.webserver.WebServer_3.3-corda/eddsa-0.2.0.jar:/Users/vathunyoo/.capsule/apps/net.corda.webserver.WebServer_3.3-corda/bcpkix-jdk15on-1.57.jar:/Users/vathunyoo/.capsule/apps/net.corda.webserver.WebServer_3.3-corda/bcprov-jdk15on-1.57.jar:/Users/vathunyoo/.capsule/apps/net.corda.webserver.WebServer_3.3-corda/hibernate-core-5.2.6.Final.jar:/Users/vathunyoo/.capsule/apps/net.corda.webserver.WebServer_3.3-corda/hibernate-jpa-2.1-api-1.0.0.Final.jar:/Users/vathunyoo/.capsule/apps/net.corda.webserver.WebServer_3.3-corda/quasar-core-0.7.9-jdk8.jar:/Users/vathunyoo/.capsule/apps/net.corda.webserver.WebServer_3.3-corda/jackson-dataformat-yaml-2.9.2.jar:/Users/vathunyoo/.capsule/apps/net.corda.webserver.WebServer_3.3-corda/artemis-core-client-2.2.0.jar:/Users/vathunyoo/.capsule/apps/net.corda.webserver.WebServer_3.3-corda/artemis-commons-2.2.0.jar:/Users/vathunyoo/.capsule/apps/net.corda.webserver.WebServer_3.3-corda/guava-21.0.jar:/Users/vathunyoo/.capsule/apps/net.corda.webserver.WebServer_3.3-corda/jetty-xml-9.4.7.v20170914.jar:/Users/vathunyoo/.capsule/apps/net.corda.webserver.WebServer_3.3-corda/commons-io-2.2.jar:/Users/vathunyoo/.capsule/apps/net.corda.webserver.WebServer_3.3-corda/log4j-api-2.9.1.jar:/Users/vathunyoo/.capsule/apps/net.corda.webserver.WebServer_3.3-corda/jersey-client-2.25.jar:/Users/vathunyoo/.capsule/apps/net.corda.webserver.WebServer_3.3-corda/jersey-media-jaxb-2.25.jar:/Users/vathunyoo/.capsule/apps/net.corda.webserver.WebServer_3.3-corda/jersey-common-2.25.jar:/Users/vathunyoo/.capsule/apps/net.corda.webserver.WebServer_3.3-corda/jersey-entity-filtering-2.25.jar:/Users/vathunyoo/.capsule/apps/net.corda.webserver.WebServer_3.3-corda/javax.ws.rs-api-2.0.1.jar:/Users/vathunyoo/.capsule/apps/net.corda.webserver.WebServer_3.3-corda/javax.annotation-api-1.2.jar:/Users/vathunyoo/.capsule/apps/net.corda.webserver.WebServer_3.3-corda/hk2-locator-2.5.0-b30.jar:/Users/vathunyoo/.capsule/apps/net.corda.webserver.WebServer_3.3-corda/hk2-api-2.5.0-b30.jar:/Users/vathunyoo/.capsule/apps/net.corda.webserver.WebServer_3.3-corda/javax.inject-2.5.0-b30.jar:/Users/vathunyoo/.capsule/apps/net.corda.webserver.WebServer_3.3-corda/validation-api-1.1.0.Final.jar:/Users/vathunyoo/.capsule/apps/net.corda.webserver.WebServer_3.3-corda/jetty-http-9.4.7.v20170914.jar:/Users/vathunyoo/.capsule/apps/net.corda.webserver.WebServer_3.3-corda/jetty-io-9.4.7.v20170914.jar:/Users/vathunyoo/.capsule/apps/net.corda.webserver.WebServer_3.3-corda/jetty-util-9.4.7.v20170914.jar:/Users/vathunyoo/.capsule/apps/net.corda.webserver.WebServer_3.3-corda/jackson-annotations-2.9.0.jar:/Users/vathunyoo/.capsule/apps/net.corda.webserver.WebServer_3.3-corda/kotlin-stdlib-jre7-1.1.60.jar:/Users/vathunyoo/.capsule/apps/net.corda.webserver.WebServer_3.3-corda/kotlin-stdlib-1.1.60.jar:/Users/vathunyoo/.capsule/apps/net.corda.webserver.WebServer_3.3-corda/jackson-core-2.9.2.jar:/Users/vathunyoo/.capsule/apps/net.corda.webserver.WebServer_3.3-corda/hibernate-commons-annotations-5.0.1.Final.jar:/Users/vathunyoo/.capsule/apps/net.corda.webserver.WebServer_3.3-corda/jboss-logging-3.3.0.Final.jar:/Users/vathunyoo/.capsule/apps/net.corda.webserver.WebServer_3.3-corda/javassist-3.20.0-GA.jar:/Users/vathunyoo/.capsule/apps/net.corda.webserver.WebServer_3.3-corda/antlr-2.7.7.jar:/Users/vathunyoo/.capsule/apps/net.corda.webserver.WebServer_3.3-corda/geronimo-jta_1.1_spec-1.1.1.jar:/Users/vathunyoo/.capsule/apps/net.corda.webserver.WebServer_3.3-corda/jandex-2.0.3.Final.jar:/Users/vathunyoo/.capsule/apps/net.corda.webserver.WebServer_3.3-corda/classmate-1.3.0.jar:/Users/vathunyoo/.capsule/apps/net.corda.webserver.WebServer_3.3-corda/dom4j-1.6.1.jar:/Users/vathunyoo/.capsule/apps/net.corda.webserver.WebServer_3.3-corda/cdi-api-1.1.jar:/Users/vathunyoo/.capsule/apps/net.corda.webserver.WebServer_3.3-corda/commons-collections4-4.1.jar:/Users/vathunyoo/.capsule/apps/net.corda.webserver.WebServer_3.3-corda/commons-beanutils-1.9.3.jar:/Users/vathunyoo/.capsule/apps/net.corda.webserver.WebServer_3.3-corda/config-1.3.1.jar:/Users/vathunyoo/.capsule/apps/net.corda.webserver.WebServer_3.3-corda/kryo-serializers-0.41.jar:/Users/vathunyoo/.capsule/apps/net.corda.webserver.WebServer_3.3-corda/kryo-4.0.0.jar:/Users/vathunyoo/.capsule/apps/net.corda.webserver.WebServer_3.3-corda/proton-j-0.21.0.jar:/Users/vathunyoo/.capsule/apps/net.corda.webserver.WebServer_3.3-corda/fast-classpath-scanner-2.12.3.jar:/Users/vathunyoo/.capsule/apps/net.corda.webserver.WebServer_3.3-corda/snakeyaml-1.18.jar:/Users/vathunyoo/.capsule/apps/net.corda.webserver.WebServer_3.3-corda/jersey-guava-2.25.jar:/Users/vathunyoo/.capsule/apps/net.corda.webserver.WebServer_3.3-corda/osgi-resource-locator-1.0.1.jar:/Users/vathunyoo/.capsule/apps/net.corda.webserver.WebServer_3.3-corda/hk2-utils-2.5.0-b30.jar:/Users/vathunyoo/.capsule/apps/net.corda.webserver.WebServer_3.3-corda/aopalliance-repackaged-2.5.0-b30.jar:/Users/vathunyoo/.capsule/apps/net.corda.webserver.WebServer_3.3-corda/el-api-2.2.jar:/Users/vathunyoo/.capsule/apps/net.corda.webserver.WebServer_3.3-corda/jboss-interceptors-api_1.1_spec-1.0.0.Beta1.jar:/Users/vathunyoo/.capsule/apps/net.corda.webserver.WebServer_3.3-corda/jsr250-api-1.0.jar:/Users/vathunyoo/.capsule/apps/net.corda.webserver.WebServer_3.3-corda/javax.inject-1.jar:/Users/vathunyoo/.capsule/apps/net.corda.webserver.WebServer_3.3-corda/commons-collections-3.2.2.jar:/Users/vathunyoo/.capsule/apps/net.corda.webserver.WebServer_3.3-corda/jgroups-3.6.13.Final.jar:/Users/vathunyoo/.capsule/apps/net.corda.webserver.WebServer_3.3-corda/netty-all-4.1.9.Final.jar:/Users/vathunyoo/.capsule/apps/net.corda.webserver.WebServer_3.3-corda/geronimo-json_1.0_spec-1.0-alpha-1.jar:/Users/vathunyoo/.capsule/apps/net.corda.webserver.WebServer_3.3-corda/johnzon-core-0.9.5.jar:/Users/vathunyoo/.capsule/apps/net.corda.webserver.WebServer_3.3-corda/reflectasm-1.11.3.jar:/Users/vathunyoo/.capsule/apps/net.corda.webserver.WebServer_3.3-corda/minlog-1.3.0.jar:/Users/vathunyoo/.capsule/apps/net.corda.webserver.WebServer_3.3-corda/objenesis-2.2.jar:/Users/vathunyoo/.capsule/apps/net.corda.webserver.WebServer_3.3-corda/asm-5.0.4.jar:/Users/vathunyoo/.capsule/apps/net.corda.webserver.WebServer_3.3-corda/annotations-13.0.jar:/Users/vathunyoo/.capsule/apps/net.corda.webserver.WebServer_3.3-corda/corda-webserver-impl-3.3-corda.jar:/Users/vathunyoo/Desktop/GitHub/Senior_project/kotlin-source/build/nodes/PartyC/cordapps/corda-finance-3.3-corda.jar:/Users/vathunyoo/Desktop/GitHub/Senior_project/kotlin-source/build/nodes/PartyC/cordapps/cordapp-example-0.1.jar:drivers/jolokia-jvm-1.3.7-agent.jar:/Users/vathunyoo/.capsule/apps/net.corda.webserver.WebServer_3.3-corda/quasar-core-0.7.9-jdk8.jar {}
[INFO ] 2019-05-06T09:03:00,834Z [main] Main.main - VM Java HotSpot(TM) 64-Bit Server VM Oracle Corporation 25.201-b09 {}
[INFO ] 2019-05-06T09:03:00,837Z [main] Main.main - Machine: Vathunyoos-MacBook-Pro.local {}
[INFO ] 2019-05-06T09:03:00,837Z [main] Main.main - Working Directory: /Users/vathunyoo/Desktop/GitHub/Senior_project/kotlin-source/build/nodes/PartyC {}
[INFO ] 2019-05-06T09:03:06,876Z [main] Main.main - Starting as webserver on localhost:10015 {}
[INFO ] 2019-05-06T09:03:07,243Z [main] BasicInfo.logAndMaybePrint - Starting as webserver: localhost:10015 {}
[WARN ] 2019-05-06T09:03:08,530Z [main] internal.config.defaultToOldPath - Config key user has been deprecated and will be removed in a future release. Use username instead {}
[INFO ] 2019-05-06T09:03:08,585Z [main] internal.NodeWebServer.connectLocalRpcAsNodeUser - Connecting to node at localhost:10014 as User(user1, permissions=[ALL]) {}
[INFO ] 2019-05-06T09:03:15,087Z [main] internal.RPCClient.logElapsedTime - Startup took 4997 msec {}
[WARN ] 2019-05-06T09:03:16,102Z [main] internal.config.defaultToOldPath - Config key user has been deprecated and will be removed in a future release. Use username instead {}
[INFO ] 2019-05-06T09:03:16,103Z [main] internal.NodeWebServer.connectLocalRpcAsNodeUser - Connecting to node at localhost:10014 as User(user1, permissions=[ALL]) {}
[INFO ] 2019-05-06T09:03:16,107Z [main] internal.RPCClient.logElapsedTime - Startup took 4 msec {}
[WARN ] 2019-05-06T09:03:17,113Z [main] internal.config.defaultToOldPath - Config key user has been deprecated and will be removed in a future release. Use username instead {}
[INFO ] 2019-05-06T09:03:17,113Z [main] internal.NodeWebServer.connectLocalRpcAsNodeUser - Connecting to node at localhost:10014 as User(user1, permissions=[ALL]) {}
[INFO ] 2019-05-06T09:03:17,116Z [main] internal.RPCClient.logElapsedTime - Startup took 2 msec {}
[WARN ] 2019-05-06T09:03:18,122Z [main] internal.config.defaultToOldPath - Config key user has been deprecated and will be removed in a future release. Use username instead {}
[INFO ] 2019-05-06T09:03:18,122Z [main] internal.NodeWebServer.connectLocalRpcAsNodeUser - Connecting to node at localhost:10014 as User(user1, permissions=[ALL]) {}
[INFO ] 2019-05-06T09:03:18,125Z [main] internal.RPCClient.logElapsedTime - Startup took 2 msec {}
[WARN ] 2019-05-06T09:03:19,130Z [main] internal.config.defaultToOldPath - Config key user has been deprecated and will be removed in a future release. Use username instead {}
[INFO ] 2019-05-06T09:03:19,130Z [main] internal.NodeWebServer.connectLocalRpcAsNodeUser - Connecting to node at localhost:10014 as User(user1, permissions=[ALL]) {}
[INFO ] 2019-05-06T09:03:19,134Z [main] internal.RPCClient.logElapsedTime - Startup took 2 msec {}
[WARN ] 2019-05-06T09:03:20,136Z [main] internal.config.defaultToOldPath - Config key user has been deprecated and will be removed in a future release. Use username instead {}
[INFO ] 2019-05-06T09:03:20,137Z [main] internal.NodeWebServer.connectLocalRpcAsNodeUser - Connecting to node at localhost:10014 as User(user1, permissions=[ALL]) {}
[INFO ] 2019-05-06T09:03:20,150Z [main] internal.RPCClient.logElapsedTime - Startup took 12 msec {}
[WARN ] 2019-05-06T09:03:21,151Z [main] internal.config.defaultToOldPath - Config key user has been deprecated and will be removed in a future release. Use username instead {}
[INFO ] 2019-05-06T09:03:21,151Z [main] internal.NodeWebServer.connectLocalRpcAsNodeUser - Connecting to node at localhost:10014 as User(user1, permissions=[ALL]) {}
[INFO ] 2019-05-06T09:03:21,154Z [main] internal.RPCClient.logElapsedTime - Startup took 2 msec {}
[WARN ] 2019-05-06T09:03:22,157Z [main] internal.config.defaultToOldPath - Config key user has been deprecated and will be removed in a future release. Use username instead {}
[INFO ] 2019-05-06T09:03:22,158Z [main] internal.NodeWebServer.connectLocalRpcAsNodeUser - Connecting to node at localhost:10014 as User(user1, permissions=[ALL]) {}
[INFO ] 2019-05-06T09:03:30,995Z [main] internal.RPCClient.logElapsedTime - Startup took 8836 msec {}
[INFO ] 2019-05-06T09:03:31,034Z [main] util.log.initialized - Logging initialized @53308ms to org.eclipse.jetty.util.log.Slf4jLog {}
[INFO ] 2019-05-06T09:03:34,134Z [main] internal.NodeWebServer.buildServletContextHandler - Add plugin web API from attachment com.example.plugin.ExamplePluginKt$sam$Function$b90e2006@62cf873a {}
[INFO ] 2019-05-06T09:03:34,927Z [main] server.Server.doStart - jetty-9.4.7.v20170914 {}
[INFO ] 2019-05-06T09:03:36,238Z [main] handler.ContextHandler.doStart - Started o.e.j.s.ServletContextHandler@751636da{/,null,AVAILABLE} {}
[INFO ] 2019-05-06T09:03:36,258Z [main] server.AbstractConnector.doStart - Started ServerConnector@744d0cfb{HTTP/1.1,[http/1.1]}{0.0.0.0:10015} {}
[INFO ] 2019-05-06T09:03:36,258Z [main] server.Server.doStart - Started @58535ms {}
[INFO ] 2019-05-06T09:03:36,258Z [main] internal.NodeWebServer.initWebServer - Starting webserver on address localhost:10015 {}
[INFO ] 2019-05-06T09:07:32,187Z [main] webserver.CmdLineOptions.loadConfig - Config:
{
    # hardcoded value
    "baseDirectory" : "/Users/vathunyoo/Desktop/GitHub/Senior_project/kotlin-source/build/nodes/PartyC",
    # web-reference.conf @ jar:file:/Users/vathunyoo/.capsule/apps/net.corda.webserver.WebServer_3.3-corda/corda-webserver-impl-3.3-corda.jar!/web-reference.conf: 2
    "keyStorePassword" : "cordacadevpass",
    # /Users/vathunyoo/Desktop/GitHub/Senior_project/kotlin-source/build/nodes/PartyC/node.conf: 1
    "myLegalName" : "O=PartyC,L=Paris,C=FR",
    # /Users/vathunyoo/Desktop/GitHub/Senior_project/kotlin-source/build/nodes/PartyC/node.conf: 2
    "p2pAddress" : "localhost:10013",
    # /Users/vathunyoo/Desktop/GitHub/Senior_project/kotlin-source/build/nodes/PartyC/node.conf: 3
    "rpcSettings" : {
        # /Users/vathunyoo/Desktop/GitHub/Senior_project/kotlin-source/build/nodes/PartyC/node.conf: 4
        "address" : "localhost:10014",
        # /Users/vathunyoo/Desktop/GitHub/Senior_project/kotlin-source/build/nodes/PartyC/node.conf: 5
        "adminAddress" : "localhost:10054"
    },
    # /Users/vathunyoo/Desktop/GitHub/Senior_project/kotlin-source/build/nodes/PartyC/node.conf: 7
    "rpcUsers" : [
        # /Users/vathunyoo/Desktop/GitHub/Senior_project/kotlin-source/build/nodes/PartyC/node.conf: 8
        {
            # /Users/vathunyoo/Desktop/GitHub/Senior_project/kotlin-source/build/nodes/PartyC/node.conf: 9
            "password" : "test",
            # /Users/vathunyoo/Desktop/GitHub/Senior_project/kotlin-source/build/nodes/PartyC/node.conf: 10
            "permissions" : [
                # /Users/vathunyoo/Desktop/GitHub/Senior_project/kotlin-source/build/nodes/PartyC/node.conf: 11
                "ALL"
            ],
            # /Users/vathunyoo/Desktop/GitHub/Senior_project/kotlin-source/build/nodes/PartyC/node.conf: 13
            "user" : "user1"
        }
    ],
    # web-reference.conf @ jar:file:/Users/vathunyoo/.capsule/apps/net.corda.webserver.WebServer_3.3-corda/corda-webserver-impl-3.3-corda.jar!/web-reference.conf: 3
    "trustStorePassword" : "trustpass",
    # web-reference.conf @ jar:file:/Users/vathunyoo/.capsule/apps/net.corda.webserver.WebServer_3.3-corda/corda-webserver-impl-3.3-corda.jar!/web-reference.conf: 1
    "useHTTPS" : false,
    # /Users/vathunyoo/Desktop/GitHub/Senior_project/kotlin-source/build/nodes/PartyC/node.conf: 16
    "webAddress" : "localhost:10015"
}
 {}
[INFO ] 2019-05-06T09:07:32,310Z [main] Main.main - Main class: /Users/vathunyoo/.capsule/apps/net.corda.webserver.WebServer_3.3-corda/corda-webserver-impl-3.3-corda.jar {}
[INFO ] 2019-05-06T09:07:32,532Z [main] Main.main - CommandLine Args: -Xmx200m -XX:+UseG1GC -agentlib:jdwp=transport=dt_socket,server=y,suspend=n,address=5009 -javaagent:drivers/jolokia-jvm-1.3.7-agent.jar=port=7009,logHandlerClass=net.corda.webserver.JolokiaSlf4Adapter -javaagent:/Users/vathunyoo/.capsule/apps/net.corda.webserver.WebServer_3.3-corda/quasar-core-0.7.9-jdk8.jar -Dvisualvm.display.name=Corda -Djava.library.path=/Users/vathunyoo/Library/Java/Extensions:/Library/Java/Extensions:/Network/Library/Java/Extensions:/System/Library/Java/Extensions:/usr/lib/java:/Users/vathunyoo/.capsule/apps/net.corda.webserver.WebServer_3.3-corda -Dcapsule.app=net.corda.webserver.WebServer_3.3-corda -Dname=PartyC-corda-webserver.jar -DWebserver -Dcapsule.dir=/Users/vathunyoo/.capsule/apps/net.corda.webserver.WebServer_3.3-corda -Dcapsule.jar=/Users/vathunyoo/Desktop/GitHub/Senior_project/kotlin-source/build/nodes/PartyC/corda-webserver.jar {}
[INFO ] 2019-05-06T09:07:33,255Z [main] Main.main - Application Args:  {}
[INFO ] 2019-05-06T09:07:33,255Z [main] Main.main - bootclasspath: /Library/Java/JavaVirtualMachines/jdk1.8.0_201.jdk/Contents/Home/jre/lib/resources.jar:/Library/Java/JavaVirtualMachines/jdk1.8.0_201.jdk/Contents/Home/jre/lib/rt.jar:/Library/Java/JavaVirtualMachines/jdk1.8.0_201.jdk/Contents/Home/jre/lib/sunrsasign.jar:/Library/Java/JavaVirtualMachines/jdk1.8.0_201.jdk/Contents/Home/jre/lib/jsse.jar:/Library/Java/JavaVirtualMachines/jdk1.8.0_201.jdk/Contents/Home/jre/lib/jce.jar:/Library/Java/JavaVirtualMachines/jdk1.8.0_201.jdk/Contents/Home/jre/lib/charsets.jar:/Library/Java/JavaVirtualMachines/jdk1.8.0_201.jdk/Contents/Home/jre/lib/jfr.jar:/Library/Java/JavaVirtualMachines/jdk1.8.0_201.jdk/Contents/Home/jre/classes {}
[INFO ] 2019-05-06T09:07:33,255Z [main] Main.main - classpath: /Users/vathunyoo/Desktop/GitHub/Senior_project/kotlin-source/build/nodes/PartyC/corda-webserver.jar:/Users/vathunyoo/.capsule/apps/net.corda.webserver.WebServer_3.3-corda/corda-rpc-3.3-corda.jar:/Users/vathunyoo/.capsule/apps/net.corda.webserver.WebServer_3.3-corda/corda-jackson-3.3-corda.jar:/Users/vathunyoo/.capsule/apps/net.corda.webserver.WebServer_3.3-corda/corda-node-api-3.3-corda.jar:/Users/vathunyoo/.capsule/apps/net.corda.webserver.WebServer_3.3-corda/corda-core-3.3-corda.jar:/Users/vathunyoo/.capsule/apps/net.corda.webserver.WebServer_3.3-corda/jetty-webapp-9.4.7.v20170914.jar:/Users/vathunyoo/.capsule/apps/net.corda.webserver.WebServer_3.3-corda/jetty-servlet-9.4.7.v20170914.jar:/Users/vathunyoo/.capsule/apps/net.corda.webserver.WebServer_3.3-corda/jersey-container-jetty-http-2.25.jar:/Users/vathunyoo/.capsule/apps/net.corda.webserver.WebServer_3.3-corda/jetty-security-9.4.7.v20170914.jar:/Users/vathunyoo/.capsule/apps/net.corda.webserver.WebServer_3.3-corda/jetty-server-9.4.7.v20170914.jar:/Users/vathunyoo/.capsule/apps/net.corda.webserver.WebServer_3.3-corda/javax.servlet-api-3.1.0.jar:/Users/vathunyoo/.capsule/apps/net.corda.webserver.WebServer_3.3-corda/commons-fileupload-1.3.3.jar:/Users/vathunyoo/.capsule/apps/net.corda.webserver.WebServer_3.3-corda/log4j-slf4j-impl-2.9.1.jar:/Users/vathunyoo/.capsule/apps/net.corda.webserver.WebServer_3.3-corda/log4j-core-2.9.1.jar:/Users/vathunyoo/.capsule/apps/net.corda.webserver.WebServer_3.3-corda/jopt-simple-5.0.2.jar:/Users/vathunyoo/.capsule/apps/net.corda.webserver.WebServer_3.3-corda/jetty-continuation-9.4.7.v20170914.jar:/Users/vathunyoo/.capsule/apps/net.corda.webserver.WebServer_3.3-corda/jersey-container-servlet-2.25.jar:/Users/vathunyoo/.capsule/apps/net.corda.webserver.WebServer_3.3-corda/jersey-container-servlet-core-2.25.jar:/Users/vathunyoo/.capsule/apps/net.corda.webserver.WebServer_3.3-corda/jersey-server-2.25.jar:/Users/vathunyoo/.capsule/apps/net.corda.webserver.WebServer_3.3-corda/jersey-media-json-jackson-2.25.jar:/Users/vathunyoo/.capsule/apps/net.corda.webserver.WebServer_3.3-corda/kotlinx-html-jvm-0.6.3.jar:/Users/vathunyoo/.capsule/apps/net.corda.webserver.WebServer_3.3-corda/kotlin-stdlib-jre8-1.1.60.jar:/Users/vathunyoo/.capsule/apps/net.corda.webserver.WebServer_3.3-corda/jackson-module-kotlin-2.9.2.jar:/Users/vathunyoo/.capsule/apps/net.corda.webserver.WebServer_3.3-corda/kotlin-reflect-1.1.60.jar:/Users/vathunyoo/.capsule/apps/net.corda.webserver.WebServer_3.3-corda/cordform-common-3.2.1.jar:/Users/vathunyoo/.capsule/apps/net.corda.webserver.WebServer_3.3-corda/jsr305-3.0.2.jar:/Users/vathunyoo/.capsule/apps/net.corda.webserver.WebServer_3.3-corda/jcl-over-slf4j-1.7.25.jar:/Users/vathunyoo/.capsule/apps/net.corda.webserver.WebServer_3.3-corda/slf4j-api-1.7.25.jar:/Users/vathunyoo/.capsule/apps/net.corda.webserver.WebServer_3.3-corda/rxjava-1.2.4.jar:/Users/vathunyoo/.capsule/apps/net.corda.webserver.WebServer_3.3-corda/commons-jexl3-3.0.jar:/Users/vathunyoo/.capsule/apps/net.corda.webserver.WebServer_3.3-corda/jackson-datatype-jsr310-2.9.2.jar:/Users/vathunyoo/.capsule/apps/net.corda.webserver.WebServer_3.3-corda/jackson-jaxrs-json-provider-2.8.4.jar:/Users/vathunyoo/.capsule/apps/net.corda.webserver.WebServer_3.3-corda/jackson-jaxrs-base-2.8.4.jar:/Users/vathunyoo/.capsule/apps/net.corda.webserver.WebServer_3.3-corda/jackson-module-jaxb-annotations-2.8.4.jar:/Users/vathunyoo/.capsule/apps/net.corda.webserver.WebServer_3.3-corda/jackson-databind-2.9.2.jar:/Users/vathunyoo/.capsule/apps/net.corda.webserver.WebServer_3.3-corda/eddsa-0.2.0.jar:/Users/vathunyoo/.capsule/apps/net.corda.webserver.WebServer_3.3-corda/bcpkix-jdk15on-1.57.jar:/Users/vathunyoo/.capsule/apps/net.corda.webserver.WebServer_3.3-corda/bcprov-jdk15on-1.57.jar:/Users/vathunyoo/.capsule/apps/net.corda.webserver.WebServer_3.3-corda/hibernate-core-5.2.6.Final.jar:/Users/vathunyoo/.capsule/apps/net.corda.webserver.WebServer_3.3-corda/hibernate-jpa-2.1-api-1.0.0.Final.jar:/Users/vathunyoo/.capsule/apps/net.corda.webserver.WebServer_3.3-corda/quasar-core-0.7.9-jdk8.jar:/Users/vathunyoo/.capsule/apps/net.corda.webserver.WebServer_3.3-corda/jackson-dataformat-yaml-2.9.2.jar:/Users/vathunyoo/.capsule/apps/net.corda.webserver.WebServer_3.3-corda/artemis-core-client-2.2.0.jar:/Users/vathunyoo/.capsule/apps/net.corda.webserver.WebServer_3.3-corda/artemis-commons-2.2.0.jar:/Users/vathunyoo/.capsule/apps/net.corda.webserver.WebServer_3.3-corda/guava-21.0.jar:/Users/vathunyoo/.capsule/apps/net.corda.webserver.WebServer_3.3-corda/jetty-xml-9.4.7.v20170914.jar:/Users/vathunyoo/.capsule/apps/net.corda.webserver.WebServer_3.3-corda/commons-io-2.2.jar:/Users/vathunyoo/.capsule/apps/net.corda.webserver.WebServer_3.3-corda/log4j-api-2.9.1.jar:/Users/vathunyoo/.capsule/apps/net.corda.webserver.WebServer_3.3-corda/jersey-client-2.25.jar:/Users/vathunyoo/.capsule/apps/net.corda.webserver.WebServer_3.3-corda/jersey-media-jaxb-2.25.jar:/Users/vathunyoo/.capsule/apps/net.corda.webserver.WebServer_3.3-corda/jersey-common-2.25.jar:/Users/vathunyoo/.capsule/apps/net.corda.webserver.WebServer_3.3-corda/jersey-entity-filtering-2.25.jar:/Users/vathunyoo/.capsule/apps/net.corda.webserver.WebServer_3.3-corda/javax.ws.rs-api-2.0.1.jar:/Users/vathunyoo/.capsule/apps/net.corda.webserver.WebServer_3.3-corda/javax.annotation-api-1.2.jar:/Users/vathunyoo/.capsule/apps/net.corda.webserver.WebServer_3.3-corda/hk2-locator-2.5.0-b30.jar:/Users/vathunyoo/.capsule/apps/net.corda.webserver.WebServer_3.3-corda/hk2-api-2.5.0-b30.jar:/Users/vathunyoo/.capsule/apps/net.corda.webserver.WebServer_3.3-corda/javax.inject-2.5.0-b30.jar:/Users/vathunyoo/.capsule/apps/net.corda.webserver.WebServer_3.3-corda/validation-api-1.1.0.Final.jar:/Users/vathunyoo/.capsule/apps/net.corda.webserver.WebServer_3.3-corda/jetty-http-9.4.7.v20170914.jar:/Users/vathunyoo/.capsule/apps/net.corda.webserver.WebServer_3.3-corda/jetty-io-9.4.7.v20170914.jar:/Users/vathunyoo/.capsule/apps/net.corda.webserver.WebServer_3.3-corda/jetty-util-9.4.7.v20170914.jar:/Users/vathunyoo/.capsule/apps/net.corda.webserver.WebServer_3.3-corda/jackson-annotations-2.9.0.jar:/Users/vathunyoo/.capsule/apps/net.corda.webserver.WebServer_3.3-corda/kotlin-stdlib-jre7-1.1.60.jar:/Users/vathunyoo/.capsule/apps/net.corda.webserver.WebServer_3.3-corda/kotlin-stdlib-1.1.60.jar:/Users/vathunyoo/.capsule/apps/net.corda.webserver.WebServer_3.3-corda/jackson-core-2.9.2.jar:/Users/vathunyoo/.capsule/apps/net.corda.webserver.WebServer_3.3-corda/hibernate-commons-annotations-5.0.1.Final.jar:/Users/vathunyoo/.capsule/apps/net.corda.webserver.WebServer_3.3-corda/jboss-logging-3.3.0.Final.jar:/Users/vathunyoo/.capsule/apps/net.corda.webserver.WebServer_3.3-corda/javassist-3.20.0-GA.jar:/Users/vathunyoo/.capsule/apps/net.corda.webserver.WebServer_3.3-corda/antlr-2.7.7.jar:/Users/vathunyoo/.capsule/apps/net.corda.webserver.WebServer_3.3-corda/geronimo-jta_1.1_spec-1.1.1.jar:/Users/vathunyoo/.capsule/apps/net.corda.webserver.WebServer_3.3-corda/jandex-2.0.3.Final.jar:/Users/vathunyoo/.capsule/apps/net.corda.webserver.WebServer_3.3-corda/classmate-1.3.0.jar:/Users/vathunyoo/.capsule/apps/net.corda.webserver.WebServer_3.3-corda/dom4j-1.6.1.jar:/Users/vathunyoo/.capsule/apps/net.corda.webserver.WebServer_3.3-corda/cdi-api-1.1.jar:/Users/vathunyoo/.capsule/apps/net.corda.webserver.WebServer_3.3-corda/commons-collections4-4.1.jar:/Users/vathunyoo/.capsule/apps/net.corda.webserver.WebServer_3.3-corda/commons-beanutils-1.9.3.jar:/Users/vathunyoo/.capsule/apps/net.corda.webserver.WebServer_3.3-corda/config-1.3.1.jar:/Users/vathunyoo/.capsule/apps/net.corda.webserver.WebServer_3.3-corda/kryo-serializers-0.41.jar:/Users/vathunyoo/.capsule/apps/net.corda.webserver.WebServer_3.3-corda/kryo-4.0.0.jar:/Users/vathunyoo/.capsule/apps/net.corda.webserver.WebServer_3.3-corda/proton-j-0.21.0.jar:/Users/vathunyoo/.capsule/apps/net.corda.webserver.WebServer_3.3-corda/fast-classpath-scanner-2.12.3.jar:/Users/vathunyoo/.capsule/apps/net.corda.webserver.WebServer_3.3-corda/snakeyaml-1.18.jar:/Users/vathunyoo/.capsule/apps/net.corda.webserver.WebServer_3.3-corda/jersey-guava-2.25.jar:/Users/vathunyoo/.capsule/apps/net.corda.webserver.WebServer_3.3-corda/osgi-resource-locator-1.0.1.jar:/Users/vathunyoo/.capsule/apps/net.corda.webserver.WebServer_3.3-corda/hk2-utils-2.5.0-b30.jar:/Users/vathunyoo/.capsule/apps/net.corda.webserver.WebServer_3.3-corda/aopalliance-repackaged-2.5.0-b30.jar:/Users/vathunyoo/.capsule/apps/net.corda.webserver.WebServer_3.3-corda/el-api-2.2.jar:/Users/vathunyoo/.capsule/apps/net.corda.webserver.WebServer_3.3-corda/jboss-interceptors-api_1.1_spec-1.0.0.Beta1.jar:/Users/vathunyoo/.capsule/apps/net.corda.webserver.WebServer_3.3-corda/jsr250-api-1.0.jar:/Users/vathunyoo/.capsule/apps/net.corda.webserver.WebServer_3.3-corda/javax.inject-1.jar:/Users/vathunyoo/.capsule/apps/net.corda.webserver.WebServer_3.3-corda/commons-collections-3.2.2.jar:/Users/vathunyoo/.capsule/apps/net.corda.webserver.WebServer_3.3-corda/jgroups-3.6.13.Final.jar:/Users/vathunyoo/.capsule/apps/net.corda.webserver.WebServer_3.3-corda/netty-all-4.1.9.Final.jar:/Users/vathunyoo/.capsule/apps/net.corda.webserver.WebServer_3.3-corda/geronimo-json_1.0_spec-1.0-alpha-1.jar:/Users/vathunyoo/.capsule/apps/net.corda.webserver.WebServer_3.3-corda/johnzon-core-0.9.5.jar:/Users/vathunyoo/.capsule/apps/net.corda.webserver.WebServer_3.3-corda/reflectasm-1.11.3.jar:/Users/vathunyoo/.capsule/apps/net.corda.webserver.WebServer_3.3-corda/minlog-1.3.0.jar:/Users/vathunyoo/.capsule/apps/net.corda.webserver.WebServer_3.3-corda/objenesis-2.2.jar:/Users/vathunyoo/.capsule/apps/net.corda.webserver.WebServer_3.3-corda/asm-5.0.4.jar:/Users/vathunyoo/.capsule/apps/net.corda.webserver.WebServer_3.3-corda/annotations-13.0.jar:/Users/vathunyoo/.capsule/apps/net.corda.webserver.WebServer_3.3-corda/corda-webserver-impl-3.3-corda.jar:/Users/vathunyoo/Desktop/GitHub/Senior_project/kotlin-source/build/nodes/PartyC/cordapps/corda-finance-3.3-corda.jar:/Users/vathunyoo/Desktop/GitHub/Senior_project/kotlin-source/build/nodes/PartyC/cordapps/cordapp-example-0.1.jar:drivers/jolokia-jvm-1.3.7-agent.jar:/Users/vathunyoo/.capsule/apps/net.corda.webserver.WebServer_3.3-corda/quasar-core-0.7.9-jdk8.jar {}
[INFO ] 2019-05-06T09:07:33,257Z [main] Main.main - VM Java HotSpot(TM) 64-Bit Server VM Oracle Corporation 25.201-b09 {}
[INFO ] 2019-05-06T09:07:33,258Z [main] Main.main - Machine: Vathunyoos-MacBook-Pro.local {}
[INFO ] 2019-05-06T09:07:33,259Z [main] Main.main - Working Directory: /Users/vathunyoo/Desktop/GitHub/Senior_project/kotlin-source/build/nodes/PartyC {}
[INFO ] 2019-05-06T09:07:39,094Z [main] Main.main - Starting as webserver on localhost:10015 {}
[INFO ] 2019-05-06T09:07:39,556Z [main] BasicInfo.logAndMaybePrint - Starting as webserver: localhost:10015 {}
[WARN ] 2019-05-06T09:07:41,040Z [main] internal.config.defaultToOldPath - Config key user has been deprecated and will be removed in a future release. Use username instead {}
[INFO ] 2019-05-06T09:07:41,048Z [main] internal.NodeWebServer.connectLocalRpcAsNodeUser - Connecting to node at localhost:10014 as User(user1, permissions=[ALL]) {}
[INFO ] 2019-05-06T09:07:47,392Z [main] internal.RPCClient.logElapsedTime - Startup took 4594 msec {}
[WARN ] 2019-05-06T09:07:48,395Z [main] internal.config.defaultToOldPath - Config key user has been deprecated and will be removed in a future release. Use username instead {}
[INFO ] 2019-05-06T09:07:48,396Z [main] internal.NodeWebServer.connectLocalRpcAsNodeUser - Connecting to node at localhost:10014 as User(user1, permissions=[ALL]) {}
[INFO ] 2019-05-06T09:07:48,400Z [main] internal.RPCClient.logElapsedTime - Startup took 4 msec {}
[WARN ] 2019-05-06T09:07:49,404Z [main] internal.config.defaultToOldPath - Config key user has been deprecated and will be removed in a future release. Use username instead {}
[INFO ] 2019-05-06T09:07:49,405Z [main] internal.NodeWebServer.connectLocalRpcAsNodeUser - Connecting to node at localhost:10014 as User(user1, permissions=[ALL]) {}
[INFO ] 2019-05-06T09:07:49,408Z [main] internal.RPCClient.logElapsedTime - Startup took 3 msec {}
[WARN ] 2019-05-06T09:07:50,411Z [main] internal.config.defaultToOldPath - Config key user has been deprecated and will be removed in a future release. Use username instead {}
[INFO ] 2019-05-06T09:07:50,412Z [main] internal.NodeWebServer.connectLocalRpcAsNodeUser - Connecting to node at localhost:10014 as User(user1, permissions=[ALL]) {}
[INFO ] 2019-05-06T09:07:50,416Z [main] internal.RPCClient.logElapsedTime - Startup took 4 msec {}
[WARN ] 2019-05-06T09:07:51,420Z [main] internal.config.defaultToOldPath - Config key user has been deprecated and will be removed in a future release. Use username instead {}
[INFO ] 2019-05-06T09:07:51,421Z [main] internal.NodeWebServer.connectLocalRpcAsNodeUser - Connecting to node at localhost:10014 as User(user1, permissions=[ALL]) {}
[INFO ] 2019-05-06T09:07:51,424Z [main] internal.RPCClient.logElapsedTime - Startup took 2 msec {}
[WARN ] 2019-05-06T09:07:52,427Z [main] internal.config.defaultToOldPath - Config key user has been deprecated and will be removed in a future release. Use username instead {}
[INFO ] 2019-05-06T09:07:52,428Z [main] internal.NodeWebServer.connectLocalRpcAsNodeUser - Connecting to node at localhost:10014 as User(user1, permissions=[ALL]) {}
[INFO ] 2019-05-06T09:07:52,431Z [main] internal.RPCClient.logElapsedTime - Startup took 3 msec {}
[WARN ] 2019-05-06T09:07:53,434Z [main] internal.config.defaultToOldPath - Config key user has been deprecated and will be removed in a future release. Use username instead {}
[INFO ] 2019-05-06T09:07:53,436Z [main] internal.NodeWebServer.connectLocalRpcAsNodeUser - Connecting to node at localhost:10014 as User(user1, permissions=[ALL]) {}
[INFO ] 2019-05-06T09:07:53,440Z [main] internal.RPCClient.logElapsedTime - Startup took 2 msec {}
[WARN ] 2019-05-06T09:07:54,442Z [main] internal.config.defaultToOldPath - Config key user has been deprecated and will be removed in a future release. Use username instead {}
[INFO ] 2019-05-06T09:07:54,443Z [main] internal.NodeWebServer.connectLocalRpcAsNodeUser - Connecting to node at localhost:10014 as User(user1, permissions=[ALL]) {}
[INFO ] 2019-05-06T09:07:54,446Z [main] internal.RPCClient.logElapsedTime - Startup took 2 msec {}
[WARN ] 2019-05-06T09:07:55,451Z [main] internal.config.defaultToOldPath - Config key user has been deprecated and will be removed in a future release. Use username instead {}
[INFO ] 2019-05-06T09:07:55,451Z [main] internal.NodeWebServer.connectLocalRpcAsNodeUser - Connecting to node at localhost:10014 as User(user1, permissions=[ALL]) {}
[INFO ] 2019-05-06T09:07:55,455Z [main] internal.RPCClient.logElapsedTime - Startup took 3 msec {}
[WARN ] 2019-05-06T09:07:56,459Z [main] internal.config.defaultToOldPath - Config key user has been deprecated and will be removed in a future release. Use username instead {}
[INFO ] 2019-05-06T09:07:56,459Z [main] internal.NodeWebServer.connectLocalRpcAsNodeUser - Connecting to node at localhost:10014 as User(user1, permissions=[ALL]) {}
[INFO ] 2019-05-06T09:07:56,462Z [main] internal.RPCClient.logElapsedTime - Startup took 2 msec {}
[WARN ] 2019-05-06T09:07:57,464Z [main] internal.config.defaultToOldPath - Config key user has been deprecated and will be removed in a future release. Use username instead {}
[INFO ] 2019-05-06T09:07:57,464Z [main] internal.NodeWebServer.connectLocalRpcAsNodeUser - Connecting to node at localhost:10014 as User(user1, permissions=[ALL]) {}
[INFO ] 2019-05-06T09:08:07,065Z [main] internal.RPCClient.logElapsedTime - Startup took 9600 msec {}
[INFO ] 2019-05-06T09:08:07,134Z [main] util.log.initialized - Logging initialized @54681ms to org.eclipse.jetty.util.log.Slf4jLog {}
[INFO ] 2019-05-06T09:08:11,026Z [main] internal.NodeWebServer.buildServletContextHandler - Add plugin web API from attachment com.example.plugin.ExamplePluginKt$sam$Function$b90e2006@267309f7 {}
[INFO ] 2019-05-06T09:08:13,092Z [main] server.Server.doStart - jetty-9.4.7.v20170914 {}
[INFO ] 2019-05-06T09:08:17,141Z [main] handler.ContextHandler.doStart - Started o.e.j.s.ServletContextHandler@629fc74d{/,null,AVAILABLE} {}
[INFO ] 2019-05-06T09:08:17,192Z [main] server.AbstractConnector.doStart - Started ServerConnector@3e46d891{HTTP/1.1,[http/1.1]}{0.0.0.0:10015} {}
[INFO ] 2019-05-06T09:08:17,193Z [main] server.Server.doStart - Started @64742ms {}
[INFO ] 2019-05-06T09:08:17,193Z [main] internal.NodeWebServer.initWebServer - Starting webserver on address localhost:10015 {}
