[INFO ] 2019-04-28T11:12:14,894Z [main] webserver.CmdLineOptions.loadConfig - Config:
{
    # hardcoded value
    "baseDirectory" : "/Users/vathunyoo/Desktop/GitHub/Senior_project/kotlin-source/build/nodes/PartyB",
    # web-reference.conf @ jar:file:/Users/vathunyoo/.capsule/apps/net.corda.webserver.WebServer_3.3-corda/corda-webserver-impl-3.3-corda.jar!/web-reference.conf: 2
    "keyStorePassword" : "cordacadevpass",
    # /Users/vathunyoo/Desktop/GitHub/Senior_project/kotlin-source/build/nodes/PartyB/node.conf: 1
    "myLegalName" : "O=PartyB,L=New York,C=US",
    # /Users/vathunyoo/Desktop/GitHub/Senior_project/kotlin-source/build/nodes/PartyB/node.conf: 2
    "p2pAddress" : "localhost:10010",
    # /Users/vathunyoo/Desktop/GitHub/Senior_project/kotlin-source/build/nodes/PartyB/node.conf: 3
    "rpcSettings" : {
        # /Users/vathunyoo/Desktop/GitHub/Senior_project/kotlin-source/build/nodes/PartyB/node.conf: 4
        "address" : "localhost:10011",
        # /Users/vathunyoo/Desktop/GitHub/Senior_project/kotlin-source/build/nodes/PartyB/node.conf: 5
        "adminAddress" : "localhost:10051"
    },
    # /Users/vathunyoo/Desktop/GitHub/Senior_project/kotlin-source/build/nodes/PartyB/node.conf: 7
    "rpcUsers" : [
        # /Users/vathunyoo/Desktop/GitHub/Senior_project/kotlin-source/build/nodes/PartyB/node.conf: 8
        {
            # /Users/vathunyoo/Desktop/GitHub/Senior_project/kotlin-source/build/nodes/PartyB/node.conf: 9
            "password" : "test",
            # /Users/vathunyoo/Desktop/GitHub/Senior_project/kotlin-source/build/nodes/PartyB/node.conf: 10
            "permissions" : [
                # /Users/vathunyoo/Desktop/GitHub/Senior_project/kotlin-source/build/nodes/PartyB/node.conf: 11
                "ALL"
            ],
            # /Users/vathunyoo/Desktop/GitHub/Senior_project/kotlin-source/build/nodes/PartyB/node.conf: 13
            "user" : "user1"
        }
    ],
    # web-reference.conf @ jar:file:/Users/vathunyoo/.capsule/apps/net.corda.webserver.WebServer_3.3-corda/corda-webserver-impl-3.3-corda.jar!/web-reference.conf: 3
    "trustStorePassword" : "trustpass",
    # web-reference.conf @ jar:file:/Users/vathunyoo/.capsule/apps/net.corda.webserver.WebServer_3.3-corda/corda-webserver-impl-3.3-corda.jar!/web-reference.conf: 1
    "useHTTPS" : false,
    # /Users/vathunyoo/Desktop/GitHub/Senior_project/kotlin-source/build/nodes/PartyB/node.conf: 16
    "webAddress" : "localhost:10012"
}
 {}
[INFO ] 2019-04-28T11:12:15,042Z [main] Main.main - Main class: /Users/vathunyoo/.capsule/apps/net.corda.webserver.WebServer_3.3-corda/corda-webserver-impl-3.3-corda.jar {}
[INFO ] 2019-04-28T11:12:15,402Z [main] Main.main - CommandLine Args: -Xmx200m -XX:+UseG1GC -agentlib:jdwp=transport=dt_socket,server=y,suspend=n,address=5011 -javaagent:drivers/jolokia-jvm-1.3.7-agent.jar=port=7011,logHandlerClass=net.corda.webserver.JolokiaSlf4Adapter -javaagent:/Users/vathunyoo/.capsule/apps/net.corda.webserver.WebServer_3.3-corda/quasar-core-0.7.9-jdk8.jar -Dvisualvm.display.name=Corda -Djava.library.path=/Users/vathunyoo/Library/Java/Extensions:/Library/Java/Extensions:/Network/Library/Java/Extensions:/System/Library/Java/Extensions:/usr/lib/java:/Users/vathunyoo/.capsule/apps/net.corda.webserver.WebServer_3.3-corda -Dcapsule.app=net.corda.webserver.WebServer_3.3-corda -Dname=PartyB-corda-webserver.jar -DWebserver -Dcapsule.dir=/Users/vathunyoo/.capsule/apps/net.corda.webserver.WebServer_3.3-corda -Dcapsule.jar=/Users/vathunyoo/Desktop/GitHub/Senior_project/kotlin-source/build/nodes/PartyB/corda-webserver.jar {}
[INFO ] 2019-04-28T11:12:16,427Z [main] Main.main - Application Args:  {}
[INFO ] 2019-04-28T11:12:16,427Z [main] Main.main - bootclasspath: /Library/Java/JavaVirtualMachines/jdk1.8.0_201.jdk/Contents/Home/jre/lib/resources.jar:/Library/Java/JavaVirtualMachines/jdk1.8.0_201.jdk/Contents/Home/jre/lib/rt.jar:/Library/Java/JavaVirtualMachines/jdk1.8.0_201.jdk/Contents/Home/jre/lib/sunrsasign.jar:/Library/Java/JavaVirtualMachines/jdk1.8.0_201.jdk/Contents/Home/jre/lib/jsse.jar:/Library/Java/JavaVirtualMachines/jdk1.8.0_201.jdk/Contents/Home/jre/lib/jce.jar:/Library/Java/JavaVirtualMachines/jdk1.8.0_201.jdk/Contents/Home/jre/lib/charsets.jar:/Library/Java/JavaVirtualMachines/jdk1.8.0_201.jdk/Contents/Home/jre/lib/jfr.jar:/Library/Java/JavaVirtualMachines/jdk1.8.0_201.jdk/Contents/Home/jre/classes {}
[INFO ] 2019-04-28T11:12:16,427Z [main] Main.main - classpath: /Users/vathunyoo/Desktop/GitHub/Senior_project/kotlin-source/build/nodes/PartyB/corda-webserver.jar:/Users/vathunyoo/.capsule/apps/net.corda.webserver.WebServer_3.3-corda/corda-rpc-3.3-corda.jar:/Users/vathunyoo/.capsule/apps/net.corda.webserver.WebServer_3.3-corda/corda-jackson-3.3-corda.jar:/Users/vathunyoo/.capsule/apps/net.corda.webserver.WebServer_3.3-corda/corda-node-api-3.3-corda.jar:/Users/vathunyoo/.capsule/apps/net.corda.webserver.WebServer_3.3-corda/corda-core-3.3-corda.jar:/Users/vathunyoo/.capsule/apps/net.corda.webserver.WebServer_3.3-corda/jetty-webapp-9.4.7.v20170914.jar:/Users/vathunyoo/.capsule/apps/net.corda.webserver.WebServer_3.3-corda/jetty-servlet-9.4.7.v20170914.jar:/Users/vathunyoo/.capsule/apps/net.corda.webserver.WebServer_3.3-corda/jersey-container-jetty-http-2.25.jar:/Users/vathunyoo/.capsule/apps/net.corda.webserver.WebServer_3.3-corda/jetty-security-9.4.7.v20170914.jar:/Users/vathunyoo/.capsule/apps/net.corda.webserver.WebServer_3.3-corda/jetty-server-9.4.7.v20170914.jar:/Users/vathunyoo/.capsule/apps/net.corda.webserver.WebServer_3.3-corda/javax.servlet-api-3.1.0.jar:/Users/vathunyoo/.capsule/apps/net.corda.webserver.WebServer_3.3-corda/commons-fileupload-1.3.3.jar:/Users/vathunyoo/.capsule/apps/net.corda.webserver.WebServer_3.3-corda/log4j-slf4j-impl-2.9.1.jar:/Users/vathunyoo/.capsule/apps/net.corda.webserver.WebServer_3.3-corda/log4j-core-2.9.1.jar:/Users/vathunyoo/.capsule/apps/net.corda.webserver.WebServer_3.3-corda/jopt-simple-5.0.2.jar:/Users/vathunyoo/.capsule/apps/net.corda.webserver.WebServer_3.3-corda/jetty-continuation-9.4.7.v20170914.jar:/Users/vathunyoo/.capsule/apps/net.corda.webserver.WebServer_3.3-corda/jersey-container-servlet-2.25.jar:/Users/vathunyoo/.capsule/apps/net.corda.webserver.WebServer_3.3-corda/jersey-container-servlet-core-2.25.jar:/Users/vathunyoo/.capsule/apps/net.corda.webserver.WebServer_3.3-corda/jersey-server-2.25.jar:/Users/vathunyoo/.capsule/apps/net.corda.webserver.WebServer_3.3-corda/jersey-media-json-jackson-2.25.jar:/Users/vathunyoo/.capsule/apps/net.corda.webserver.WebServer_3.3-corda/kotlinx-html-jvm-0.6.3.jar:/Users/vathunyoo/.capsule/apps/net.corda.webserver.WebServer_3.3-corda/kotlin-stdlib-jre8-1.1.60.jar:/Users/vathunyoo/.capsule/apps/net.corda.webserver.WebServer_3.3-corda/jackson-module-kotlin-2.9.2.jar:/Users/vathunyoo/.capsule/apps/net.corda.webserver.WebServer_3.3-corda/kotlin-reflect-1.1.60.jar:/Users/vathunyoo/.capsule/apps/net.corda.webserver.WebServer_3.3-corda/cordform-common-3.2.1.jar:/Users/vathunyoo/.capsule/apps/net.corda.webserver.WebServer_3.3-corda/jsr305-3.0.2.jar:/Users/vathunyoo/.capsule/apps/net.corda.webserver.WebServer_3.3-corda/jcl-over-slf4j-1.7.25.jar:/Users/vathunyoo/.capsule/apps/net.corda.webserver.WebServer_3.3-corda/slf4j-api-1.7.25.jar:/Users/vathunyoo/.capsule/apps/net.corda.webserver.WebServer_3.3-corda/rxjava-1.2.4.jar:/Users/vathunyoo/.capsule/apps/net.corda.webserver.WebServer_3.3-corda/commons-jexl3-3.0.jar:/Users/vathunyoo/.capsule/apps/net.corda.webserver.WebServer_3.3-corda/jackson-datatype-jsr310-2.9.2.jar:/Users/vathunyoo/.capsule/apps/net.corda.webserver.WebServer_3.3-corda/jackson-jaxrs-json-provider-2.8.4.jar:/Users/vathunyoo/.capsule/apps/net.corda.webserver.WebServer_3.3-corda/jackson-jaxrs-base-2.8.4.jar:/Users/vathunyoo/.capsule/apps/net.corda.webserver.WebServer_3.3-corda/jackson-module-jaxb-annotations-2.8.4.jar:/Users/vathunyoo/.capsule/apps/net.corda.webserver.WebServer_3.3-corda/jackson-databind-2.9.2.jar:/Users/vathunyoo/.capsule/apps/net.corda.webserver.WebServer_3.3-corda/eddsa-0.2.0.jar:/Users/vathunyoo/.capsule/apps/net.corda.webserver.WebServer_3.3-corda/bcpkix-jdk15on-1.57.jar:/Users/vathunyoo/.capsule/apps/net.corda.webserver.WebServer_3.3-corda/bcprov-jdk15on-1.57.jar:/Users/vathunyoo/.capsule/apps/net.corda.webserver.WebServer_3.3-corda/hibernate-core-5.2.6.Final.jar:/Users/vathunyoo/.capsule/apps/net.corda.webserver.WebServer_3.3-corda/hibernate-jpa-2.1-api-1.0.0.Final.jar:/Users/vathunyoo/.capsule/apps/net.corda.webserver.WebServer_3.3-corda/quasar-core-0.7.9-jdk8.jar:/Users/vathunyoo/.capsule/apps/net.corda.webserver.WebServer_3.3-corda/jackson-dataformat-yaml-2.9.2.jar:/Users/vathunyoo/.capsule/apps/net.corda.webserver.WebServer_3.3-corda/artemis-core-client-2.2.0.jar:/Users/vathunyoo/.capsule/apps/net.corda.webserver.WebServer_3.3-corda/artemis-commons-2.2.0.jar:/Users/vathunyoo/.capsule/apps/net.corda.webserver.WebServer_3.3-corda/guava-21.0.jar:/Users/vathunyoo/.capsule/apps/net.corda.webserver.WebServer_3.3-corda/jetty-xml-9.4.7.v20170914.jar:/Users/vathunyoo/.capsule/apps/net.corda.webserver.WebServer_3.3-corda/commons-io-2.2.jar:/Users/vathunyoo/.capsule/apps/net.corda.webserver.WebServer_3.3-corda/log4j-api-2.9.1.jar:/Users/vathunyoo/.capsule/apps/net.corda.webserver.WebServer_3.3-corda/jersey-client-2.25.jar:/Users/vathunyoo/.capsule/apps/net.corda.webserver.WebServer_3.3-corda/jersey-media-jaxb-2.25.jar:/Users/vathunyoo/.capsule/apps/net.corda.webserver.WebServer_3.3-corda/jersey-common-2.25.jar:/Users/vathunyoo/.capsule/apps/net.corda.webserver.WebServer_3.3-corda/jersey-entity-filtering-2.25.jar:/Users/vathunyoo/.capsule/apps/net.corda.webserver.WebServer_3.3-corda/javax.ws.rs-api-2.0.1.jar:/Users/vathunyoo/.capsule/apps/net.corda.webserver.WebServer_3.3-corda/javax.annotation-api-1.2.jar:/Users/vathunyoo/.capsule/apps/net.corda.webserver.WebServer_3.3-corda/hk2-locator-2.5.0-b30.jar:/Users/vathunyoo/.capsule/apps/net.corda.webserver.WebServer_3.3-corda/hk2-api-2.5.0-b30.jar:/Users/vathunyoo/.capsule/apps/net.corda.webserver.WebServer_3.3-corda/javax.inject-2.5.0-b30.jar:/Users/vathunyoo/.capsule/apps/net.corda.webserver.WebServer_3.3-corda/validation-api-1.1.0.Final.jar:/Users/vathunyoo/.capsule/apps/net.corda.webserver.WebServer_3.3-corda/jetty-http-9.4.7.v20170914.jar:/Users/vathunyoo/.capsule/apps/net.corda.webserver.WebServer_3.3-corda/jetty-io-9.4.7.v20170914.jar:/Users/vathunyoo/.capsule/apps/net.corda.webserver.WebServer_3.3-corda/jetty-util-9.4.7.v20170914.jar:/Users/vathunyoo/.capsule/apps/net.corda.webserver.WebServer_3.3-corda/jackson-annotations-2.9.0.jar:/Users/vathunyoo/.capsule/apps/net.corda.webserver.WebServer_3.3-corda/kotlin-stdlib-jre7-1.1.60.jar:/Users/vathunyoo/.capsule/apps/net.corda.webserver.WebServer_3.3-corda/kotlin-stdlib-1.1.60.jar:/Users/vathunyoo/.capsule/apps/net.corda.webserver.WebServer_3.3-corda/jackson-core-2.9.2.jar:/Users/vathunyoo/.capsule/apps/net.corda.webserver.WebServer_3.3-corda/hibernate-commons-annotations-5.0.1.Final.jar:/Users/vathunyoo/.capsule/apps/net.corda.webserver.WebServer_3.3-corda/jboss-logging-3.3.0.Final.jar:/Users/vathunyoo/.capsule/apps/net.corda.webserver.WebServer_3.3-corda/javassist-3.20.0-GA.jar:/Users/vathunyoo/.capsule/apps/net.corda.webserver.WebServer_3.3-corda/antlr-2.7.7.jar:/Users/vathunyoo/.capsule/apps/net.corda.webserver.WebServer_3.3-corda/geronimo-jta_1.1_spec-1.1.1.jar:/Users/vathunyoo/.capsule/apps/net.corda.webserver.WebServer_3.3-corda/jandex-2.0.3.Final.jar:/Users/vathunyoo/.capsule/apps/net.corda.webserver.WebServer_3.3-corda/classmate-1.3.0.jar:/Users/vathunyoo/.capsule/apps/net.corda.webserver.WebServer_3.3-corda/dom4j-1.6.1.jar:/Users/vathunyoo/.capsule/apps/net.corda.webserver.WebServer_3.3-corda/cdi-api-1.1.jar:/Users/vathunyoo/.capsule/apps/net.corda.webserver.WebServer_3.3-corda/commons-collections4-4.1.jar:/Users/vathunyoo/.capsule/apps/net.corda.webserver.WebServer_3.3-corda/commons-beanutils-1.9.3.jar:/Users/vathunyoo/.capsule/apps/net.corda.webserver.WebServer_3.3-corda/config-1.3.1.jar:/Users/vathunyoo/.capsule/apps/net.corda.webserver.WebServer_3.3-corda/kryo-serializers-0.41.jar:/Users/vathunyoo/.capsule/apps/net.corda.webserver.WebServer_3.3-corda/kryo-4.0.0.jar:/Users/vathunyoo/.capsule/apps/net.corda.webserver.WebServer_3.3-corda/proton-j-0.21.0.jar:/Users/vathunyoo/.capsule/apps/net.corda.webserver.WebServer_3.3-corda/fast-classpath-scanner-2.12.3.jar:/Users/vathunyoo/.capsule/apps/net.corda.webserver.WebServer_3.3-corda/snakeyaml-1.18.jar:/Users/vathunyoo/.capsule/apps/net.corda.webserver.WebServer_3.3-corda/jersey-guava-2.25.jar:/Users/vathunyoo/.capsule/apps/net.corda.webserver.WebServer_3.3-corda/osgi-resource-locator-1.0.1.jar:/Users/vathunyoo/.capsule/apps/net.corda.webserver.WebServer_3.3-corda/hk2-utils-2.5.0-b30.jar:/Users/vathunyoo/.capsule/apps/net.corda.webserver.WebServer_3.3-corda/aopalliance-repackaged-2.5.0-b30.jar:/Users/vathunyoo/.capsule/apps/net.corda.webserver.WebServer_3.3-corda/el-api-2.2.jar:/Users/vathunyoo/.capsule/apps/net.corda.webserver.WebServer_3.3-corda/jboss-interceptors-api_1.1_spec-1.0.0.Beta1.jar:/Users/vathunyoo/.capsule/apps/net.corda.webserver.WebServer_3.3-corda/jsr250-api-1.0.jar:/Users/vathunyoo/.capsule/apps/net.corda.webserver.WebServer_3.3-corda/javax.inject-1.jar:/Users/vathunyoo/.capsule/apps/net.corda.webserver.WebServer_3.3-corda/commons-collections-3.2.2.jar:/Users/vathunyoo/.capsule/apps/net.corda.webserver.WebServer_3.3-corda/jgroups-3.6.13.Final.jar:/Users/vathunyoo/.capsule/apps/net.corda.webserver.WebServer_3.3-corda/netty-all-4.1.9.Final.jar:/Users/vathunyoo/.capsule/apps/net.corda.webserver.WebServer_3.3-corda/geronimo-json_1.0_spec-1.0-alpha-1.jar:/Users/vathunyoo/.capsule/apps/net.corda.webserver.WebServer_3.3-corda/johnzon-core-0.9.5.jar:/Users/vathunyoo/.capsule/apps/net.corda.webserver.WebServer_3.3-corda/reflectasm-1.11.3.jar:/Users/vathunyoo/.capsule/apps/net.corda.webserver.WebServer_3.3-corda/minlog-1.3.0.jar:/Users/vathunyoo/.capsule/apps/net.corda.webserver.WebServer_3.3-corda/objenesis-2.2.jar:/Users/vathunyoo/.capsule/apps/net.corda.webserver.WebServer_3.3-corda/asm-5.0.4.jar:/Users/vathunyoo/.capsule/apps/net.corda.webserver.WebServer_3.3-corda/annotations-13.0.jar:/Users/vathunyoo/.capsule/apps/net.corda.webserver.WebServer_3.3-corda/corda-webserver-impl-3.3-corda.jar:/Users/vathunyoo/Desktop/GitHub/Senior_project/kotlin-source/build/nodes/PartyB/cordapps/corda-finance-3.3-corda.jar:/Users/vathunyoo/Desktop/GitHub/Senior_project/kotlin-source/build/nodes/PartyB/cordapps/cordapp-example-0.1.jar:drivers/jolokia-jvm-1.3.7-agent.jar:/Users/vathunyoo/.capsule/apps/net.corda.webserver.WebServer_3.3-corda/quasar-core-0.7.9-jdk8.jar {}
[INFO ] 2019-04-28T11:12:16,428Z [main] Main.main - VM Java HotSpot(TM) 64-Bit Server VM Oracle Corporation 25.201-b09 {}
[INFO ] 2019-04-28T11:12:16,430Z [main] Main.main - Machine: Vathunyoos-MacBook-Pro.local {}
[INFO ] 2019-04-28T11:12:16,430Z [main] Main.main - Working Directory: /Users/vathunyoo/Desktop/GitHub/Senior_project/kotlin-source/build/nodes/PartyB {}
[INFO ] 2019-04-28T11:12:22,547Z [main] Main.main - Starting as webserver on localhost:10012 {}
[INFO ] 2019-04-28T11:12:22,915Z [main] BasicInfo.logAndMaybePrint - Starting as webserver: localhost:10012 {}
[WARN ] 2019-04-28T11:12:24,434Z [main] internal.config.defaultToOldPath - Config key user has been deprecated and will be removed in a future release. Use username instead {}
[INFO ] 2019-04-28T11:12:24,487Z [main] internal.NodeWebServer.connectLocalRpcAsNodeUser - Connecting to node at localhost:10011 as User(user1, permissions=[ALL]) {}
[INFO ] 2019-04-28T11:12:33,145Z [main] internal.RPCClient.logElapsedTime - Startup took 6538 msec {}
[WARN ] 2019-04-28T11:12:34,147Z [main] internal.config.defaultToOldPath - Config key user has been deprecated and will be removed in a future release. Use username instead {}
[INFO ] 2019-04-28T11:12:34,149Z [main] internal.NodeWebServer.connectLocalRpcAsNodeUser - Connecting to node at localhost:10011 as User(user1, permissions=[ALL]) {}
[INFO ] 2019-04-28T11:12:34,154Z [main] internal.RPCClient.logElapsedTime - Startup took 4 msec {}
[WARN ] 2019-04-28T11:12:35,157Z [main] internal.config.defaultToOldPath - Config key user has been deprecated and will be removed in a future release. Use username instead {}
[INFO ] 2019-04-28T11:12:35,157Z [main] internal.NodeWebServer.connectLocalRpcAsNodeUser - Connecting to node at localhost:10011 as User(user1, permissions=[ALL]) {}
[INFO ] 2019-04-28T11:12:35,164Z [main] internal.RPCClient.logElapsedTime - Startup took 6 msec {}
[WARN ] 2019-04-28T11:12:36,167Z [main] internal.config.defaultToOldPath - Config key user has been deprecated and will be removed in a future release. Use username instead {}
[INFO ] 2019-04-28T11:12:36,167Z [main] internal.NodeWebServer.connectLocalRpcAsNodeUser - Connecting to node at localhost:10011 as User(user1, permissions=[ALL]) {}
[INFO ] 2019-04-28T11:12:36,171Z [main] internal.RPCClient.logElapsedTime - Startup took 3 msec {}
[WARN ] 2019-04-28T11:12:37,175Z [main] internal.config.defaultToOldPath - Config key user has been deprecated and will be removed in a future release. Use username instead {}
[INFO ] 2019-04-28T11:12:37,176Z [main] internal.NodeWebServer.connectLocalRpcAsNodeUser - Connecting to node at localhost:10011 as User(user1, permissions=[ALL]) {}
[INFO ] 2019-04-28T11:12:37,179Z [main] internal.RPCClient.logElapsedTime - Startup took 2 msec {}
[WARN ] 2019-04-28T11:12:38,182Z [main] internal.config.defaultToOldPath - Config key user has been deprecated and will be removed in a future release. Use username instead {}
[INFO ] 2019-04-28T11:12:38,182Z [main] internal.NodeWebServer.connectLocalRpcAsNodeUser - Connecting to node at localhost:10011 as User(user1, permissions=[ALL]) {}
[INFO ] 2019-04-28T11:12:38,186Z [main] internal.RPCClient.logElapsedTime - Startup took 2 msec {}
[WARN ] 2019-04-28T11:12:39,189Z [main] internal.config.defaultToOldPath - Config key user has been deprecated and will be removed in a future release. Use username instead {}
[INFO ] 2019-04-28T11:12:39,189Z [main] internal.NodeWebServer.connectLocalRpcAsNodeUser - Connecting to node at localhost:10011 as User(user1, permissions=[ALL]) {}
[INFO ] 2019-04-28T11:12:46,249Z [main] internal.RPCClient.logElapsedTime - Startup took 7059 msec {}
[INFO ] 2019-04-28T11:12:46,277Z [main] util.log.initialized - Logging initialized @54612ms to org.eclipse.jetty.util.log.Slf4jLog {}
[INFO ] 2019-04-28T11:12:49,384Z [main] internal.NodeWebServer.buildServletContextHandler - Add plugin web API from attachment com.example.plugin.ExamplePluginKt$sam$Function$b90e2006@5de6c7d7 {}
[INFO ] 2019-04-28T11:12:51,046Z [main] server.Server.doStart - jetty-9.4.7.v20170914 {}
[INFO ] 2019-04-28T11:12:55,008Z [main] handler.ContextHandler.doStart - Started o.e.j.s.ServletContextHandler@e9fa0ea{/,null,AVAILABLE} {}
[INFO ] 2019-04-28T11:12:55,055Z [main] server.AbstractConnector.doStart - Started ServerConnector@4f9b91e5{HTTP/1.1,[http/1.1]}{0.0.0.0:10012} {}
[INFO ] 2019-04-28T11:12:55,055Z [main] server.Server.doStart - Started @63393ms {}
[INFO ] 2019-04-28T11:12:55,055Z [main] internal.NodeWebServer.initWebServer - Starting webserver on address localhost:10012 {}
[INFO ] 2019-04-28T11:16:25,251Z [main] webserver.CmdLineOptions.loadConfig - Config:
{
    # hardcoded value
    "baseDirectory" : "/Users/vathunyoo/Desktop/GitHub/Senior_project/kotlin-source/build/nodes/PartyB",
    # web-reference.conf @ jar:file:/Users/vathunyoo/.capsule/apps/net.corda.webserver.WebServer_3.3-corda/corda-webserver-impl-3.3-corda.jar!/web-reference.conf: 2
    "keyStorePassword" : "cordacadevpass",
    # /Users/vathunyoo/Desktop/GitHub/Senior_project/kotlin-source/build/nodes/PartyB/node.conf: 1
    "myLegalName" : "O=PartyB,L=New York,C=US",
    # /Users/vathunyoo/Desktop/GitHub/Senior_project/kotlin-source/build/nodes/PartyB/node.conf: 2
    "p2pAddress" : "localhost:10010",
    # /Users/vathunyoo/Desktop/GitHub/Senior_project/kotlin-source/build/nodes/PartyB/node.conf: 3
    "rpcSettings" : {
        # /Users/vathunyoo/Desktop/GitHub/Senior_project/kotlin-source/build/nodes/PartyB/node.conf: 4
        "address" : "localhost:10011",
        # /Users/vathunyoo/Desktop/GitHub/Senior_project/kotlin-source/build/nodes/PartyB/node.conf: 5
        "adminAddress" : "localhost:10051"
    },
    # /Users/vathunyoo/Desktop/GitHub/Senior_project/kotlin-source/build/nodes/PartyB/node.conf: 7
    "rpcUsers" : [
        # /Users/vathunyoo/Desktop/GitHub/Senior_project/kotlin-source/build/nodes/PartyB/node.conf: 8
        {
            # /Users/vathunyoo/Desktop/GitHub/Senior_project/kotlin-source/build/nodes/PartyB/node.conf: 9
            "password" : "test",
            # /Users/vathunyoo/Desktop/GitHub/Senior_project/kotlin-source/build/nodes/PartyB/node.conf: 10
            "permissions" : [
                # /Users/vathunyoo/Desktop/GitHub/Senior_project/kotlin-source/build/nodes/PartyB/node.conf: 11
                "ALL"
            ],
            # /Users/vathunyoo/Desktop/GitHub/Senior_project/kotlin-source/build/nodes/PartyB/node.conf: 13
            "user" : "user1"
        }
    ],
    # web-reference.conf @ jar:file:/Users/vathunyoo/.capsule/apps/net.corda.webserver.WebServer_3.3-corda/corda-webserver-impl-3.3-corda.jar!/web-reference.conf: 3
    "trustStorePassword" : "trustpass",
    # web-reference.conf @ jar:file:/Users/vathunyoo/.capsule/apps/net.corda.webserver.WebServer_3.3-corda/corda-webserver-impl-3.3-corda.jar!/web-reference.conf: 1
    "useHTTPS" : false,
    # /Users/vathunyoo/Desktop/GitHub/Senior_project/kotlin-source/build/nodes/PartyB/node.conf: 16
    "webAddress" : "localhost:10012"
}
 {}
[INFO ] 2019-04-28T11:16:25,403Z [main] Main.main - Main class: /Users/vathunyoo/.capsule/apps/net.corda.webserver.WebServer_3.3-corda/corda-webserver-impl-3.3-corda.jar {}
[INFO ] 2019-04-28T11:16:25,815Z [main] Main.main - CommandLine Args: -Xmx200m -XX:+UseG1GC -agentlib:jdwp=transport=dt_socket,server=y,suspend=n,address=5011 -javaagent:drivers/jolokia-jvm-1.3.7-agent.jar=port=7011,logHandlerClass=net.corda.webserver.JolokiaSlf4Adapter -javaagent:/Users/vathunyoo/.capsule/apps/net.corda.webserver.WebServer_3.3-corda/quasar-core-0.7.9-jdk8.jar -Dvisualvm.display.name=Corda -Djava.library.path=/Users/vathunyoo/Library/Java/Extensions:/Library/Java/Extensions:/Network/Library/Java/Extensions:/System/Library/Java/Extensions:/usr/lib/java:/Users/vathunyoo/.capsule/apps/net.corda.webserver.WebServer_3.3-corda -Dcapsule.app=net.corda.webserver.WebServer_3.3-corda -Dname=PartyB-corda-webserver.jar -DWebserver -Dcapsule.dir=/Users/vathunyoo/.capsule/apps/net.corda.webserver.WebServer_3.3-corda -Dcapsule.jar=/Users/vathunyoo/Desktop/GitHub/Senior_project/kotlin-source/build/nodes/PartyB/corda-webserver.jar {}
[INFO ] 2019-04-28T11:16:27,008Z [main] Main.main - Application Args:  {}
[INFO ] 2019-04-28T11:16:27,008Z [main] Main.main - bootclasspath: /Library/Java/JavaVirtualMachines/jdk1.8.0_201.jdk/Contents/Home/jre/lib/resources.jar:/Library/Java/JavaVirtualMachines/jdk1.8.0_201.jdk/Contents/Home/jre/lib/rt.jar:/Library/Java/JavaVirtualMachines/jdk1.8.0_201.jdk/Contents/Home/jre/lib/sunrsasign.jar:/Library/Java/JavaVirtualMachines/jdk1.8.0_201.jdk/Contents/Home/jre/lib/jsse.jar:/Library/Java/JavaVirtualMachines/jdk1.8.0_201.jdk/Contents/Home/jre/lib/jce.jar:/Library/Java/JavaVirtualMachines/jdk1.8.0_201.jdk/Contents/Home/jre/lib/charsets.jar:/Library/Java/JavaVirtualMachines/jdk1.8.0_201.jdk/Contents/Home/jre/lib/jfr.jar:/Library/Java/JavaVirtualMachines/jdk1.8.0_201.jdk/Contents/Home/jre/classes {}
[INFO ] 2019-04-28T11:16:27,009Z [main] Main.main - classpath: /Users/vathunyoo/Desktop/GitHub/Senior_project/kotlin-source/build/nodes/PartyB/corda-webserver.jar:/Users/vathunyoo/.capsule/apps/net.corda.webserver.WebServer_3.3-corda/corda-rpc-3.3-corda.jar:/Users/vathunyoo/.capsule/apps/net.corda.webserver.WebServer_3.3-corda/corda-jackson-3.3-corda.jar:/Users/vathunyoo/.capsule/apps/net.corda.webserver.WebServer_3.3-corda/corda-node-api-3.3-corda.jar:/Users/vathunyoo/.capsule/apps/net.corda.webserver.WebServer_3.3-corda/corda-core-3.3-corda.jar:/Users/vathunyoo/.capsule/apps/net.corda.webserver.WebServer_3.3-corda/jetty-webapp-9.4.7.v20170914.jar:/Users/vathunyoo/.capsule/apps/net.corda.webserver.WebServer_3.3-corda/jetty-servlet-9.4.7.v20170914.jar:/Users/vathunyoo/.capsule/apps/net.corda.webserver.WebServer_3.3-corda/jersey-container-jetty-http-2.25.jar:/Users/vathunyoo/.capsule/apps/net.corda.webserver.WebServer_3.3-corda/jetty-security-9.4.7.v20170914.jar:/Users/vathunyoo/.capsule/apps/net.corda.webserver.WebServer_3.3-corda/jetty-server-9.4.7.v20170914.jar:/Users/vathunyoo/.capsule/apps/net.corda.webserver.WebServer_3.3-corda/javax.servlet-api-3.1.0.jar:/Users/vathunyoo/.capsule/apps/net.corda.webserver.WebServer_3.3-corda/commons-fileupload-1.3.3.jar:/Users/vathunyoo/.capsule/apps/net.corda.webserver.WebServer_3.3-corda/log4j-slf4j-impl-2.9.1.jar:/Users/vathunyoo/.capsule/apps/net.corda.webserver.WebServer_3.3-corda/log4j-core-2.9.1.jar:/Users/vathunyoo/.capsule/apps/net.corda.webserver.WebServer_3.3-corda/jopt-simple-5.0.2.jar:/Users/vathunyoo/.capsule/apps/net.corda.webserver.WebServer_3.3-corda/jetty-continuation-9.4.7.v20170914.jar:/Users/vathunyoo/.capsule/apps/net.corda.webserver.WebServer_3.3-corda/jersey-container-servlet-2.25.jar:/Users/vathunyoo/.capsule/apps/net.corda.webserver.WebServer_3.3-corda/jersey-container-servlet-core-2.25.jar:/Users/vathunyoo/.capsule/apps/net.corda.webserver.WebServer_3.3-corda/jersey-server-2.25.jar:/Users/vathunyoo/.capsule/apps/net.corda.webserver.WebServer_3.3-corda/jersey-media-json-jackson-2.25.jar:/Users/vathunyoo/.capsule/apps/net.corda.webserver.WebServer_3.3-corda/kotlinx-html-jvm-0.6.3.jar:/Users/vathunyoo/.capsule/apps/net.corda.webserver.WebServer_3.3-corda/kotlin-stdlib-jre8-1.1.60.jar:/Users/vathunyoo/.capsule/apps/net.corda.webserver.WebServer_3.3-corda/jackson-module-kotlin-2.9.2.jar:/Users/vathunyoo/.capsule/apps/net.corda.webserver.WebServer_3.3-corda/kotlin-reflect-1.1.60.jar:/Users/vathunyoo/.capsule/apps/net.corda.webserver.WebServer_3.3-corda/cordform-common-3.2.1.jar:/Users/vathunyoo/.capsule/apps/net.corda.webserver.WebServer_3.3-corda/jsr305-3.0.2.jar:/Users/vathunyoo/.capsule/apps/net.corda.webserver.WebServer_3.3-corda/jcl-over-slf4j-1.7.25.jar:/Users/vathunyoo/.capsule/apps/net.corda.webserver.WebServer_3.3-corda/slf4j-api-1.7.25.jar:/Users/vathunyoo/.capsule/apps/net.corda.webserver.WebServer_3.3-corda/rxjava-1.2.4.jar:/Users/vathunyoo/.capsule/apps/net.corda.webserver.WebServer_3.3-corda/commons-jexl3-3.0.jar:/Users/vathunyoo/.capsule/apps/net.corda.webserver.WebServer_3.3-corda/jackson-datatype-jsr310-2.9.2.jar:/Users/vathunyoo/.capsule/apps/net.corda.webserver.WebServer_3.3-corda/jackson-jaxrs-json-provider-2.8.4.jar:/Users/vathunyoo/.capsule/apps/net.corda.webserver.WebServer_3.3-corda/jackson-jaxrs-base-2.8.4.jar:/Users/vathunyoo/.capsule/apps/net.corda.webserver.WebServer_3.3-corda/jackson-module-jaxb-annotations-2.8.4.jar:/Users/vathunyoo/.capsule/apps/net.corda.webserver.WebServer_3.3-corda/jackson-databind-2.9.2.jar:/Users/vathunyoo/.capsule/apps/net.corda.webserver.WebServer_3.3-corda/eddsa-0.2.0.jar:/Users/vathunyoo/.capsule/apps/net.corda.webserver.WebServer_3.3-corda/bcpkix-jdk15on-1.57.jar:/Users/vathunyoo/.capsule/apps/net.corda.webserver.WebServer_3.3-corda/bcprov-jdk15on-1.57.jar:/Users/vathunyoo/.capsule/apps/net.corda.webserver.WebServer_3.3-corda/hibernate-core-5.2.6.Final.jar:/Users/vathunyoo/.capsule/apps/net.corda.webserver.WebServer_3.3-corda/hibernate-jpa-2.1-api-1.0.0.Final.jar:/Users/vathunyoo/.capsule/apps/net.corda.webserver.WebServer_3.3-corda/quasar-core-0.7.9-jdk8.jar:/Users/vathunyoo/.capsule/apps/net.corda.webserver.WebServer_3.3-corda/jackson-dataformat-yaml-2.9.2.jar:/Users/vathunyoo/.capsule/apps/net.corda.webserver.WebServer_3.3-corda/artemis-core-client-2.2.0.jar:/Users/vathunyoo/.capsule/apps/net.corda.webserver.WebServer_3.3-corda/artemis-commons-2.2.0.jar:/Users/vathunyoo/.capsule/apps/net.corda.webserver.WebServer_3.3-corda/guava-21.0.jar:/Users/vathunyoo/.capsule/apps/net.corda.webserver.WebServer_3.3-corda/jetty-xml-9.4.7.v20170914.jar:/Users/vathunyoo/.capsule/apps/net.corda.webserver.WebServer_3.3-corda/commons-io-2.2.jar:/Users/vathunyoo/.capsule/apps/net.corda.webserver.WebServer_3.3-corda/log4j-api-2.9.1.jar:/Users/vathunyoo/.capsule/apps/net.corda.webserver.WebServer_3.3-corda/jersey-client-2.25.jar:/Users/vathunyoo/.capsule/apps/net.corda.webserver.WebServer_3.3-corda/jersey-media-jaxb-2.25.jar:/Users/vathunyoo/.capsule/apps/net.corda.webserver.WebServer_3.3-corda/jersey-common-2.25.jar:/Users/vathunyoo/.capsule/apps/net.corda.webserver.WebServer_3.3-corda/jersey-entity-filtering-2.25.jar:/Users/vathunyoo/.capsule/apps/net.corda.webserver.WebServer_3.3-corda/javax.ws.rs-api-2.0.1.jar:/Users/vathunyoo/.capsule/apps/net.corda.webserver.WebServer_3.3-corda/javax.annotation-api-1.2.jar:/Users/vathunyoo/.capsule/apps/net.corda.webserver.WebServer_3.3-corda/hk2-locator-2.5.0-b30.jar:/Users/vathunyoo/.capsule/apps/net.corda.webserver.WebServer_3.3-corda/hk2-api-2.5.0-b30.jar:/Users/vathunyoo/.capsule/apps/net.corda.webserver.WebServer_3.3-corda/javax.inject-2.5.0-b30.jar:/Users/vathunyoo/.capsule/apps/net.corda.webserver.WebServer_3.3-corda/validation-api-1.1.0.Final.jar:/Users/vathunyoo/.capsule/apps/net.corda.webserver.WebServer_3.3-corda/jetty-http-9.4.7.v20170914.jar:/Users/vathunyoo/.capsule/apps/net.corda.webserver.WebServer_3.3-corda/jetty-io-9.4.7.v20170914.jar:/Users/vathunyoo/.capsule/apps/net.corda.webserver.WebServer_3.3-corda/jetty-util-9.4.7.v20170914.jar:/Users/vathunyoo/.capsule/apps/net.corda.webserver.WebServer_3.3-corda/jackson-annotations-2.9.0.jar:/Users/vathunyoo/.capsule/apps/net.corda.webserver.WebServer_3.3-corda/kotlin-stdlib-jre7-1.1.60.jar:/Users/vathunyoo/.capsule/apps/net.corda.webserver.WebServer_3.3-corda/kotlin-stdlib-1.1.60.jar:/Users/vathunyoo/.capsule/apps/net.corda.webserver.WebServer_3.3-corda/jackson-core-2.9.2.jar:/Users/vathunyoo/.capsule/apps/net.corda.webserver.WebServer_3.3-corda/hibernate-commons-annotations-5.0.1.Final.jar:/Users/vathunyoo/.capsule/apps/net.corda.webserver.WebServer_3.3-corda/jboss-logging-3.3.0.Final.jar:/Users/vathunyoo/.capsule/apps/net.corda.webserver.WebServer_3.3-corda/javassist-3.20.0-GA.jar:/Users/vathunyoo/.capsule/apps/net.corda.webserver.WebServer_3.3-corda/antlr-2.7.7.jar:/Users/vathunyoo/.capsule/apps/net.corda.webserver.WebServer_3.3-corda/geronimo-jta_1.1_spec-1.1.1.jar:/Users/vathunyoo/.capsule/apps/net.corda.webserver.WebServer_3.3-corda/jandex-2.0.3.Final.jar:/Users/vathunyoo/.capsule/apps/net.corda.webserver.WebServer_3.3-corda/classmate-1.3.0.jar:/Users/vathunyoo/.capsule/apps/net.corda.webserver.WebServer_3.3-corda/dom4j-1.6.1.jar:/Users/vathunyoo/.capsule/apps/net.corda.webserver.WebServer_3.3-corda/cdi-api-1.1.jar:/Users/vathunyoo/.capsule/apps/net.corda.webserver.WebServer_3.3-corda/commons-collections4-4.1.jar:/Users/vathunyoo/.capsule/apps/net.corda.webserver.WebServer_3.3-corda/commons-beanutils-1.9.3.jar:/Users/vathunyoo/.capsule/apps/net.corda.webserver.WebServer_3.3-corda/config-1.3.1.jar:/Users/vathunyoo/.capsule/apps/net.corda.webserver.WebServer_3.3-corda/kryo-serializers-0.41.jar:/Users/vathunyoo/.capsule/apps/net.corda.webserver.WebServer_3.3-corda/kryo-4.0.0.jar:/Users/vathunyoo/.capsule/apps/net.corda.webserver.WebServer_3.3-corda/proton-j-0.21.0.jar:/Users/vathunyoo/.capsule/apps/net.corda.webserver.WebServer_3.3-corda/fast-classpath-scanner-2.12.3.jar:/Users/vathunyoo/.capsule/apps/net.corda.webserver.WebServer_3.3-corda/snakeyaml-1.18.jar:/Users/vathunyoo/.capsule/apps/net.corda.webserver.WebServer_3.3-corda/jersey-guava-2.25.jar:/Users/vathunyoo/.capsule/apps/net.corda.webserver.WebServer_3.3-corda/osgi-resource-locator-1.0.1.jar:/Users/vathunyoo/.capsule/apps/net.corda.webserver.WebServer_3.3-corda/hk2-utils-2.5.0-b30.jar:/Users/vathunyoo/.capsule/apps/net.corda.webserver.WebServer_3.3-corda/aopalliance-repackaged-2.5.0-b30.jar:/Users/vathunyoo/.capsule/apps/net.corda.webserver.WebServer_3.3-corda/el-api-2.2.jar:/Users/vathunyoo/.capsule/apps/net.corda.webserver.WebServer_3.3-corda/jboss-interceptors-api_1.1_spec-1.0.0.Beta1.jar:/Users/vathunyoo/.capsule/apps/net.corda.webserver.WebServer_3.3-corda/jsr250-api-1.0.jar:/Users/vathunyoo/.capsule/apps/net.corda.webserver.WebServer_3.3-corda/javax.inject-1.jar:/Users/vathunyoo/.capsule/apps/net.corda.webserver.WebServer_3.3-corda/commons-collections-3.2.2.jar:/Users/vathunyoo/.capsule/apps/net.corda.webserver.WebServer_3.3-corda/jgroups-3.6.13.Final.jar:/Users/vathunyoo/.capsule/apps/net.corda.webserver.WebServer_3.3-corda/netty-all-4.1.9.Final.jar:/Users/vathunyoo/.capsule/apps/net.corda.webserver.WebServer_3.3-corda/geronimo-json_1.0_spec-1.0-alpha-1.jar:/Users/vathunyoo/.capsule/apps/net.corda.webserver.WebServer_3.3-corda/johnzon-core-0.9.5.jar:/Users/vathunyoo/.capsule/apps/net.corda.webserver.WebServer_3.3-corda/reflectasm-1.11.3.jar:/Users/vathunyoo/.capsule/apps/net.corda.webserver.WebServer_3.3-corda/minlog-1.3.0.jar:/Users/vathunyoo/.capsule/apps/net.corda.webserver.WebServer_3.3-corda/objenesis-2.2.jar:/Users/vathunyoo/.capsule/apps/net.corda.webserver.WebServer_3.3-corda/asm-5.0.4.jar:/Users/vathunyoo/.capsule/apps/net.corda.webserver.WebServer_3.3-corda/annotations-13.0.jar:/Users/vathunyoo/.capsule/apps/net.corda.webserver.WebServer_3.3-corda/corda-webserver-impl-3.3-corda.jar:/Users/vathunyoo/Desktop/GitHub/Senior_project/kotlin-source/build/nodes/PartyB/cordapps/corda-finance-3.3-corda.jar:/Users/vathunyoo/Desktop/GitHub/Senior_project/kotlin-source/build/nodes/PartyB/cordapps/cordapp-example-0.1.jar:drivers/jolokia-jvm-1.3.7-agent.jar:/Users/vathunyoo/.capsule/apps/net.corda.webserver.WebServer_3.3-corda/quasar-core-0.7.9-jdk8.jar {}
[INFO ] 2019-04-28T11:16:27,010Z [main] Main.main - VM Java HotSpot(TM) 64-Bit Server VM Oracle Corporation 25.201-b09 {}
[INFO ] 2019-04-28T11:16:27,011Z [main] Main.main - Machine: Vathunyoos-MacBook-Pro.local {}
[INFO ] 2019-04-28T11:16:27,012Z [main] Main.main - Working Directory: /Users/vathunyoo/Desktop/GitHub/Senior_project/kotlin-source/build/nodes/PartyB {}
[INFO ] 2019-04-28T11:16:33,960Z [main] Main.main - Starting as webserver on localhost:10012 {}
[INFO ] 2019-04-28T11:16:34,469Z [main] BasicInfo.logAndMaybePrint - Starting as webserver: localhost:10012 {}
[WARN ] 2019-04-28T11:16:35,997Z [main] internal.config.defaultToOldPath - Config key user has been deprecated and will be removed in a future release. Use username instead {}
[INFO ] 2019-04-28T11:16:36,054Z [main] internal.NodeWebServer.connectLocalRpcAsNodeUser - Connecting to node at localhost:10011 as User(user1, permissions=[ALL]) {}
[INFO ] 2019-04-28T11:16:44,073Z [main] internal.RPCClient.logElapsedTime - Startup took 5647 msec {}
[WARN ] 2019-04-28T11:16:45,078Z [main] internal.config.defaultToOldPath - Config key user has been deprecated and will be removed in a future release. Use username instead {}
[INFO ] 2019-04-28T11:16:45,078Z [main] internal.NodeWebServer.connectLocalRpcAsNodeUser - Connecting to node at localhost:10011 as User(user1, permissions=[ALL]) {}
[INFO ] 2019-04-28T11:16:45,083Z [main] internal.RPCClient.logElapsedTime - Startup took 4 msec {}
[WARN ] 2019-04-28T11:16:46,087Z [main] internal.config.defaultToOldPath - Config key user has been deprecated and will be removed in a future release. Use username instead {}
[INFO ] 2019-04-28T11:16:46,088Z [main] internal.NodeWebServer.connectLocalRpcAsNodeUser - Connecting to node at localhost:10011 as User(user1, permissions=[ALL]) {}
[INFO ] 2019-04-28T11:16:46,091Z [main] internal.RPCClient.logElapsedTime - Startup took 3 msec {}
[WARN ] 2019-04-28T11:16:47,094Z [main] internal.config.defaultToOldPath - Config key user has been deprecated and will be removed in a future release. Use username instead {}
[INFO ] 2019-04-28T11:16:47,096Z [main] internal.NodeWebServer.connectLocalRpcAsNodeUser - Connecting to node at localhost:10011 as User(user1, permissions=[ALL]) {}
[INFO ] 2019-04-28T11:16:47,099Z [main] internal.RPCClient.logElapsedTime - Startup took 2 msec {}
[WARN ] 2019-04-28T11:16:48,100Z [main] internal.config.defaultToOldPath - Config key user has been deprecated and will be removed in a future release. Use username instead {}
[INFO ] 2019-04-28T11:16:48,100Z [main] internal.NodeWebServer.connectLocalRpcAsNodeUser - Connecting to node at localhost:10011 as User(user1, permissions=[ALL]) {}
[INFO ] 2019-04-28T11:16:48,104Z [main] internal.RPCClient.logElapsedTime - Startup took 2 msec {}
[WARN ] 2019-04-28T11:16:49,104Z [main] internal.config.defaultToOldPath - Config key user has been deprecated and will be removed in a future release. Use username instead {}
[INFO ] 2019-04-28T11:16:49,105Z [main] internal.NodeWebServer.connectLocalRpcAsNodeUser - Connecting to node at localhost:10011 as User(user1, permissions=[ALL]) {}
[INFO ] 2019-04-28T11:16:49,108Z [main] internal.RPCClient.logElapsedTime - Startup took 2 msec {}
[WARN ] 2019-04-28T11:16:50,111Z [main] internal.config.defaultToOldPath - Config key user has been deprecated and will be removed in a future release. Use username instead {}
[INFO ] 2019-04-28T11:16:50,112Z [main] internal.NodeWebServer.connectLocalRpcAsNodeUser - Connecting to node at localhost:10011 as User(user1, permissions=[ALL]) {}
[INFO ] 2019-04-28T11:16:50,115Z [main] internal.RPCClient.logElapsedTime - Startup took 2 msec {}
[WARN ] 2019-04-28T11:16:51,115Z [main] internal.config.defaultToOldPath - Config key user has been deprecated and will be removed in a future release. Use username instead {}
[INFO ] 2019-04-28T11:16:51,116Z [main] internal.NodeWebServer.connectLocalRpcAsNodeUser - Connecting to node at localhost:10011 as User(user1, permissions=[ALL]) {}
[INFO ] 2019-04-28T11:17:03,874Z [main] internal.RPCClient.logElapsedTime - Startup took 12758 msec {}
[INFO ] 2019-04-28T11:17:03,902Z [main] util.log.initialized - Logging initialized @59795ms to org.eclipse.jetty.util.log.Slf4jLog {}
[INFO ] 2019-04-28T11:17:07,324Z [main] internal.NodeWebServer.buildServletContextHandler - Add plugin web API from attachment com.example.plugin.ExamplePluginKt$sam$Function$b90e2006@64dfa1a3 {}
[INFO ] 2019-04-28T11:17:08,300Z [main] server.Server.doStart - jetty-9.4.7.v20170914 {}
[INFO ] 2019-04-28T11:17:09,779Z [main] handler.ContextHandler.doStart - Started o.e.j.s.ServletContextHandler@7e7f72{/,null,AVAILABLE} {}
[INFO ] 2019-04-28T11:17:09,798Z [main] server.AbstractConnector.doStart - Started ServerConnector@608c03e3{HTTP/1.1,[http/1.1]}{0.0.0.0:10012} {}
[INFO ] 2019-04-28T11:17:09,798Z [main] server.Server.doStart - Started @65694ms {}
[INFO ] 2019-04-28T11:17:09,798Z [main] internal.NodeWebServer.initWebServer - Starting webserver on address localhost:10012 {}
