[INFO ] 2019-05-27T17:17:23,490Z [main] manifests.Manifests.info - 111 attributes loaded from 124 stream(s) in 4s, 111 saved, 1959 ignored: ["ActiveMQ-Version", "Agent-Class", "Ant-Version", "Application-Class", "Application-Library-Allowable-Codebase", "Application-Name", "Application-Version", "Archiver-Version", "Automatic-Module-Name", "Bnd-LastModified", "Branch", "Build-Date", "Build-Host", "Build-Id", "Build-Java-Version", "Build-Jdk", "Build-Job", "Build-Number", "Build-Timestamp", "Built-By", "Built-OS", "Built-Status", "Bundle-Activator", "Bundle-Category", "Bundle-ClassPath", "Bundle-Copyright", "Bundle-Description", "Bundle-DocURL", "Bundle-License", "Bundle-ManifestVersion", "Bundle-Name", "Bundle-RequiredExecutionEnvironment", "Bundle-SymbolicName", "Bundle-Vendor", "Bundle-Version", "Caller-Allowable-Codebase", "Can-Redefine-Classes", "Can-Retransform-Classes", "Can-Set-Native-Method-Prefix", "Caplets", "Change", "Codebase", "Corda-Platform-Version", "Corda-Release-Version", "Corda-Revision", "Corda-Vendor", "Created-By", "DynamicImport-Package", "Eclipse-BuddyPolicy", "Eclipse-LazyStart", "Export-Package", "Extension-Name", "Fragment-Host", "Gradle-Version", "Ignore-Package", "Implementation-Build", "Implementation-Build-Date", "Implementation-Title", "Implementation-URL", "Implementation-Url", "Implementation-Vendor", "Implementation-Vendor-Id", "Implementation-Version", "Import-Package", "Include-Resource", "JCabi-Build", "JCabi-Date", "JCabi-Version", "JVM-Args", "Java-Agents", "Java-Vendor", "Java-Version", "Kotlin-Runtime-Component", "Kotlin-Version", "Log4jReleaseKey", "Log4jReleaseManager", "Log4jReleaseVersion", "Main-Class", "Main-class", "Manifest-Version", "Min-Java-Version", "Min-Update-Version", "Module-Email", "Module-Origin", "Module-Owner", "Module-Source", "Multi-Release", "Originally-Created-By", "Os-Arch", "Os-Name", "Os-Version", "Package", "Permissions", "Premain-Class", "Private-Package", "Provide-Capability", "Require-Capability", "SCM-Revision", "SCM-url", "Scm-Connection", "Scm-Revision", "Scm-Url", "Service-Component", "Specification-Title", "Specification-Vendor", "Specification-Version", "System-Properties", "Tool", "Trusted-Library", "X-Compile-Source-JDK", "X-Compile-Target-JDK"] {}
[INFO ] 2019-05-27T17:17:23,866Z [main] BasicInfo.printBasicNodeInfo - Logs can be found in                    : /Users/vathunyoo/Desktop/GitHub/Senior_project/kotlin-source/build/nodes/PartyB/logs {}
[INFO ] 2019-05-27T17:17:24,232Z [main] config.ConfigHelper.loadConfig - Config:
{
    # reference.conf @ jar:file:/Users/vathunyoo/Desktop/GitHub/Senior_project/kotlin-source/build/nodes/PartyB/corda.jar!/reference.conf: 20
    "activeMQServer" : {
        # reference.conf @ jar:file:/Users/vathunyoo/Desktop/GitHub/Senior_project/kotlin-source/build/nodes/PartyB/corda.jar!/reference.conf: 21
        "bridge" : {
            # reference.conf @ jar:file:/Users/vathunyoo/Desktop/GitHub/Senior_project/kotlin-source/build/nodes/PartyB/corda.jar!/reference.conf: 24
            "maxRetryIntervalMin" : 3,
            # reference.conf @ jar:file:/Users/vathunyoo/Desktop/GitHub/Senior_project/kotlin-source/build/nodes/PartyB/corda.jar!/reference.conf: 22
            "retryIntervalMs" : 5000,
            # reference.conf @ jar:file:/Users/vathunyoo/Desktop/GitHub/Senior_project/kotlin-source/build/nodes/PartyB/corda.jar!/reference.conf: 23
            "retryIntervalMultiplier" : 1.5
        }
    },
    # hardcoded value
    "baseDirectory" : "/Users/vathunyoo/Desktop/GitHub/Senior_project/kotlin-source/build/nodes/PartyB",
    # merge of reference.conf @ jar:file:/Users/vathunyoo/Desktop/GitHub/Senior_project/kotlin-source/build/nodes/PartyB/corda.jar!/reference.conf: 6,reference.conf @ jar:file:/Users/vathunyoo/Desktop/GitHub/Senior_project/kotlin-source/build/nodes/.cache/apps/net.corda.node.Corda_3.3-corda/corda-node-3.3-corda.jar!/reference.conf: 6
    "dataSourceProperties" : {
        # reference.conf @ jar:file:/Users/vathunyoo/Desktop/GitHub/Senior_project/kotlin-source/build/nodes/PartyB/corda.jar!/reference.conf: 10
        "dataSource.password" : "",
        # merge of reference.conf @ jar:file:/Users/vathunyoo/Desktop/GitHub/Senior_project/kotlin-source/build/nodes/PartyB/corda.jar!/reference.conf: 8,hardcoded value,reference.conf @ jar:file:/Users/vathunyoo/Desktop/GitHub/Senior_project/kotlin-source/build/nodes/PartyB/corda.jar!/reference.conf: 8,reference.conf @ jar:file:/Users/vathunyoo/Desktop/GitHub/Senior_project/kotlin-source/build/nodes/PartyB/corda.jar!/reference.conf: 17
        "dataSource.url" : "jdbc:h2:file:/Users/vathunyoo/Desktop/GitHub/Senior_project/kotlin-source/build/nodes/PartyB/persistence;DB_CLOSE_ON_EXIT=FALSE;LOCK_TIMEOUT=10000;WRITE_DELAY=100;AUTO_SERVER_PORT=0",
        # reference.conf @ jar:file:/Users/vathunyoo/Desktop/GitHub/Senior_project/kotlin-source/build/nodes/PartyB/corda.jar!/reference.conf: 9
        "dataSource.user" : "sa",
        # reference.conf @ jar:file:/Users/vathunyoo/Desktop/GitHub/Senior_project/kotlin-source/build/nodes/PartyB/corda.jar!/reference.conf: 7
        "dataSourceClassName" : "org.h2.jdbcx.JdbcDataSource"
    },
    # reference.conf @ jar:file:/Users/vathunyoo/Desktop/GitHub/Senior_project/kotlin-source/build/nodes/PartyB/corda.jar!/reference.conf: 12
    "database" : {
        # reference.conf @ jar:file:/Users/vathunyoo/Desktop/GitHub/Senior_project/kotlin-source/build/nodes/PartyB/corda.jar!/reference.conf: 14
        "exportHibernateJMXStatistics" : "false",
        # reference.conf @ jar:file:/Users/vathunyoo/Desktop/GitHub/Senior_project/kotlin-source/build/nodes/PartyB/corda.jar!/reference.conf: 13
        "transactionIsolationLevel" : "REPEATABLE_READ"
    },
    # reference.conf @ jar:file:/Users/vathunyoo/Desktop/GitHub/Senior_project/kotlin-source/build/nodes/PartyB/corda.jar!/reference.conf: 16
    "devMode" : true,
    # reference.conf @ jar:file:/Users/vathunyoo/Desktop/GitHub/Senior_project/kotlin-source/build/nodes/PartyB/corda.jar!/reference.conf: 2
    "emailAddress" : "admin@company.com",
    # reference.conf @ jar:file:/Users/vathunyoo/Desktop/GitHub/Senior_project/kotlin-source/build/nodes/PartyB/corda.jar!/reference.conf: 3
    "exportJMXto" : "http",
    # reference.conf @ jar:file:/Users/vathunyoo/Desktop/GitHub/Senior_project/kotlin-source/build/nodes/PartyB/corda.jar!/reference.conf: 31
    "flowTimeout" : {
        # reference.conf @ jar:file:/Users/vathunyoo/Desktop/GitHub/Senior_project/kotlin-source/build/nodes/PartyB/corda.jar!/reference.conf: 34
        "backoffBase" : 1.8,
        # reference.conf @ jar:file:/Users/vathunyoo/Desktop/GitHub/Senior_project/kotlin-source/build/nodes/PartyB/corda.jar!/reference.conf: 33
        "maxRestartCount" : 5,
        # reference.conf @ jar:file:/Users/vathunyoo/Desktop/GitHub/Senior_project/kotlin-source/build/nodes/PartyB/corda.jar!/reference.conf: 32
        "timeout" : "30 seconds"
    },
    # reference.conf @ jar:file:/Users/vathunyoo/Desktop/GitHub/Senior_project/kotlin-source/build/nodes/PartyB/corda.jar!/reference.conf: 17
    "h2port" : 0,
    # reference.conf @ jar:file:/Users/vathunyoo/Desktop/GitHub/Senior_project/kotlin-source/build/nodes/PartyB/corda.jar!/reference.conf: 4
    "keyStorePassword" : "cordacadevpass",
    # /Users/vathunyoo/Desktop/GitHub/Senior_project/kotlin-source/build/nodes/PartyB/node.conf: 1
    "myLegalName" : "O=PartyB,L=New York,C=US",
    # hardcoded value
    "noLocalShell" : false,
    # /Users/vathunyoo/Desktop/GitHub/Senior_project/kotlin-source/build/nodes/PartyB/node.conf: 2
    "p2pAddress" : "localhost:10010",
    # merge of /Users/vathunyoo/Desktop/GitHub/Senior_project/kotlin-source/build/nodes/PartyB/node.conf: 3,reference.conf @ jar:file:/Users/vathunyoo/Desktop/GitHub/Senior_project/kotlin-source/build/nodes/PartyB/corda.jar!/reference.conf: 27
    "rpcSettings" : {
        # /Users/vathunyoo/Desktop/GitHub/Senior_project/kotlin-source/build/nodes/PartyB/node.conf: 4
        "address" : "localhost:10011",
        # /Users/vathunyoo/Desktop/GitHub/Senior_project/kotlin-source/build/nodes/PartyB/node.conf: 5
        "adminAddress" : "localhost:10051",
        # reference.conf @ jar:file:/Users/vathunyoo/Desktop/GitHub/Senior_project/kotlin-source/build/nodes/PartyB/corda.jar!/reference.conf: 29
        "standAloneBroker" : false,
        # reference.conf @ jar:file:/Users/vathunyoo/Desktop/GitHub/Senior_project/kotlin-source/build/nodes/PartyB/corda.jar!/reference.conf: 28
        "useSsl" : false
    },
    # /Users/vathunyoo/Desktop/GitHub/Senior_project/kotlin-source/build/nodes/PartyB/node.conf: 7
    "rpcUsers" : [
        # /Users/vathunyoo/Desktop/GitHub/Senior_project/kotlin-source/build/nodes/PartyB/node.conf: 8
        {
            # /Users/vathunyoo/Desktop/GitHub/Senior_project/kotlin-source/build/nodes/PartyB/node.conf: 9
            "password" : "test",
            # /Users/vathunyoo/Desktop/GitHub/Senior_project/kotlin-source/build/nodes/PartyB/node.conf: 10
            "permissions" : [
                # /Users/vathunyoo/Desktop/GitHub/Senior_project/kotlin-source/build/nodes/PartyB/node.conf: 11
                "ALL"
            ],
            # /Users/vathunyoo/Desktop/GitHub/Senior_project/kotlin-source/build/nodes/PartyB/node.conf: 13
            "user" : "user1"
        }
    ],
    # reference.conf @ jar:file:/Users/vathunyoo/Desktop/GitHub/Senior_project/kotlin-source/build/nodes/PartyB/corda.jar!/reference.conf: 5
    "trustStorePassword" : "trustpass",
    # reference.conf @ jar:file:/Users/vathunyoo/Desktop/GitHub/Senior_project/kotlin-source/build/nodes/PartyB/corda.jar!/reference.conf: 18
    "useTestClock" : false,
    # reference.conf @ jar:file:/Users/vathunyoo/Desktop/GitHub/Senior_project/kotlin-source/build/nodes/PartyB/corda.jar!/reference.conf: 19
    "verifierType" : "InMemory",
    # /Users/vathunyoo/Desktop/GitHub/Senior_project/kotlin-source/build/nodes/PartyB/node.conf: 16
    "webAddress" : "localhost:10012"
}
 {}
[WARN ] 2019-05-27T17:17:26,496Z [main] internal.config.defaultToOldPath - Config key user has been deprecated and will be removed in a future release. Use username instead {}
[INFO ] 2019-05-27T17:17:26,675Z [main] internal.Node.logStartupInfo - Vendor: Corda Open Source {}
[INFO ] 2019-05-27T17:17:26,675Z [main] internal.Node.logStartupInfo - Release: 3.3-corda {}
[INFO ] 2019-05-27T17:17:26,675Z [main] internal.Node.logStartupInfo - Platform Version: 3 {}
[INFO ] 2019-05-27T17:17:26,675Z [main] internal.Node.logStartupInfo - Revision: c834162cd488784a0412bba4c9e638da89912ac2 {}
[INFO ] 2019-05-27T17:17:26,679Z [main] internal.Node.logStartupInfo - PID: 50255 {}
[INFO ] 2019-05-27T17:17:26,679Z [main] internal.Node.logStartupInfo - Main class: /Users/vathunyoo/Desktop/GitHub/Senior_project/kotlin-source/build/nodes/.cache/apps/net.corda.node.Corda_3.3-corda/corda-node-3.3-corda.jar {}
[INFO ] 2019-05-27T17:17:26,679Z [main] internal.Node.logStartupInfo - CommandLine Args: -Xmx200m -XX:+UseG1GC -javaagent:/Users/vathunyoo/Desktop/GitHub/Senior_project/kotlin-source/build/nodes/.cache/apps/net.corda.node.Corda_3.3-corda/quasar-core-0.7.9-jdk8.jar=x(antlr**;bftsmart**;ch**;co.paralleluniverse**;com.codahale**;com.esotericsoftware**;com.fasterxml**;com.google**;com.ibm**;com.intellij**;com.jcabi**;com.nhaarman**;com.opengamma**;com.typesafe**;com.zaxxer**;de.javakaffee**;groovy**;groovyjarjarantlr**;groovyjarjarasm**;io.atomix**;io.github**;io.netty**;jdk**;joptsimple**;junit**;kotlin**;net.bytebuddy**;net.i2p**;org.apache**;org.assertj**;org.bouncycastle**;org.codehaus**;org.crsh**;org.dom4j**;org.fusesource**;org.h2**;org.hamcrest**;org.hibernate**;org.jboss**;org.jcp**;org.joda**;org.junit**;org.mockito**;org.objectweb**;org.objenesis**;org.slf4j**;org.w3c**;org.xml**;org.yaml**;reflectasm**;rx**;org.jolokia**) -Dvisualvm.display.name=Corda -Djava.library.path=/Users/vathunyoo/Library/Java/Extensions:/Library/Java/Extensions:/Network/Library/Java/Extensions:/System/Library/Java/Extensions:/usr/lib/java:/Users/vathunyoo/Desktop/GitHub/Senior_project/kotlin-source/build/nodes/.cache/apps/net.corda.node.Corda_3.3-corda -Dcapsule.app=net.corda.node.Corda_3.3-corda -Dcapsule.dir=/Users/vathunyoo/Desktop/GitHub/Senior_project/kotlin-source/build/nodes/.cache/apps/net.corda.node.Corda_3.3-corda -Dcapsule.jar=/Users/vathunyoo/Desktop/GitHub/Senior_project/kotlin-source/build/nodes/PartyB/corda.jar {}
[INFO ] 2019-05-27T17:17:26,680Z [main] internal.Node.logStartupInfo - Application Args: --just-generate-node-info {}
[INFO ] 2019-05-27T17:17:26,680Z [main] internal.Node.logStartupInfo - bootclasspath: /Library/Java/JavaVirtualMachines/jdk1.8.0_201.jdk/Contents/Home/jre/lib/resources.jar:/Library/Java/JavaVirtualMachines/jdk1.8.0_201.jdk/Contents/Home/jre/lib/rt.jar:/Library/Java/JavaVirtualMachines/jdk1.8.0_201.jdk/Contents/Home/jre/lib/sunrsasign.jar:/Library/Java/JavaVirtualMachines/jdk1.8.0_201.jdk/Contents/Home/jre/lib/jsse.jar:/Library/Java/JavaVirtualMachines/jdk1.8.0_201.jdk/Contents/Home/jre/lib/jce.jar:/Library/Java/JavaVirtualMachines/jdk1.8.0_201.jdk/Contents/Home/jre/lib/charsets.jar:/Library/Java/JavaVirtualMachines/jdk1.8.0_201.jdk/Contents/Home/jre/lib/jfr.jar:/Library/Java/JavaVirtualMachines/jdk1.8.0_201.jdk/Contents/Home/jre/classes {}
[INFO ] 2019-05-27T17:17:26,680Z [main] internal.Node.logStartupInfo - classpath: /Users/vathunyoo/Desktop/GitHub/Senior_project/kotlin-source/build/nodes/PartyB/corda.jar:/Users/vathunyoo/Desktop/GitHub/Senior_project/kotlin-source/build/nodes/.cache/apps/net.corda.node.Corda_3.3-corda/corda-rpc-3.3-corda.jar:/Users/vathunyoo/Desktop/GitHub/Senior_project/kotlin-source/build/nodes/.cache/apps/net.corda.node.Corda_3.3-corda/corda-node-api-3.3-corda.jar:/Users/vathunyoo/Desktop/GitHub/Senior_project/kotlin-source/build/nodes/.cache/apps/net.corda.node.Corda_3.3-corda/corda-confidential-identities-3.3-corda.jar:/Users/vathunyoo/Desktop/GitHub/Senior_project/kotlin-source/build/nodes/.cache/apps/net.corda.node.Corda_3.3-corda/cordform-common-3.2.1.jar:/Users/vathunyoo/Desktop/GitHub/Senior_project/kotlin-source/build/nodes/.cache/apps/net.corda.node.Corda_3.3-corda/log4j-slf4j-impl-2.9.1.jar:/Users/vathunyoo/Desktop/GitHub/Senior_project/kotlin-source/build/nodes/.cache/apps/net.corda.node.Corda_3.3-corda/log4j-web-2.9.1.jar:/Users/vathunyoo/Desktop/GitHub/Senior_project/kotlin-source/build/nodes/.cache/apps/net.corda.node.Corda_3.3-corda/jul-to-slf4j-1.7.25.jar:/Users/vathunyoo/Desktop/GitHub/Senior_project/kotlin-source/build/nodes/.cache/apps/net.corda.node.Corda_3.3-corda/corda-jackson-3.3-corda.jar:/Users/vathunyoo/Desktop/GitHub/Senior_project/kotlin-source/build/nodes/.cache/apps/net.corda.node.Corda_3.3-corda/corda-core-3.3-corda.jar:/Users/vathunyoo/Desktop/GitHub/Senior_project/kotlin-source/build/nodes/.cache/apps/net.corda.node.Corda_3.3-corda/kotlin-stdlib-jre8-1.1.60.jar:/Users/vathunyoo/Desktop/GitHub/Senior_project/kotlin-source/build/nodes/.cache/apps/net.corda.node.Corda_3.3-corda/jackson-module-kotlin-2.9.2.jar:/Users/vathunyoo/Desktop/GitHub/Senior_project/kotlin-source/build/nodes/.cache/apps/net.corda.node.Corda_3.3-corda/kotlin-reflect-1.1.60.jar:/Users/vathunyoo/Desktop/GitHub/Senior_project/kotlin-source/build/nodes/.cache/apps/net.corda.node.Corda_3.3-corda/jimfs-1.1.jar:/Users/vathunyoo/Desktop/GitHub/Senior_project/kotlin-source/build/nodes/.cache/apps/net.corda.node.Corda_3.3-corda/artemis-amqp-protocol-2.2.0.jar:/Users/vathunyoo/Desktop/GitHub/Senior_project/kotlin-source/build/nodes/.cache/apps/net.corda.node.Corda_3.3-corda/artemis-server-2.2.0.jar:/Users/vathunyoo/Desktop/GitHub/Senior_project/kotlin-source/build/nodes/.cache/apps/net.corda.node.Corda_3.3-corda/artemis-jdbc-store-2.2.0.jar:/Users/vathunyoo/Desktop/GitHub/Senior_project/kotlin-source/build/nodes/.cache/apps/net.corda.node.Corda_3.3-corda/artemis-jms-client-2.2.0.jar:/Users/vathunyoo/Desktop/GitHub/Senior_project/kotlin-source/build/nodes/.cache/apps/net.corda.node.Corda_3.3-corda/artemis-core-client-2.2.0.jar:/Users/vathunyoo/Desktop/GitHub/Senior_project/kotlin-source/build/nodes/.cache/apps/net.corda.node.Corda_3.3-corda/artemis-journal-2.2.0.jar:/Users/vathunyoo/Desktop/GitHub/Senior_project/kotlin-source/build/nodes/.cache/apps/net.corda.node.Corda_3.3-corda/artemis-commons-2.2.0.jar:/Users/vathunyoo/Desktop/GitHub/Senior_project/kotlin-source/build/nodes/.cache/apps/net.corda.node.Corda_3.3-corda/guava-21.0.jar:/Users/vathunyoo/Desktop/GitHub/Senior_project/kotlin-source/build/nodes/.cache/apps/net.corda.node.Corda_3.3-corda/jopt-simple-5.0.2.jar:/Users/vathunyoo/Desktop/GitHub/Senior_project/kotlin-source/build/nodes/.cache/apps/net.corda.node.Corda_3.3-corda/commons-collections4-4.1.jar:/Users/vathunyoo/Desktop/GitHub/Senior_project/kotlin-source/build/nodes/.cache/apps/net.corda.node.Corda_3.3-corda/shiro-core-1.4.0.jar:/Users/vathunyoo/Desktop/GitHub/Senior_project/kotlin-source/build/nodes/.cache/apps/net.corda.node.Corda_3.3-corda/shiro-config-ogdl-1.4.0.jar:/Users/vathunyoo/Desktop/GitHub/Senior_project/kotlin-source/build/nodes/.cache/apps/net.corda.node.Corda_3.3-corda/commons-beanutils-1.9.3.jar:/Users/vathunyoo/Desktop/GitHub/Senior_project/kotlin-source/build/nodes/.cache/apps/net.corda.node.Corda_3.3-corda/jansi-1.14.jar:/Users/vathunyoo/Desktop/GitHub/Senior_project/kotlin-source/build/nodes/.cache/apps/net.corda.node.Corda_3.3-corda/jcabi-manifests-1.1.jar:/Users/vathunyoo/Desktop/GitHub/Senior_project/kotlin-source/build/nodes/.cache/apps/net.corda.node.Corda_3.3-corda/forms_rt-7.0.3.jar:/Users/vathunyoo/Desktop/GitHub/Senior_project/kotlin-source/build/nodes/.cache/apps/net.corda.node.Corda_3.3-corda/metrics-core-3.1.2.jar:/Users/vathunyoo/Desktop/GitHub/Senior_project/kotlin-source/build/nodes/.cache/apps/net.corda.node.Corda_3.3-corda/config-1.3.1.jar:/Users/vathunyoo/Desktop/GitHub/Senior_project/kotlin-source/build/nodes/.cache/apps/net.corda.node.Corda_3.3-corda/h2-1.4.194.jar:/Users/vathunyoo/Desktop/GitHub/Senior_project/kotlin-source/build/nodes/.cache/apps/net.corda.node.Corda_3.3-corda/postgresql-42.1.4.jar:/Users/vathunyoo/Desktop/GitHub/Senior_project/kotlin-source/build/nodes/.cache/apps/net.corda.node.Corda_3.3-corda/HikariCP-2.5.1.jar:/Users/vathunyoo/Desktop/GitHub/Senior_project/kotlin-source/build/nodes/.cache/apps/net.corda.node.Corda_3.3-corda/hibernate-java8-5.2.6.Final.jar:/Users/vathunyoo/Desktop/GitHub/Senior_project/kotlin-source/build/nodes/.cache/apps/net.corda.node.Corda_3.3-corda/hibernate-core-5.2.6.Final.jar:/Users/vathunyoo/Desktop/GitHub/Senior_project/kotlin-source/build/nodes/.cache/apps/net.corda.node.Corda_3.3-corda/copycat-client-1.2.3.jar:/Users/vathunyoo/Desktop/GitHub/Senior_project/kotlin-source/build/nodes/.cache/apps/net.corda.node.Corda_3.3-corda/copycat-server-1.2.3.jar:/Users/vathunyoo/Desktop/GitHub/Senior_project/kotlin-source/build/nodes/.cache/apps/net.corda.node.Corda_3.3-corda/catalyst-netty-1.1.2.jar:/Users/vathunyoo/Desktop/GitHub/Senior_project/kotlin-source/build/nodes/.cache/apps/net.corda.node.Corda_3.3-corda/netty-all-4.1.9.Final.jar:/Users/vathunyoo/Desktop/GitHub/Senior_project/kotlin-source/build/nodes/.cache/apps/net.corda.node.Corda_3.3-corda/crash.connectors.ssh-cadb53544fbb3c0fb901445da614998a6a419488.jar:/Users/vathunyoo/Desktop/GitHub/Senior_project/kotlin-source/build/nodes/.cache/apps/net.corda.node.Corda_3.3-corda/crash.shell-cadb53544fbb3c0fb901445da614998a6a419488.jar:/Users/vathunyoo/Desktop/GitHub/Senior_project/kotlin-source/build/nodes/.cache/apps/net.corda.node.Corda_3.3-corda/okhttp-3.5.0.jar:/Users/vathunyoo/Desktop/GitHub/Senior_project/kotlin-source/build/nodes/.cache/apps/net.corda.node.Corda_3.3-corda/commons-codec-1.10.jar:/Users/vathunyoo/Desktop/GitHub/Senior_project/kotlin-source/build/nodes/.cache/apps/net.corda.node.Corda_3.3-corda/library-master-v1.1-beta-g6215ec8-87.jar:/Users/vathunyoo/Desktop/GitHub/Senior_project/kotlin-source/build/nodes/.cache/apps/net.corda.node.Corda_3.3-corda/jolokia-jvm-1.6.0-agent.jar:/Users/vathunyoo/Desktop/GitHub/Senior_project/kotlin-source/build/nodes/.cache/apps/net.corda.node.Corda_3.3-corda/quasar-core-0.7.9-jdk8.jar:/Users/vathunyoo/Desktop/GitHub/Senior_project/kotlin-source/build/nodes/.cache/apps/net.corda.node.Corda_3.3-corda/commons-fileupload-1.3.3.jar:/Users/vathunyoo/Desktop/GitHub/Senior_project/kotlin-source/build/nodes/.cache/apps/net.corda.node.Corda_3.3-corda/kryo-serializers-0.41.jar:/Users/vathunyoo/Desktop/GitHub/Senior_project/kotlin-source/build/nodes/.cache/apps/net.corda.node.Corda_3.3-corda/kryo-4.0.0.jar:/Users/vathunyoo/Desktop/GitHub/Senior_project/kotlin-source/build/nodes/.cache/apps/net.corda.node.Corda_3.3-corda/proton-j-0.21.0.jar:/Users/vathunyoo/Desktop/GitHub/Senior_project/kotlin-source/build/nodes/.cache/apps/net.corda.node.Corda_3.3-corda/fast-classpath-scanner-2.12.3.jar:/Users/vathunyoo/Desktop/GitHub/Senior_project/kotlin-source/build/nodes/.cache/apps/net.corda.node.Corda_3.3-corda/jsr305-3.0.2.jar:/Users/vathunyoo/Desktop/GitHub/Senior_project/kotlin-source/build/nodes/.cache/apps/net.corda.node.Corda_3.3-corda/jcabi-log-0.14.jar:/Users/vathunyoo/Desktop/GitHub/Senior_project/kotlin-source/build/nodes/.cache/apps/net.corda.node.Corda_3.3-corda/copycat-protocol-1.2.3.jar:/Users/vathunyoo/Desktop/GitHub/Senior_project/kotlin-source/build/nodes/.cache/apps/net.corda.node.Corda_3.3-corda/catalyst-transport-1.1.2.jar:/Users/vathunyoo/Desktop/GitHub/Senior_project/kotlin-source/build/nodes/.cache/apps/net.corda.node.Corda_3.3-corda/mina-core-2.0.16.jar:/Users/vathunyoo/Desktop/GitHub/Senior_project/kotlin-source/build/nodes/.cache/apps/net.corda.node.Corda_3.3-corda/shiro-cache-1.4.0.jar:/Users/vathunyoo/Desktop/GitHub/Senior_project/kotlin-source/build/nodes/.cache/apps/net.corda.node.Corda_3.3-corda/shiro-crypto-hash-1.4.0.jar:/Users/vathunyoo/Desktop/GitHub/Senior_project/kotlin-source/build/nodes/.cache/apps/net.corda.node.Corda_3.3-corda/shiro-crypto-cipher-1.4.0.jar:/Users/vathunyoo/Desktop/GitHub/Senior_project/kotlin-source/build/nodes/.cache/apps/net.corda.node.Corda_3.3-corda/shiro-config-core-1.4.0.jar:/Users/vathunyoo/Desktop/GitHub/Senior_project/kotlin-source/build/nodes/.cache/apps/net.corda.node.Corda_3.3-corda/shiro-event-1.4.0.jar:/Users/vathunyoo/Desktop/GitHub/Senior_project/kotlin-source/build/nodes/.cache/apps/net.corda.node.Corda_3.3-corda/shiro-crypto-core-1.4.0.jar:/Users/vathunyoo/Desktop/GitHub/Senior_project/kotlin-source/build/nodes/.cache/apps/net.corda.node.Corda_3.3-corda/shiro-lang-1.4.0.jar:/Users/vathunyoo/Desktop/GitHub/Senior_project/kotlin-source/build/nodes/.cache/apps/net.corda.node.Corda_3.3-corda/jcl-over-slf4j-1.7.25.jar:/Users/vathunyoo/Desktop/GitHub/Senior_project/kotlin-source/build/nodes/.cache/apps/net.corda.node.Corda_3.3-corda/catalyst-concurrent-1.1.2.jar:/Users/vathunyoo/Desktop/GitHub/Senior_project/kotlin-source/build/nodes/.cache/apps/net.corda.node.Corda_3.3-corda/catalyst-serializer-1.1.2.jar:/Users/vathunyoo/Desktop/GitHub/Senior_project/kotlin-source/build/nodes/.cache/apps/net.corda.node.Corda_3.3-corda/catalyst-buffer-1.1.2.jar:/Users/vathunyoo/Desktop/GitHub/Senior_project/kotlin-source/build/nodes/.cache/apps/net.corda.node.Corda_3.3-corda/catalyst-common-1.1.2.jar:/Users/vathunyoo/Desktop/GitHub/Senior_project/kotlin-source/build/nodes/.cache/apps/net.corda.node.Corda_3.3-corda/sshd-pam-0.11.0.jar:/Users/vathunyoo/Desktop/GitHub/Senior_project/kotlin-source/build/nodes/.cache/apps/net.corda.node.Corda_3.3-corda/sshd-core-1.6.0.jar:/Users/vathunyoo/Desktop/GitHub/Senior_project/kotlin-source/build/nodes/.cache/apps/net.corda.node.Corda_3.3-corda/slf4j-api-1.7.25.jar:/Users/vathunyoo/Desktop/GitHub/Senior_project/kotlin-source/build/nodes/.cache/apps/net.corda.node.Corda_3.3-corda/log4j-core-2.9.1.jar:/Users/vathunyoo/Desktop/GitHub/Senior_project/kotlin-source/build/nodes/.cache/apps/net.corda.node.Corda_3.3-corda/log4j-api-2.9.1.jar:/Users/vathunyoo/Desktop/GitHub/Senior_project/kotlin-source/build/nodes/.cache/apps/net.corda.node.Corda_3.3-corda/kotlin-stdlib-jre7-1.1.60.jar:/Users/vathunyoo/Desktop/GitHub/Senior_project/kotlin-source/build/nodes/.cache/apps/net.corda.node.Corda_3.3-corda/kotlin-stdlib-1.1.60.jar:/Users/vathunyoo/Desktop/GitHub/Senior_project/kotlin-source/build/nodes/.cache/apps/net.corda.node.Corda_3.3-corda/commons-collections-3.2.2.jar:/Users/vathunyoo/Desktop/GitHub/Senior_project/kotlin-source/build/nodes/.cache/apps/net.corda.node.Corda_3.3-corda/hibernate-commons-annotations-5.0.1.Final.jar:/Users/vathunyoo/Desktop/GitHub/Senior_project/kotlin-source/build/nodes/.cache/apps/net.corda.node.Corda_3.3-corda/artemis-native-2.2.0.jar:/Users/vathunyoo/Desktop/GitHub/Senior_project/kotlin-source/build/nodes/.cache/apps/net.corda.node.Corda_3.3-corda/jboss-logging-3.3.0.Final.jar:/Users/vathunyoo/Desktop/GitHub/Senior_project/kotlin-source/build/nodes/.cache/apps/net.corda.node.Corda_3.3-corda/artemis-selector-2.2.0.jar:/Users/vathunyoo/Desktop/GitHub/Senior_project/kotlin-source/build/nodes/.cache/apps/net.corda.node.Corda_3.3-corda/jgroups-3.6.13.Final.jar:/Users/vathunyoo/Desktop/GitHub/Senior_project/kotlin-source/build/nodes/.cache/apps/net.corda.node.Corda_3.3-corda/geronimo-json_1.0_spec-1.0-alpha-1.jar:/Users/vathunyoo/Desktop/GitHub/Senior_project/kotlin-source/build/nodes/.cache/apps/net.corda.node.Corda_3.3-corda/johnzon-core-0.9.5.jar:/Users/vathunyoo/Desktop/GitHub/Senior_project/kotlin-source/build/nodes/.cache/apps/net.corda.node.Corda_3.3-corda/forms-1.1-preview.jar:/Users/vathunyoo/Desktop/GitHub/Senior_project/kotlin-source/build/nodes/.cache/apps/net.corda.node.Corda_3.3-corda/jdom-1.0.jar:/Users/vathunyoo/Desktop/GitHub/Senior_project/kotlin-source/build/nodes/.cache/apps/net.corda.node.Corda_3.3-corda/jackson-dataformat-yaml-2.9.2.jar:/Users/vathunyoo/Desktop/GitHub/Senior_project/kotlin-source/build/nodes/.cache/apps/net.corda.node.Corda_3.3-corda/jackson-datatype-jsr310-2.9.2.jar:/Users/vathunyoo/Desktop/GitHub/Senior_project/kotlin-source/build/nodes/.cache/apps/net.corda.node.Corda_3.3-corda/hibernate-jpa-2.1-api-1.0.0.Final.jar:/Users/vathunyoo/Desktop/GitHub/Senior_project/kotlin-source/build/nodes/.cache/apps/net.corda.node.Corda_3.3-corda/javassist-3.20.0-GA.jar:/Users/vathunyoo/Desktop/GitHub/Senior_project/kotlin-source/build/nodes/.cache/apps/net.corda.node.Corda_3.3-corda/antlr-2.7.7.jar:/Users/vathunyoo/Desktop/GitHub/Senior_project/kotlin-source/build/nodes/.cache/apps/net.corda.node.Corda_3.3-corda/geronimo-jta_1.1_spec-1.1.1.jar:/Users/vathunyoo/Desktop/GitHub/Senior_project/kotlin-source/build/nodes/.cache/apps/net.corda.node.Corda_3.3-corda/jandex-2.0.3.Final.jar:/Users/vathunyoo/Desktop/GitHub/Senior_project/kotlin-source/build/nodes/.cache/apps/net.corda.node.Corda_3.3-corda/classmate-1.3.0.jar:/Users/vathunyoo/Desktop/GitHub/Senior_project/kotlin-source/build/nodes/.cache/apps/net.corda.node.Corda_3.3-corda/dom4j-1.6.1.jar:/Users/vathunyoo/Desktop/GitHub/Senior_project/kotlin-source/build/nodes/.cache/apps/net.corda.node.Corda_3.3-corda/cdi-api-1.1.jar:/Users/vathunyoo/Desktop/GitHub/Senior_project/kotlin-source/build/nodes/.cache/apps/net.corda.node.Corda_3.3-corda/crash.cli-cadb53544fbb3c0fb901445da614998a6a419488.jar:/Users/vathunyoo/Desktop/GitHub/Senior_project/kotlin-source/build/nodes/.cache/apps/net.corda.node.Corda_3.3-corda/groovy-all-1.8.9.jar:/Users/vathunyoo/Desktop/GitHub/Senior_project/kotlin-source/build/nodes/.cache/apps/net.corda.node.Corda_3.3-corda/okio-1.11.0.jar:/Users/vathunyoo/Desktop/GitHub/Senior_project/kotlin-source/build/nodes/.cache/apps/net.corda.node.Corda_3.3-corda/jolokia-core-1.6.0.jar:/Users/vathunyoo/Desktop/GitHub/Senior_project/kotlin-source/build/nodes/.cache/apps/net.corda.node.Corda_3.3-corda/json-simple-1.1.1.jar:/Users/vathunyoo/Desktop/GitHub/Senior_project/kotlin-source/build/nodes/.cache/apps/net.corda.node.Corda_3.3-corda/rxjava-1.2.4.jar:/Users/vathunyoo/Desktop/GitHub/Senior_project/kotlin-source/build/nodes/.cache/apps/net.corda.node.Corda_3.3-corda/commons-jexl3-3.0.jar:/Users/vathunyoo/Desktop/GitHub/Senior_project/kotlin-source/build/nodes/.cache/apps/net.corda.node.Corda_3.3-corda/jackson-databind-2.9.2.jar:/Users/vathunyoo/Desktop/GitHub/Senior_project/kotlin-source/build/nodes/.cache/apps/net.corda.node.Corda_3.3-corda/eddsa-0.2.0.jar:/Users/vathunyoo/Desktop/GitHub/Senior_project/kotlin-source/build/nodes/.cache/apps/net.corda.node.Corda_3.3-corda/bcpkix-jdk15on-1.57.jar:/Users/vathunyoo/Desktop/GitHub/Senior_project/kotlin-source/build/nodes/.cache/apps/net.corda.node.Corda_3.3-corda/bcprov-jdk15on-1.57.jar:/Users/vathunyoo/Desktop/GitHub/Senior_project/kotlin-source/build/nodes/.cache/apps/net.corda.node.Corda_3.3-corda/commons-io-2.2.jar:/Users/vathunyoo/Desktop/GitHub/Senior_project/kotlin-source/build/nodes/.cache/apps/net.corda.node.Corda_3.3-corda/reflectasm-1.11.3.jar:/Users/vathunyoo/Desktop/GitHub/Senior_project/kotlin-source/build/nodes/.cache/apps/net.corda.node.Corda_3.3-corda/minlog-1.3.0.jar:/Users/vathunyoo/Desktop/GitHub/Senior_project/kotlin-source/build/nodes/.cache/apps/net.corda.node.Corda_3.3-corda/objenesis-2.2.jar:/Users/vathunyoo/Desktop/GitHub/Senior_project/kotlin-source/build/nodes/.cache/apps/net.corda.node.Corda_3.3-corda/annotations-13.0.jar:/Users/vathunyoo/Desktop/GitHub/Senior_project/kotlin-source/build/nodes/.cache/apps/net.corda.node.Corda_3.3-corda/jackson-annotations-2.9.0.jar:/Users/vathunyoo/Desktop/GitHub/Senior_project/kotlin-source/build/nodes/.cache/apps/net.corda.node.Corda_3.3-corda/snakeyaml-1.18.jar:/Users/vathunyoo/Desktop/GitHub/Senior_project/kotlin-source/build/nodes/.cache/apps/net.corda.node.Corda_3.3-corda/jackson-core-2.9.2.jar:/Users/vathunyoo/Desktop/GitHub/Senior_project/kotlin-source/build/nodes/.cache/apps/net.corda.node.Corda_3.3-corda/el-api-2.2.jar:/Users/vathunyoo/Desktop/GitHub/Senior_project/kotlin-source/build/nodes/.cache/apps/net.corda.node.Corda_3.3-corda/jboss-interceptors-api_1.1_spec-1.0.0.Beta1.jar:/Users/vathunyoo/Desktop/GitHub/Senior_project/kotlin-source/build/nodes/.cache/apps/net.corda.node.Corda_3.3-corda/jsr250-api-1.0.jar:/Users/vathunyoo/Desktop/GitHub/Senior_project/kotlin-source/build/nodes/.cache/apps/net.corda.node.Corda_3.3-corda/javax.inject-1.jar:/Users/vathunyoo/Desktop/GitHub/Senior_project/kotlin-source/build/nodes/.cache/apps/net.corda.node.Corda_3.3-corda/jpam-1.1.jar:/Users/vathunyoo/Desktop/GitHub/Senior_project/kotlin-source/build/nodes/.cache/apps/net.corda.node.Corda_3.3-corda/geronimo-jms_2.0_spec-1.0-alpha-2.jar:/Users/vathunyoo/Desktop/GitHub/Senior_project/kotlin-source/build/nodes/.cache/apps/net.corda.node.Corda_3.3-corda/asm-5.0.4.jar:/Users/vathunyoo/Desktop/GitHub/Senior_project/kotlin-source/build/nodes/.cache/apps/net.corda.node.Corda_3.3-corda/corda-node-3.3-corda.jar:/Users/vathunyoo/Desktop/GitHub/Senior_project/kotlin-source/build/nodes/.cache/apps/net.corda.node.Corda_3.3-corda/quasar-core-0.7.9-jdk8.jar {}
[INFO ] 2019-05-27T17:17:26,683Z [main] internal.Node.logStartupInfo - VM Java HotSpot(TM) 64-Bit Server VM Oracle Corporation 25.201-b09 {}
[INFO ] 2019-05-27T17:17:26,683Z [main] internal.Node.logStartupInfo - Machine: Vathunyoos-MacBook-Pro.local {}
[INFO ] 2019-05-27T17:17:26,683Z [main] internal.Node.logStartupInfo - Working Directory: /Users/vathunyoo/Desktop/GitHub/Senior_project/kotlin-source/build/nodes/PartyB {}
[INFO ] 2019-05-27T17:17:26,684Z [main] internal.Node.logStartupInfo - Starting as node on localhost:10010 {}
[INFO ] 2019-05-27T17:17:27,035Z [main] cordapp.CordappLoader.<init> - No CorDapp paths provided {}
[INFO ] 2019-05-27T17:17:27,595Z [main] internal.Node.generateAndSaveNodeInfo - Generating nodeInfo ... {}
[WARN ] 2019-05-27T17:17:27,596Z [main] internal.Node.initCertificate - Corda node is running in dev mode. {}
[INFO ] 2019-05-27T17:17:29,792Z [main] internal.Node.obtainIdentity - identity-private-key not found in key store /Users/vathunyoo/Desktop/GitHub/Senior_project/kotlin-source/build/nodes/PartyB/certificates/nodekeystore.jks, generating fresh key! {}
[INFO ] 2019-05-27T17:17:30,721Z [main] BasicInfo.printBasicNodeInfo - Database connection url is              : jdbc:h2:tcp://192.168.1.64:62189/node {}
[INFO ] 2019-05-27T17:17:30,933Z [main] hikari.HikariDataSource.<init> - HikariPool-1 - Started. {}
[INFO ] 2019-05-27T17:17:31,459Z [main] internal.Node.invoke - Connected to H2 database. {}
[INFO ] 2019-05-27T17:17:31,640Z [main] persistence.HibernateConfiguration.<init> - Init HibernateConfiguration for schemas: [CommonSchemaV1(name=net.corda.core.schemas.CommonSchema, version=1), VaultSchemaV1(name=net.corda.node.services.vault.VaultSchema, version=1), NodeInfoSchemaV1(name=net.corda.node.internal.schemas.NodeInfoSchema, version=1), NodeCoreV1(name=net.corda.node.services.schema.NodeSchemaService$NodeCore, version=1)] {}
[INFO ] 2019-05-27T17:17:31,641Z [main] persistence.HibernateConfiguration.makeSessionFactoryForSchemas - Creating session factory for schemas: [CommonSchemaV1(name=net.corda.core.schemas.CommonSchema, version=1), VaultSchemaV1(name=net.corda.node.services.vault.VaultSchema, version=1), NodeInfoSchemaV1(name=net.corda.node.internal.schemas.NodeInfoSchema, version=1), NodeCoreV1(name=net.corda.node.services.schema.NodeSchemaService$NodeCore, version=1)] {}
[INFO ] 2019-05-27T17:17:31,964Z [main] hibernate.Version.logVersion - HHH000412: Hibernate Core {5.2.6.Final} {}
[INFO ] 2019-05-27T17:17:31,969Z [main] cfg.Environment.<clinit> - HHH000206: hibernate.properties not found {}
[INFO ] 2019-05-27T17:17:32,140Z [main] common.Version.<clinit> - HCANN000001: Hibernate Commons Annotations {5.0.1.Final} {}
[INFO ] 2019-05-27T17:17:32,434Z [main] internal.ConnectionProviderInitiator.initiateService - HHH000130: Instantiating explicit connection provider: net.corda.nodeapi.internal.persistence.HibernateConfiguration$NodeDatabaseConnectionProvider {}
[INFO ] 2019-05-27T17:17:32,448Z [main] dialect.Dialect.<init> - HHH000400: Using dialect: org.hibernate.dialect.H2Dialect {}
[INFO ] 2019-05-27T17:17:32,600Z [main] type.BasicTypeRegistry.register - HHH000270: Type registration [materialized_blob] overrides previous : org.hibernate.type.MaterializedBlobType@5a0e0886 {}
[INFO ] 2019-05-27T17:17:34,808Z [main] connections.access.getIsolatedConnection - HHH10001501: Connection obtained from JdbcConnectionAccess [org.hibernate.engine.jdbc.env.internal.JdbcEnvironmentInitiator$ConnectionProviderJdbcConnectionAccess@356b6b5d] for (non-JTA) DDL execution was not in auto-commit mode; the Connection 'local transaction' will be committed and the Connection will be set into auto-commit mode. {}
[INFO ] 2019-05-27T17:17:35,017Z [main] persistence.HibernateConfiguration.makeSessionFactoryForSchemas - Created session factory for schemas: [CommonSchemaV1(name=net.corda.core.schemas.CommonSchema, version=1), VaultSchemaV1(name=net.corda.node.services.vault.VaultSchema, version=1), NodeInfoSchemaV1(name=net.corda.node.internal.schemas.NodeInfoSchema, version=1), NodeCoreV1(name=net.corda.node.services.schema.NodeSchemaService$NodeCore, version=1)] {}
[INFO ] 2019-05-27T17:17:35,448Z [main] internal.QueryTranslatorFactoryInitiator.initiateService - HHH000397: Using ASTQueryTranslatorFactory {}
[INFO ] 2019-05-27T17:17:35,825Z [main] internal.Node.updateNodeInfo - Node-info has changed so submitting update. Old node-info was null {}
[INFO ] 2019-05-27T17:17:35,826Z [main] network.PersistentNetworkMapCache.addNode - Adding node with info: NodeInfo(addresses=[localhost:10010], legalIdentitiesAndCerts=[O=PartyB, L=New York, C=US], platformVersion=3, serial=1558977455825) {}
[INFO ] 2019-05-27T17:17:35,885Z [main] network.PersistentNetworkMapCache.addNode - No previous node found {}
[INFO ] 2019-05-27T17:17:36,958Z [main] network.PersistentNetworkMapCache.addNode - Done adding node with info: NodeInfo(addresses=[localhost:10010], legalIdentitiesAndCerts=[O=PartyB, L=New York, C=US], platformVersion=3, serial=1558977455825) {}
[INFO ] 2019-05-27T17:17:36,958Z [main] internal.Node.updateNodeInfo - New node-info: NodeInfo(addresses=[localhost:10010], legalIdentitiesAndCerts=[O=PartyB, L=New York, C=US], platformVersion=3, serial=1558977455825) {}
[INFO ] 2019-05-27T17:17:37,304Z [main] internal.Node.run - Node exiting successfully {}
[WARN ] 2019-05-27T17:40:55,505Z [main] internal.config.defaultToOldPath - Config key user has been deprecated and will be removed in a future release. Use username instead {}
[INFO ] 2019-05-27T17:40:55,811Z [main] internal.Node.logStartupInfo - Vendor: Corda Open Source {}
[INFO ] 2019-05-27T17:40:55,812Z [main] internal.Node.logStartupInfo - Release: 3.3-corda {}
[INFO ] 2019-05-27T17:40:55,812Z [main] internal.Node.logStartupInfo - Platform Version: 3 {}
[INFO ] 2019-05-27T17:40:55,812Z [main] internal.Node.logStartupInfo - Revision: c834162cd488784a0412bba4c9e638da89912ac2 {}
[INFO ] 2019-05-27T17:40:55,815Z [main] internal.Node.logStartupInfo - PID: 51960 {}
[INFO ] 2019-05-27T17:40:55,816Z [main] internal.Node.logStartupInfo - Main class: /Users/vathunyoo/.capsule/apps/net.corda.node.Corda_3.3-corda/corda-node-3.3-corda.jar {}
[INFO ] 2019-05-27T17:40:55,816Z [main] internal.Node.logStartupInfo - CommandLine Args: -Xmx200m -XX:+UseG1GC -agentlib:jdwp=transport=dt_socket,server=y,suspend=n,address=5010 -javaagent:drivers/jolokia-jvm-1.3.7-agent.jar=port=7010,logHandlerClass=net.corda.node.JolokiaSlf4Adapter -javaagent:/Users/vathunyoo/.capsule/apps/net.corda.node.Corda_3.3-corda/quasar-core-0.7.9-jdk8.jar=x(antlr**;bftsmart**;ch**;co.paralleluniverse**;com.codahale**;com.esotericsoftware**;com.fasterxml**;com.google**;com.ibm**;com.intellij**;com.jcabi**;com.nhaarman**;com.opengamma**;com.typesafe**;com.zaxxer**;de.javakaffee**;groovy**;groovyjarjarantlr**;groovyjarjarasm**;io.atomix**;io.github**;io.netty**;jdk**;joptsimple**;junit**;kotlin**;net.bytebuddy**;net.i2p**;org.apache**;org.assertj**;org.bouncycastle**;org.codehaus**;org.crsh**;org.dom4j**;org.fusesource**;org.h2**;org.hamcrest**;org.hibernate**;org.jboss**;org.jcp**;org.joda**;org.junit**;org.mockito**;org.objectweb**;org.objenesis**;org.slf4j**;org.w3c**;org.xml**;org.yaml**;reflectasm**;rx**;org.jolokia**) -Dvisualvm.display.name=Corda -Djava.library.path=/Users/vathunyoo/Library/Java/Extensions:/Library/Java/Extensions:/Network/Library/Java/Extensions:/System/Library/Java/Extensions:/usr/lib/java:/Users/vathunyoo/.capsule/apps/net.corda.node.Corda_3.3-corda -Dcapsule.app=net.corda.node.Corda_3.3-corda -Dname=PartyB-corda.jar -Dcapsule.dir=/Users/vathunyoo/.capsule/apps/net.corda.node.Corda_3.3-corda -Dcapsule.jar=/Users/vathunyoo/Desktop/GitHub/Senior_project/kotlin-source/build/nodes/PartyB/corda.jar {}
[INFO ] 2019-05-27T17:40:55,816Z [main] internal.Node.logStartupInfo - Application Args:  {}
[INFO ] 2019-05-27T17:40:55,816Z [main] internal.Node.logStartupInfo - bootclasspath: /Library/Java/JavaVirtualMachines/jdk1.8.0_201.jdk/Contents/Home/jre/lib/resources.jar:/Library/Java/JavaVirtualMachines/jdk1.8.0_201.jdk/Contents/Home/jre/lib/rt.jar:/Library/Java/JavaVirtualMachines/jdk1.8.0_201.jdk/Contents/Home/jre/lib/sunrsasign.jar:/Library/Java/JavaVirtualMachines/jdk1.8.0_201.jdk/Contents/Home/jre/lib/jsse.jar:/Library/Java/JavaVirtualMachines/jdk1.8.0_201.jdk/Contents/Home/jre/lib/jce.jar:/Library/Java/JavaVirtualMachines/jdk1.8.0_201.jdk/Contents/Home/jre/lib/charsets.jar:/Library/Java/JavaVirtualMachines/jdk1.8.0_201.jdk/Contents/Home/jre/lib/jfr.jar:/Library/Java/JavaVirtualMachines/jdk1.8.0_201.jdk/Contents/Home/jre/classes {}
[INFO ] 2019-05-27T17:40:55,817Z [main] internal.Node.logStartupInfo - classpath: /Users/vathunyoo/Desktop/GitHub/Senior_project/kotlin-source/build/nodes/PartyB/corda.jar:/Users/vathunyoo/.capsule/apps/net.corda.node.Corda_3.3-corda/corda-rpc-3.3-corda.jar:/Users/vathunyoo/.capsule/apps/net.corda.node.Corda_3.3-corda/corda-node-api-3.3-corda.jar:/Users/vathunyoo/.capsule/apps/net.corda.node.Corda_3.3-corda/corda-confidential-identities-3.3-corda.jar:/Users/vathunyoo/.capsule/apps/net.corda.node.Corda_3.3-corda/cordform-common-3.2.1.jar:/Users/vathunyoo/.capsule/apps/net.corda.node.Corda_3.3-corda/log4j-slf4j-impl-2.9.1.jar:/Users/vathunyoo/.capsule/apps/net.corda.node.Corda_3.3-corda/log4j-web-2.9.1.jar:/Users/vathunyoo/.capsule/apps/net.corda.node.Corda_3.3-corda/jul-to-slf4j-1.7.25.jar:/Users/vathunyoo/.capsule/apps/net.corda.node.Corda_3.3-corda/corda-jackson-3.3-corda.jar:/Users/vathunyoo/.capsule/apps/net.corda.node.Corda_3.3-corda/corda-core-3.3-corda.jar:/Users/vathunyoo/.capsule/apps/net.corda.node.Corda_3.3-corda/kotlin-stdlib-jre8-1.1.60.jar:/Users/vathunyoo/.capsule/apps/net.corda.node.Corda_3.3-corda/jackson-module-kotlin-2.9.2.jar:/Users/vathunyoo/.capsule/apps/net.corda.node.Corda_3.3-corda/kotlin-reflect-1.1.60.jar:/Users/vathunyoo/.capsule/apps/net.corda.node.Corda_3.3-corda/jimfs-1.1.jar:/Users/vathunyoo/.capsule/apps/net.corda.node.Corda_3.3-corda/artemis-amqp-protocol-2.2.0.jar:/Users/vathunyoo/.capsule/apps/net.corda.node.Corda_3.3-corda/artemis-server-2.2.0.jar:/Users/vathunyoo/.capsule/apps/net.corda.node.Corda_3.3-corda/artemis-jdbc-store-2.2.0.jar:/Users/vathunyoo/.capsule/apps/net.corda.node.Corda_3.3-corda/artemis-jms-client-2.2.0.jar:/Users/vathunyoo/.capsule/apps/net.corda.node.Corda_3.3-corda/artemis-core-client-2.2.0.jar:/Users/vathunyoo/.capsule/apps/net.corda.node.Corda_3.3-corda/artemis-journal-2.2.0.jar:/Users/vathunyoo/.capsule/apps/net.corda.node.Corda_3.3-corda/artemis-commons-2.2.0.jar:/Users/vathunyoo/.capsule/apps/net.corda.node.Corda_3.3-corda/guava-21.0.jar:/Users/vathunyoo/.capsule/apps/net.corda.node.Corda_3.3-corda/jopt-simple-5.0.2.jar:/Users/vathunyoo/.capsule/apps/net.corda.node.Corda_3.3-corda/commons-collections4-4.1.jar:/Users/vathunyoo/.capsule/apps/net.corda.node.Corda_3.3-corda/shiro-core-1.4.0.jar:/Users/vathunyoo/.capsule/apps/net.corda.node.Corda_3.3-corda/shiro-config-ogdl-1.4.0.jar:/Users/vathunyoo/.capsule/apps/net.corda.node.Corda_3.3-corda/commons-beanutils-1.9.3.jar:/Users/vathunyoo/.capsule/apps/net.corda.node.Corda_3.3-corda/jansi-1.14.jar:/Users/vathunyoo/.capsule/apps/net.corda.node.Corda_3.3-corda/jcabi-manifests-1.1.jar:/Users/vathunyoo/.capsule/apps/net.corda.node.Corda_3.3-corda/forms_rt-7.0.3.jar:/Users/vathunyoo/.capsule/apps/net.corda.node.Corda_3.3-corda/metrics-core-3.1.2.jar:/Users/vathunyoo/.capsule/apps/net.corda.node.Corda_3.3-corda/config-1.3.1.jar:/Users/vathunyoo/.capsule/apps/net.corda.node.Corda_3.3-corda/h2-1.4.194.jar:/Users/vathunyoo/.capsule/apps/net.corda.node.Corda_3.3-corda/postgresql-42.1.4.jar:/Users/vathunyoo/.capsule/apps/net.corda.node.Corda_3.3-corda/HikariCP-2.5.1.jar:/Users/vathunyoo/.capsule/apps/net.corda.node.Corda_3.3-corda/hibernate-java8-5.2.6.Final.jar:/Users/vathunyoo/.capsule/apps/net.corda.node.Corda_3.3-corda/hibernate-core-5.2.6.Final.jar:/Users/vathunyoo/.capsule/apps/net.corda.node.Corda_3.3-corda/copycat-client-1.2.3.jar:/Users/vathunyoo/.capsule/apps/net.corda.node.Corda_3.3-corda/copycat-server-1.2.3.jar:/Users/vathunyoo/.capsule/apps/net.corda.node.Corda_3.3-corda/catalyst-netty-1.1.2.jar:/Users/vathunyoo/.capsule/apps/net.corda.node.Corda_3.3-corda/netty-all-4.1.9.Final.jar:/Users/vathunyoo/.capsule/apps/net.corda.node.Corda_3.3-corda/crash.connectors.ssh-cadb53544fbb3c0fb901445da614998a6a419488.jar:/Users/vathunyoo/.capsule/apps/net.corda.node.Corda_3.3-corda/crash.shell-cadb53544fbb3c0fb901445da614998a6a419488.jar:/Users/vathunyoo/.capsule/apps/net.corda.node.Corda_3.3-corda/okhttp-3.5.0.jar:/Users/vathunyoo/.capsule/apps/net.corda.node.Corda_3.3-corda/commons-codec-1.10.jar:/Users/vathunyoo/.capsule/apps/net.corda.node.Corda_3.3-corda/library-master-v1.1-beta-g6215ec8-87.jar:/Users/vathunyoo/.capsule/apps/net.corda.node.Corda_3.3-corda/jolokia-jvm-1.6.0-agent.jar:/Users/vathunyoo/.capsule/apps/net.corda.node.Corda_3.3-corda/quasar-core-0.7.9-jdk8.jar:/Users/vathunyoo/.capsule/apps/net.corda.node.Corda_3.3-corda/commons-fileupload-1.3.3.jar:/Users/vathunyoo/.capsule/apps/net.corda.node.Corda_3.3-corda/kryo-serializers-0.41.jar:/Users/vathunyoo/.capsule/apps/net.corda.node.Corda_3.3-corda/kryo-4.0.0.jar:/Users/vathunyoo/.capsule/apps/net.corda.node.Corda_3.3-corda/proton-j-0.21.0.jar:/Users/vathunyoo/.capsule/apps/net.corda.node.Corda_3.3-corda/fast-classpath-scanner-2.12.3.jar:/Users/vathunyoo/.capsule/apps/net.corda.node.Corda_3.3-corda/jsr305-3.0.2.jar:/Users/vathunyoo/.capsule/apps/net.corda.node.Corda_3.3-corda/jcabi-log-0.14.jar:/Users/vathunyoo/.capsule/apps/net.corda.node.Corda_3.3-corda/copycat-protocol-1.2.3.jar:/Users/vathunyoo/.capsule/apps/net.corda.node.Corda_3.3-corda/catalyst-transport-1.1.2.jar:/Users/vathunyoo/.capsule/apps/net.corda.node.Corda_3.3-corda/mina-core-2.0.16.jar:/Users/vathunyoo/.capsule/apps/net.corda.node.Corda_3.3-corda/shiro-cache-1.4.0.jar:/Users/vathunyoo/.capsule/apps/net.corda.node.Corda_3.3-corda/shiro-crypto-hash-1.4.0.jar:/Users/vathunyoo/.capsule/apps/net.corda.node.Corda_3.3-corda/shiro-crypto-cipher-1.4.0.jar:/Users/vathunyoo/.capsule/apps/net.corda.node.Corda_3.3-corda/shiro-config-core-1.4.0.jar:/Users/vathunyoo/.capsule/apps/net.corda.node.Corda_3.3-corda/shiro-event-1.4.0.jar:/Users/vathunyoo/.capsule/apps/net.corda.node.Corda_3.3-corda/shiro-crypto-core-1.4.0.jar:/Users/vathunyoo/.capsule/apps/net.corda.node.Corda_3.3-corda/shiro-lang-1.4.0.jar:/Users/vathunyoo/.capsule/apps/net.corda.node.Corda_3.3-corda/jcl-over-slf4j-1.7.25.jar:/Users/vathunyoo/.capsule/apps/net.corda.node.Corda_3.3-corda/catalyst-concurrent-1.1.2.jar:/Users/vathunyoo/.capsule/apps/net.corda.node.Corda_3.3-corda/catalyst-serializer-1.1.2.jar:/Users/vathunyoo/.capsule/apps/net.corda.node.Corda_3.3-corda/catalyst-buffer-1.1.2.jar:/Users/vathunyoo/.capsule/apps/net.corda.node.Corda_3.3-corda/catalyst-common-1.1.2.jar:/Users/vathunyoo/.capsule/apps/net.corda.node.Corda_3.3-corda/sshd-pam-0.11.0.jar:/Users/vathunyoo/.capsule/apps/net.corda.node.Corda_3.3-corda/sshd-core-1.6.0.jar:/Users/vathunyoo/.capsule/apps/net.corda.node.Corda_3.3-corda/slf4j-api-1.7.25.jar:/Users/vathunyoo/.capsule/apps/net.corda.node.Corda_3.3-corda/log4j-core-2.9.1.jar:/Users/vathunyoo/.capsule/apps/net.corda.node.Corda_3.3-corda/log4j-api-2.9.1.jar:/Users/vathunyoo/.capsule/apps/net.corda.node.Corda_3.3-corda/kotlin-stdlib-jre7-1.1.60.jar:/Users/vathunyoo/.capsule/apps/net.corda.node.Corda_3.3-corda/kotlin-stdlib-1.1.60.jar:/Users/vathunyoo/.capsule/apps/net.corda.node.Corda_3.3-corda/commons-collections-3.2.2.jar:/Users/vathunyoo/.capsule/apps/net.corda.node.Corda_3.3-corda/hibernate-commons-annotations-5.0.1.Final.jar:/Users/vathunyoo/.capsule/apps/net.corda.node.Corda_3.3-corda/artemis-native-2.2.0.jar:/Users/vathunyoo/.capsule/apps/net.corda.node.Corda_3.3-corda/jboss-logging-3.3.0.Final.jar:/Users/vathunyoo/.capsule/apps/net.corda.node.Corda_3.3-corda/artemis-selector-2.2.0.jar:/Users/vathunyoo/.capsule/apps/net.corda.node.Corda_3.3-corda/jgroups-3.6.13.Final.jar:/Users/vathunyoo/.capsule/apps/net.corda.node.Corda_3.3-corda/geronimo-json_1.0_spec-1.0-alpha-1.jar:/Users/vathunyoo/.capsule/apps/net.corda.node.Corda_3.3-corda/johnzon-core-0.9.5.jar:/Users/vathunyoo/.capsule/apps/net.corda.node.Corda_3.3-corda/forms-1.1-preview.jar:/Users/vathunyoo/.capsule/apps/net.corda.node.Corda_3.3-corda/jdom-1.0.jar:/Users/vathunyoo/.capsule/apps/net.corda.node.Corda_3.3-corda/jackson-dataformat-yaml-2.9.2.jar:/Users/vathunyoo/.capsule/apps/net.corda.node.Corda_3.3-corda/jackson-datatype-jsr310-2.9.2.jar:/Users/vathunyoo/.capsule/apps/net.corda.node.Corda_3.3-corda/hibernate-jpa-2.1-api-1.0.0.Final.jar:/Users/vathunyoo/.capsule/apps/net.corda.node.Corda_3.3-corda/javassist-3.20.0-GA.jar:/Users/vathunyoo/.capsule/apps/net.corda.node.Corda_3.3-corda/antlr-2.7.7.jar:/Users/vathunyoo/.capsule/apps/net.corda.node.Corda_3.3-corda/geronimo-jta_1.1_spec-1.1.1.jar:/Users/vathunyoo/.capsule/apps/net.corda.node.Corda_3.3-corda/jandex-2.0.3.Final.jar:/Users/vathunyoo/.capsule/apps/net.corda.node.Corda_3.3-corda/classmate-1.3.0.jar:/Users/vathunyoo/.capsule/apps/net.corda.node.Corda_3.3-corda/dom4j-1.6.1.jar:/Users/vathunyoo/.capsule/apps/net.corda.node.Corda_3.3-corda/cdi-api-1.1.jar:/Users/vathunyoo/.capsule/apps/net.corda.node.Corda_3.3-corda/crash.cli-cadb53544fbb3c0fb901445da614998a6a419488.jar:/Users/vathunyoo/.capsule/apps/net.corda.node.Corda_3.3-corda/groovy-all-1.8.9.jar:/Users/vathunyoo/.capsule/apps/net.corda.node.Corda_3.3-corda/okio-1.11.0.jar:/Users/vathunyoo/.capsule/apps/net.corda.node.Corda_3.3-corda/jolokia-core-1.6.0.jar:/Users/vathunyoo/.capsule/apps/net.corda.node.Corda_3.3-corda/json-simple-1.1.1.jar:/Users/vathunyoo/.capsule/apps/net.corda.node.Corda_3.3-corda/rxjava-1.2.4.jar:/Users/vathunyoo/.capsule/apps/net.corda.node.Corda_3.3-corda/commons-jexl3-3.0.jar:/Users/vathunyoo/.capsule/apps/net.corda.node.Corda_3.3-corda/jackson-databind-2.9.2.jar:/Users/vathunyoo/.capsule/apps/net.corda.node.Corda_3.3-corda/eddsa-0.2.0.jar:/Users/vathunyoo/.capsule/apps/net.corda.node.Corda_3.3-corda/bcpkix-jdk15on-1.57.jar:/Users/vathunyoo/.capsule/apps/net.corda.node.Corda_3.3-corda/bcprov-jdk15on-1.57.jar:/Users/vathunyoo/.capsule/apps/net.corda.node.Corda_3.3-corda/commons-io-2.2.jar:/Users/vathunyoo/.capsule/apps/net.corda.node.Corda_3.3-corda/reflectasm-1.11.3.jar:/Users/vathunyoo/.capsule/apps/net.corda.node.Corda_3.3-corda/minlog-1.3.0.jar:/Users/vathunyoo/.capsule/apps/net.corda.node.Corda_3.3-corda/objenesis-2.2.jar:/Users/vathunyoo/.capsule/apps/net.corda.node.Corda_3.3-corda/annotations-13.0.jar:/Users/vathunyoo/.capsule/apps/net.corda.node.Corda_3.3-corda/jackson-annotations-2.9.0.jar:/Users/vathunyoo/.capsule/apps/net.corda.node.Corda_3.3-corda/snakeyaml-1.18.jar:/Users/vathunyoo/.capsule/apps/net.corda.node.Corda_3.3-corda/jackson-core-2.9.2.jar:/Users/vathunyoo/.capsule/apps/net.corda.node.Corda_3.3-corda/el-api-2.2.jar:/Users/vathunyoo/.capsule/apps/net.corda.node.Corda_3.3-corda/jboss-interceptors-api_1.1_spec-1.0.0.Beta1.jar:/Users/vathunyoo/.capsule/apps/net.corda.node.Corda_3.3-corda/jsr250-api-1.0.jar:/Users/vathunyoo/.capsule/apps/net.corda.node.Corda_3.3-corda/javax.inject-1.jar:/Users/vathunyoo/.capsule/apps/net.corda.node.Corda_3.3-corda/jpam-1.1.jar:/Users/vathunyoo/.capsule/apps/net.corda.node.Corda_3.3-corda/geronimo-jms_2.0_spec-1.0-alpha-2.jar:/Users/vathunyoo/.capsule/apps/net.corda.node.Corda_3.3-corda/asm-5.0.4.jar:/Users/vathunyoo/.capsule/apps/net.corda.node.Corda_3.3-corda/corda-node-3.3-corda.jar:/Users/vathunyoo/Desktop/GitHub/Senior_project/kotlin-source/build/nodes/PartyB/cordapps/corda-finance-3.3-corda.jar:/Users/vathunyoo/Desktop/GitHub/Senior_project/kotlin-source/build/nodes/PartyB/cordapps/cordapp-example-0.1.jar:drivers/jolokia-jvm-1.3.7-agent.jar:/Users/vathunyoo/.capsule/apps/net.corda.node.Corda_3.3-corda/quasar-core-0.7.9-jdk8.jar {}
[INFO ] 2019-05-27T17:40:55,818Z [main] internal.Node.logStartupInfo - VM Java HotSpot(TM) 64-Bit Server VM Oracle Corporation 25.201-b09 {}
[INFO ] 2019-05-27T17:40:55,818Z [main] internal.Node.logStartupInfo - Machine: Vathunyoos-MacBook-Pro.local {}
[INFO ] 2019-05-27T17:40:55,818Z [main] internal.Node.logStartupInfo - Working Directory: /Users/vathunyoo/Desktop/GitHub/Senior_project/kotlin-source/build/nodes/PartyB {}
[INFO ] 2019-05-27T17:40:55,818Z [main] internal.Node.logStartupInfo - Debug port: dt_socket:5010 {}
[INFO ] 2019-05-27T17:40:55,819Z [main] internal.Node.logStartupInfo - Starting as node on localhost:10010 {}
[INFO ] 2019-05-27T17:40:56,589Z [main] cordapp.CordappLoader.<init> - Loading CorDapps from RestrictedURL(url=file:/Users/vathunyoo/Desktop/GitHub/Senior_project/kotlin-source/build/nodes/PartyB/cordapps/corda-finance-3.3-corda.jar, rootPackageName=null), RestrictedURL(url=file:/Users/vathunyoo/Desktop/GitHub/Senior_project/kotlin-source/build/nodes/PartyB/cordapps/cordapp-example-0.1.jar, rootPackageName=null) {}
[INFO ] 2019-05-27T17:40:57,154Z [main] cordapp.CordappLoader.scanCordapp - Scanning CorDapp in file:/Users/vathunyoo/Desktop/GitHub/Senior_project/kotlin-source/build/nodes/PartyB/cordapps/corda-finance-3.3-corda.jar {}
[INFO ] 2019-05-27T17:40:57,826Z [main] cordapp.CordappLoader.scanCordapp - Scanning CorDapp in file:/Users/vathunyoo/Desktop/GitHub/Senior_project/kotlin-source/build/nodes/PartyB/cordapps/cordapp-example-0.1.jar {}
[INFO ] 2019-05-27T17:40:58,774Z [main] internal.Node.start - Node starting up ... {}
[WARN ] 2019-05-27T17:40:58,774Z [main] internal.Node.initCertificate - Corda node is running in dev mode. {}
[INFO ] 2019-05-27T17:41:04,925Z [main] internal.NetworkParametersReader.retrieveNetworkParameters - Loaded network parameters: net.corda.core.internal.SignedDataWithCert@6b4fc2d1 {}
[INFO ] 2019-05-27T17:41:07,177Z [main] BasicInfo.printBasicNodeInfo - Database connection url is              : jdbc:h2:tcp://192.168.1.64:62746/node {}
[INFO ] 2019-05-27T17:41:07,451Z [main] hikari.HikariDataSource.<init> - HikariPool-1 - Started. {}
[INFO ] 2019-05-27T17:41:08,428Z [main] internal.Node.invoke - Connected to H2 database. {}
[INFO ] 2019-05-27T17:41:08,746Z [main] persistence.HibernateConfiguration.<init> - Init HibernateConfiguration for schemas: [CommonSchemaV1(name=net.corda.core.schemas.CommonSchema, version=1), VaultSchemaV1(name=net.corda.node.services.vault.VaultSchema, version=1), NodeInfoSchemaV1(name=net.corda.node.internal.schemas.NodeInfoSchema, version=1), NodeCoreV1(name=net.corda.node.services.schema.NodeSchemaService$NodeCore, version=1), CashSchemaV1(name=net.corda.finance.schemas.CashSchema, version=1), CommercialPaperSchemaV1(name=net.corda.finance.schemas.CommercialPaperSchema, version=1), BlacklistSchemaV1(name=com.example.schema.BlacklistSchema, version=1), BondSchemaV1(name=com.example.schema.BondSchema, version=1), IOUSchemaV1(name=com.example.schema.IOUSchema, version=1)] {}
[INFO ] 2019-05-27T17:41:08,748Z [main] persistence.HibernateConfiguration.makeSessionFactoryForSchemas - Creating session factory for schemas: [CommonSchemaV1(name=net.corda.core.schemas.CommonSchema, version=1), VaultSchemaV1(name=net.corda.node.services.vault.VaultSchema, version=1), NodeInfoSchemaV1(name=net.corda.node.internal.schemas.NodeInfoSchema, version=1), NodeCoreV1(name=net.corda.node.services.schema.NodeSchemaService$NodeCore, version=1), CashSchemaV1(name=net.corda.finance.schemas.CashSchema, version=1), CommercialPaperSchemaV1(name=net.corda.finance.schemas.CommercialPaperSchema, version=1), BlacklistSchemaV1(name=com.example.schema.BlacklistSchema, version=1), BondSchemaV1(name=com.example.schema.BondSchema, version=1), IOUSchemaV1(name=com.example.schema.IOUSchema, version=1)] {}
[INFO ] 2019-05-27T17:41:09,487Z [main] hibernate.Version.logVersion - HHH000412: Hibernate Core {5.2.6.Final} {}
[INFO ] 2019-05-27T17:41:09,489Z [main] cfg.Environment.<clinit> - HHH000206: hibernate.properties not found {}
[INFO ] 2019-05-27T17:41:09,763Z [main] common.Version.<clinit> - HCANN000001: Hibernate Commons Annotations {5.0.1.Final} {}
[INFO ] 2019-05-27T17:41:10,376Z [main] internal.ConnectionProviderInitiator.initiateService - HHH000130: Instantiating explicit connection provider: net.corda.nodeapi.internal.persistence.HibernateConfiguration$NodeDatabaseConnectionProvider {}
[INFO ] 2019-05-27T17:41:10,519Z [main] dialect.Dialect.<init> - HHH000400: Using dialect: org.hibernate.dialect.H2Dialect {}
[INFO ] 2019-05-27T17:41:10,782Z [main] type.BasicTypeRegistry.register - HHH000270: Type registration [materialized_blob] overrides previous : org.hibernate.type.MaterializedBlobType@6c5747db {}
[INFO ] 2019-05-27T17:41:16,195Z [main] connections.access.getIsolatedConnection - HHH10001501: Connection obtained from JdbcConnectionAccess [org.hibernate.engine.jdbc.env.internal.JdbcEnvironmentInitiator$ConnectionProviderJdbcConnectionAccess@120d13ae] for (non-JTA) DDL execution was not in auto-commit mode; the Connection 'local transaction' will be committed and the Connection will be set into auto-commit mode. {}
[INFO ] 2019-05-27T17:41:16,749Z [main] persistence.HibernateConfiguration.makeSessionFactoryForSchemas - Created session factory for schemas: [CommonSchemaV1(name=net.corda.core.schemas.CommonSchema, version=1), VaultSchemaV1(name=net.corda.node.services.vault.VaultSchema, version=1), NodeInfoSchemaV1(name=net.corda.node.internal.schemas.NodeInfoSchema, version=1), NodeCoreV1(name=net.corda.node.services.schema.NodeSchemaService$NodeCore, version=1), CashSchemaV1(name=net.corda.finance.schemas.CashSchema, version=1), CommercialPaperSchemaV1(name=net.corda.finance.schemas.CommercialPaperSchema, version=1), BlacklistSchemaV1(name=com.example.schema.BlacklistSchema, version=1), BondSchemaV1(name=com.example.schema.BondSchema, version=1), IOUSchemaV1(name=com.example.schema.IOUSchema, version=1)] {}
[INFO ] 2019-05-27T17:41:17,916Z [main] internal.QueryTranslatorFactoryInitiator.initiateService - HHH000397: Using ASTQueryTranslatorFactory {}
[INFO ] 2019-05-27T17:41:21,148Z [main] persistence.NodeAttachmentService.invoke - Stored new attachment 9D0E5E7FD24111A8CC5E293CBA9E88B2664848113089A91A5CABCD29E6C07F1E {}
[INFO ] 2019-05-27T17:41:21,568Z [main] persistence.NodeAttachmentService.invoke - Stored new attachment 18BE79DF3E12309DDF5DDAF4E2EBBFBED5EA318A67B5512F266AB7753DF04358 {}
[INFO ] 2019-05-27T17:41:22,153Z [main] security.RPCSecurityManagerImpl.buildImpl - Constructing realm from list of users in config [User(user1, permissions=[ALL])] {}
[INFO ] 2019-05-27T17:41:23,177Z [main] BasicInfo.printBasicNodeInfo - Advertised P2P messaging addresses      : localhost:10010 {}
[INFO ] 2019-05-27T17:41:23,249Z [main] BasicInfo.printBasicNodeInfo - RPC connection address                  : localhost:10011 {}
[INFO ] 2019-05-27T17:41:23,250Z [main] BasicInfo.printBasicNodeInfo - RPC admin connection address            : localhost:10051 {}
[INFO ] 2019-05-27T17:41:27,800Z [main] messaging.ArtemisMessagingServer.configureAndStartServer - P2P messaging server listening on port 10010 {}
[INFO ] 2019-05-27T17:41:29,128Z [main] internal.ArtemisMessagingClient.start - Connecting to message broker: localhost:10010 {}
[INFO ] 2019-05-27T17:41:30,839Z [main] internal.ArtemisMessagingClient.start - Connecting to message broker: localhost:10010 {}
[INFO ] 2019-05-27T17:41:31,076Z [main] internal.ArtemisMessagingClient.start - Connecting to message broker: localhost:10051 {}
[INFO ] 2019-05-27T17:41:31,385Z [main] messaging.P2PMessagingClient.start - Connecting to message broker: localhost:10010 {}
[INFO ] 2019-05-27T17:41:31,440Z [main] messaging.P2PMessagingClient.createQueueIfAbsent - Create fresh queue p2p.inbound.DLEs8MAghaAsy3rCimjYFQnSAJqXr8eotZGyRibrj8VnhS bound on same address {}
[INFO ] 2019-05-27T17:41:31,859Z [Thread-0 (ActiveMQ-client-global-threads)] bridging.BridgeControlListener.processControlMessage - Received bridge control message NodeToBridgeSnapshot(nodeIdentity=DLEs8MAghaAsy3rCimjYFQnSAJqXr8eotZGyRibrj8VnhS, inboxQueues=[p2p.inbound.DLEs8MAghaAsy3rCimjYFQnSAJqXr8eotZGyRibrj8VnhS], sendQueues=[]) {}
[INFO ] 2019-05-27T17:41:32,505Z [main] internal.Node.installCordaService - Installed net.corda.finance.flows.ConfigHolder Corda service {}
[INFO ] 2019-05-27T17:41:32,741Z [main] internal.Node.registerInitiatedFlowInternal - Registered com.example.flow.Blacklist_Issue$Initiator to initiate com.example.flow.Blacklist_Issue$Responder (version 1) {}
[INFO ] 2019-05-27T17:41:32,742Z [main] internal.Node.registerInitiatedFlowInternal - Registered com.example.flow.Blacklist_Update$Initiator to initiate com.example.flow.Blacklist_Update$Responder (version 1) {}
[INFO ] 2019-05-27T17:41:32,743Z [main] internal.Node.registerInitiatedFlowInternal - Registered com.example.flow.BondFlow_Issue$Initiator to initiate com.example.flow.BondFlow_Issue$Responder (version 1) {}
[INFO ] 2019-05-27T17:41:32,744Z [main] internal.Node.registerInitiatedFlowInternal - Registered com.example.flow.BondFlow_Redeem$Initiator to initiate com.example.flow.BondFlow_Redeem$Responder (version 1) {}
[INFO ] 2019-05-27T17:41:32,745Z [main] internal.Node.registerInitiatedFlowInternal - Registered com.example.flow.BondFlow_Update$Initiator to initiate com.example.flow.BondFlow_Update$Responder (version 1) {}
[INFO ] 2019-05-27T17:41:32,746Z [main] internal.Node.registerInitiatedFlowInternal - Registered com.example.flow.ExampleFlow$Initiator to initiate com.example.flow.ExampleFlow$Acceptor (version 1) {}
[INFO ] 2019-05-27T17:41:35,162Z [main] plugin.PluginManager.getPlugins - Loaded plugin Plugin[type=SSHPlugin,interface=SSHPlugin] {}
[INFO ] 2019-05-27T17:41:35,165Z [main] plugin.PluginManager.getPlugins - Loaded plugin Plugin[type=SSHInlinePlugin,interface=CommandPlugin] {}
[INFO ] 2019-05-27T17:41:35,166Z [main] plugin.PluginManager.getPlugins - Loaded plugin Plugin[type=KeyAuthenticationPlugin,interface=KeyAuthenticationPlugin] {}
[INFO ] 2019-05-27T17:41:35,167Z [main] plugin.PluginManager.getPlugins - Loaded plugin Plugin[type=CRaSHShellFactory,interface=ShellFactory] {}
[INFO ] 2019-05-27T17:41:35,169Z [main] plugin.PluginManager.getPlugins - Loaded plugin Plugin[type=GroovyLanguageProxy,interface=Language] {}
[INFO ] 2019-05-27T17:41:35,170Z [main] plugin.PluginManager.getPlugins - Loaded plugin Plugin[type=JavaLanguage,interface=Language] {}
[INFO ] 2019-05-27T17:41:35,171Z [main] plugin.PluginManager.getPlugins - Loaded plugin Plugin[type=ScriptLanguage,interface=Language] {}
[INFO ] 2019-05-27T17:41:35,172Z [main] plugin.PluginManager.getPlugins - Loaded plugin Plugin[type=JaasAuthenticationPlugin,interface=AuthenticationPlugin] {}
[INFO ] 2019-05-27T17:41:35,173Z [main] plugin.PluginManager.getPlugins - Loaded plugin Plugin[type=SimpleAuthenticationPlugin,interface=AuthenticationPlugin] {}
[INFO ] 2019-05-27T17:41:35,176Z [main] ssh.SSHPlugin.init - Could not boot SSHD due to missing due to missing port configuration {}
[INFO ] 2019-05-27T17:41:35,177Z [main] plugin.PluginManager.getPlugins - Initialized plugin Plugin[type=SSHPlugin,interface=SSHPlugin] {}
[INFO ] 2019-05-27T17:41:35,177Z [main] plugin.PluginManager.getPlugins - Initialized plugin Plugin[type=SSHInlinePlugin,interface=CommandPlugin] {}
[INFO ] 2019-05-27T17:41:35,177Z [main] plugin.PluginManager.getPlugins - Initialized plugin Plugin[type=KeyAuthenticationPlugin,interface=KeyAuthenticationPlugin] {}
[INFO ] 2019-05-27T17:41:35,245Z [main] plugin.PluginManager.getPlugins - Initialized plugin Plugin[type=GroovyLanguageProxy,interface=Language] {}
[INFO ] 2019-05-27T17:41:35,246Z [main] plugin.PluginManager.getPlugins - Initialized plugin Plugin[type=ScriptLanguage,interface=Language] {}
[INFO ] 2019-05-27T17:41:35,271Z [main] plugin.PluginManager.getPlugins - Initialized plugin Plugin[type=CRaSHShellFactory,interface=ShellFactory] {}
[INFO ] 2019-05-27T17:41:35,272Z [main] plugin.PluginManager.getPlugins - Initialized plugin Plugin[type=JaasAuthenticationPlugin,interface=AuthenticationPlugin] {}
[INFO ] 2019-05-27T17:41:35,272Z [main] plugin.PluginManager.getPlugins - Initialized plugin Plugin[type=SimpleAuthenticationPlugin,interface=AuthenticationPlugin] {}
[INFO ] 2019-05-27T17:41:35,272Z [main] plugin.PluginManager.getPlugins - Initialized plugin Plugin[type=CordaAuthenticationPlugin,interface=AuthenticationPlugin] {}
[WARN ] 2019-05-27T17:41:40,185Z [main] utilities.AppendOnlyPersistentMapBase.set - Double insert in net.corda.node.utilities.AppendOnlyPersistentMap for entity class class net.corda.node.services.identity.PersistentIdentityService$PersistentIdentity key CDFF4750A8781FD10C22C8D3E178AE01B2251589961A4E76A15ED231042D84CD, not inserting the second time {}
[INFO ] 2019-05-27T17:41:40,188Z [main] messaging.P2PMessagingClient.updateBridgesOnNetworkChange - Updating bridges on network map change: NodeInfo(addresses=[localhost:10010], legalIdentitiesAndCerts=[O=PartyB, L=New York, C=US], platformVersion=3, serial=1558977455825) {}
[INFO ] 2019-05-27T17:41:40,514Z [RxIoScheduler-2] network.PersistentNetworkMapCache.addNode - Adding node with info: NodeInfo(addresses=[localhost:10006], legalIdentitiesAndCerts=[O=Notary, L=London, C=GB], platformVersion=3, serial=1558977455362) {}
[INFO ] 2019-05-27T17:41:40,543Z [RxIoScheduler-2] network.PersistentNetworkMapCache.addNode - No previous node found {}
[INFO ] 2019-05-27T17:41:40,743Z [main] BasicInfo.printBasicNodeInfo - Loaded CorDapps                         : corda-finance-3.3-corda, cordapp-example-0.1, corda-core-3.3-corda {}
[INFO ] 2019-05-27T17:41:40,755Z [main] BasicInfo.printBasicNodeInfo - Node for "PartyB" started up and registered in 54.99 sec {}
[INFO ] 2019-05-27T17:41:40,806Z [RxIoScheduler-2] messaging.P2PMessagingClient.updateBridgesOnNetworkChange - Updating bridges on network map change: NodeInfo(addresses=[localhost:10006], legalIdentitiesAndCerts=[O=Notary, L=London, C=GB], platformVersion=3, serial=1558977455362) {}
[INFO ] 2019-05-27T17:41:40,832Z [RxIoScheduler-2] network.PersistentNetworkMapCache.addNode - Done adding node with info: NodeInfo(addresses=[localhost:10006], legalIdentitiesAndCerts=[O=Notary, L=London, C=GB], platformVersion=3, serial=1558977455362) {}
[INFO ] 2019-05-27T17:41:40,832Z [RxIoScheduler-2] network.PersistentNetworkMapCache.addNode - Adding node with info: NodeInfo(addresses=[localhost:10013], legalIdentitiesAndCerts=[O=Escrow, L=Paris, C=FR], platformVersion=3, serial=1558977455675) {}
[INFO ] 2019-05-27T17:41:40,836Z [RxIoScheduler-2] network.PersistentNetworkMapCache.addNode - No previous node found {}
[INFO ] 2019-05-27T17:41:40,867Z [RxIoScheduler-2] messaging.P2PMessagingClient.updateBridgesOnNetworkChange - Updating bridges on network map change: NodeInfo(addresses=[localhost:10013], legalIdentitiesAndCerts=[O=Escrow, L=Paris, C=FR], platformVersion=3, serial=1558977455675) {}
[INFO ] 2019-05-27T17:41:40,898Z [RxIoScheduler-2] network.PersistentNetworkMapCache.addNode - Done adding node with info: NodeInfo(addresses=[localhost:10013], legalIdentitiesAndCerts=[O=Escrow, L=Paris, C=FR], platformVersion=3, serial=1558977455675) {}
[INFO ] 2019-05-27T17:41:40,899Z [RxIoScheduler-2] network.PersistentNetworkMapCache.addNode - Adding node with info: NodeInfo(addresses=[localhost:10007], legalIdentitiesAndCerts=[O=PartyA, L=London, C=GB], platformVersion=3, serial=1558977450443) {}
[INFO ] 2019-05-27T17:41:40,901Z [RxIoScheduler-2] network.PersistentNetworkMapCache.addNode - No previous node found {}
[INFO ] 2019-05-27T17:41:41,086Z [RxIoScheduler-2] messaging.P2PMessagingClient.updateBridgesOnNetworkChange - Updating bridges on network map change: NodeInfo(addresses=[localhost:10007], legalIdentitiesAndCerts=[O=PartyA, L=London, C=GB], platformVersion=3, serial=1558977450443) {}
[INFO ] 2019-05-27T17:41:41,095Z [RxIoScheduler-2] network.PersistentNetworkMapCache.addNode - Done adding node with info: NodeInfo(addresses=[localhost:10007], legalIdentitiesAndCerts=[O=PartyA, L=London, C=GB], platformVersion=3, serial=1558977450443) {}
[INFO ] 2019-05-27T17:41:41,095Z [RxIoScheduler-2] network.PersistentNetworkMapCache.addNode - Adding node with info: NodeInfo(addresses=[localhost:10010], legalIdentitiesAndCerts=[O=PartyB, L=New York, C=US], platformVersion=3, serial=1558977455825) {}
[INFO ] 2019-05-27T17:41:41,105Z [RxIoScheduler-2] network.PersistentNetworkMapCache.addNode - Previous node was identical to incoming one - doing nothing {}
[INFO ] 2019-05-27T17:41:41,105Z [RxIoScheduler-2] network.PersistentNetworkMapCache.addNode - Done adding node with info: NodeInfo(addresses=[localhost:10010], legalIdentitiesAndCerts=[O=PartyB, L=New York, C=US], platformVersion=3, serial=1558977455825) {}
[INFO ] 2019-05-27T17:41:41,155Z [main] messaging.RPCServer.start - Starting RPC server with configuration RPCServerConfiguration(rpcThreadPoolSize=4, reapInterval=PT1S, deduplicationCacheExpiry=PT24H) {}
[INFO ] 2019-05-27T17:41:41,341Z [Thread-1 (ActiveMQ-client-global-threads)] messaging.P2PMessagingClient.artemisToCordaMessage - Received message from: p2p.inbound.DLEs8MAghaAsy3rCimjYFQnSAJqXr8eotZGyRibrj8VnhS user: O=PartyA, L=London, C=GB topic: platform.session uuid: 873c80e9-02b8-4328-bda3-8ca0160ce210 {}
[INFO ] 2019-05-27T17:41:42,125Z [Node thread-1] statemachine.StateMachineManagerImpl.onSessionInit - Accepting flow session from party O=PartyA, L=London, C=GB. Session id for tracing purposes is SessionId(toLong=7092006809221802171). {invocation_id=d947ee0b-eba7-4011-9681-b707f92a1c99, invocation_timestamp=2019-05-27T17:41:41.507Z, session_id=d947ee0b-eba7-4011-9681-b707f92a1c99, session_timestamp=2019-05-27T17:41:41.507Z}
[INFO ] 2019-05-27T17:41:42,158Z [Thread-0 (ActiveMQ-client-global-threads)] messaging.RPCServer.clientArtemisMessageHandler - SUBMITTING {actor_id=user1, actor_owningIdentity=O=PartyB, L=New York, C=US, actor_store_id=NODE_CONFIG, invocation_id=69b3f819-dd8b-4368-9bf9-70d3c9476295, invocation_timestamp=2019-05-27T17:41:42.153Z, session_id=2260b425-3991-49a4-928e-39f0734236aa, session_timestamp=2019-05-27T17:41:29.913Z}
[INFO ] 2019-05-27T17:41:42,907Z [Messaging DLEs8MAghaAsy3rCimjYFQnSAJqXr8eotZGyRibrj8VnhS] messaging.P2PMessagingClient.createQueueIfAbsent - Create fresh queue internal.peers.DLNxtaT6j7vP6ezJmqMHgAt8VXwCyWbni2pa8qnFb9X3P bound on same address {}
[INFO ] 2019-05-27T17:41:42,935Z [Thread-0 (ActiveMQ-client-global-threads)] bridging.BridgeControlListener.processControlMessage - Received bridge control message Create(nodeIdentity=DLEs8MAghaAsy3rCimjYFQnSAJqXr8eotZGyRibrj8VnhS, bridgeInfo=BridgeEntry(queueName=internal.peers.DLNxtaT6j7vP6ezJmqMHgAt8VXwCyWbni2pa8qnFb9X3P, targets=[localhost:10007], legalNames=[O=PartyA, L=London, C=GB])) {actor_id=user1, actor_owningIdentity=O=PartyB, L=New York, C=US, actor_store_id=NODE_CONFIG, invocation_id=69b3f819-dd8b-4368-9bf9-70d3c9476295, invocation_timestamp=2019-05-27T17:41:42.153Z, session_id=2260b425-3991-49a4-928e-39f0734236aa, session_timestamp=2019-05-27T17:41:29.913Z}
[INFO ] 2019-05-27T17:41:42,957Z [Thread-0 (ActiveMQ-client-global-threads)] peers.DLNxtaT6j7vP6ezJmqMHgAt8VXwCyWbni2pa8qnFb9X3P -> localhost:10007:O=PartyA, L=London, C=GB.start - Create new AMQP bridge {actor_id=user1, actor_owningIdentity=O=PartyB, L=New York, C=US, actor_store_id=NODE_CONFIG, invocation_id=69b3f819-dd8b-4368-9bf9-70d3c9476295, invocation_timestamp=2019-05-27T17:41:42.153Z, session_id=2260b425-3991-49a4-928e-39f0734236aa, session_timestamp=2019-05-27T17:41:29.913Z}
[INFO ] 2019-05-27T17:41:42,958Z [Thread-0 (ActiveMQ-client-global-threads)] netty.AMQPClient.start - connect to: localhost:10007 {actor_id=user1, actor_owningIdentity=O=PartyB, L=New York, C=US, actor_store_id=NODE_CONFIG, invocation_id=69b3f819-dd8b-4368-9bf9-70d3c9476295, invocation_timestamp=2019-05-27T17:41:42.153Z, session_id=2260b425-3991-49a4-928e-39f0734236aa, session_timestamp=2019-05-27T17:41:29.913Z}
[INFO ] 2019-05-27T17:41:43,178Z [nioEventLoopGroup-2-1] netty.AMQPClient.operationComplete - Connected to localhost:10007 {}
[INFO ] 2019-05-27T17:41:43,223Z [nioEventLoopGroup-2-1] O=PartyA, L=London, C=GB.channelActive - New client connection 3e827552 from localhost/127.0.0.1:10007 to /127.0.0.1:62808 {}
[INFO ] 2019-05-27T17:41:43,634Z [nioEventLoopGroup-2-1] netty.LoggingTrustManagerWrapper.checkServerTrusted - Check Server Certpath:
  C=GB,L=London,O=PartyA[275424EB21115068904F33BBD3861C917B31CD16] issued by C=GB,L=London,O=PartyA[null]
  C=GB,L=London,O=PartyA[1F8B4A270FFD92DA9D8956DF8AE98012591589BB] issued by C=US,L=New York,OU=Corda,O=R3 HoldCo LLC,CN=Corda Doorman CA[null]
  C=US,L=New York,OU=Corda,O=R3 HoldCo LLC,CN=Corda Doorman CA[EBEE2E30152940AE19981ED86FE37D7F07A2C213] issued by CN=Corda Node Root CA,O=R3,OU=corda,L=London,C=UK[7CAEA9DFB948012B13890B9AE645851C39170773]
  CN=Corda Node Root CA,O=R3,OU=corda,L=London,C=UK[7CAEA9DFB948012B13890B9AE645851C39170773] issued by CN=Corda Node Root CA,O=R3,OU=corda,L=London,C=UK[null] {}
[INFO ] 2019-05-27T17:41:43,697Z [nioEventLoopGroup-2-1] O=PartyA, L=London, C=GB.userEventTriggered - Handshake completed with subject: O=PartyA, L=London, C=GB {}
[INFO ] 2019-05-27T17:41:43,803Z [nioEventLoopGroup-2-1] peers.DLNxtaT6j7vP6ezJmqMHgAt8VXwCyWbni2pa8qnFb9X3P -> localhost:10007:O=PartyA, L=London, C=GB.onSocketConnected - Bridge Connected {}
[INFO ] 2019-05-27T17:41:43,814Z [nioEventLoopGroup-2-1] O=PartyB, L=New York, C=US.onConnectionLocalOpen - Connection local open org.apache.qpid.proton.engine.impl.ConnectionImpl@278e3623 {}
[INFO ] 2019-05-27T17:41:44,939Z [Thread-0 (ActiveMQ-client-global-threads)] messaging.P2PMessagingClient.artemisToCordaMessage - Received message from: p2p.inbound.DLEs8MAghaAsy3rCimjYFQnSAJqXr8eotZGyRibrj8VnhS user: O=PartyA, L=London, C=GB topic: platform.session uuid: 14881892-e230-4948-897b-200fda09cdc6 {actor_id=user1, actor_owningIdentity=O=PartyB, L=New York, C=US, actor_store_id=NODE_CONFIG, invocation_id=69b3f819-dd8b-4368-9bf9-70d3c9476295, invocation_timestamp=2019-05-27T17:41:42.153Z, session_id=2260b425-3991-49a4-928e-39f0734236aa, session_timestamp=2019-05-27T17:41:29.913Z}
[INFO ] 2019-05-27T17:41:48,061Z [Thread-1 (ActiveMQ-client-global-threads)] messaging.RPCServer.clientArtemisMessageHandler - SUBMITTING {actor_id=user1, actor_owningIdentity=O=PartyB, L=New York, C=US, actor_store_id=NODE_CONFIG, invocation_id=1cea65c1-dded-48fe-9ddf-5dd33cf3a02b, invocation_timestamp=2019-05-27T17:41:48.061Z, session_id=2260b425-3991-49a4-928e-39f0734236aa, session_timestamp=2019-05-27T17:41:29.913Z}
[INFO ] 2019-05-27T17:41:50,038Z [Thread-0 (ActiveMQ-client-global-threads)] messaging.P2PMessagingClient.artemisToCordaMessage - Received message from: p2p.inbound.DLEs8MAghaAsy3rCimjYFQnSAJqXr8eotZGyRibrj8VnhS user: O=PartyA, L=London, C=GB topic: platform.session uuid: 978d6c56-9d40-4906-bd30-57aa428c1fae {actor_id=user1, actor_owningIdentity=O=PartyB, L=New York, C=US, actor_store_id=NODE_CONFIG, invocation_id=69b3f819-dd8b-4368-9bf9-70d3c9476295, invocation_timestamp=2019-05-27T17:41:42.153Z, session_id=2260b425-3991-49a4-928e-39f0734236aa, session_timestamp=2019-05-27T17:41:29.913Z}
[INFO ] 2019-05-27T17:41:51,981Z [Thread-0 (ActiveMQ-client-global-threads)] messaging.P2PMessagingClient.artemisToCordaMessage - Received message from: p2p.inbound.DLEs8MAghaAsy3rCimjYFQnSAJqXr8eotZGyRibrj8VnhS user: O=PartyA, L=London, C=GB topic: platform.session uuid: 25e992db-4b77-43b3-93c1-99f57b92b7c5 {actor_id=user1, actor_owningIdentity=O=PartyB, L=New York, C=US, actor_store_id=NODE_CONFIG, invocation_id=69b3f819-dd8b-4368-9bf9-70d3c9476295, invocation_timestamp=2019-05-27T17:41:42.153Z, session_id=2260b425-3991-49a4-928e-39f0734236aa, session_timestamp=2019-05-27T17:41:29.913Z}
[INFO ] 2019-05-27T17:41:52,250Z [Node thread-1] vault.NodeVaultService._queryBy - Vault Query for contract type: class com.example.state.BlacklistState, criteria: VaultQueryCriteria(status=UNCONSUMED, contractStateTypes=null, stateRefs=null, notary=null, softLockingCondition=null, timeCondition=null), pagination: PageSpecification(pageNumber=-1, pageSize=200), sorting: Sort(columns=[]) {}
[INFO ] 2019-05-27T17:41:52,749Z [Node thread-1] vault.NodeVaultService._queryBy - Vault Query for contract type: interface net.corda.core.contracts.FungibleAsset, criteria: net.corda.core.node.services.vault.QueryCriteria$AndComposition@7b74a8ab, pagination: PageSpecification(pageNumber=-1, pageSize=200), sorting: Sort(columns=[]) {}
[WARN ] 2019-05-27T17:41:53,201Z [Node thread-1] flow.[0bee1543-893b-4a02-b9a9-88198dae4481].run - Flow finished with exception {}
net.corda.core.flows.FlowException: java.lang.IllegalArgumentException: Failed requirement: More than maximum limited cash in lender
	at net.corda.core.flows.SignTransactionFlow.call(CollectSignaturesFlow.kt:231) ~[corda-core-3.3-corda.jar:?]
	at net.corda.core.flows.SignTransactionFlow.call(CollectSignaturesFlow.kt:197) ~[corda-core-3.3-corda.jar:?]
	at net.corda.core.flows.FlowLogic.subFlow(FlowLogic.kt:290) ~[corda-core-3.3-corda.jar:?]
	at com.example.flow.BondFlow_Issue$Responder.call(BondFlow_Issue.kt:211) ~[cordapp-example-0.1.jar:?]
	at com.example.flow.BondFlow_Issue$Responder.call(BondFlow_Issue.kt:139) ~[cordapp-example-0.1.jar:?]
	at net.corda.node.services.statemachine.FlowStateMachineImpl.run(FlowStateMachineImpl.kt:96) [corda-node-3.3-corda.jar:?]
	at net.corda.node.services.statemachine.FlowStateMachineImpl.run(FlowStateMachineImpl.kt:44) [corda-node-3.3-corda.jar:?]
	at co.paralleluniverse.fibers.Fiber.run1(Fiber.java:1092) [quasar-core-0.7.9-jdk8.jar:0.7.9]
	at co.paralleluniverse.fibers.Fiber.exec(Fiber.java:788) [quasar-core-0.7.9-jdk8.jar:0.7.9]
	at co.paralleluniverse.fibers.RunnableFiberTask.doExec(RunnableFiberTask.java:100) [quasar-core-0.7.9-jdk8.jar:0.7.9]
	at co.paralleluniverse.fibers.RunnableFiberTask.run(RunnableFiberTask.java:91) [quasar-core-0.7.9-jdk8.jar:0.7.9]
	at java.util.concurrent.Executors$RunnableAdapter.call(Executors.java:511) [?:1.8.0_201]
	at java.util.concurrent.FutureTask.run(FutureTask.java:266) [?:1.8.0_201]
	at java.util.concurrent.ScheduledThreadPoolExecutor$ScheduledFutureTask.access$201(ScheduledThreadPoolExecutor.java:180) [?:1.8.0_201]
	at java.util.concurrent.ScheduledThreadPoolExecutor$ScheduledFutureTask.run(ScheduledThreadPoolExecutor.java:293) [?:1.8.0_201]
	at java.util.concurrent.ThreadPoolExecutor.runWorker(ThreadPoolExecutor.java:1149) [?:1.8.0_201]
	at java.util.concurrent.ThreadPoolExecutor$Worker.run(ThreadPoolExecutor.java:624) [?:1.8.0_201]
	at net.corda.node.utilities.AffinityExecutor$ServiceAffinityExecutor$1$thread$1.run(AffinityExecutor.kt:62) [corda-node-3.3-corda.jar:?]
Caused by: java.lang.IllegalArgumentException: Failed requirement: More than maximum limited cash in lender
	at com.example.flow.BondFlow_Issue$Responder$call$signTransactionFlow$1.checkTransaction(BondFlow_Issue.kt:223) ~[cordapp-example-0.1.jar:?]
	at net.corda.core.flows.SignTransactionFlow.call(CollectSignaturesFlow.kt:228) ~[corda-core-3.3-corda.jar:?]
	... 17 more
