[INFO ] 2019-05-25T10:57:30,284Z [main] webserver.CmdLineOptions.loadConfig - Config:
{
    # hardcoded value
    "baseDirectory" : "/Users/vathunyoo/Desktop/GitHub/Senior_project/kotlin-source/build/nodes/Escrow",
    # web-reference.conf @ jar:file:/Users/vathunyoo/.capsule/apps/net.corda.webserver.WebServer_3.3-corda/corda-webserver-impl-3.3-corda.jar!/web-reference.conf: 2
    "keyStorePassword" : "cordacadevpass",
    # /Users/vathunyoo/Desktop/GitHub/Senior_project/kotlin-source/build/nodes/Escrow/node.conf: 1
    "myLegalName" : "O=Escrow,L=Paris,C=FR",
    # /Users/vathunyoo/Desktop/GitHub/Senior_project/kotlin-source/build/nodes/Escrow/node.conf: 2
    "p2pAddress" : "localhost:10013",
    # /Users/vathunyoo/Desktop/GitHub/Senior_project/kotlin-source/build/nodes/Escrow/node.conf: 3
    "rpcSettings" : {
        # /Users/vathunyoo/Desktop/GitHub/Senior_project/kotlin-source/build/nodes/Escrow/node.conf: 4
        "address" : "localhost:10014",
        # /Users/vathunyoo/Desktop/GitHub/Senior_project/kotlin-source/build/nodes/Escrow/node.conf: 5
        "adminAddress" : "localhost:10054"
    },
    # /Users/vathunyoo/Desktop/GitHub/Senior_project/kotlin-source/build/nodes/Escrow/node.conf: 7
    "rpcUsers" : [
        # /Users/vathunyoo/Desktop/GitHub/Senior_project/kotlin-source/build/nodes/Escrow/node.conf: 8
        {
            # /Users/vathunyoo/Desktop/GitHub/Senior_project/kotlin-source/build/nodes/Escrow/node.conf: 9
            "password" : "test",
            # /Users/vathunyoo/Desktop/GitHub/Senior_project/kotlin-source/build/nodes/Escrow/node.conf: 10
            "permissions" : [
                # /Users/vathunyoo/Desktop/GitHub/Senior_project/kotlin-source/build/nodes/Escrow/node.conf: 11
                "ALL"
            ],
            # /Users/vathunyoo/Desktop/GitHub/Senior_project/kotlin-source/build/nodes/Escrow/node.conf: 13
            "user" : "user1"
        }
    ],
    # web-reference.conf @ jar:file:/Users/vathunyoo/.capsule/apps/net.corda.webserver.WebServer_3.3-corda/corda-webserver-impl-3.3-corda.jar!/web-reference.conf: 3
    "trustStorePassword" : "trustpass",
    # web-reference.conf @ jar:file:/Users/vathunyoo/.capsule/apps/net.corda.webserver.WebServer_3.3-corda/corda-webserver-impl-3.3-corda.jar!/web-reference.conf: 1
    "useHTTPS" : false,
    # /Users/vathunyoo/Desktop/GitHub/Senior_project/kotlin-source/build/nodes/Escrow/node.conf: 16
    "webAddress" : "localhost:10015"
}
 {}
[INFO ] 2019-05-25T10:57:30,414Z [main] Main.main - Main class: /Users/vathunyoo/.capsule/apps/net.corda.webserver.WebServer_3.3-corda/corda-webserver-impl-3.3-corda.jar {}
[INFO ] 2019-05-25T10:57:30,661Z [main] Main.main - CommandLine Args: -Xmx200m -XX:+UseG1GC -agentlib:jdwp=transport=dt_socket,server=y,suspend=n,address=5009 -javaagent:drivers/jolokia-jvm-1.3.7-agent.jar=port=7009,logHandlerClass=net.corda.webserver.JolokiaSlf4Adapter -javaagent:/Users/vathunyoo/.capsule/apps/net.corda.webserver.WebServer_3.3-corda/quasar-core-0.7.9-jdk8.jar -Dvisualvm.display.name=Corda -Djava.library.path=/Users/vathunyoo/Library/Java/Extensions:/Library/Java/Extensions:/Network/Library/Java/Extensions:/System/Library/Java/Extensions:/usr/lib/java:/Users/vathunyoo/.capsule/apps/net.corda.webserver.WebServer_3.3-corda -Dcapsule.app=net.corda.webserver.WebServer_3.3-corda -Dname=Escrow-corda-webserver.jar -DWebserver -Dcapsule.dir=/Users/vathunyoo/.capsule/apps/net.corda.webserver.WebServer_3.3-corda -Dcapsule.jar=/Users/vathunyoo/Desktop/GitHub/Senior_project/kotlin-source/build/nodes/Escrow/corda-webserver.jar {}
[INFO ] 2019-05-25T10:57:31,328Z [main] Main.main - Application Args:  {}
[INFO ] 2019-05-25T10:57:31,328Z [main] Main.main - bootclasspath: /Library/Java/JavaVirtualMachines/jdk1.8.0_201.jdk/Contents/Home/jre/lib/resources.jar:/Library/Java/JavaVirtualMachines/jdk1.8.0_201.jdk/Contents/Home/jre/lib/rt.jar:/Library/Java/JavaVirtualMachines/jdk1.8.0_201.jdk/Contents/Home/jre/lib/sunrsasign.jar:/Library/Java/JavaVirtualMachines/jdk1.8.0_201.jdk/Contents/Home/jre/lib/jsse.jar:/Library/Java/JavaVirtualMachines/jdk1.8.0_201.jdk/Contents/Home/jre/lib/jce.jar:/Library/Java/JavaVirtualMachines/jdk1.8.0_201.jdk/Contents/Home/jre/lib/charsets.jar:/Library/Java/JavaVirtualMachines/jdk1.8.0_201.jdk/Contents/Home/jre/lib/jfr.jar:/Library/Java/JavaVirtualMachines/jdk1.8.0_201.jdk/Contents/Home/jre/classes {}
[INFO ] 2019-05-25T10:57:31,328Z [main] Main.main - classpath: /Users/vathunyoo/Desktop/GitHub/Senior_project/kotlin-source/build/nodes/Escrow/corda-webserver.jar:/Users/vathunyoo/.capsule/apps/net.corda.webserver.WebServer_3.3-corda/corda-rpc-3.3-corda.jar:/Users/vathunyoo/.capsule/apps/net.corda.webserver.WebServer_3.3-corda/corda-jackson-3.3-corda.jar:/Users/vathunyoo/.capsule/apps/net.corda.webserver.WebServer_3.3-corda/corda-node-api-3.3-corda.jar:/Users/vathunyoo/.capsule/apps/net.corda.webserver.WebServer_3.3-corda/corda-core-3.3-corda.jar:/Users/vathunyoo/.capsule/apps/net.corda.webserver.WebServer_3.3-corda/jetty-webapp-9.4.7.v20170914.jar:/Users/vathunyoo/.capsule/apps/net.corda.webserver.WebServer_3.3-corda/jetty-servlet-9.4.7.v20170914.jar:/Users/vathunyoo/.capsule/apps/net.corda.webserver.WebServer_3.3-corda/jersey-container-jetty-http-2.25.jar:/Users/vathunyoo/.capsule/apps/net.corda.webserver.WebServer_3.3-corda/jetty-security-9.4.7.v20170914.jar:/Users/vathunyoo/.capsule/apps/net.corda.webserver.WebServer_3.3-corda/jetty-server-9.4.7.v20170914.jar:/Users/vathunyoo/.capsule/apps/net.corda.webserver.WebServer_3.3-corda/javax.servlet-api-3.1.0.jar:/Users/vathunyoo/.capsule/apps/net.corda.webserver.WebServer_3.3-corda/commons-fileupload-1.3.3.jar:/Users/vathunyoo/.capsule/apps/net.corda.webserver.WebServer_3.3-corda/log4j-slf4j-impl-2.9.1.jar:/Users/vathunyoo/.capsule/apps/net.corda.webserver.WebServer_3.3-corda/log4j-core-2.9.1.jar:/Users/vathunyoo/.capsule/apps/net.corda.webserver.WebServer_3.3-corda/jopt-simple-5.0.2.jar:/Users/vathunyoo/.capsule/apps/net.corda.webserver.WebServer_3.3-corda/jetty-continuation-9.4.7.v20170914.jar:/Users/vathunyoo/.capsule/apps/net.corda.webserver.WebServer_3.3-corda/jersey-container-servlet-2.25.jar:/Users/vathunyoo/.capsule/apps/net.corda.webserver.WebServer_3.3-corda/jersey-container-servlet-core-2.25.jar:/Users/vathunyoo/.capsule/apps/net.corda.webserver.WebServer_3.3-corda/jersey-server-2.25.jar:/Users/vathunyoo/.capsule/apps/net.corda.webserver.WebServer_3.3-corda/jersey-media-json-jackson-2.25.jar:/Users/vathunyoo/.capsule/apps/net.corda.webserver.WebServer_3.3-corda/kotlinx-html-jvm-0.6.3.jar:/Users/vathunyoo/.capsule/apps/net.corda.webserver.WebServer_3.3-corda/kotlin-stdlib-jre8-1.1.60.jar:/Users/vathunyoo/.capsule/apps/net.corda.webserver.WebServer_3.3-corda/jackson-module-kotlin-2.9.2.jar:/Users/vathunyoo/.capsule/apps/net.corda.webserver.WebServer_3.3-corda/kotlin-reflect-1.1.60.jar:/Users/vathunyoo/.capsule/apps/net.corda.webserver.WebServer_3.3-corda/cordform-common-3.2.1.jar:/Users/vathunyoo/.capsule/apps/net.corda.webserver.WebServer_3.3-corda/jsr305-3.0.2.jar:/Users/vathunyoo/.capsule/apps/net.corda.webserver.WebServer_3.3-corda/jcl-over-slf4j-1.7.25.jar:/Users/vathunyoo/.capsule/apps/net.corda.webserver.WebServer_3.3-corda/slf4j-api-1.7.25.jar:/Users/vathunyoo/.capsule/apps/net.corda.webserver.WebServer_3.3-corda/rxjava-1.2.4.jar:/Users/vathunyoo/.capsule/apps/net.corda.webserver.WebServer_3.3-corda/commons-jexl3-3.0.jar:/Users/vathunyoo/.capsule/apps/net.corda.webserver.WebServer_3.3-corda/jackson-datatype-jsr310-2.9.2.jar:/Users/vathunyoo/.capsule/apps/net.corda.webserver.WebServer_3.3-corda/jackson-jaxrs-json-provider-2.8.4.jar:/Users/vathunyoo/.capsule/apps/net.corda.webserver.WebServer_3.3-corda/jackson-jaxrs-base-2.8.4.jar:/Users/vathunyoo/.capsule/apps/net.corda.webserver.WebServer_3.3-corda/jackson-module-jaxb-annotations-2.8.4.jar:/Users/vathunyoo/.capsule/apps/net.corda.webserver.WebServer_3.3-corda/jackson-databind-2.9.2.jar:/Users/vathunyoo/.capsule/apps/net.corda.webserver.WebServer_3.3-corda/eddsa-0.2.0.jar:/Users/vathunyoo/.capsule/apps/net.corda.webserver.WebServer_3.3-corda/bcpkix-jdk15on-1.57.jar:/Users/vathunyoo/.capsule/apps/net.corda.webserver.WebServer_3.3-corda/bcprov-jdk15on-1.57.jar:/Users/vathunyoo/.capsule/apps/net.corda.webserver.WebServer_3.3-corda/hibernate-core-5.2.6.Final.jar:/Users/vathunyoo/.capsule/apps/net.corda.webserver.WebServer_3.3-corda/hibernate-jpa-2.1-api-1.0.0.Final.jar:/Users/vathunyoo/.capsule/apps/net.corda.webserver.WebServer_3.3-corda/quasar-core-0.7.9-jdk8.jar:/Users/vathunyoo/.capsule/apps/net.corda.webserver.WebServer_3.3-corda/jackson-dataformat-yaml-2.9.2.jar:/Users/vathunyoo/.capsule/apps/net.corda.webserver.WebServer_3.3-corda/artemis-core-client-2.2.0.jar:/Users/vathunyoo/.capsule/apps/net.corda.webserver.WebServer_3.3-corda/artemis-commons-2.2.0.jar:/Users/vathunyoo/.capsule/apps/net.corda.webserver.WebServer_3.3-corda/guava-21.0.jar:/Users/vathunyoo/.capsule/apps/net.corda.webserver.WebServer_3.3-corda/jetty-xml-9.4.7.v20170914.jar:/Users/vathunyoo/.capsule/apps/net.corda.webserver.WebServer_3.3-corda/commons-io-2.2.jar:/Users/vathunyoo/.capsule/apps/net.corda.webserver.WebServer_3.3-corda/log4j-api-2.9.1.jar:/Users/vathunyoo/.capsule/apps/net.corda.webserver.WebServer_3.3-corda/jersey-client-2.25.jar:/Users/vathunyoo/.capsule/apps/net.corda.webserver.WebServer_3.3-corda/jersey-media-jaxb-2.25.jar:/Users/vathunyoo/.capsule/apps/net.corda.webserver.WebServer_3.3-corda/jersey-common-2.25.jar:/Users/vathunyoo/.capsule/apps/net.corda.webserver.WebServer_3.3-corda/jersey-entity-filtering-2.25.jar:/Users/vathunyoo/.capsule/apps/net.corda.webserver.WebServer_3.3-corda/javax.ws.rs-api-2.0.1.jar:/Users/vathunyoo/.capsule/apps/net.corda.webserver.WebServer_3.3-corda/javax.annotation-api-1.2.jar:/Users/vathunyoo/.capsule/apps/net.corda.webserver.WebServer_3.3-corda/hk2-locator-2.5.0-b30.jar:/Users/vathunyoo/.capsule/apps/net.corda.webserver.WebServer_3.3-corda/hk2-api-2.5.0-b30.jar:/Users/vathunyoo/.capsule/apps/net.corda.webserver.WebServer_3.3-corda/javax.inject-2.5.0-b30.jar:/Users/vathunyoo/.capsule/apps/net.corda.webserver.WebServer_3.3-corda/validation-api-1.1.0.Final.jar:/Users/vathunyoo/.capsule/apps/net.corda.webserver.WebServer_3.3-corda/jetty-http-9.4.7.v20170914.jar:/Users/vathunyoo/.capsule/apps/net.corda.webserver.WebServer_3.3-corda/jetty-io-9.4.7.v20170914.jar:/Users/vathunyoo/.capsule/apps/net.corda.webserver.WebServer_3.3-corda/jetty-util-9.4.7.v20170914.jar:/Users/vathunyoo/.capsule/apps/net.corda.webserver.WebServer_3.3-corda/jackson-annotations-2.9.0.jar:/Users/vathunyoo/.capsule/apps/net.corda.webserver.WebServer_3.3-corda/kotlin-stdlib-jre7-1.1.60.jar:/Users/vathunyoo/.capsule/apps/net.corda.webserver.WebServer_3.3-corda/kotlin-stdlib-1.1.60.jar:/Users/vathunyoo/.capsule/apps/net.corda.webserver.WebServer_3.3-corda/jackson-core-2.9.2.jar:/Users/vathunyoo/.capsule/apps/net.corda.webserver.WebServer_3.3-corda/hibernate-commons-annotations-5.0.1.Final.jar:/Users/vathunyoo/.capsule/apps/net.corda.webserver.WebServer_3.3-corda/jboss-logging-3.3.0.Final.jar:/Users/vathunyoo/.capsule/apps/net.corda.webserver.WebServer_3.3-corda/javassist-3.20.0-GA.jar:/Users/vathunyoo/.capsule/apps/net.corda.webserver.WebServer_3.3-corda/antlr-2.7.7.jar:/Users/vathunyoo/.capsule/apps/net.corda.webserver.WebServer_3.3-corda/geronimo-jta_1.1_spec-1.1.1.jar:/Users/vathunyoo/.capsule/apps/net.corda.webserver.WebServer_3.3-corda/jandex-2.0.3.Final.jar:/Users/vathunyoo/.capsule/apps/net.corda.webserver.WebServer_3.3-corda/classmate-1.3.0.jar:/Users/vathunyoo/.capsule/apps/net.corda.webserver.WebServer_3.3-corda/dom4j-1.6.1.jar:/Users/vathunyoo/.capsule/apps/net.corda.webserver.WebServer_3.3-corda/cdi-api-1.1.jar:/Users/vathunyoo/.capsule/apps/net.corda.webserver.WebServer_3.3-corda/commons-collections4-4.1.jar:/Users/vathunyoo/.capsule/apps/net.corda.webserver.WebServer_3.3-corda/commons-beanutils-1.9.3.jar:/Users/vathunyoo/.capsule/apps/net.corda.webserver.WebServer_3.3-corda/config-1.3.1.jar:/Users/vathunyoo/.capsule/apps/net.corda.webserver.WebServer_3.3-corda/kryo-serializers-0.41.jar:/Users/vathunyoo/.capsule/apps/net.corda.webserver.WebServer_3.3-corda/kryo-4.0.0.jar:/Users/vathunyoo/.capsule/apps/net.corda.webserver.WebServer_3.3-corda/proton-j-0.21.0.jar:/Users/vathunyoo/.capsule/apps/net.corda.webserver.WebServer_3.3-corda/fast-classpath-scanner-2.12.3.jar:/Users/vathunyoo/.capsule/apps/net.corda.webserver.WebServer_3.3-corda/snakeyaml-1.18.jar:/Users/vathunyoo/.capsule/apps/net.corda.webserver.WebServer_3.3-corda/jersey-guava-2.25.jar:/Users/vathunyoo/.capsule/apps/net.corda.webserver.WebServer_3.3-corda/osgi-resource-locator-1.0.1.jar:/Users/vathunyoo/.capsule/apps/net.corda.webserver.WebServer_3.3-corda/hk2-utils-2.5.0-b30.jar:/Users/vathunyoo/.capsule/apps/net.corda.webserver.WebServer_3.3-corda/aopalliance-repackaged-2.5.0-b30.jar:/Users/vathunyoo/.capsule/apps/net.corda.webserver.WebServer_3.3-corda/el-api-2.2.jar:/Users/vathunyoo/.capsule/apps/net.corda.webserver.WebServer_3.3-corda/jboss-interceptors-api_1.1_spec-1.0.0.Beta1.jar:/Users/vathunyoo/.capsule/apps/net.corda.webserver.WebServer_3.3-corda/jsr250-api-1.0.jar:/Users/vathunyoo/.capsule/apps/net.corda.webserver.WebServer_3.3-corda/javax.inject-1.jar:/Users/vathunyoo/.capsule/apps/net.corda.webserver.WebServer_3.3-corda/commons-collections-3.2.2.jar:/Users/vathunyoo/.capsule/apps/net.corda.webserver.WebServer_3.3-corda/jgroups-3.6.13.Final.jar:/Users/vathunyoo/.capsule/apps/net.corda.webserver.WebServer_3.3-corda/netty-all-4.1.9.Final.jar:/Users/vathunyoo/.capsule/apps/net.corda.webserver.WebServer_3.3-corda/geronimo-json_1.0_spec-1.0-alpha-1.jar:/Users/vathunyoo/.capsule/apps/net.corda.webserver.WebServer_3.3-corda/johnzon-core-0.9.5.jar:/Users/vathunyoo/.capsule/apps/net.corda.webserver.WebServer_3.3-corda/reflectasm-1.11.3.jar:/Users/vathunyoo/.capsule/apps/net.corda.webserver.WebServer_3.3-corda/minlog-1.3.0.jar:/Users/vathunyoo/.capsule/apps/net.corda.webserver.WebServer_3.3-corda/objenesis-2.2.jar:/Users/vathunyoo/.capsule/apps/net.corda.webserver.WebServer_3.3-corda/asm-5.0.4.jar:/Users/vathunyoo/.capsule/apps/net.corda.webserver.WebServer_3.3-corda/annotations-13.0.jar:/Users/vathunyoo/.capsule/apps/net.corda.webserver.WebServer_3.3-corda/corda-webserver-impl-3.3-corda.jar:/Users/vathunyoo/Desktop/GitHub/Senior_project/kotlin-source/build/nodes/Escrow/cordapps/corda-finance-3.3-corda.jar:/Users/vathunyoo/Desktop/GitHub/Senior_project/kotlin-source/build/nodes/Escrow/cordapps/cordapp-example-0.1.jar:drivers/jolokia-jvm-1.3.7-agent.jar:/Users/vathunyoo/.capsule/apps/net.corda.webserver.WebServer_3.3-corda/quasar-core-0.7.9-jdk8.jar {}
[INFO ] 2019-05-25T10:57:31,329Z [main] Main.main - VM Java HotSpot(TM) 64-Bit Server VM Oracle Corporation 25.201-b09 {}
[INFO ] 2019-05-25T10:57:31,331Z [main] Main.main - Machine: Vathunyoos-MacBook-Pro.local {}
[INFO ] 2019-05-25T10:57:31,331Z [main] Main.main - Working Directory: /Users/vathunyoo/Desktop/GitHub/Senior_project/kotlin-source/build/nodes/Escrow {}
[INFO ] 2019-05-25T10:57:37,594Z [main] Main.main - Starting as webserver on localhost:10015 {}
[INFO ] 2019-05-25T10:57:37,964Z [main] BasicInfo.logAndMaybePrint - Starting as webserver: localhost:10015 {}
[WARN ] 2019-05-25T10:57:39,612Z [main] internal.config.defaultToOldPath - Config key user has been deprecated and will be removed in a future release. Use username instead {}
[INFO ] 2019-05-25T10:57:39,677Z [main] internal.NodeWebServer.connectLocalRpcAsNodeUser - Connecting to node at localhost:10014 as User(user1, permissions=[ALL]) {}
[INFO ] 2019-05-25T10:57:48,318Z [main] internal.RPCClient.logElapsedTime - Startup took 6602 msec {}
[WARN ] 2019-05-25T10:57:49,320Z [main] internal.config.defaultToOldPath - Config key user has been deprecated and will be removed in a future release. Use username instead {}
[INFO ] 2019-05-25T10:57:49,321Z [main] internal.NodeWebServer.connectLocalRpcAsNodeUser - Connecting to node at localhost:10014 as User(user1, permissions=[ALL]) {}
[INFO ] 2019-05-25T10:57:49,326Z [main] internal.RPCClient.logElapsedTime - Startup took 5 msec {}
[WARN ] 2019-05-25T10:57:50,331Z [main] internal.config.defaultToOldPath - Config key user has been deprecated and will be removed in a future release. Use username instead {}
[INFO ] 2019-05-25T10:57:50,331Z [main] internal.NodeWebServer.connectLocalRpcAsNodeUser - Connecting to node at localhost:10014 as User(user1, permissions=[ALL]) {}
[INFO ] 2019-05-25T10:57:50,335Z [main] internal.RPCClient.logElapsedTime - Startup took 2 msec {}
[WARN ] 2019-05-25T10:57:51,336Z [main] internal.config.defaultToOldPath - Config key user has been deprecated and will be removed in a future release. Use username instead {}
[INFO ] 2019-05-25T10:57:51,336Z [main] internal.NodeWebServer.connectLocalRpcAsNodeUser - Connecting to node at localhost:10014 as User(user1, permissions=[ALL]) {}
[INFO ] 2019-05-25T10:57:51,340Z [main] internal.RPCClient.logElapsedTime - Startup took 3 msec {}
[WARN ] 2019-05-25T10:57:52,341Z [main] internal.config.defaultToOldPath - Config key user has been deprecated and will be removed in a future release. Use username instead {}
[INFO ] 2019-05-25T10:57:52,342Z [main] internal.NodeWebServer.connectLocalRpcAsNodeUser - Connecting to node at localhost:10014 as User(user1, permissions=[ALL]) {}
[INFO ] 2019-05-25T10:57:52,345Z [main] internal.RPCClient.logElapsedTime - Startup took 3 msec {}
[WARN ] 2019-05-25T10:57:53,350Z [main] internal.config.defaultToOldPath - Config key user has been deprecated and will be removed in a future release. Use username instead {}
[INFO ] 2019-05-25T10:57:53,351Z [main] internal.NodeWebServer.connectLocalRpcAsNodeUser - Connecting to node at localhost:10014 as User(user1, permissions=[ALL]) {}
[INFO ] 2019-05-25T10:57:53,354Z [main] internal.RPCClient.logElapsedTime - Startup took 3 msec {}
[WARN ] 2019-05-25T10:57:54,357Z [main] internal.config.defaultToOldPath - Config key user has been deprecated and will be removed in a future release. Use username instead {}
[INFO ] 2019-05-25T10:57:54,357Z [main] internal.NodeWebServer.connectLocalRpcAsNodeUser - Connecting to node at localhost:10014 as User(user1, permissions=[ALL]) {}
[INFO ] 2019-05-25T10:58:05,207Z [main] internal.RPCClient.logElapsedTime - Startup took 10849 msec {}
[INFO ] 2019-05-25T10:58:05,239Z [main] util.log.initialized - Logging initialized @55698ms to org.eclipse.jetty.util.log.Slf4jLog {}
[INFO ] 2019-05-25T10:58:10,349Z [main] internal.NodeWebServer.buildServletContextHandler - Add plugin web API from attachment com.example.plugin.ExamplePluginKt$sam$Function$b90e2006@4f63909f {}
[INFO ] 2019-05-25T10:58:12,228Z [main] server.Server.doStart - jetty-9.4.7.v20170914 {}
[INFO ] 2019-05-25T10:58:16,162Z [main] handler.ContextHandler.doStart - Started o.e.j.s.ServletContextHandler@30a1b9b0{/,null,AVAILABLE} {}
[INFO ] 2019-05-25T10:58:16,278Z [main] server.AbstractConnector.doStart - Started ServerConnector@3a6ae0f0{HTTP/1.1,[http/1.1]}{0.0.0.0:10015} {}
[INFO ] 2019-05-25T10:58:16,278Z [main] server.Server.doStart - Started @66742ms {}
[INFO ] 2019-05-25T10:58:16,278Z [main] internal.NodeWebServer.initWebServer - Starting webserver on address localhost:10015 {}
[INFO ] 2019-05-25T11:00:36,441Z [main] webserver.CmdLineOptions.loadConfig - Config:
{
    # hardcoded value
    "baseDirectory" : "/Users/vathunyoo/Desktop/GitHub/Senior_project/kotlin-source/build/nodes/Escrow",
    # web-reference.conf @ jar:file:/Users/vathunyoo/.capsule/apps/net.corda.webserver.WebServer_3.3-corda/corda-webserver-impl-3.3-corda.jar!/web-reference.conf: 2
    "keyStorePassword" : "cordacadevpass",
    # /Users/vathunyoo/Desktop/GitHub/Senior_project/kotlin-source/build/nodes/Escrow/node.conf: 1
    "myLegalName" : "O=Escrow,L=Paris,C=FR",
    # /Users/vathunyoo/Desktop/GitHub/Senior_project/kotlin-source/build/nodes/Escrow/node.conf: 2
    "p2pAddress" : "localhost:10013",
    # /Users/vathunyoo/Desktop/GitHub/Senior_project/kotlin-source/build/nodes/Escrow/node.conf: 3
    "rpcSettings" : {
        # /Users/vathunyoo/Desktop/GitHub/Senior_project/kotlin-source/build/nodes/Escrow/node.conf: 4
        "address" : "localhost:10014",
        # /Users/vathunyoo/Desktop/GitHub/Senior_project/kotlin-source/build/nodes/Escrow/node.conf: 5
        "adminAddress" : "localhost:10054"
    },
    # /Users/vathunyoo/Desktop/GitHub/Senior_project/kotlin-source/build/nodes/Escrow/node.conf: 7
    "rpcUsers" : [
        # /Users/vathunyoo/Desktop/GitHub/Senior_project/kotlin-source/build/nodes/Escrow/node.conf: 8
        {
            # /Users/vathunyoo/Desktop/GitHub/Senior_project/kotlin-source/build/nodes/Escrow/node.conf: 9
            "password" : "test",
            # /Users/vathunyoo/Desktop/GitHub/Senior_project/kotlin-source/build/nodes/Escrow/node.conf: 10
            "permissions" : [
                # /Users/vathunyoo/Desktop/GitHub/Senior_project/kotlin-source/build/nodes/Escrow/node.conf: 11
                "ALL"
            ],
            # /Users/vathunyoo/Desktop/GitHub/Senior_project/kotlin-source/build/nodes/Escrow/node.conf: 13
            "user" : "user1"
        }
    ],
    # web-reference.conf @ jar:file:/Users/vathunyoo/.capsule/apps/net.corda.webserver.WebServer_3.3-corda/corda-webserver-impl-3.3-corda.jar!/web-reference.conf: 3
    "trustStorePassword" : "trustpass",
    # web-reference.conf @ jar:file:/Users/vathunyoo/.capsule/apps/net.corda.webserver.WebServer_3.3-corda/corda-webserver-impl-3.3-corda.jar!/web-reference.conf: 1
    "useHTTPS" : false,
    # /Users/vathunyoo/Desktop/GitHub/Senior_project/kotlin-source/build/nodes/Escrow/node.conf: 16
    "webAddress" : "localhost:10015"
}
 {}
[INFO ] 2019-05-25T11:00:36,459Z [main] Main.main - Main class: /Users/vathunyoo/.capsule/apps/net.corda.webserver.WebServer_3.3-corda/corda-webserver-impl-3.3-corda.jar {}
[INFO ] 2019-05-25T11:00:36,846Z [main] Main.main - CommandLine Args: -Xmx200m -XX:+UseG1GC -agentlib:jdwp=transport=dt_socket,server=y,suspend=n,address=5009 -javaagent:drivers/jolokia-jvm-1.3.7-agent.jar=port=7009,logHandlerClass=net.corda.webserver.JolokiaSlf4Adapter -javaagent:/Users/vathunyoo/.capsule/apps/net.corda.webserver.WebServer_3.3-corda/quasar-core-0.7.9-jdk8.jar -Dvisualvm.display.name=Corda -Djava.library.path=/Users/vathunyoo/Library/Java/Extensions:/Library/Java/Extensions:/Network/Library/Java/Extensions:/System/Library/Java/Extensions:/usr/lib/java:/Users/vathunyoo/.capsule/apps/net.corda.webserver.WebServer_3.3-corda -Dcapsule.app=net.corda.webserver.WebServer_3.3-corda -Dname=Escrow-corda-webserver.jar -DWebserver -Dcapsule.dir=/Users/vathunyoo/.capsule/apps/net.corda.webserver.WebServer_3.3-corda -Dcapsule.jar=/Users/vathunyoo/Desktop/GitHub/Senior_project/kotlin-source/build/nodes/Escrow/corda-webserver.jar {}
[INFO ] 2019-05-25T11:00:37,954Z [main] Main.main - Application Args:  {}
[INFO ] 2019-05-25T11:00:37,954Z [main] Main.main - bootclasspath: /Library/Java/JavaVirtualMachines/jdk1.8.0_201.jdk/Contents/Home/jre/lib/resources.jar:/Library/Java/JavaVirtualMachines/jdk1.8.0_201.jdk/Contents/Home/jre/lib/rt.jar:/Library/Java/JavaVirtualMachines/jdk1.8.0_201.jdk/Contents/Home/jre/lib/sunrsasign.jar:/Library/Java/JavaVirtualMachines/jdk1.8.0_201.jdk/Contents/Home/jre/lib/jsse.jar:/Library/Java/JavaVirtualMachines/jdk1.8.0_201.jdk/Contents/Home/jre/lib/jce.jar:/Library/Java/JavaVirtualMachines/jdk1.8.0_201.jdk/Contents/Home/jre/lib/charsets.jar:/Library/Java/JavaVirtualMachines/jdk1.8.0_201.jdk/Contents/Home/jre/lib/jfr.jar:/Library/Java/JavaVirtualMachines/jdk1.8.0_201.jdk/Contents/Home/jre/classes {}
[INFO ] 2019-05-25T11:00:37,954Z [main] Main.main - classpath: /Users/vathunyoo/Desktop/GitHub/Senior_project/kotlin-source/build/nodes/Escrow/corda-webserver.jar:/Users/vathunyoo/.capsule/apps/net.corda.webserver.WebServer_3.3-corda/corda-rpc-3.3-corda.jar:/Users/vathunyoo/.capsule/apps/net.corda.webserver.WebServer_3.3-corda/corda-jackson-3.3-corda.jar:/Users/vathunyoo/.capsule/apps/net.corda.webserver.WebServer_3.3-corda/corda-node-api-3.3-corda.jar:/Users/vathunyoo/.capsule/apps/net.corda.webserver.WebServer_3.3-corda/corda-core-3.3-corda.jar:/Users/vathunyoo/.capsule/apps/net.corda.webserver.WebServer_3.3-corda/jetty-webapp-9.4.7.v20170914.jar:/Users/vathunyoo/.capsule/apps/net.corda.webserver.WebServer_3.3-corda/jetty-servlet-9.4.7.v20170914.jar:/Users/vathunyoo/.capsule/apps/net.corda.webserver.WebServer_3.3-corda/jersey-container-jetty-http-2.25.jar:/Users/vathunyoo/.capsule/apps/net.corda.webserver.WebServer_3.3-corda/jetty-security-9.4.7.v20170914.jar:/Users/vathunyoo/.capsule/apps/net.corda.webserver.WebServer_3.3-corda/jetty-server-9.4.7.v20170914.jar:/Users/vathunyoo/.capsule/apps/net.corda.webserver.WebServer_3.3-corda/javax.servlet-api-3.1.0.jar:/Users/vathunyoo/.capsule/apps/net.corda.webserver.WebServer_3.3-corda/commons-fileupload-1.3.3.jar:/Users/vathunyoo/.capsule/apps/net.corda.webserver.WebServer_3.3-corda/log4j-slf4j-impl-2.9.1.jar:/Users/vathunyoo/.capsule/apps/net.corda.webserver.WebServer_3.3-corda/log4j-core-2.9.1.jar:/Users/vathunyoo/.capsule/apps/net.corda.webserver.WebServer_3.3-corda/jopt-simple-5.0.2.jar:/Users/vathunyoo/.capsule/apps/net.corda.webserver.WebServer_3.3-corda/jetty-continuation-9.4.7.v20170914.jar:/Users/vathunyoo/.capsule/apps/net.corda.webserver.WebServer_3.3-corda/jersey-container-servlet-2.25.jar:/Users/vathunyoo/.capsule/apps/net.corda.webserver.WebServer_3.3-corda/jersey-container-servlet-core-2.25.jar:/Users/vathunyoo/.capsule/apps/net.corda.webserver.WebServer_3.3-corda/jersey-server-2.25.jar:/Users/vathunyoo/.capsule/apps/net.corda.webserver.WebServer_3.3-corda/jersey-media-json-jackson-2.25.jar:/Users/vathunyoo/.capsule/apps/net.corda.webserver.WebServer_3.3-corda/kotlinx-html-jvm-0.6.3.jar:/Users/vathunyoo/.capsule/apps/net.corda.webserver.WebServer_3.3-corda/kotlin-stdlib-jre8-1.1.60.jar:/Users/vathunyoo/.capsule/apps/net.corda.webserver.WebServer_3.3-corda/jackson-module-kotlin-2.9.2.jar:/Users/vathunyoo/.capsule/apps/net.corda.webserver.WebServer_3.3-corda/kotlin-reflect-1.1.60.jar:/Users/vathunyoo/.capsule/apps/net.corda.webserver.WebServer_3.3-corda/cordform-common-3.2.1.jar:/Users/vathunyoo/.capsule/apps/net.corda.webserver.WebServer_3.3-corda/jsr305-3.0.2.jar:/Users/vathunyoo/.capsule/apps/net.corda.webserver.WebServer_3.3-corda/jcl-over-slf4j-1.7.25.jar:/Users/vathunyoo/.capsule/apps/net.corda.webserver.WebServer_3.3-corda/slf4j-api-1.7.25.jar:/Users/vathunyoo/.capsule/apps/net.corda.webserver.WebServer_3.3-corda/rxjava-1.2.4.jar:/Users/vathunyoo/.capsule/apps/net.corda.webserver.WebServer_3.3-corda/commons-jexl3-3.0.jar:/Users/vathunyoo/.capsule/apps/net.corda.webserver.WebServer_3.3-corda/jackson-datatype-jsr310-2.9.2.jar:/Users/vathunyoo/.capsule/apps/net.corda.webserver.WebServer_3.3-corda/jackson-jaxrs-json-provider-2.8.4.jar:/Users/vathunyoo/.capsule/apps/net.corda.webserver.WebServer_3.3-corda/jackson-jaxrs-base-2.8.4.jar:/Users/vathunyoo/.capsule/apps/net.corda.webserver.WebServer_3.3-corda/jackson-module-jaxb-annotations-2.8.4.jar:/Users/vathunyoo/.capsule/apps/net.corda.webserver.WebServer_3.3-corda/jackson-databind-2.9.2.jar:/Users/vathunyoo/.capsule/apps/net.corda.webserver.WebServer_3.3-corda/eddsa-0.2.0.jar:/Users/vathunyoo/.capsule/apps/net.corda.webserver.WebServer_3.3-corda/bcpkix-jdk15on-1.57.jar:/Users/vathunyoo/.capsule/apps/net.corda.webserver.WebServer_3.3-corda/bcprov-jdk15on-1.57.jar:/Users/vathunyoo/.capsule/apps/net.corda.webserver.WebServer_3.3-corda/hibernate-core-5.2.6.Final.jar:/Users/vathunyoo/.capsule/apps/net.corda.webserver.WebServer_3.3-corda/hibernate-jpa-2.1-api-1.0.0.Final.jar:/Users/vathunyoo/.capsule/apps/net.corda.webserver.WebServer_3.3-corda/quasar-core-0.7.9-jdk8.jar:/Users/vathunyoo/.capsule/apps/net.corda.webserver.WebServer_3.3-corda/jackson-dataformat-yaml-2.9.2.jar:/Users/vathunyoo/.capsule/apps/net.corda.webserver.WebServer_3.3-corda/artemis-core-client-2.2.0.jar:/Users/vathunyoo/.capsule/apps/net.corda.webserver.WebServer_3.3-corda/artemis-commons-2.2.0.jar:/Users/vathunyoo/.capsule/apps/net.corda.webserver.WebServer_3.3-corda/guava-21.0.jar:/Users/vathunyoo/.capsule/apps/net.corda.webserver.WebServer_3.3-corda/jetty-xml-9.4.7.v20170914.jar:/Users/vathunyoo/.capsule/apps/net.corda.webserver.WebServer_3.3-corda/commons-io-2.2.jar:/Users/vathunyoo/.capsule/apps/net.corda.webserver.WebServer_3.3-corda/log4j-api-2.9.1.jar:/Users/vathunyoo/.capsule/apps/net.corda.webserver.WebServer_3.3-corda/jersey-client-2.25.jar:/Users/vathunyoo/.capsule/apps/net.corda.webserver.WebServer_3.3-corda/jersey-media-jaxb-2.25.jar:/Users/vathunyoo/.capsule/apps/net.corda.webserver.WebServer_3.3-corda/jersey-common-2.25.jar:/Users/vathunyoo/.capsule/apps/net.corda.webserver.WebServer_3.3-corda/jersey-entity-filtering-2.25.jar:/Users/vathunyoo/.capsule/apps/net.corda.webserver.WebServer_3.3-corda/javax.ws.rs-api-2.0.1.jar:/Users/vathunyoo/.capsule/apps/net.corda.webserver.WebServer_3.3-corda/javax.annotation-api-1.2.jar:/Users/vathunyoo/.capsule/apps/net.corda.webserver.WebServer_3.3-corda/hk2-locator-2.5.0-b30.jar:/Users/vathunyoo/.capsule/apps/net.corda.webserver.WebServer_3.3-corda/hk2-api-2.5.0-b30.jar:/Users/vathunyoo/.capsule/apps/net.corda.webserver.WebServer_3.3-corda/javax.inject-2.5.0-b30.jar:/Users/vathunyoo/.capsule/apps/net.corda.webserver.WebServer_3.3-corda/validation-api-1.1.0.Final.jar:/Users/vathunyoo/.capsule/apps/net.corda.webserver.WebServer_3.3-corda/jetty-http-9.4.7.v20170914.jar:/Users/vathunyoo/.capsule/apps/net.corda.webserver.WebServer_3.3-corda/jetty-io-9.4.7.v20170914.jar:/Users/vathunyoo/.capsule/apps/net.corda.webserver.WebServer_3.3-corda/jetty-util-9.4.7.v20170914.jar:/Users/vathunyoo/.capsule/apps/net.corda.webserver.WebServer_3.3-corda/jackson-annotations-2.9.0.jar:/Users/vathunyoo/.capsule/apps/net.corda.webserver.WebServer_3.3-corda/kotlin-stdlib-jre7-1.1.60.jar:/Users/vathunyoo/.capsule/apps/net.corda.webserver.WebServer_3.3-corda/kotlin-stdlib-1.1.60.jar:/Users/vathunyoo/.capsule/apps/net.corda.webserver.WebServer_3.3-corda/jackson-core-2.9.2.jar:/Users/vathunyoo/.capsule/apps/net.corda.webserver.WebServer_3.3-corda/hibernate-commons-annotations-5.0.1.Final.jar:/Users/vathunyoo/.capsule/apps/net.corda.webserver.WebServer_3.3-corda/jboss-logging-3.3.0.Final.jar:/Users/vathunyoo/.capsule/apps/net.corda.webserver.WebServer_3.3-corda/javassist-3.20.0-GA.jar:/Users/vathunyoo/.capsule/apps/net.corda.webserver.WebServer_3.3-corda/antlr-2.7.7.jar:/Users/vathunyoo/.capsule/apps/net.corda.webserver.WebServer_3.3-corda/geronimo-jta_1.1_spec-1.1.1.jar:/Users/vathunyoo/.capsule/apps/net.corda.webserver.WebServer_3.3-corda/jandex-2.0.3.Final.jar:/Users/vathunyoo/.capsule/apps/net.corda.webserver.WebServer_3.3-corda/classmate-1.3.0.jar:/Users/vathunyoo/.capsule/apps/net.corda.webserver.WebServer_3.3-corda/dom4j-1.6.1.jar:/Users/vathunyoo/.capsule/apps/net.corda.webserver.WebServer_3.3-corda/cdi-api-1.1.jar:/Users/vathunyoo/.capsule/apps/net.corda.webserver.WebServer_3.3-corda/commons-collections4-4.1.jar:/Users/vathunyoo/.capsule/apps/net.corda.webserver.WebServer_3.3-corda/commons-beanutils-1.9.3.jar:/Users/vathunyoo/.capsule/apps/net.corda.webserver.WebServer_3.3-corda/config-1.3.1.jar:/Users/vathunyoo/.capsule/apps/net.corda.webserver.WebServer_3.3-corda/kryo-serializers-0.41.jar:/Users/vathunyoo/.capsule/apps/net.corda.webserver.WebServer_3.3-corda/kryo-4.0.0.jar:/Users/vathunyoo/.capsule/apps/net.corda.webserver.WebServer_3.3-corda/proton-j-0.21.0.jar:/Users/vathunyoo/.capsule/apps/net.corda.webserver.WebServer_3.3-corda/fast-classpath-scanner-2.12.3.jar:/Users/vathunyoo/.capsule/apps/net.corda.webserver.WebServer_3.3-corda/snakeyaml-1.18.jar:/Users/vathunyoo/.capsule/apps/net.corda.webserver.WebServer_3.3-corda/jersey-guava-2.25.jar:/Users/vathunyoo/.capsule/apps/net.corda.webserver.WebServer_3.3-corda/osgi-resource-locator-1.0.1.jar:/Users/vathunyoo/.capsule/apps/net.corda.webserver.WebServer_3.3-corda/hk2-utils-2.5.0-b30.jar:/Users/vathunyoo/.capsule/apps/net.corda.webserver.WebServer_3.3-corda/aopalliance-repackaged-2.5.0-b30.jar:/Users/vathunyoo/.capsule/apps/net.corda.webserver.WebServer_3.3-corda/el-api-2.2.jar:/Users/vathunyoo/.capsule/apps/net.corda.webserver.WebServer_3.3-corda/jboss-interceptors-api_1.1_spec-1.0.0.Beta1.jar:/Users/vathunyoo/.capsule/apps/net.corda.webserver.WebServer_3.3-corda/jsr250-api-1.0.jar:/Users/vathunyoo/.capsule/apps/net.corda.webserver.WebServer_3.3-corda/javax.inject-1.jar:/Users/vathunyoo/.capsule/apps/net.corda.webserver.WebServer_3.3-corda/commons-collections-3.2.2.jar:/Users/vathunyoo/.capsule/apps/net.corda.webserver.WebServer_3.3-corda/jgroups-3.6.13.Final.jar:/Users/vathunyoo/.capsule/apps/net.corda.webserver.WebServer_3.3-corda/netty-all-4.1.9.Final.jar:/Users/vathunyoo/.capsule/apps/net.corda.webserver.WebServer_3.3-corda/geronimo-json_1.0_spec-1.0-alpha-1.jar:/Users/vathunyoo/.capsule/apps/net.corda.webserver.WebServer_3.3-corda/johnzon-core-0.9.5.jar:/Users/vathunyoo/.capsule/apps/net.corda.webserver.WebServer_3.3-corda/reflectasm-1.11.3.jar:/Users/vathunyoo/.capsule/apps/net.corda.webserver.WebServer_3.3-corda/minlog-1.3.0.jar:/Users/vathunyoo/.capsule/apps/net.corda.webserver.WebServer_3.3-corda/objenesis-2.2.jar:/Users/vathunyoo/.capsule/apps/net.corda.webserver.WebServer_3.3-corda/asm-5.0.4.jar:/Users/vathunyoo/.capsule/apps/net.corda.webserver.WebServer_3.3-corda/annotations-13.0.jar:/Users/vathunyoo/.capsule/apps/net.corda.webserver.WebServer_3.3-corda/corda-webserver-impl-3.3-corda.jar:/Users/vathunyoo/Desktop/GitHub/Senior_project/kotlin-source/build/nodes/Escrow/cordapps/corda-finance-3.3-corda.jar:/Users/vathunyoo/Desktop/GitHub/Senior_project/kotlin-source/build/nodes/Escrow/cordapps/cordapp-example-0.1.jar:drivers/jolokia-jvm-1.3.7-agent.jar:/Users/vathunyoo/.capsule/apps/net.corda.webserver.WebServer_3.3-corda/quasar-core-0.7.9-jdk8.jar {}
[INFO ] 2019-05-25T11:00:37,956Z [main] Main.main - VM Java HotSpot(TM) 64-Bit Server VM Oracle Corporation 25.201-b09 {}
[INFO ] 2019-05-25T11:00:37,959Z [main] Main.main - Machine: Vathunyoos-MacBook-Pro.local {}
[INFO ] 2019-05-25T11:00:37,959Z [main] Main.main - Working Directory: /Users/vathunyoo/Desktop/GitHub/Senior_project/kotlin-source/build/nodes/Escrow {}
[INFO ] 2019-05-25T11:00:45,029Z [main] Main.main - Starting as webserver on localhost:10015 {}
[INFO ] 2019-05-25T11:00:45,570Z [main] BasicInfo.logAndMaybePrint - Starting as webserver: localhost:10015 {}
[WARN ] 2019-05-25T11:00:47,415Z [main] internal.config.defaultToOldPath - Config key user has been deprecated and will be removed in a future release. Use username instead {}
[INFO ] 2019-05-25T11:00:47,462Z [main] internal.NodeWebServer.connectLocalRpcAsNodeUser - Connecting to node at localhost:10014 as User(user1, permissions=[ALL]) {}
[INFO ] 2019-05-25T11:00:55,523Z [main] internal.RPCClient.logElapsedTime - Startup took 5884 msec {}
[WARN ] 2019-05-25T11:00:56,527Z [main] internal.config.defaultToOldPath - Config key user has been deprecated and will be removed in a future release. Use username instead {}
[INFO ] 2019-05-25T11:00:56,528Z [main] internal.NodeWebServer.connectLocalRpcAsNodeUser - Connecting to node at localhost:10014 as User(user1, permissions=[ALL]) {}
[INFO ] 2019-05-25T11:00:56,537Z [main] internal.RPCClient.logElapsedTime - Startup took 8 msec {}
[WARN ] 2019-05-25T11:00:57,542Z [main] internal.config.defaultToOldPath - Config key user has been deprecated and will be removed in a future release. Use username instead {}
[INFO ] 2019-05-25T11:00:57,542Z [main] internal.NodeWebServer.connectLocalRpcAsNodeUser - Connecting to node at localhost:10014 as User(user1, permissions=[ALL]) {}
[INFO ] 2019-05-25T11:00:57,549Z [main] internal.RPCClient.logElapsedTime - Startup took 6 msec {}
[WARN ] 2019-05-25T11:00:58,614Z [main] internal.config.defaultToOldPath - Config key user has been deprecated and will be removed in a future release. Use username instead {}
[INFO ] 2019-05-25T11:00:58,615Z [main] internal.NodeWebServer.connectLocalRpcAsNodeUser - Connecting to node at localhost:10014 as User(user1, permissions=[ALL]) {}
[INFO ] 2019-05-25T11:00:58,618Z [main] internal.RPCClient.logElapsedTime - Startup took 3 msec {}
[WARN ] 2019-05-25T11:00:59,620Z [main] internal.config.defaultToOldPath - Config key user has been deprecated and will be removed in a future release. Use username instead {}
[INFO ] 2019-05-25T11:00:59,621Z [main] internal.NodeWebServer.connectLocalRpcAsNodeUser - Connecting to node at localhost:10014 as User(user1, permissions=[ALL]) {}
[INFO ] 2019-05-25T11:00:59,624Z [main] internal.RPCClient.logElapsedTime - Startup took 3 msec {}
[WARN ] 2019-05-25T11:01:00,626Z [main] internal.config.defaultToOldPath - Config key user has been deprecated and will be removed in a future release. Use username instead {}
[INFO ] 2019-05-25T11:01:00,626Z [main] internal.NodeWebServer.connectLocalRpcAsNodeUser - Connecting to node at localhost:10014 as User(user1, permissions=[ALL]) {}
[INFO ] 2019-05-25T11:01:00,630Z [main] internal.RPCClient.logElapsedTime - Startup took 3 msec {}
[WARN ] 2019-05-25T11:01:01,635Z [main] internal.config.defaultToOldPath - Config key user has been deprecated and will be removed in a future release. Use username instead {}
[INFO ] 2019-05-25T11:01:01,636Z [main] internal.NodeWebServer.connectLocalRpcAsNodeUser - Connecting to node at localhost:10014 as User(user1, permissions=[ALL]) {}
[INFO ] 2019-05-25T11:01:15,147Z [main] internal.RPCClient.logElapsedTime - Startup took 13509 msec {}
[INFO ] 2019-05-25T11:01:15,199Z [main] util.log.initialized - Logging initialized @59773ms to org.eclipse.jetty.util.log.Slf4jLog {}
[INFO ] 2019-05-25T11:01:22,048Z [main] internal.NodeWebServer.buildServletContextHandler - Add plugin web API from attachment com.example.plugin.ExamplePluginKt$sam$Function$b90e2006@77d42ed7 {}
[INFO ] 2019-05-25T11:01:25,271Z [main] server.Server.doStart - jetty-9.4.7.v20170914 {}
[INFO ] 2019-05-25T11:01:28,564Z [main] handler.ContextHandler.doStart - Started o.e.j.s.ServletContextHandler@446c8a54{/,null,AVAILABLE} {}
[INFO ] 2019-05-25T11:01:28,597Z [main] server.AbstractConnector.doStart - Started ServerConnector@1979d616{HTTP/1.1,[http/1.1]}{0.0.0.0:10015} {}
[INFO ] 2019-05-25T11:01:28,597Z [main] server.Server.doStart - Started @73176ms {}
[INFO ] 2019-05-25T11:01:28,597Z [main] internal.NodeWebServer.initWebServer - Starting webserver on address localhost:10015 {}
