[INFO ] 2019-04-27T02:19:04,976Z [main] webserver.CmdLineOptions.loadConfig - Config:
{
    # hardcoded value
    "baseDirectory" : "/Users/vathunyoo/Desktop/All_work/Senior_project/Senior_project/kotlin-source/build/nodes/PartyA",
    # web-reference.conf @ jar:file:/Users/vathunyoo/.capsule/apps/net.corda.webserver.WebServer_3.3-corda/corda-webserver-impl-3.3-corda.jar!/web-reference.conf: 2
    "keyStorePassword" : "cordacadevpass",
    # /Users/vathunyoo/Desktop/All_work/Senior_project/Senior_project/kotlin-source/build/nodes/PartyA/node.conf: 1
    "myLegalName" : "O=PartyA,L=London,C=GB",
    # /Users/vathunyoo/Desktop/All_work/Senior_project/Senior_project/kotlin-source/build/nodes/PartyA/node.conf: 2
    "p2pAddress" : "localhost:10007",
    # /Users/vathunyoo/Desktop/All_work/Senior_project/Senior_project/kotlin-source/build/nodes/PartyA/node.conf: 3
    "rpcSettings" : {
        # /Users/vathunyoo/Desktop/All_work/Senior_project/Senior_project/kotlin-source/build/nodes/PartyA/node.conf: 4
        "address" : "localhost:10008",
        # /Users/vathunyoo/Desktop/All_work/Senior_project/Senior_project/kotlin-source/build/nodes/PartyA/node.conf: 5
        "adminAddress" : "localhost:10048"
    },
    # /Users/vathunyoo/Desktop/All_work/Senior_project/Senior_project/kotlin-source/build/nodes/PartyA/node.conf: 7
    "rpcUsers" : [
        # /Users/vathunyoo/Desktop/All_work/Senior_project/Senior_project/kotlin-source/build/nodes/PartyA/node.conf: 8
        {
            # /Users/vathunyoo/Desktop/All_work/Senior_project/Senior_project/kotlin-source/build/nodes/PartyA/node.conf: 9
            "password" : "test",
            # /Users/vathunyoo/Desktop/All_work/Senior_project/Senior_project/kotlin-source/build/nodes/PartyA/node.conf: 10
            "permissions" : [
                # /Users/vathunyoo/Desktop/All_work/Senior_project/Senior_project/kotlin-source/build/nodes/PartyA/node.conf: 11
                "ALL"
            ],
            # /Users/vathunyoo/Desktop/All_work/Senior_project/Senior_project/kotlin-source/build/nodes/PartyA/node.conf: 13
            "user" : "user1"
        }
    ],
    # web-reference.conf @ jar:file:/Users/vathunyoo/.capsule/apps/net.corda.webserver.WebServer_3.3-corda/corda-webserver-impl-3.3-corda.jar!/web-reference.conf: 3
    "trustStorePassword" : "trustpass",
    # web-reference.conf @ jar:file:/Users/vathunyoo/.capsule/apps/net.corda.webserver.WebServer_3.3-corda/corda-webserver-impl-3.3-corda.jar!/web-reference.conf: 1
    "useHTTPS" : false,
    # /Users/vathunyoo/Desktop/All_work/Senior_project/Senior_project/kotlin-source/build/nodes/PartyA/node.conf: 16
    "webAddress" : "localhost:10009"
}
 {}
[INFO ] 2019-04-27T02:19:04,996Z [main] Main.main - Main class: /Users/vathunyoo/.capsule/apps/net.corda.webserver.WebServer_3.3-corda/corda-webserver-impl-3.3-corda.jar {}
[INFO ] 2019-04-27T02:19:05,304Z [main] Main.main - CommandLine Args: -Xmx200m -XX:+UseG1GC -agentlib:jdwp=transport=dt_socket,server=y,suspend=n,address=5007 -javaagent:drivers/jolokia-jvm-1.3.7-agent.jar=port=7007,logHandlerClass=net.corda.webserver.JolokiaSlf4Adapter -javaagent:/Users/vathunyoo/.capsule/apps/net.corda.webserver.WebServer_3.3-corda/quasar-core-0.7.9-jdk8.jar -Dvisualvm.display.name=Corda -Djava.library.path=/Users/vathunyoo/Library/Java/Extensions:/Library/Java/Extensions:/Network/Library/Java/Extensions:/System/Library/Java/Extensions:/usr/lib/java:/Users/vathunyoo/.capsule/apps/net.corda.webserver.WebServer_3.3-corda -Dcapsule.app=net.corda.webserver.WebServer_3.3-corda -Dname=PartyA-corda-webserver.jar -DWebserver -Dcapsule.dir=/Users/vathunyoo/.capsule/apps/net.corda.webserver.WebServer_3.3-corda -Dcapsule.jar=/Users/vathunyoo/Desktop/All_work/Senior_project/Senior_project/kotlin-source/build/nodes/PartyA/corda-webserver.jar {}
[INFO ] 2019-04-27T02:19:06,020Z [main] Main.main - Application Args:  {}
[INFO ] 2019-04-27T02:19:06,020Z [main] Main.main - bootclasspath: /Library/Java/JavaVirtualMachines/jdk1.8.0_201.jdk/Contents/Home/jre/lib/resources.jar:/Library/Java/JavaVirtualMachines/jdk1.8.0_201.jdk/Contents/Home/jre/lib/rt.jar:/Library/Java/JavaVirtualMachines/jdk1.8.0_201.jdk/Contents/Home/jre/lib/sunrsasign.jar:/Library/Java/JavaVirtualMachines/jdk1.8.0_201.jdk/Contents/Home/jre/lib/jsse.jar:/Library/Java/JavaVirtualMachines/jdk1.8.0_201.jdk/Contents/Home/jre/lib/jce.jar:/Library/Java/JavaVirtualMachines/jdk1.8.0_201.jdk/Contents/Home/jre/lib/charsets.jar:/Library/Java/JavaVirtualMachines/jdk1.8.0_201.jdk/Contents/Home/jre/lib/jfr.jar:/Library/Java/JavaVirtualMachines/jdk1.8.0_201.jdk/Contents/Home/jre/classes {}
[INFO ] 2019-04-27T02:19:06,020Z [main] Main.main - classpath: /Users/vathunyoo/Desktop/All_work/Senior_project/Senior_project/kotlin-source/build/nodes/PartyA/corda-webserver.jar:/Users/vathunyoo/.capsule/apps/net.corda.webserver.WebServer_3.3-corda/corda-rpc-3.3-corda.jar:/Users/vathunyoo/.capsule/apps/net.corda.webserver.WebServer_3.3-corda/corda-jackson-3.3-corda.jar:/Users/vathunyoo/.capsule/apps/net.corda.webserver.WebServer_3.3-corda/corda-node-api-3.3-corda.jar:/Users/vathunyoo/.capsule/apps/net.corda.webserver.WebServer_3.3-corda/corda-core-3.3-corda.jar:/Users/vathunyoo/.capsule/apps/net.corda.webserver.WebServer_3.3-corda/jetty-webapp-9.4.7.v20170914.jar:/Users/vathunyoo/.capsule/apps/net.corda.webserver.WebServer_3.3-corda/jetty-servlet-9.4.7.v20170914.jar:/Users/vathunyoo/.capsule/apps/net.corda.webserver.WebServer_3.3-corda/jersey-container-jetty-http-2.25.jar:/Users/vathunyoo/.capsule/apps/net.corda.webserver.WebServer_3.3-corda/jetty-security-9.4.7.v20170914.jar:/Users/vathunyoo/.capsule/apps/net.corda.webserver.WebServer_3.3-corda/jetty-server-9.4.7.v20170914.jar:/Users/vathunyoo/.capsule/apps/net.corda.webserver.WebServer_3.3-corda/javax.servlet-api-3.1.0.jar:/Users/vathunyoo/.capsule/apps/net.corda.webserver.WebServer_3.3-corda/commons-fileupload-1.3.3.jar:/Users/vathunyoo/.capsule/apps/net.corda.webserver.WebServer_3.3-corda/log4j-slf4j-impl-2.9.1.jar:/Users/vathunyoo/.capsule/apps/net.corda.webserver.WebServer_3.3-corda/log4j-core-2.9.1.jar:/Users/vathunyoo/.capsule/apps/net.corda.webserver.WebServer_3.3-corda/jopt-simple-5.0.2.jar:/Users/vathunyoo/.capsule/apps/net.corda.webserver.WebServer_3.3-corda/jetty-continuation-9.4.7.v20170914.jar:/Users/vathunyoo/.capsule/apps/net.corda.webserver.WebServer_3.3-corda/jersey-container-servlet-2.25.jar:/Users/vathunyoo/.capsule/apps/net.corda.webserver.WebServer_3.3-corda/jersey-container-servlet-core-2.25.jar:/Users/vathunyoo/.capsule/apps/net.corda.webserver.WebServer_3.3-corda/jersey-server-2.25.jar:/Users/vathunyoo/.capsule/apps/net.corda.webserver.WebServer_3.3-corda/jersey-media-json-jackson-2.25.jar:/Users/vathunyoo/.capsule/apps/net.corda.webserver.WebServer_3.3-corda/kotlinx-html-jvm-0.6.3.jar:/Users/vathunyoo/.capsule/apps/net.corda.webserver.WebServer_3.3-corda/kotlin-stdlib-jre8-1.1.60.jar:/Users/vathunyoo/.capsule/apps/net.corda.webserver.WebServer_3.3-corda/jackson-module-kotlin-2.9.2.jar:/Users/vathunyoo/.capsule/apps/net.corda.webserver.WebServer_3.3-corda/kotlin-reflect-1.1.60.jar:/Users/vathunyoo/.capsule/apps/net.corda.webserver.WebServer_3.3-corda/cordform-common-3.2.1.jar:/Users/vathunyoo/.capsule/apps/net.corda.webserver.WebServer_3.3-corda/jsr305-3.0.2.jar:/Users/vathunyoo/.capsule/apps/net.corda.webserver.WebServer_3.3-corda/jcl-over-slf4j-1.7.25.jar:/Users/vathunyoo/.capsule/apps/net.corda.webserver.WebServer_3.3-corda/slf4j-api-1.7.25.jar:/Users/vathunyoo/.capsule/apps/net.corda.webserver.WebServer_3.3-corda/rxjava-1.2.4.jar:/Users/vathunyoo/.capsule/apps/net.corda.webserver.WebServer_3.3-corda/commons-jexl3-3.0.jar:/Users/vathunyoo/.capsule/apps/net.corda.webserver.WebServer_3.3-corda/jackson-datatype-jsr310-2.9.2.jar:/Users/vathunyoo/.capsule/apps/net.corda.webserver.WebServer_3.3-corda/jackson-jaxrs-json-provider-2.8.4.jar:/Users/vathunyoo/.capsule/apps/net.corda.webserver.WebServer_3.3-corda/jackson-jaxrs-base-2.8.4.jar:/Users/vathunyoo/.capsule/apps/net.corda.webserver.WebServer_3.3-corda/jackson-module-jaxb-annotations-2.8.4.jar:/Users/vathunyoo/.capsule/apps/net.corda.webserver.WebServer_3.3-corda/jackson-databind-2.9.2.jar:/Users/vathunyoo/.capsule/apps/net.corda.webserver.WebServer_3.3-corda/eddsa-0.2.0.jar:/Users/vathunyoo/.capsule/apps/net.corda.webserver.WebServer_3.3-corda/bcpkix-jdk15on-1.57.jar:/Users/vathunyoo/.capsule/apps/net.corda.webserver.WebServer_3.3-corda/bcprov-jdk15on-1.57.jar:/Users/vathunyoo/.capsule/apps/net.corda.webserver.WebServer_3.3-corda/hibernate-core-5.2.6.Final.jar:/Users/vathunyoo/.capsule/apps/net.corda.webserver.WebServer_3.3-corda/hibernate-jpa-2.1-api-1.0.0.Final.jar:/Users/vathunyoo/.capsule/apps/net.corda.webserver.WebServer_3.3-corda/quasar-core-0.7.9-jdk8.jar:/Users/vathunyoo/.capsule/apps/net.corda.webserver.WebServer_3.3-corda/jackson-dataformat-yaml-2.9.2.jar:/Users/vathunyoo/.capsule/apps/net.corda.webserver.WebServer_3.3-corda/artemis-core-client-2.2.0.jar:/Users/vathunyoo/.capsule/apps/net.corda.webserver.WebServer_3.3-corda/artemis-commons-2.2.0.jar:/Users/vathunyoo/.capsule/apps/net.corda.webserver.WebServer_3.3-corda/guava-21.0.jar:/Users/vathunyoo/.capsule/apps/net.corda.webserver.WebServer_3.3-corda/jetty-xml-9.4.7.v20170914.jar:/Users/vathunyoo/.capsule/apps/net.corda.webserver.WebServer_3.3-corda/commons-io-2.2.jar:/Users/vathunyoo/.capsule/apps/net.corda.webserver.WebServer_3.3-corda/log4j-api-2.9.1.jar:/Users/vathunyoo/.capsule/apps/net.corda.webserver.WebServer_3.3-corda/jersey-client-2.25.jar:/Users/vathunyoo/.capsule/apps/net.corda.webserver.WebServer_3.3-corda/jersey-media-jaxb-2.25.jar:/Users/vathunyoo/.capsule/apps/net.corda.webserver.WebServer_3.3-corda/jersey-common-2.25.jar:/Users/vathunyoo/.capsule/apps/net.corda.webserver.WebServer_3.3-corda/jersey-entity-filtering-2.25.jar:/Users/vathunyoo/.capsule/apps/net.corda.webserver.WebServer_3.3-corda/javax.ws.rs-api-2.0.1.jar:/Users/vathunyoo/.capsule/apps/net.corda.webserver.WebServer_3.3-corda/javax.annotation-api-1.2.jar:/Users/vathunyoo/.capsule/apps/net.corda.webserver.WebServer_3.3-corda/hk2-locator-2.5.0-b30.jar:/Users/vathunyoo/.capsule/apps/net.corda.webserver.WebServer_3.3-corda/hk2-api-2.5.0-b30.jar:/Users/vathunyoo/.capsule/apps/net.corda.webserver.WebServer_3.3-corda/javax.inject-2.5.0-b30.jar:/Users/vathunyoo/.capsule/apps/net.corda.webserver.WebServer_3.3-corda/validation-api-1.1.0.Final.jar:/Users/vathunyoo/.capsule/apps/net.corda.webserver.WebServer_3.3-corda/jetty-http-9.4.7.v20170914.jar:/Users/vathunyoo/.capsule/apps/net.corda.webserver.WebServer_3.3-corda/jetty-io-9.4.7.v20170914.jar:/Users/vathunyoo/.capsule/apps/net.corda.webserver.WebServer_3.3-corda/jetty-util-9.4.7.v20170914.jar:/Users/vathunyoo/.capsule/apps/net.corda.webserver.WebServer_3.3-corda/jackson-annotations-2.9.0.jar:/Users/vathunyoo/.capsule/apps/net.corda.webserver.WebServer_3.3-corda/kotlin-stdlib-jre7-1.1.60.jar:/Users/vathunyoo/.capsule/apps/net.corda.webserver.WebServer_3.3-corda/kotlin-stdlib-1.1.60.jar:/Users/vathunyoo/.capsule/apps/net.corda.webserver.WebServer_3.3-corda/jackson-core-2.9.2.jar:/Users/vathunyoo/.capsule/apps/net.corda.webserver.WebServer_3.3-corda/hibernate-commons-annotations-5.0.1.Final.jar:/Users/vathunyoo/.capsule/apps/net.corda.webserver.WebServer_3.3-corda/jboss-logging-3.3.0.Final.jar:/Users/vathunyoo/.capsule/apps/net.corda.webserver.WebServer_3.3-corda/javassist-3.20.0-GA.jar:/Users/vathunyoo/.capsule/apps/net.corda.webserver.WebServer_3.3-corda/antlr-2.7.7.jar:/Users/vathunyoo/.capsule/apps/net.corda.webserver.WebServer_3.3-corda/geronimo-jta_1.1_spec-1.1.1.jar:/Users/vathunyoo/.capsule/apps/net.corda.webserver.WebServer_3.3-corda/jandex-2.0.3.Final.jar:/Users/vathunyoo/.capsule/apps/net.corda.webserver.WebServer_3.3-corda/classmate-1.3.0.jar:/Users/vathunyoo/.capsule/apps/net.corda.webserver.WebServer_3.3-corda/dom4j-1.6.1.jar:/Users/vathunyoo/.capsule/apps/net.corda.webserver.WebServer_3.3-corda/cdi-api-1.1.jar:/Users/vathunyoo/.capsule/apps/net.corda.webserver.WebServer_3.3-corda/commons-collections4-4.1.jar:/Users/vathunyoo/.capsule/apps/net.corda.webserver.WebServer_3.3-corda/commons-beanutils-1.9.3.jar:/Users/vathunyoo/.capsule/apps/net.corda.webserver.WebServer_3.3-corda/config-1.3.1.jar:/Users/vathunyoo/.capsule/apps/net.corda.webserver.WebServer_3.3-corda/kryo-serializers-0.41.jar:/Users/vathunyoo/.capsule/apps/net.corda.webserver.WebServer_3.3-corda/kryo-4.0.0.jar:/Users/vathunyoo/.capsule/apps/net.corda.webserver.WebServer_3.3-corda/proton-j-0.21.0.jar:/Users/vathunyoo/.capsule/apps/net.corda.webserver.WebServer_3.3-corda/fast-classpath-scanner-2.12.3.jar:/Users/vathunyoo/.capsule/apps/net.corda.webserver.WebServer_3.3-corda/snakeyaml-1.18.jar:/Users/vathunyoo/.capsule/apps/net.corda.webserver.WebServer_3.3-corda/jersey-guava-2.25.jar:/Users/vathunyoo/.capsule/apps/net.corda.webserver.WebServer_3.3-corda/osgi-resource-locator-1.0.1.jar:/Users/vathunyoo/.capsule/apps/net.corda.webserver.WebServer_3.3-corda/hk2-utils-2.5.0-b30.jar:/Users/vathunyoo/.capsule/apps/net.corda.webserver.WebServer_3.3-corda/aopalliance-repackaged-2.5.0-b30.jar:/Users/vathunyoo/.capsule/apps/net.corda.webserver.WebServer_3.3-corda/el-api-2.2.jar:/Users/vathunyoo/.capsule/apps/net.corda.webserver.WebServer_3.3-corda/jboss-interceptors-api_1.1_spec-1.0.0.Beta1.jar:/Users/vathunyoo/.capsule/apps/net.corda.webserver.WebServer_3.3-corda/jsr250-api-1.0.jar:/Users/vathunyoo/.capsule/apps/net.corda.webserver.WebServer_3.3-corda/javax.inject-1.jar:/Users/vathunyoo/.capsule/apps/net.corda.webserver.WebServer_3.3-corda/commons-collections-3.2.2.jar:/Users/vathunyoo/.capsule/apps/net.corda.webserver.WebServer_3.3-corda/jgroups-3.6.13.Final.jar:/Users/vathunyoo/.capsule/apps/net.corda.webserver.WebServer_3.3-corda/netty-all-4.1.9.Final.jar:/Users/vathunyoo/.capsule/apps/net.corda.webserver.WebServer_3.3-corda/geronimo-json_1.0_spec-1.0-alpha-1.jar:/Users/vathunyoo/.capsule/apps/net.corda.webserver.WebServer_3.3-corda/johnzon-core-0.9.5.jar:/Users/vathunyoo/.capsule/apps/net.corda.webserver.WebServer_3.3-corda/reflectasm-1.11.3.jar:/Users/vathunyoo/.capsule/apps/net.corda.webserver.WebServer_3.3-corda/minlog-1.3.0.jar:/Users/vathunyoo/.capsule/apps/net.corda.webserver.WebServer_3.3-corda/objenesis-2.2.jar:/Users/vathunyoo/.capsule/apps/net.corda.webserver.WebServer_3.3-corda/asm-5.0.4.jar:/Users/vathunyoo/.capsule/apps/net.corda.webserver.WebServer_3.3-corda/annotations-13.0.jar:/Users/vathunyoo/.capsule/apps/net.corda.webserver.WebServer_3.3-corda/corda-webserver-impl-3.3-corda.jar:/Users/vathunyoo/Desktop/All_work/Senior_project/Senior_project/kotlin-source/build/nodes/PartyA/cordapps/corda-finance-3.3-corda.jar:/Users/vathunyoo/Desktop/All_work/Senior_project/Senior_project/kotlin-source/build/nodes/PartyA/cordapps/cordapp-example-0.1.jar:drivers/jolokia-jvm-1.3.7-agent.jar:/Users/vathunyoo/.capsule/apps/net.corda.webserver.WebServer_3.3-corda/quasar-core-0.7.9-jdk8.jar {}
[INFO ] 2019-04-27T02:19:06,022Z [main] Main.main - VM Java HotSpot(TM) 64-Bit Server VM Oracle Corporation 25.201-b09 {}
[INFO ] 2019-04-27T02:19:06,030Z [main] Main.main - Machine: Vathunyoos-MacBook-Pro.local {}
[INFO ] 2019-04-27T02:19:06,030Z [main] Main.main - Working Directory: /Users/vathunyoo/Desktop/All_work/Senior_project/Senior_project/kotlin-source/build/nodes/PartyA {}
[INFO ] 2019-04-27T02:19:10,889Z [main] Main.main - Starting as webserver on localhost:10009 {}
[INFO ] 2019-04-27T02:19:11,259Z [main] BasicInfo.logAndMaybePrint - Starting as webserver: localhost:10009 {}
[WARN ] 2019-04-27T02:19:12,712Z [main] internal.config.defaultToOldPath - Config key user has been deprecated and will be removed in a future release. Use username instead {}
[INFO ] 2019-04-27T02:19:12,764Z [main] internal.NodeWebServer.connectLocalRpcAsNodeUser - Connecting to node at localhost:10008 as User(user1, permissions=[ALL]) {}
[INFO ] 2019-04-27T02:19:20,433Z [main] internal.RPCClient.logElapsedTime - Startup took 5911 msec {}
[WARN ] 2019-04-27T02:19:21,438Z [main] internal.config.defaultToOldPath - Config key user has been deprecated and will be removed in a future release. Use username instead {}
[INFO ] 2019-04-27T02:19:21,438Z [main] internal.NodeWebServer.connectLocalRpcAsNodeUser - Connecting to node at localhost:10008 as User(user1, permissions=[ALL]) {}
[INFO ] 2019-04-27T02:19:21,443Z [main] internal.RPCClient.logElapsedTime - Startup took 3 msec {}
[WARN ] 2019-04-27T02:19:22,446Z [main] internal.config.defaultToOldPath - Config key user has been deprecated and will be removed in a future release. Use username instead {}
[INFO ] 2019-04-27T02:19:22,446Z [main] internal.NodeWebServer.connectLocalRpcAsNodeUser - Connecting to node at localhost:10008 as User(user1, permissions=[ALL]) {}
[INFO ] 2019-04-27T02:19:22,450Z [main] internal.RPCClient.logElapsedTime - Startup took 3 msec {}
[WARN ] 2019-04-27T02:19:23,453Z [main] internal.config.defaultToOldPath - Config key user has been deprecated and will be removed in a future release. Use username instead {}
[INFO ] 2019-04-27T02:19:23,454Z [main] internal.NodeWebServer.connectLocalRpcAsNodeUser - Connecting to node at localhost:10008 as User(user1, permissions=[ALL]) {}
[INFO ] 2019-04-27T02:19:23,458Z [main] internal.RPCClient.logElapsedTime - Startup took 3 msec {}
[WARN ] 2019-04-27T02:19:24,459Z [main] internal.config.defaultToOldPath - Config key user has been deprecated and will be removed in a future release. Use username instead {}
[INFO ] 2019-04-27T02:19:24,459Z [main] internal.NodeWebServer.connectLocalRpcAsNodeUser - Connecting to node at localhost:10008 as User(user1, permissions=[ALL]) {}
[INFO ] 2019-04-27T02:19:24,463Z [main] internal.RPCClient.logElapsedTime - Startup took 3 msec {}
[WARN ] 2019-04-27T02:19:25,464Z [main] internal.config.defaultToOldPath - Config key user has been deprecated and will be removed in a future release. Use username instead {}
[INFO ] 2019-04-27T02:19:25,465Z [main] internal.NodeWebServer.connectLocalRpcAsNodeUser - Connecting to node at localhost:10008 as User(user1, permissions=[ALL]) {}
[INFO ] 2019-04-27T02:19:25,468Z [main] internal.RPCClient.logElapsedTime - Startup took 3 msec {}
[WARN ] 2019-04-27T02:19:26,471Z [main] internal.config.defaultToOldPath - Config key user has been deprecated and will be removed in a future release. Use username instead {}
[INFO ] 2019-04-27T02:19:26,472Z [main] internal.NodeWebServer.connectLocalRpcAsNodeUser - Connecting to node at localhost:10008 as User(user1, permissions=[ALL]) {}
[INFO ] 2019-04-27T02:19:26,475Z [main] internal.RPCClient.logElapsedTime - Startup took 2 msec {}
[WARN ] 2019-04-27T02:19:27,477Z [main] internal.config.defaultToOldPath - Config key user has been deprecated and will be removed in a future release. Use username instead {}
[INFO ] 2019-04-27T02:19:27,478Z [main] internal.NodeWebServer.connectLocalRpcAsNodeUser - Connecting to node at localhost:10008 as User(user1, permissions=[ALL]) {}
[INFO ] 2019-04-27T02:19:27,481Z [main] internal.RPCClient.logElapsedTime - Startup took 2 msec {}
[WARN ] 2019-04-27T02:19:28,485Z [main] internal.config.defaultToOldPath - Config key user has been deprecated and will be removed in a future release. Use username instead {}
[INFO ] 2019-04-27T02:19:28,486Z [main] internal.NodeWebServer.connectLocalRpcAsNodeUser - Connecting to node at localhost:10008 as User(user1, permissions=[ALL]) {}
[INFO ] 2019-04-27T02:19:28,489Z [main] internal.RPCClient.logElapsedTime - Startup took 2 msec {}
[WARN ] 2019-04-27T02:19:29,492Z [main] internal.config.defaultToOldPath - Config key user has been deprecated and will be removed in a future release. Use username instead {}
[INFO ] 2019-04-27T02:19:29,493Z [main] internal.NodeWebServer.connectLocalRpcAsNodeUser - Connecting to node at localhost:10008 as User(user1, permissions=[ALL]) {}
[INFO ] 2019-04-27T02:19:29,496Z [main] internal.RPCClient.logElapsedTime - Startup took 2 msec {}
[WARN ] 2019-04-27T02:19:30,500Z [main] internal.config.defaultToOldPath - Config key user has been deprecated and will be removed in a future release. Use username instead {}
[INFO ] 2019-04-27T02:19:30,500Z [main] internal.NodeWebServer.connectLocalRpcAsNodeUser - Connecting to node at localhost:10008 as User(user1, permissions=[ALL]) {}
[INFO ] 2019-04-27T02:19:30,503Z [main] internal.RPCClient.logElapsedTime - Startup took 2 msec {}
[WARN ] 2019-04-27T02:19:31,504Z [main] internal.config.defaultToOldPath - Config key user has been deprecated and will be removed in a future release. Use username instead {}
[INFO ] 2019-04-27T02:19:31,504Z [main] internal.NodeWebServer.connectLocalRpcAsNodeUser - Connecting to node at localhost:10008 as User(user1, permissions=[ALL]) {}
[INFO ] 2019-04-27T02:19:31,507Z [main] internal.RPCClient.logElapsedTime - Startup took 2 msec {}
[WARN ] 2019-04-27T02:19:32,508Z [main] internal.config.defaultToOldPath - Config key user has been deprecated and will be removed in a future release. Use username instead {}
[INFO ] 2019-04-27T02:19:32,509Z [main] internal.NodeWebServer.connectLocalRpcAsNodeUser - Connecting to node at localhost:10008 as User(user1, permissions=[ALL]) {}
[INFO ] 2019-04-27T02:19:32,513Z [main] internal.RPCClient.logElapsedTime - Startup took 3 msec {}
[WARN ] 2019-04-27T02:19:33,515Z [main] internal.config.defaultToOldPath - Config key user has been deprecated and will be removed in a future release. Use username instead {}
[INFO ] 2019-04-27T02:19:33,515Z [main] internal.NodeWebServer.connectLocalRpcAsNodeUser - Connecting to node at localhost:10008 as User(user1, permissions=[ALL]) {}
[INFO ] 2019-04-27T02:19:33,518Z [main] internal.RPCClient.logElapsedTime - Startup took 2 msec {}
[WARN ] 2019-04-27T02:19:34,522Z [main] internal.config.defaultToOldPath - Config key user has been deprecated and will be removed in a future release. Use username instead {}
[INFO ] 2019-04-27T02:19:34,523Z [main] internal.NodeWebServer.connectLocalRpcAsNodeUser - Connecting to node at localhost:10008 as User(user1, permissions=[ALL]) {}
[INFO ] 2019-04-27T02:19:34,526Z [main] internal.RPCClient.logElapsedTime - Startup took 2 msec {}
[WARN ] 2019-04-27T02:19:35,528Z [main] internal.config.defaultToOldPath - Config key user has been deprecated and will be removed in a future release. Use username instead {}
[INFO ] 2019-04-27T02:19:35,530Z [main] internal.NodeWebServer.connectLocalRpcAsNodeUser - Connecting to node at localhost:10008 as User(user1, permissions=[ALL]) {}
[INFO ] 2019-04-27T02:19:35,610Z [main] internal.RPCClient.logElapsedTime - Startup took 79 msec {}
[WARN ] 2019-04-27T02:19:36,611Z [main] internal.config.defaultToOldPath - Config key user has been deprecated and will be removed in a future release. Use username instead {}
[INFO ] 2019-04-27T02:19:36,611Z [main] internal.NodeWebServer.connectLocalRpcAsNodeUser - Connecting to node at localhost:10008 as User(user1, permissions=[ALL]) {}
[INFO ] 2019-04-27T02:19:36,614Z [main] internal.RPCClient.logElapsedTime - Startup took 2 msec {}
[WARN ] 2019-04-27T02:19:37,619Z [main] internal.config.defaultToOldPath - Config key user has been deprecated and will be removed in a future release. Use username instead {}
[INFO ] 2019-04-27T02:19:37,620Z [main] internal.NodeWebServer.connectLocalRpcAsNodeUser - Connecting to node at localhost:10008 as User(user1, permissions=[ALL]) {}
[INFO ] 2019-04-27T02:19:37,623Z [main] internal.RPCClient.logElapsedTime - Startup took 2 msec {}
[WARN ] 2019-04-27T02:19:38,628Z [main] internal.config.defaultToOldPath - Config key user has been deprecated and will be removed in a future release. Use username instead {}
[INFO ] 2019-04-27T02:19:38,629Z [main] internal.NodeWebServer.connectLocalRpcAsNodeUser - Connecting to node at localhost:10008 as User(user1, permissions=[ALL]) {}
[INFO ] 2019-04-27T02:19:38,632Z [main] internal.RPCClient.logElapsedTime - Startup took 2 msec {}
[WARN ] 2019-04-27T02:19:39,637Z [main] internal.config.defaultToOldPath - Config key user has been deprecated and will be removed in a future release. Use username instead {}
[INFO ] 2019-04-27T02:19:39,638Z [main] internal.NodeWebServer.connectLocalRpcAsNodeUser - Connecting to node at localhost:10008 as User(user1, permissions=[ALL]) {}
[INFO ] 2019-04-27T02:19:39,641Z [main] internal.RPCClient.logElapsedTime - Startup took 3 msec {}
[WARN ] 2019-04-27T02:19:40,642Z [main] internal.config.defaultToOldPath - Config key user has been deprecated and will be removed in a future release. Use username instead {}
[INFO ] 2019-04-27T02:19:40,643Z [main] internal.NodeWebServer.connectLocalRpcAsNodeUser - Connecting to node at localhost:10008 as User(user1, permissions=[ALL]) {}
[INFO ] 2019-04-27T02:19:51,556Z [main] internal.RPCClient.logElapsedTime - Startup took 10913 msec {}
[INFO ] 2019-04-27T02:19:51,583Z [main] util.log.initialized - Logging initialized @64969ms to org.eclipse.jetty.util.log.Slf4jLog {}
[INFO ] 2019-04-27T02:19:55,089Z [main] internal.NodeWebServer.buildServletContextHandler - Add plugin web API from attachment com.example.plugin.ExamplePluginKt$sam$Function$c519ed3f@8bd9d08 {}
[INFO ] 2019-04-27T02:19:56,575Z [main] server.Server.doStart - jetty-9.4.7.v20170914 {}
[INFO ] 2019-04-27T02:20:00,121Z [main] handler.ContextHandler.doStart - Started o.e.j.s.ServletContextHandler@1b32aaca{/,null,AVAILABLE} {}
[INFO ] 2019-04-27T02:20:00,144Z [main] server.AbstractConnector.doStart - Started ServerConnector@364c4ba9{HTTP/1.1,[http/1.1]}{0.0.0.0:10009} {}
[INFO ] 2019-04-27T02:20:00,144Z [main] server.Server.doStart - Started @73533ms {}
[INFO ] 2019-04-27T02:20:00,145Z [main] internal.NodeWebServer.initWebServer - Starting webserver on address localhost:10009 {}
